+ ./mandelbrot_seq_withIO 0.175 0.375 -0.100 0.100 16

real	0m0.001s
user	0m0.000s
sys	0m0.000s
+ ./mandelbrot_seq_withIO 0.175 0.375 -0.100 0.100 16

real	0m0.001s
user	0m0.000s
sys	0m0.000s
+ ./mandelbrot_seq_withIO 0.175 0.375 -0.100 0.100 16

real	0m0.001s
user	0m0.000s
sys	0m0.000s
+ ./mandelbrot_seq_withIO 0.175 0.375 -0.100 0.100 16

real	0m0.001s
user	0m0.000s
sys	0m0.000s
+ ./mandelbrot_seq_withIO 0.175 0.375 -0.100 0.100 16

real	0m0.001s
user	0m0.000s
sys	0m0.000s
+ ./mandelbrot_seq_withIO 0.175 0.375 -0.100 0.100 16

real	0m0.001s
user	0m0.000s
sys	0m0.000s
+ ./mandelbrot_seq_withIO 0.175 0.375 -0.100 0.100 16

real	0m0.001s
user	0m0.000s
sys	0m0.000s
+ ./mandelbrot_seq_withIO 0.175 0.375 -0.100 0.100 16

real	0m0.001s
user	0m0.000s
sys	0m0.000s
+ ./mandelbrot_seq_withIO 0.175 0.375 -0.100 0.100 16

real	0m0.001s
user	0m0.000s
sys	0m0.000s
+ ./mandelbrot_seq_withIO 0.175 0.375 -0.100 0.100 16

real	0m0.001s
user	0m0.000s
sys	0m0.000s
+ ./mandelbrot_seq_withIO 0.175 0.375 -0.100 0.100 16

real	0m0.001s
user	0m0.000s
sys	0m0.000s
+ ./mandelbrot_seq_withIO 0.175 0.375 -0.100 0.100 16

real	0m0.001s
user	0m0.000s
sys	0m0.000s
+ ./mandelbrot_seq_withIO 0.175 0.375 -0.100 0.100 16

real	0m0.001s
user	0m0.000s
sys	0m0.000s
+ ./mandelbrot_seq_withIO 0.175 0.375 -0.100 0.100 16

real	0m0.001s
user	0m0.000s
sys	0m0.000s
+ ./mandelbrot_seq_withIO 0.175 0.375 -0.100 0.100 16

real	0m0.001s
user	0m0.000s
sys	0m0.000s
+ ./mandelbrot_seq_withIO 0.175 0.375 -0.100 0.100 16

real	0m0.001s
user	0m0.000s
sys	0m0.000s
+ ./mandelbrot_seq_withIO 0.175 0.375 -0.100 0.100 16

real	0m0.001s
user	0m0.000s
sys	0m0.000s
+ ./mandelbrot_seq_withIO 0.175 0.375 -0.100 0.100 16

real	0m0.001s
user	0m0.000s
sys	0m0.000s
+ ./mandelbrot_seq_withIO 0.175 0.375 -0.100 0.100 16

real	0m0.001s
user	0m0.000s
sys	0m0.000s
+ ./mandelbrot_seq_withIO 0.175 0.375 -0.100 0.100 16

real	0m0.001s
user	0m0.000s
sys	0m0.000s
+ ./mandelbrot_seq_withIO 0.175 0.375 -0.100 0.100 32

real	0m0.002s
user	0m0.000s
sys	0m0.000s
+ ./mandelbrot_seq_withIO 0.175 0.375 -0.100 0.100 32

real	0m0.002s
user	0m0.000s
sys	0m0.000s
+ ./mandelbrot_seq_withIO 0.175 0.375 -0.100 0.100 32

real	0m0.002s
user	0m0.000s
sys	0m0.000s
+ ./mandelbrot_seq_withIO 0.175 0.375 -0.100 0.100 32

real	0m0.003s
user	0m0.000s
sys	0m0.000s
+ ./mandelbrot_seq_withIO 0.175 0.375 -0.100 0.100 32

real	0m0.003s
user	0m0.000s
sys	0m0.000s
+ ./mandelbrot_seq_withIO 0.175 0.375 -0.100 0.100 32

real	0m0.002s
user	0m0.000s
sys	0m0.000s
+ ./mandelbrot_seq_withIO 0.175 0.375 -0.100 0.100 32

real	0m0.002s
user	0m0.000s
sys	0m0.000s
+ ./mandelbrot_seq_withIO 0.175 0.375 -0.100 0.100 32

real	0m0.002s
user	0m0.000s
sys	0m0.000s
+ ./mandelbrot_seq_withIO 0.175 0.375 -0.100 0.100 32

real	0m0.002s
user	0m0.000s
sys	0m0.000s
+ ./mandelbrot_seq_withIO 0.175 0.375 -0.100 0.100 32

real	0m0.002s
user	0m0.000s
sys	0m0.000s
+ ./mandelbrot_seq_withIO 0.175 0.375 -0.100 0.100 32

real	0m0.002s
user	0m0.000s
sys	0m0.000s
+ ./mandelbrot_seq_withIO 0.175 0.375 -0.100 0.100 32

real	0m0.002s
user	0m0.000s
sys	0m0.000s
+ ./mandelbrot_seq_withIO 0.175 0.375 -0.100 0.100 32

real	0m0.002s
user	0m0.000s
sys	0m0.000s
+ ./mandelbrot_seq_withIO 0.175 0.375 -0.100 0.100 32

real	0m0.002s
user	0m0.000s
sys	0m0.000s
+ ./mandelbrot_seq_withIO 0.175 0.375 -0.100 0.100 32

real	0m0.002s
user	0m0.000s
sys	0m0.000s
+ ./mandelbrot_seq_withIO 0.175 0.375 -0.100 0.100 32

real	0m0.002s
user	0m0.000s
sys	0m0.000s
+ ./mandelbrot_seq_withIO 0.175 0.375 -0.100 0.100 32

real	0m0.002s
user	0m0.000s
sys	0m0.000s
+ ./mandelbrot_seq_withIO 0.175 0.375 -0.100 0.100 32

real	0m0.002s
user	0m0.000s
sys	0m0.000s
+ ./mandelbrot_seq_withIO 0.175 0.375 -0.100 0.100 32

real	0m0.002s
user	0m0.000s
sys	0m0.000s
+ ./mandelbrot_seq_withIO 0.175 0.375 -0.100 0.100 32

real	0m0.002s
user	0m0.000s
sys	0m0.000s
+ ./mandelbrot_seq_withIO 0.175 0.375 -0.100 0.100 64

real	0m0.007s
user	0m0.004s
sys	0m0.000s
+ ./mandelbrot_seq_withIO 0.175 0.375 -0.100 0.100 64

real	0m0.008s
user	0m0.004s
sys	0m0.000s
+ ./mandelbrot_seq_withIO 0.175 0.375 -0.100 0.100 64

real	0m0.007s
user	0m0.004s
sys	0m0.000s
+ ./mandelbrot_seq_withIO 0.175 0.375 -0.100 0.100 64

real	0m0.007s
user	0m0.004s
sys	0m0.000s
+ ./mandelbrot_seq_withIO 0.175 0.375 -0.100 0.100 64

real	0m0.008s
user	0m0.004s
sys	0m0.000s
+ ./mandelbrot_seq_withIO 0.175 0.375 -0.100 0.100 64

real	0m0.007s
user	0m0.004s
sys	0m0.000s
+ ./mandelbrot_seq_withIO 0.175 0.375 -0.100 0.100 64

real	0m0.007s
user	0m0.004s
sys	0m0.000s
+ ./mandelbrot_seq_withIO 0.175 0.375 -0.100 0.100 64

real	0m0.007s
user	0m0.004s
sys	0m0.000s
+ ./mandelbrot_seq_withIO 0.175 0.375 -0.100 0.100 64

real	0m0.007s
user	0m0.004s
sys	0m0.000s
+ ./mandelbrot_seq_withIO 0.175 0.375 -0.100 0.100 64

real	0m0.007s
user	0m0.004s
sys	0m0.000s
+ ./mandelbrot_seq_withIO 0.175 0.375 -0.100 0.100 64

real	0m0.007s
user	0m0.004s
sys	0m0.000s
+ ./mandelbrot_seq_withIO 0.175 0.375 -0.100 0.100 64

real	0m0.007s
user	0m0.004s
sys	0m0.000s
+ ./mandelbrot_seq_withIO 0.175 0.375 -0.100 0.100 64

real	0m0.007s
user	0m0.004s
sys	0m0.000s
+ ./mandelbrot_seq_withIO 0.175 0.375 -0.100 0.100 64

real	0m0.007s
user	0m0.004s
sys	0m0.000s
+ ./mandelbrot_seq_withIO 0.175 0.375 -0.100 0.100 64

real	0m0.007s
user	0m0.004s
sys	0m0.000s
+ ./mandelbrot_seq_withIO 0.175 0.375 -0.100 0.100 64

real	0m0.007s
user	0m0.004s
sys	0m0.000s
+ ./mandelbrot_seq_withIO 0.175 0.375 -0.100 0.100 64

real	0m0.007s
user	0m0.004s
sys	0m0.000s
+ ./mandelbrot_seq_withIO 0.175 0.375 -0.100 0.100 64

real	0m0.007s
user	0m0.004s
sys	0m0.000s
+ ./mandelbrot_seq_withIO 0.175 0.375 -0.100 0.100 64

real	0m0.007s
user	0m0.004s
sys	0m0.000s
+ ./mandelbrot_seq_withIO 0.175 0.375 -0.100 0.100 64

real	0m0.007s
user	0m0.004s
sys	0m0.000s
+ ./mandelbrot_seq_withIO 0.175 0.375 -0.100 0.100 128

real	0m0.027s
user	0m0.024s
sys	0m0.000s
+ ./mandelbrot_seq_withIO 0.175 0.375 -0.100 0.100 128

real	0m0.026s
user	0m0.024s
sys	0m0.000s
+ ./mandelbrot_seq_withIO 0.175 0.375 -0.100 0.100 128

real	0m0.026s
user	0m0.024s
sys	0m0.000s
+ ./mandelbrot_seq_withIO 0.175 0.375 -0.100 0.100 128

real	0m0.026s
user	0m0.024s
sys	0m0.000s
+ ./mandelbrot_seq_withIO 0.175 0.375 -0.100 0.100 128

real	0m0.026s
user	0m0.024s
sys	0m0.000s
+ ./mandelbrot_seq_withIO 0.175 0.375 -0.100 0.100 128

real	0m0.026s
user	0m0.024s
sys	0m0.000s
+ ./mandelbrot_seq_withIO 0.175 0.375 -0.100 0.100 128

real	0m0.026s
user	0m0.024s
sys	0m0.000s
+ ./mandelbrot_seq_withIO 0.175 0.375 -0.100 0.100 128

real	0m0.027s
user	0m0.024s
sys	0m0.000s
+ ./mandelbrot_seq_withIO 0.175 0.375 -0.100 0.100 128

real	0m0.029s
user	0m0.028s
sys	0m0.000s
+ ./mandelbrot_seq_withIO 0.175 0.375 -0.100 0.100 128

real	0m0.029s
user	0m0.028s
sys	0m0.000s
+ ./mandelbrot_seq_withIO 0.175 0.375 -0.100 0.100 128

real	0m0.026s
user	0m0.024s
sys	0m0.000s
+ ./mandelbrot_seq_withIO 0.175 0.375 -0.100 0.100 128

real	0m0.026s
user	0m0.024s
sys	0m0.000s
+ ./mandelbrot_seq_withIO 0.175 0.375 -0.100 0.100 128

real	0m0.026s
user	0m0.024s
sys	0m0.000s
+ ./mandelbrot_seq_withIO 0.175 0.375 -0.100 0.100 128

real	0m0.026s
user	0m0.024s
sys	0m0.000s
+ ./mandelbrot_seq_withIO 0.175 0.375 -0.100 0.100 128

real	0m0.026s
user	0m0.024s
sys	0m0.000s
+ ./mandelbrot_seq_withIO 0.175 0.375 -0.100 0.100 128

real	0m0.027s
user	0m0.024s
sys	0m0.000s
+ ./mandelbrot_seq_withIO 0.175 0.375 -0.100 0.100 128

real	0m0.029s
user	0m0.024s
sys	0m0.000s
+ ./mandelbrot_seq_withIO 0.175 0.375 -0.100 0.100 128

real	0m0.027s
user	0m0.024s
sys	0m0.000s
+ ./mandelbrot_seq_withIO 0.175 0.375 -0.100 0.100 128

real	0m0.026s
user	0m0.024s
sys	0m0.000s
+ ./mandelbrot_seq_withIO 0.175 0.375 -0.100 0.100 128

real	0m0.026s
user	0m0.024s
sys	0m0.000s
+ ./mandelbrot_seq_withIO 0.175 0.375 -0.100 0.100 256

real	0m0.101s
user	0m0.096s
sys	0m0.004s
+ ./mandelbrot_seq_withIO 0.175 0.375 -0.100 0.100 256

real	0m0.100s
user	0m0.100s
sys	0m0.000s
+ ./mandelbrot_seq_withIO 0.175 0.375 -0.100 0.100 256

real	0m0.100s
user	0m0.096s
sys	0m0.000s
+ ./mandelbrot_seq_withIO 0.175 0.375 -0.100 0.100 256

real	0m0.100s
user	0m0.096s
sys	0m0.000s
+ ./mandelbrot_seq_withIO 0.175 0.375 -0.100 0.100 256

real	0m0.099s
user	0m0.096s
sys	0m0.000s
+ ./mandelbrot_seq_withIO 0.175 0.375 -0.100 0.100 256

real	0m0.099s
user	0m0.096s
sys	0m0.000s
+ ./mandelbrot_seq_withIO 0.175 0.375 -0.100 0.100 256

real	0m0.100s
user	0m0.096s
sys	0m0.000s
+ ./mandelbrot_seq_withIO 0.175 0.375 -0.100 0.100 256

real	0m0.101s
user	0m0.100s
sys	0m0.000s
+ ./mandelbrot_seq_withIO 0.175 0.375 -0.100 0.100 256

real	0m0.099s
user	0m0.096s
sys	0m0.000s
+ ./mandelbrot_seq_withIO 0.175 0.375 -0.100 0.100 256

real	0m0.100s
user	0m0.100s
sys	0m0.000s
+ ./mandelbrot_seq_withIO 0.175 0.375 -0.100 0.100 256

real	0m0.100s
user	0m0.096s
sys	0m0.000s
+ ./mandelbrot_seq_withIO 0.175 0.375 -0.100 0.100 256

real	0m0.116s
user	0m0.096s
sys	0m0.000s
+ ./mandelbrot_seq_withIO 0.175 0.375 -0.100 0.100 256

real	0m0.099s
user	0m0.096s
sys	0m0.000s
+ ./mandelbrot_seq_withIO 0.175 0.375 -0.100 0.100 256

real	0m0.103s
user	0m0.100s
sys	0m0.000s
+ ./mandelbrot_seq_withIO 0.175 0.375 -0.100 0.100 256

real	0m0.100s
user	0m0.096s
sys	0m0.000s
+ ./mandelbrot_seq_withIO 0.175 0.375 -0.100 0.100 256

real	0m0.101s
user	0m0.092s
sys	0m0.008s
+ ./mandelbrot_seq_withIO 0.175 0.375 -0.100 0.100 256

real	0m0.101s
user	0m0.096s
sys	0m0.004s
+ ./mandelbrot_seq_withIO 0.175 0.375 -0.100 0.100 256

real	0m0.100s
user	0m0.096s
sys	0m0.000s
+ ./mandelbrot_seq_withIO 0.175 0.375 -0.100 0.100 256

real	0m0.100s
user	0m0.096s
sys	0m0.004s
+ ./mandelbrot_seq_withIO 0.175 0.375 -0.100 0.100 256

real	0m0.100s
user	0m0.096s
sys	0m0.004s
+ ./mandelbrot_seq_withIO 0.175 0.375 -0.100 0.100 512

real	0m0.403s
user	0m0.396s
sys	0m0.004s
+ ./mandelbrot_seq_withIO 0.175 0.375 -0.100 0.100 512

real	0m0.396s
user	0m0.388s
sys	0m0.004s
+ ./mandelbrot_seq_withIO 0.175 0.375 -0.100 0.100 512

real	0m0.395s
user	0m0.384s
sys	0m0.008s
+ ./mandelbrot_seq_withIO 0.175 0.375 -0.100 0.100 512

real	0m0.396s
user	0m0.388s
sys	0m0.004s
+ ./mandelbrot_seq_withIO 0.175 0.375 -0.100 0.100 512

real	0m0.399s
user	0m0.392s
sys	0m0.004s
+ ./mandelbrot_seq_withIO 0.175 0.375 -0.100 0.100 512

real	0m0.415s
user	0m0.412s
sys	0m0.000s
+ ./mandelbrot_seq_withIO 0.175 0.375 -0.100 0.100 512

real	0m0.396s
user	0m0.392s
sys	0m0.000s
+ ./mandelbrot_seq_withIO 0.175 0.375 -0.100 0.100 512

real	0m0.396s
user	0m0.388s
sys	0m0.004s
+ ./mandelbrot_seq_withIO 0.175 0.375 -0.100 0.100 512

real	0m0.392s
user	0m0.392s
sys	0m0.000s
+ ./mandelbrot_seq_withIO 0.175 0.375 -0.100 0.100 512

real	0m0.400s
user	0m0.396s
sys	0m0.000s
+ ./mandelbrot_seq_withIO 0.175 0.375 -0.100 0.100 512

real	0m0.400s
user	0m0.388s
sys	0m0.008s
+ ./mandelbrot_seq_withIO 0.175 0.375 -0.100 0.100 512

real	0m0.418s
user	0m0.408s
sys	0m0.008s
+ ./mandelbrot_seq_withIO 0.175 0.375 -0.100 0.100 512

real	0m0.402s
user	0m0.400s
sys	0m0.000s
+ ./mandelbrot_seq_withIO 0.175 0.375 -0.100 0.100 512

real	0m0.402s
user	0m0.392s
sys	0m0.008s
+ ./mandelbrot_seq_withIO 0.175 0.375 -0.100 0.100 512

real	0m0.401s
user	0m0.400s
sys	0m0.000s
+ ./mandelbrot_seq_withIO 0.175 0.375 -0.100 0.100 512

real	0m0.403s
user	0m0.396s
sys	0m0.004s
+ ./mandelbrot_seq_withIO 0.175 0.375 -0.100 0.100 512

real	0m0.397s
user	0m0.384s
sys	0m0.012s
+ ./mandelbrot_seq_withIO 0.175 0.375 -0.100 0.100 512

real	0m0.399s
user	0m0.396s
sys	0m0.000s
+ ./mandelbrot_seq_withIO 0.175 0.375 -0.100 0.100 512

real	0m0.396s
user	0m0.388s
sys	0m0.008s
+ ./mandelbrot_seq_withIO 0.175 0.375 -0.100 0.100 512

real	0m0.394s
user	0m0.384s
sys	0m0.008s
+ ./mandelbrot_seq_withIO 0.175 0.375 -0.100 0.100 1024

real	0m1.578s
user	0m1.568s
sys	0m0.008s
+ ./mandelbrot_seq_withIO 0.175 0.375 -0.100 0.100 1024

real	0m1.581s
user	0m1.568s
sys	0m0.012s
+ ./mandelbrot_seq_withIO 0.175 0.375 -0.100 0.100 1024

real	0m1.587s
user	0m1.564s
sys	0m0.020s
+ ./mandelbrot_seq_withIO 0.175 0.375 -0.100 0.100 1024

real	0m1.581s
user	0m1.560s
sys	0m0.020s
+ ./mandelbrot_seq_withIO 0.175 0.375 -0.100 0.100 1024

real	0m1.574s
user	0m1.560s
sys	0m0.012s
+ ./mandelbrot_seq_withIO 0.175 0.375 -0.100 0.100 1024

real	0m1.614s
user	0m1.592s
sys	0m0.020s
+ ./mandelbrot_seq_withIO 0.175 0.375 -0.100 0.100 1024

real	0m1.580s
user	0m1.560s
sys	0m0.016s
+ ./mandelbrot_seq_withIO 0.175 0.375 -0.100 0.100 1024

real	0m1.592s
user	0m1.576s
sys	0m0.012s
+ ./mandelbrot_seq_withIO 0.175 0.375 -0.100 0.100 1024

real	0m1.577s
user	0m1.552s
sys	0m0.024s
+ ./mandelbrot_seq_withIO 0.175 0.375 -0.100 0.100 1024

real	0m1.597s
user	0m1.576s
sys	0m0.020s
+ ./mandelbrot_seq_withIO 0.175 0.375 -0.100 0.100 1024

real	0m1.581s
user	0m1.564s
sys	0m0.016s
+ ./mandelbrot_seq_withIO 0.175 0.375 -0.100 0.100 1024

real	0m1.577s
user	0m1.556s
sys	0m0.020s
+ ./mandelbrot_seq_withIO 0.175 0.375 -0.100 0.100 1024

real	0m1.646s
user	0m1.624s
sys	0m0.020s
+ ./mandelbrot_seq_withIO 0.175 0.375 -0.100 0.100 1024

real	0m1.598s
user	0m1.580s
sys	0m0.016s
+ ./mandelbrot_seq_withIO 0.175 0.375 -0.100 0.100 1024

real	0m1.585s
user	0m1.568s
sys	0m0.016s
+ ./mandelbrot_seq_withIO 0.175 0.375 -0.100 0.100 1024

real	0m1.582s
user	0m1.556s
sys	0m0.024s
+ ./mandelbrot_seq_withIO 0.175 0.375 -0.100 0.100 1024

real	0m1.592s
user	0m1.572s
sys	0m0.016s
+ ./mandelbrot_seq_withIO 0.175 0.375 -0.100 0.100 1024

real	0m1.578s
user	0m1.568s
sys	0m0.008s
+ ./mandelbrot_seq_withIO 0.175 0.375 -0.100 0.100 1024

real	0m1.579s
user	0m1.564s
sys	0m0.012s
+ ./mandelbrot_seq_withIO 0.175 0.375 -0.100 0.100 1024

real	0m1.568s
user	0m1.540s
sys	0m0.024s
+ ./mandelbrot_seq_withIO 0.175 0.375 -0.100 0.100 2048

real	0m6.317s
user	0m6.280s
sys	0m0.036s
+ ./mandelbrot_seq_withIO 0.175 0.375 -0.100 0.100 2048

real	0m6.336s
user	0m6.248s
sys	0m0.084s
+ ./mandelbrot_seq_withIO 0.175 0.375 -0.100 0.100 2048

real	0m6.299s
user	0m6.236s
sys	0m0.060s
+ ./mandelbrot_seq_withIO 0.175 0.375 -0.100 0.100 2048

real	0m6.309s
user	0m6.248s
sys	0m0.060s
+ ./mandelbrot_seq_withIO 0.175 0.375 -0.100 0.100 2048

real	0m6.305s
user	0m6.228s
sys	0m0.076s
+ ./mandelbrot_seq_withIO 0.175 0.375 -0.100 0.100 2048

real	0m6.323s
user	0m6.268s
sys	0m0.052s
+ ./mandelbrot_seq_withIO 0.175 0.375 -0.100 0.100 2048

real	0m6.371s
user	0m6.260s
sys	0m0.108s
+ ./mandelbrot_seq_withIO 0.175 0.375 -0.100 0.100 2048

real	0m6.282s
user	0m6.204s
sys	0m0.076s
+ ./mandelbrot_seq_withIO 0.175 0.375 -0.100 0.100 2048

real	0m6.280s
user	0m6.216s
sys	0m0.060s
+ ./mandelbrot_seq_withIO 0.175 0.375 -0.100 0.100 2048

real	0m6.329s
user	0m6.216s
sys	0m0.112s
+ ./mandelbrot_seq_withIO 0.175 0.375 -0.100 0.100 2048

real	0m6.353s
user	0m6.280s
sys	0m0.068s
+ ./mandelbrot_seq_withIO 0.175 0.375 -0.100 0.100 2048

real	0m6.332s
user	0m6.240s
sys	0m0.088s
+ ./mandelbrot_seq_withIO 0.175 0.375 -0.100 0.100 2048

real	0m6.327s
user	0m6.252s
sys	0m0.072s
+ ./mandelbrot_seq_withIO 0.175 0.375 -0.100 0.100 2048

real	0m6.328s
user	0m6.244s
sys	0m0.080s
+ ./mandelbrot_seq_withIO 0.175 0.375 -0.100 0.100 2048

real	0m6.312s
user	0m6.256s
sys	0m0.052s
+ ./mandelbrot_seq_withIO 0.175 0.375 -0.100 0.100 2048

real	0m6.303s
user	0m6.204s
sys	0m0.096s
+ ./mandelbrot_seq_withIO 0.175 0.375 -0.100 0.100 2048

real	0m6.301s
user	0m6.216s
sys	0m0.084s
+ ./mandelbrot_seq_withIO 0.175 0.375 -0.100 0.100 2048

real	0m6.308s
user	0m6.228s
sys	0m0.076s
+ ./mandelbrot_seq_withIO 0.175 0.375 -0.100 0.100 2048

real	0m6.318s
user	0m6.264s
sys	0m0.052s
+ ./mandelbrot_seq_withIO 0.175 0.375 -0.100 0.100 2048

real	0m6.320s
user	0m6.236s
sys	0m0.084s
+ ./mandelbrot_seq_withIO 0.175 0.375 -0.100 0.100 4096

real	0m25.271s
user	0m24.888s
sys	0m0.308s
+ ./mandelbrot_seq_withIO 0.175 0.375 -0.100 0.100 4096

real	0m25.466s
user	0m25.132s
sys	0m0.280s
+ ./mandelbrot_seq_withIO 0.175 0.375 -0.100 0.100 4096

real	0m25.598s
user	0m25.216s
sys	0m0.324s
+ ./mandelbrot_seq_withIO 0.175 0.375 -0.100 0.100 4096

real	0m25.612s
user	0m25.260s
sys	0m0.308s
+ ./mandelbrot_seq_withIO 0.175 0.375 -0.100 0.100 4096

real	0m25.405s
user	0m24.908s
sys	0m0.268s
+ ./mandelbrot_seq_withIO 0.175 0.375 -0.100 0.100 4096

real	0m25.303s
user	0m24.980s
sys	0m0.276s
+ ./mandelbrot_seq_withIO 0.175 0.375 -0.100 0.100 4096

real	0m25.398s
user	0m25.044s
sys	0m0.300s
+ ./mandelbrot_seq_withIO 0.175 0.375 -0.100 0.100 4096

real	0m25.644s
user	0m25.284s
sys	0m0.320s
+ ./mandelbrot_seq_withIO 0.175 0.375 -0.100 0.100 4096

real	0m25.666s
user	0m25.308s
sys	0m0.312s
+ ./mandelbrot_seq_withIO 0.175 0.375 -0.100 0.100 4096

real	0m25.525s
user	0m25.200s
sys	0m0.280s
+ ./mandelbrot_seq_withIO 0.175 0.375 -0.100 0.100 4096

real	0m25.423s
user	0m25.056s
sys	0m0.320s
+ ./mandelbrot_seq_withIO 0.175 0.375 -0.100 0.100 4096

real	0m25.332s
user	0m24.956s
sys	0m0.312s
+ ./mandelbrot_seq_withIO 0.175 0.375 -0.100 0.100 4096

real	0m25.415s
user	0m25.116s
sys	0m0.252s
+ ./mandelbrot_seq_withIO 0.175 0.375 -0.100 0.100 4096

real	0m25.495s
user	0m25.152s
sys	0m0.300s
+ ./mandelbrot_seq_withIO 0.175 0.375 -0.100 0.100 4096

real	0m25.342s
user	0m25.000s
sys	0m0.288s
+ ./mandelbrot_seq_withIO 0.175 0.375 -0.100 0.100 4096

real	0m25.382s
user	0m25.048s
sys	0m0.292s
+ ./mandelbrot_seq_withIO 0.175 0.375 -0.100 0.100 4096

real	0m25.537s
user	0m25.152s
sys	0m0.340s
+ ./mandelbrot_seq_withIO 0.175 0.375 -0.100 0.100 4096

real	0m25.565s
user	0m25.208s
sys	0m0.308s
+ ./mandelbrot_seq_withIO 0.175 0.375 -0.100 0.100 4096

real	0m25.297s
user	0m24.948s
sys	0m0.308s
+ ./mandelbrot_seq_withIO 0.175 0.375 -0.100 0.100 4096

real	0m25.445s
user	0m25.068s
sys	0m0.324s
+ ./mandelbrot_seq_withIO 0.175 0.375 -0.100 0.100 8192

real	1m42.771s
user	1m40.420s
sys	0m1.188s
+ ./mandelbrot_seq_withIO 0.175 0.375 -0.100 0.100 8192

real	1m42.677s
user	1m40.328s
sys	0m1.164s
+ ./mandelbrot_seq_withIO 0.175 0.375 -0.100 0.100 8192

real	1m42.328s
user	1m40.068s
sys	0m1.112s
+ ./mandelbrot_seq_withIO 0.175 0.375 -0.100 0.100 8192

real	1m42.450s
user	1m40.128s
sys	0m1.180s
+ ./mandelbrot_seq_withIO 0.175 0.375 -0.100 0.100 8192

real	1m42.506s
user	1m40.100s
sys	0m1.208s
+ ./mandelbrot_seq_withIO 0.175 0.375 -0.100 0.100 8192

real	1m42.950s
user	1m40.572s
sys	0m1.228s
+ ./mandelbrot_seq_withIO 0.175 0.375 -0.100 0.100 8192

real	1m42.660s
user	1m40.204s
sys	0m1.252s
+ ./mandelbrot_seq_withIO 0.175 0.375 -0.100 0.100 8192

real	1m42.749s
user	1m40.392s
sys	0m1.204s
+ ./mandelbrot_seq_withIO 0.175 0.375 -0.100 0.100 8192

real	1m42.876s
user	1m40.552s
sys	0m1.124s
+ ./mandelbrot_seq_withIO 0.175 0.375 -0.100 0.100 8192

real	1m43.900s
user	1m41.376s
sys	0m1.344s
+ ./mandelbrot_seq_withIO 0.175 0.375 -0.100 0.100 8192

real	1m42.772s
user	1m40.524s
sys	0m1.096s
+ ./mandelbrot_seq_withIO 0.175 0.375 -0.100 0.100 8192

real	1m42.609s
user	1m40.268s
sys	0m1.200s
+ ./mandelbrot_seq_withIO 0.175 0.375 -0.100 0.100 8192

real	1m42.383s
user	1m39.908s
sys	0m1.272s
+ ./mandelbrot_seq_withIO 0.175 0.375 -0.100 0.100 8192

real	1m42.413s
user	1m39.948s
sys	0m1.260s
+ ./mandelbrot_seq_withIO 0.175 0.375 -0.100 0.100 8192

real	1m43.149s
user	1m40.788s
sys	0m1.184s
+ ./mandelbrot_seq_withIO 0.175 0.375 -0.100 0.100 8192

real	1m43.222s
user	1m40.808s
sys	0m1.208s
+ ./mandelbrot_seq_withIO 0.175 0.375 -0.100 0.100 8192

real	1m43.329s
user	1m41.052s
sys	0m1.096s
+ ./mandelbrot_seq_withIO 0.175 0.375 -0.100 0.100 8192

real	1m43.020s
user	1m40.664s
sys	0m1.176s
+ ./mandelbrot_seq_withIO 0.175 0.375 -0.100 0.100 8192

real	1m42.272s
user	1m39.756s
sys	0m1.336s
+ ./mandelbrot_seq_withIO 0.175 0.375 -0.100 0.100 8192

real	1m42.435s
user	1m40.100s
sys	0m1.160s
+ ./mandelbrot_seq_withoutIO 0.175 0.375 -0.100 0.100 16

real	0m0.001s
user	0m0.000s
sys	0m0.000s
+ ./mandelbrot_seq_withoutIO 0.175 0.375 -0.100 0.100 16

real	0m0.001s
user	0m0.000s
sys	0m0.000s
+ ./mandelbrot_seq_withoutIO 0.175 0.375 -0.100 0.100 16

real	0m0.001s
user	0m0.000s
sys	0m0.000s
+ ./mandelbrot_seq_withoutIO 0.175 0.375 -0.100 0.100 16

real	0m0.001s
user	0m0.000s
sys	0m0.000s
+ ./mandelbrot_seq_withoutIO 0.175 0.375 -0.100 0.100 16

real	0m0.001s
user	0m0.000s
sys	0m0.000s
+ ./mandelbrot_seq_withoutIO 0.175 0.375 -0.100 0.100 16

real	0m0.001s
user	0m0.000s
sys	0m0.000s
+ ./mandelbrot_seq_withoutIO 0.175 0.375 -0.100 0.100 16

real	0m0.001s
user	0m0.000s
sys	0m0.000s
+ ./mandelbrot_seq_withoutIO 0.175 0.375 -0.100 0.100 16

real	0m0.001s
user	0m0.000s
sys	0m0.000s
+ ./mandelbrot_seq_withoutIO 0.175 0.375 -0.100 0.100 16

real	0m0.001s
user	0m0.000s
sys	0m0.000s
+ ./mandelbrot_seq_withoutIO 0.175 0.375 -0.100 0.100 16

real	0m0.001s
user	0m0.000s
sys	0m0.000s
+ ./mandelbrot_seq_withoutIO 0.175 0.375 -0.100 0.100 16

real	0m0.001s
user	0m0.000s
sys	0m0.000s
+ ./mandelbrot_seq_withoutIO 0.175 0.375 -0.100 0.100 16

real	0m0.001s
user	0m0.000s
sys	0m0.000s
+ ./mandelbrot_seq_withoutIO 0.175 0.375 -0.100 0.100 16

real	0m0.001s
user	0m0.000s
sys	0m0.000s
+ ./mandelbrot_seq_withoutIO 0.175 0.375 -0.100 0.100 16

real	0m0.001s
user	0m0.000s
sys	0m0.000s
+ ./mandelbrot_seq_withoutIO 0.175 0.375 -0.100 0.100 16

real	0m0.001s
user	0m0.000s
sys	0m0.000s
+ ./mandelbrot_seq_withoutIO 0.175 0.375 -0.100 0.100 16

real	0m0.001s
user	0m0.000s
sys	0m0.000s
+ ./mandelbrot_seq_withoutIO 0.175 0.375 -0.100 0.100 16

real	0m0.001s
user	0m0.000s
sys	0m0.000s
+ ./mandelbrot_seq_withoutIO 0.175 0.375 -0.100 0.100 16

real	0m0.001s
user	0m0.000s
sys	0m0.000s
+ ./mandelbrot_seq_withoutIO 0.175 0.375 -0.100 0.100 16

real	0m0.001s
user	0m0.000s
sys	0m0.000s
+ ./mandelbrot_seq_withoutIO 0.175 0.375 -0.100 0.100 16

real	0m0.001s
user	0m0.000s
sys	0m0.000s
+ ./mandelbrot_seq_withoutIO 0.175 0.375 -0.100 0.100 32

real	0m0.002s
user	0m0.000s
sys	0m0.000s
+ ./mandelbrot_seq_withoutIO 0.175 0.375 -0.100 0.100 32

real	0m0.002s
user	0m0.000s
sys	0m0.000s
+ ./mandelbrot_seq_withoutIO 0.175 0.375 -0.100 0.100 32

real	0m0.002s
user	0m0.000s
sys	0m0.000s
+ ./mandelbrot_seq_withoutIO 0.175 0.375 -0.100 0.100 32

real	0m0.002s
user	0m0.000s
sys	0m0.000s
+ ./mandelbrot_seq_withoutIO 0.175 0.375 -0.100 0.100 32

real	0m0.002s
user	0m0.000s
sys	0m0.000s
+ ./mandelbrot_seq_withoutIO 0.175 0.375 -0.100 0.100 32

real	0m0.002s
user	0m0.000s
sys	0m0.000s
+ ./mandelbrot_seq_withoutIO 0.175 0.375 -0.100 0.100 32

real	0m0.002s
user	0m0.000s
sys	0m0.000s
+ ./mandelbrot_seq_withoutIO 0.175 0.375 -0.100 0.100 32

real	0m0.002s
user	0m0.000s
sys	0m0.000s
+ ./mandelbrot_seq_withoutIO 0.175 0.375 -0.100 0.100 32

real	0m0.002s
user	0m0.000s
sys	0m0.000s
+ ./mandelbrot_seq_withoutIO 0.175 0.375 -0.100 0.100 32

real	0m0.002s
user	0m0.000s
sys	0m0.000s
+ ./mandelbrot_seq_withoutIO 0.175 0.375 -0.100 0.100 32

real	0m0.002s
user	0m0.000s
sys	0m0.000s
+ ./mandelbrot_seq_withoutIO 0.175 0.375 -0.100 0.100 32

real	0m0.002s
user	0m0.000s
sys	0m0.000s
+ ./mandelbrot_seq_withoutIO 0.175 0.375 -0.100 0.100 32

real	0m0.002s
user	0m0.000s
sys	0m0.000s
+ ./mandelbrot_seq_withoutIO 0.175 0.375 -0.100 0.100 32

real	0m0.002s
user	0m0.000s
sys	0m0.000s
+ ./mandelbrot_seq_withoutIO 0.175 0.375 -0.100 0.100 32

real	0m0.002s
user	0m0.000s
sys	0m0.000s
+ ./mandelbrot_seq_withoutIO 0.175 0.375 -0.100 0.100 32

real	0m0.002s
user	0m0.000s
sys	0m0.000s
+ ./mandelbrot_seq_withoutIO 0.175 0.375 -0.100 0.100 32

real	0m0.002s
user	0m0.000s
sys	0m0.000s
+ ./mandelbrot_seq_withoutIO 0.175 0.375 -0.100 0.100 32

real	0m0.002s
user	0m0.000s
sys	0m0.000s
+ ./mandelbrot_seq_withoutIO 0.175 0.375 -0.100 0.100 32

real	0m0.002s
user	0m0.000s
sys	0m0.000s
+ ./mandelbrot_seq_withoutIO 0.175 0.375 -0.100 0.100 32

real	0m0.002s
user	0m0.000s
sys	0m0.000s
+ ./mandelbrot_seq_withoutIO 0.175 0.375 -0.100 0.100 64

real	0m0.007s
user	0m0.004s
sys	0m0.000s
+ ./mandelbrot_seq_withoutIO 0.175 0.375 -0.100 0.100 64

real	0m0.007s
user	0m0.004s
sys	0m0.000s
+ ./mandelbrot_seq_withoutIO 0.175 0.375 -0.100 0.100 64

real	0m0.007s
user	0m0.004s
sys	0m0.000s
+ ./mandelbrot_seq_withoutIO 0.175 0.375 -0.100 0.100 64

real	0m0.007s
user	0m0.004s
sys	0m0.000s
+ ./mandelbrot_seq_withoutIO 0.175 0.375 -0.100 0.100 64

real	0m0.007s
user	0m0.004s
sys	0m0.000s
+ ./mandelbrot_seq_withoutIO 0.175 0.375 -0.100 0.100 64

real	0m0.007s
user	0m0.004s
sys	0m0.000s
+ ./mandelbrot_seq_withoutIO 0.175 0.375 -0.100 0.100 64

real	0m0.007s
user	0m0.004s
sys	0m0.000s
+ ./mandelbrot_seq_withoutIO 0.175 0.375 -0.100 0.100 64

real	0m0.007s
user	0m0.004s
sys	0m0.000s
+ ./mandelbrot_seq_withoutIO 0.175 0.375 -0.100 0.100 64

real	0m0.007s
user	0m0.004s
sys	0m0.000s
+ ./mandelbrot_seq_withoutIO 0.175 0.375 -0.100 0.100 64

real	0m0.007s
user	0m0.004s
sys	0m0.000s
+ ./mandelbrot_seq_withoutIO 0.175 0.375 -0.100 0.100 64

real	0m0.007s
user	0m0.004s
sys	0m0.000s
+ ./mandelbrot_seq_withoutIO 0.175 0.375 -0.100 0.100 64

real	0m0.007s
user	0m0.004s
sys	0m0.000s
+ ./mandelbrot_seq_withoutIO 0.175 0.375 -0.100 0.100 64

real	0m0.007s
user	0m0.004s
sys	0m0.000s
+ ./mandelbrot_seq_withoutIO 0.175 0.375 -0.100 0.100 64

real	0m0.007s
user	0m0.004s
sys	0m0.000s
+ ./mandelbrot_seq_withoutIO 0.175 0.375 -0.100 0.100 64

real	0m0.007s
user	0m0.004s
sys	0m0.000s
+ ./mandelbrot_seq_withoutIO 0.175 0.375 -0.100 0.100 64

real	0m0.007s
user	0m0.004s
sys	0m0.000s
+ ./mandelbrot_seq_withoutIO 0.175 0.375 -0.100 0.100 64

real	0m0.007s
user	0m0.004s
sys	0m0.000s
+ ./mandelbrot_seq_withoutIO 0.175 0.375 -0.100 0.100 64

real	0m0.007s
user	0m0.004s
sys	0m0.000s
+ ./mandelbrot_seq_withoutIO 0.175 0.375 -0.100 0.100 64

real	0m0.007s
user	0m0.004s
sys	0m0.000s
+ ./mandelbrot_seq_withoutIO 0.175 0.375 -0.100 0.100 64

real	0m0.007s
user	0m0.004s
sys	0m0.000s
+ ./mandelbrot_seq_withoutIO 0.175 0.375 -0.100 0.100 128

real	0m0.024s
user	0m0.024s
sys	0m0.000s
+ ./mandelbrot_seq_withoutIO 0.175 0.375 -0.100 0.100 128

real	0m0.024s
user	0m0.020s
sys	0m0.004s
+ ./mandelbrot_seq_withoutIO 0.175 0.375 -0.100 0.100 128

real	0m0.024s
user	0m0.024s
sys	0m0.000s
+ ./mandelbrot_seq_withoutIO 0.175 0.375 -0.100 0.100 128

real	0m0.024s
user	0m0.024s
sys	0m0.000s
+ ./mandelbrot_seq_withoutIO 0.175 0.375 -0.100 0.100 128

real	0m0.025s
user	0m0.024s
sys	0m0.000s
+ ./mandelbrot_seq_withoutIO 0.175 0.375 -0.100 0.100 128

real	0m0.024s
user	0m0.020s
sys	0m0.000s
+ ./mandelbrot_seq_withoutIO 0.175 0.375 -0.100 0.100 128

real	0m0.025s
user	0m0.024s
sys	0m0.000s
+ ./mandelbrot_seq_withoutIO 0.175 0.375 -0.100 0.100 128

real	0m0.025s
user	0m0.024s
sys	0m0.000s
+ ./mandelbrot_seq_withoutIO 0.175 0.375 -0.100 0.100 128

real	0m0.025s
user	0m0.024s
sys	0m0.000s
+ ./mandelbrot_seq_withoutIO 0.175 0.375 -0.100 0.100 128

real	0m0.024s
user	0m0.020s
sys	0m0.004s
+ ./mandelbrot_seq_withoutIO 0.175 0.375 -0.100 0.100 128

real	0m0.024s
user	0m0.024s
sys	0m0.000s
+ ./mandelbrot_seq_withoutIO 0.175 0.375 -0.100 0.100 128

real	0m0.024s
user	0m0.024s
sys	0m0.000s
+ ./mandelbrot_seq_withoutIO 0.175 0.375 -0.100 0.100 128

real	0m0.025s
user	0m0.024s
sys	0m0.000s
+ ./mandelbrot_seq_withoutIO 0.175 0.375 -0.100 0.100 128

real	0m0.025s
user	0m0.024s
sys	0m0.000s
+ ./mandelbrot_seq_withoutIO 0.175 0.375 -0.100 0.100 128

real	0m0.025s
user	0m0.024s
sys	0m0.000s
+ ./mandelbrot_seq_withoutIO 0.175 0.375 -0.100 0.100 128

real	0m0.025s
user	0m0.024s
sys	0m0.000s
+ ./mandelbrot_seq_withoutIO 0.175 0.375 -0.100 0.100 128

real	0m0.024s
user	0m0.024s
sys	0m0.000s
+ ./mandelbrot_seq_withoutIO 0.175 0.375 -0.100 0.100 128

real	0m0.026s
user	0m0.024s
sys	0m0.000s
+ ./mandelbrot_seq_withoutIO 0.175 0.375 -0.100 0.100 128

real	0m0.025s
user	0m0.024s
sys	0m0.000s
+ ./mandelbrot_seq_withoutIO 0.175 0.375 -0.100 0.100 128

real	0m0.024s
user	0m0.024s
sys	0m0.000s
+ ./mandelbrot_seq_withoutIO 0.175 0.375 -0.100 0.100 256

real	0m0.095s
user	0m0.092s
sys	0m0.000s
+ ./mandelbrot_seq_withoutIO 0.175 0.375 -0.100 0.100 256

real	0m0.095s
user	0m0.092s
sys	0m0.000s
+ ./mandelbrot_seq_withoutIO 0.175 0.375 -0.100 0.100 256

real	0m0.096s
user	0m0.092s
sys	0m0.000s
+ ./mandelbrot_seq_withoutIO 0.175 0.375 -0.100 0.100 256

real	0m0.095s
user	0m0.092s
sys	0m0.000s
+ ./mandelbrot_seq_withoutIO 0.175 0.375 -0.100 0.100 256

real	0m0.094s
user	0m0.092s
sys	0m0.000s
+ ./mandelbrot_seq_withoutIO 0.175 0.375 -0.100 0.100 256

real	0m0.095s
user	0m0.092s
sys	0m0.000s
+ ./mandelbrot_seq_withoutIO 0.175 0.375 -0.100 0.100 256

real	0m0.095s
user	0m0.092s
sys	0m0.000s
+ ./mandelbrot_seq_withoutIO 0.175 0.375 -0.100 0.100 256

real	0m0.098s
user	0m0.096s
sys	0m0.000s
+ ./mandelbrot_seq_withoutIO 0.175 0.375 -0.100 0.100 256

real	0m0.095s
user	0m0.092s
sys	0m0.000s
+ ./mandelbrot_seq_withoutIO 0.175 0.375 -0.100 0.100 256

real	0m0.094s
user	0m0.092s
sys	0m0.000s
+ ./mandelbrot_seq_withoutIO 0.175 0.375 -0.100 0.100 256

real	0m0.094s
user	0m0.092s
sys	0m0.000s
+ ./mandelbrot_seq_withoutIO 0.175 0.375 -0.100 0.100 256

real	0m0.094s
user	0m0.092s
sys	0m0.000s
+ ./mandelbrot_seq_withoutIO 0.175 0.375 -0.100 0.100 256

real	0m0.095s
user	0m0.092s
sys	0m0.000s
+ ./mandelbrot_seq_withoutIO 0.175 0.375 -0.100 0.100 256

real	0m0.094s
user	0m0.092s
sys	0m0.000s
+ ./mandelbrot_seq_withoutIO 0.175 0.375 -0.100 0.100 256

real	0m0.097s
user	0m0.096s
sys	0m0.000s
+ ./mandelbrot_seq_withoutIO 0.175 0.375 -0.100 0.100 256

real	0m0.095s
user	0m0.092s
sys	0m0.000s
+ ./mandelbrot_seq_withoutIO 0.175 0.375 -0.100 0.100 256

real	0m0.095s
user	0m0.092s
sys	0m0.000s
+ ./mandelbrot_seq_withoutIO 0.175 0.375 -0.100 0.100 256

real	0m0.094s
user	0m0.092s
sys	0m0.000s
+ ./mandelbrot_seq_withoutIO 0.175 0.375 -0.100 0.100 256

real	0m0.095s
user	0m0.092s
sys	0m0.000s
+ ./mandelbrot_seq_withoutIO 0.175 0.375 -0.100 0.100 256

real	0m0.095s
user	0m0.092s
sys	0m0.000s
+ ./mandelbrot_seq_withoutIO 0.175 0.375 -0.100 0.100 512

real	0m0.380s
user	0m0.376s
sys	0m0.000s
+ ./mandelbrot_seq_withoutIO 0.175 0.375 -0.100 0.100 512

real	0m0.380s
user	0m0.376s
sys	0m0.000s
+ ./mandelbrot_seq_withoutIO 0.175 0.375 -0.100 0.100 512

real	0m0.378s
user	0m0.376s
sys	0m0.000s
+ ./mandelbrot_seq_withoutIO 0.175 0.375 -0.100 0.100 512

real	0m0.374s
user	0m0.372s
sys	0m0.000s
+ ./mandelbrot_seq_withoutIO 0.175 0.375 -0.100 0.100 512

real	0m0.374s
user	0m0.372s
sys	0m0.000s
+ ./mandelbrot_seq_withoutIO 0.175 0.375 -0.100 0.100 512

real	0m0.376s
user	0m0.376s
sys	0m0.000s
+ ./mandelbrot_seq_withoutIO 0.175 0.375 -0.100 0.100 512

real	0m0.375s
user	0m0.372s
sys	0m0.000s
+ ./mandelbrot_seq_withoutIO 0.175 0.375 -0.100 0.100 512

real	0m0.375s
user	0m0.372s
sys	0m0.000s
+ ./mandelbrot_seq_withoutIO 0.175 0.375 -0.100 0.100 512

real	0m0.380s
user	0m0.380s
sys	0m0.000s
+ ./mandelbrot_seq_withoutIO 0.175 0.375 -0.100 0.100 512

real	0m0.375s
user	0m0.372s
sys	0m0.000s
+ ./mandelbrot_seq_withoutIO 0.175 0.375 -0.100 0.100 512

real	0m0.385s
user	0m0.384s
sys	0m0.000s
+ ./mandelbrot_seq_withoutIO 0.175 0.375 -0.100 0.100 512

real	0m0.377s
user	0m0.376s
sys	0m0.000s
+ ./mandelbrot_seq_withoutIO 0.175 0.375 -0.100 0.100 512

real	0m0.383s
user	0m0.380s
sys	0m0.000s
+ ./mandelbrot_seq_withoutIO 0.175 0.375 -0.100 0.100 512

real	0m0.380s
user	0m0.376s
sys	0m0.000s
+ ./mandelbrot_seq_withoutIO 0.175 0.375 -0.100 0.100 512

real	0m0.377s
user	0m0.376s
sys	0m0.000s
+ ./mandelbrot_seq_withoutIO 0.175 0.375 -0.100 0.100 512

real	0m0.379s
user	0m0.376s
sys	0m0.000s
+ ./mandelbrot_seq_withoutIO 0.175 0.375 -0.100 0.100 512

real	0m0.379s
user	0m0.376s
sys	0m0.000s
+ ./mandelbrot_seq_withoutIO 0.175 0.375 -0.100 0.100 512

real	0m0.373s
user	0m0.372s
sys	0m0.000s
+ ./mandelbrot_seq_withoutIO 0.175 0.375 -0.100 0.100 512

real	0m0.373s
user	0m0.372s
sys	0m0.000s
+ ./mandelbrot_seq_withoutIO 0.175 0.375 -0.100 0.100 512

real	0m0.377s
user	0m0.376s
sys	0m0.000s
+ ./mandelbrot_seq_withoutIO 0.175 0.375 -0.100 0.100 1024

real	0m1.492s
user	0m1.488s
sys	0m0.000s
+ ./mandelbrot_seq_withoutIO 0.175 0.375 -0.100 0.100 1024

real	0m1.497s
user	0m1.496s
sys	0m0.000s
+ ./mandelbrot_seq_withoutIO 0.175 0.375 -0.100 0.100 1024

real	0m1.493s
user	0m1.492s
sys	0m0.000s
+ ./mandelbrot_seq_withoutIO 0.175 0.375 -0.100 0.100 1024

real	0m1.492s
user	0m1.488s
sys	0m0.000s
+ ./mandelbrot_seq_withoutIO 0.175 0.375 -0.100 0.100 1024

real	0m1.496s
user	0m1.492s
sys	0m0.000s
+ ./mandelbrot_seq_withoutIO 0.175 0.375 -0.100 0.100 1024

real	0m1.506s
user	0m1.504s
sys	0m0.000s
+ ./mandelbrot_seq_withoutIO 0.175 0.375 -0.100 0.100 1024

real	0m1.506s
user	0m1.504s
sys	0m0.000s
+ ./mandelbrot_seq_withoutIO 0.175 0.375 -0.100 0.100 1024

real	0m1.503s
user	0m1.500s
sys	0m0.000s
+ ./mandelbrot_seq_withoutIO 0.175 0.375 -0.100 0.100 1024

real	0m1.495s
user	0m1.492s
sys	0m0.000s
+ ./mandelbrot_seq_withoutIO 0.175 0.375 -0.100 0.100 1024

real	0m1.496s
user	0m1.492s
sys	0m0.000s
+ ./mandelbrot_seq_withoutIO 0.175 0.375 -0.100 0.100 1024

real	0m1.509s
user	0m1.504s
sys	0m0.004s
+ ./mandelbrot_seq_withoutIO 0.175 0.375 -0.100 0.100 1024

real	0m1.492s
user	0m1.488s
sys	0m0.000s
+ ./mandelbrot_seq_withoutIO 0.175 0.375 -0.100 0.100 1024

real	0m1.499s
user	0m1.496s
sys	0m0.000s
+ ./mandelbrot_seq_withoutIO 0.175 0.375 -0.100 0.100 1024

real	0m1.511s
user	0m1.508s
sys	0m0.000s
+ ./mandelbrot_seq_withoutIO 0.175 0.375 -0.100 0.100 1024

real	0m1.497s
user	0m1.496s
sys	0m0.000s
+ ./mandelbrot_seq_withoutIO 0.175 0.375 -0.100 0.100 1024

real	0m1.512s
user	0m1.508s
sys	0m0.000s
+ ./mandelbrot_seq_withoutIO 0.175 0.375 -0.100 0.100 1024

real	0m1.504s
user	0m1.500s
sys	0m0.000s
+ ./mandelbrot_seq_withoutIO 0.175 0.375 -0.100 0.100 1024

real	0m1.522s
user	0m1.520s
sys	0m0.000s
+ ./mandelbrot_seq_withoutIO 0.175 0.375 -0.100 0.100 1024

real	0m1.504s
user	0m1.500s
sys	0m0.000s
+ ./mandelbrot_seq_withoutIO 0.175 0.375 -0.100 0.100 1024

real	0m1.494s
user	0m1.492s
sys	0m0.000s
+ ./mandelbrot_seq_withoutIO 0.175 0.375 -0.100 0.100 2048

real	0m5.981s
user	0m5.980s
sys	0m0.000s
+ ./mandelbrot_seq_withoutIO 0.175 0.375 -0.100 0.100 2048

real	0m5.987s
user	0m5.984s
sys	0m0.000s
+ ./mandelbrot_seq_withoutIO 0.175 0.375 -0.100 0.100 2048

real	0m6.019s
user	0m6.016s
sys	0m0.000s
+ ./mandelbrot_seq_withoutIO 0.175 0.375 -0.100 0.100 2048

real	0m6.003s
user	0m6.000s
sys	0m0.000s
+ ./mandelbrot_seq_withoutIO 0.175 0.375 -0.100 0.100 2048

real	0m6.024s
user	0m6.020s
sys	0m0.000s
+ ./mandelbrot_seq_withoutIO 0.175 0.375 -0.100 0.100 2048

real	0m5.987s
user	0m5.984s
sys	0m0.000s
+ ./mandelbrot_seq_withoutIO 0.175 0.375 -0.100 0.100 2048

real	0m5.974s
user	0m5.972s
sys	0m0.000s
+ ./mandelbrot_seq_withoutIO 0.175 0.375 -0.100 0.100 2048

real	0m5.971s
user	0m5.968s
sys	0m0.000s
+ ./mandelbrot_seq_withoutIO 0.175 0.375 -0.100 0.100 2048

real	0m5.999s
user	0m5.996s
sys	0m0.000s
+ ./mandelbrot_seq_withoutIO 0.175 0.375 -0.100 0.100 2048

real	0m5.962s
user	0m5.960s
sys	0m0.000s
+ ./mandelbrot_seq_withoutIO 0.175 0.375 -0.100 0.100 2048

real	0m6.007s
user	0m6.004s
sys	0m0.000s
+ ./mandelbrot_seq_withoutIO 0.175 0.375 -0.100 0.100 2048

real	0m5.984s
user	0m5.980s
sys	0m0.000s
+ ./mandelbrot_seq_withoutIO 0.175 0.375 -0.100 0.100 2048

real	0m5.989s
user	0m5.988s
sys	0m0.000s
+ ./mandelbrot_seq_withoutIO 0.175 0.375 -0.100 0.100 2048

real	0m5.980s
user	0m5.976s
sys	0m0.000s
+ ./mandelbrot_seq_withoutIO 0.175 0.375 -0.100 0.100 2048

real	0m5.972s
user	0m5.968s
sys	0m0.000s
+ ./mandelbrot_seq_withoutIO 0.175 0.375 -0.100 0.100 2048

real	0m5.955s
user	0m5.952s
sys	0m0.000s
+ ./mandelbrot_seq_withoutIO 0.175 0.375 -0.100 0.100 2048

real	0m5.980s
user	0m5.976s
sys	0m0.000s
+ ./mandelbrot_seq_withoutIO 0.175 0.375 -0.100 0.100 2048

real	0m6.016s
user	0m6.012s
sys	0m0.000s
+ ./mandelbrot_seq_withoutIO 0.175 0.375 -0.100 0.100 2048

real	0m6.023s
user	0m6.020s
sys	0m0.000s
+ ./mandelbrot_seq_withoutIO 0.175 0.375 -0.100 0.100 2048

real	0m6.040s
user	0m6.036s
sys	0m0.000s
+ ./mandelbrot_seq_withoutIO 0.175 0.375 -0.100 0.100 4096

real	0m24.026s
user	0m24.024s
sys	0m0.000s
+ ./mandelbrot_seq_withoutIO 0.175 0.375 -0.100 0.100 4096

real	0m24.162s
user	0m24.160s
sys	0m0.000s
+ ./mandelbrot_seq_withoutIO 0.175 0.375 -0.100 0.100 4096

real	0m24.100s
user	0m24.096s
sys	0m0.000s
+ ./mandelbrot_seq_withoutIO 0.175 0.375 -0.100 0.100 4096

real	0m24.012s
user	0m24.008s
sys	0m0.000s
+ ./mandelbrot_seq_withoutIO 0.175 0.375 -0.100 0.100 4096

real	0m23.959s
user	0m23.956s
sys	0m0.000s
+ ./mandelbrot_seq_withoutIO 0.175 0.375 -0.100 0.100 4096

real	0m24.078s
user	0m24.076s
sys	0m0.000s
+ ./mandelbrot_seq_withoutIO 0.175 0.375 -0.100 0.100 4096

real	0m23.892s
user	0m23.888s
sys	0m0.000s
+ ./mandelbrot_seq_withoutIO 0.175 0.375 -0.100 0.100 4096

real	0m23.972s
user	0m23.968s
sys	0m0.000s
+ ./mandelbrot_seq_withoutIO 0.175 0.375 -0.100 0.100 4096

real	0m23.958s
user	0m23.956s
sys	0m0.000s
+ ./mandelbrot_seq_withoutIO 0.175 0.375 -0.100 0.100 4096

real	0m24.013s
user	0m24.012s
sys	0m0.000s
+ ./mandelbrot_seq_withoutIO 0.175 0.375 -0.100 0.100 4096

real	0m23.944s
user	0m23.940s
sys	0m0.000s
+ ./mandelbrot_seq_withoutIO 0.175 0.375 -0.100 0.100 4096

real	0m24.047s
user	0m24.044s
sys	0m0.000s
+ ./mandelbrot_seq_withoutIO 0.175 0.375 -0.100 0.100 4096

real	0m23.999s
user	0m23.996s
sys	0m0.000s
+ ./mandelbrot_seq_withoutIO 0.175 0.375 -0.100 0.100 4096

real	0m23.956s
user	0m23.952s
sys	0m0.000s
+ ./mandelbrot_seq_withoutIO 0.175 0.375 -0.100 0.100 4096

real	0m23.925s
user	0m23.924s
sys	0m0.000s
+ ./mandelbrot_seq_withoutIO 0.175 0.375 -0.100 0.100 4096

real	0m24.067s
user	0m24.064s
sys	0m0.000s
+ ./mandelbrot_seq_withoutIO 0.175 0.375 -0.100 0.100 4096

real	0m23.983s
user	0m23.980s
sys	0m0.000s
+ ./mandelbrot_seq_withoutIO 0.175 0.375 -0.100 0.100 4096

real	0m23.912s
user	0m23.908s
sys	0m0.000s
+ ./mandelbrot_seq_withoutIO 0.175 0.375 -0.100 0.100 4096

real	0m23.963s
user	0m23.960s
sys	0m0.000s
+ ./mandelbrot_seq_withoutIO 0.175 0.375 -0.100 0.100 4096

real	0m24.040s
user	0m24.036s
sys	0m0.000s
+ ./mandelbrot_seq_withoutIO 0.175 0.375 -0.100 0.100 8192

real	1m35.585s
user	1m35.580s
sys	0m0.000s
+ ./mandelbrot_seq_withoutIO 0.175 0.375 -0.100 0.100 8192

real	1m35.857s
user	1m35.852s
sys	0m0.000s
+ ./mandelbrot_seq_withoutIO 0.175 0.375 -0.100 0.100 8192

real	1m35.942s
user	1m35.936s
sys	0m0.000s
+ ./mandelbrot_seq_withoutIO 0.175 0.375 -0.100 0.100 8192

real	1m35.991s
user	1m35.984s
sys	0m0.000s
+ ./mandelbrot_seq_withoutIO 0.175 0.375 -0.100 0.100 8192

real	1m35.713s
user	1m35.704s
sys	0m0.004s
+ ./mandelbrot_seq_withoutIO 0.175 0.375 -0.100 0.100 8192

real	1m35.922s
user	1m35.916s
sys	0m0.000s
+ ./mandelbrot_seq_withoutIO 0.175 0.375 -0.100 0.100 8192

real	1m36.150s
user	1m36.144s
sys	0m0.000s
+ ./mandelbrot_seq_withoutIO 0.175 0.375 -0.100 0.100 8192

real	1m35.962s
user	1m35.956s
sys	0m0.000s
+ ./mandelbrot_seq_withoutIO 0.175 0.375 -0.100 0.100 8192

real	1m36.017s
user	1m36.012s
sys	0m0.000s
+ ./mandelbrot_seq_withoutIO 0.175 0.375 -0.100 0.100 8192

real	1m36.230s
user	1m36.224s
sys	0m0.000s
+ ./mandelbrot_seq_withoutIO 0.175 0.375 -0.100 0.100 8192

real	1m35.698s
user	1m35.692s
sys	0m0.000s
+ ./mandelbrot_seq_withoutIO 0.175 0.375 -0.100 0.100 8192

real	1m35.807s
user	1m35.800s
sys	0m0.000s
+ ./mandelbrot_seq_withoutIO 0.175 0.375 -0.100 0.100 8192

real	1m35.676s
user	1m35.672s
sys	0m0.000s
+ ./mandelbrot_seq_withoutIO 0.175 0.375 -0.100 0.100 8192

real	1m35.810s
user	1m35.804s
sys	0m0.000s
+ ./mandelbrot_seq_withoutIO 0.175 0.375 -0.100 0.100 8192

real	1m35.653s
user	1m35.648s
sys	0m0.000s
+ ./mandelbrot_seq_withoutIO 0.175 0.375 -0.100 0.100 8192

real	1m35.843s
user	1m35.836s
sys	0m0.000s
+ ./mandelbrot_seq_withoutIO 0.175 0.375 -0.100 0.100 8192

real	1m35.629s
user	1m35.624s
sys	0m0.000s
+ ./mandelbrot_seq_withoutIO 0.175 0.375 -0.100 0.100 8192

real	1m35.766s
user	1m35.760s
sys	0m0.000s
+ ./mandelbrot_seq_withoutIO 0.175 0.375 -0.100 0.100 8192

real	1m35.805s
user	1m35.800s
sys	0m0.000s
+ ./mandelbrot_seq_withoutIO 0.175 0.375 -0.100 0.100 8192

real	1m36.271s
user	1m36.264s
sys	0m0.004s
