+ ./mandelbrot_seq_withIO -2.500 1.500 -2.000 2.000 16

real	0m0.001s
user	0m0.000s
sys	0m0.000s
+ ./mandelbrot_seq_withIO -2.500 1.500 -2.000 2.000 16

real	0m0.001s
user	0m0.000s
sys	0m0.000s
+ ./mandelbrot_seq_withIO -2.500 1.500 -2.000 2.000 16

real	0m0.001s
user	0m0.000s
sys	0m0.000s
+ ./mandelbrot_seq_withIO -2.500 1.500 -2.000 2.000 16

real	0m0.001s
user	0m0.000s
sys	0m0.000s
+ ./mandelbrot_seq_withIO -2.500 1.500 -2.000 2.000 16

real	0m0.001s
user	0m0.000s
sys	0m0.000s
+ ./mandelbrot_seq_withIO -2.500 1.500 -2.000 2.000 16

real	0m0.001s
user	0m0.000s
sys	0m0.000s
+ ./mandelbrot_seq_withIO -2.500 1.500 -2.000 2.000 16

real	0m0.001s
user	0m0.000s
sys	0m0.000s
+ ./mandelbrot_seq_withIO -2.500 1.500 -2.000 2.000 16

real	0m0.001s
user	0m0.000s
sys	0m0.000s
+ ./mandelbrot_seq_withIO -2.500 1.500 -2.000 2.000 16

real	0m0.001s
user	0m0.000s
sys	0m0.000s
+ ./mandelbrot_seq_withIO -2.500 1.500 -2.000 2.000 16

real	0m0.001s
user	0m0.000s
sys	0m0.000s
+ ./mandelbrot_seq_withIO -2.500 1.500 -2.000 2.000 16

real	0m0.001s
user	0m0.000s
sys	0m0.000s
+ ./mandelbrot_seq_withIO -2.500 1.500 -2.000 2.000 16

real	0m0.001s
user	0m0.000s
sys	0m0.000s
+ ./mandelbrot_seq_withIO -2.500 1.500 -2.000 2.000 16

real	0m0.001s
user	0m0.000s
sys	0m0.000s
+ ./mandelbrot_seq_withIO -2.500 1.500 -2.000 2.000 16

real	0m0.001s
user	0m0.000s
sys	0m0.000s
+ ./mandelbrot_seq_withIO -2.500 1.500 -2.000 2.000 16

real	0m0.001s
user	0m0.000s
sys	0m0.000s
+ ./mandelbrot_seq_withIO -2.500 1.500 -2.000 2.000 16

real	0m0.001s
user	0m0.000s
sys	0m0.000s
+ ./mandelbrot_seq_withIO -2.500 1.500 -2.000 2.000 16

real	0m0.001s
user	0m0.000s
sys	0m0.000s
+ ./mandelbrot_seq_withIO -2.500 1.500 -2.000 2.000 16

real	0m0.001s
user	0m0.000s
sys	0m0.000s
+ ./mandelbrot_seq_withIO -2.500 1.500 -2.000 2.000 16

real	0m0.001s
user	0m0.000s
sys	0m0.000s
+ ./mandelbrot_seq_withIO -2.500 1.500 -2.000 2.000 16

real	0m0.001s
user	0m0.000s
sys	0m0.000s
+ ./mandelbrot_seq_withIO -2.500 1.500 -2.000 2.000 32

real	0m0.001s
user	0m0.000s
sys	0m0.000s
+ ./mandelbrot_seq_withIO -2.500 1.500 -2.000 2.000 32

real	0m0.001s
user	0m0.000s
sys	0m0.000s
+ ./mandelbrot_seq_withIO -2.500 1.500 -2.000 2.000 32

real	0m0.001s
user	0m0.000s
sys	0m0.000s
+ ./mandelbrot_seq_withIO -2.500 1.500 -2.000 2.000 32

real	0m0.001s
user	0m0.000s
sys	0m0.000s
+ ./mandelbrot_seq_withIO -2.500 1.500 -2.000 2.000 32

real	0m0.001s
user	0m0.000s
sys	0m0.000s
+ ./mandelbrot_seq_withIO -2.500 1.500 -2.000 2.000 32

real	0m0.001s
user	0m0.000s
sys	0m0.000s
+ ./mandelbrot_seq_withIO -2.500 1.500 -2.000 2.000 32

real	0m0.001s
user	0m0.000s
sys	0m0.000s
+ ./mandelbrot_seq_withIO -2.500 1.500 -2.000 2.000 32

real	0m0.001s
user	0m0.000s
sys	0m0.000s
+ ./mandelbrot_seq_withIO -2.500 1.500 -2.000 2.000 32

real	0m0.001s
user	0m0.000s
sys	0m0.000s
+ ./mandelbrot_seq_withIO -2.500 1.500 -2.000 2.000 32

real	0m0.001s
user	0m0.000s
sys	0m0.000s
+ ./mandelbrot_seq_withIO -2.500 1.500 -2.000 2.000 32

real	0m0.001s
user	0m0.000s
sys	0m0.000s
+ ./mandelbrot_seq_withIO -2.500 1.500 -2.000 2.000 32

real	0m0.001s
user	0m0.000s
sys	0m0.000s
+ ./mandelbrot_seq_withIO -2.500 1.500 -2.000 2.000 32

real	0m0.001s
user	0m0.000s
sys	0m0.000s
+ ./mandelbrot_seq_withIO -2.500 1.500 -2.000 2.000 32

real	0m0.001s
user	0m0.000s
sys	0m0.000s
+ ./mandelbrot_seq_withIO -2.500 1.500 -2.000 2.000 32

real	0m0.001s
user	0m0.000s
sys	0m0.000s
+ ./mandelbrot_seq_withIO -2.500 1.500 -2.000 2.000 32

real	0m0.001s
user	0m0.000s
sys	0m0.000s
+ ./mandelbrot_seq_withIO -2.500 1.500 -2.000 2.000 32

real	0m0.001s
user	0m0.000s
sys	0m0.000s
+ ./mandelbrot_seq_withIO -2.500 1.500 -2.000 2.000 32

real	0m0.001s
user	0m0.000s
sys	0m0.000s
+ ./mandelbrot_seq_withIO -2.500 1.500 -2.000 2.000 32

real	0m0.001s
user	0m0.000s
sys	0m0.000s
+ ./mandelbrot_seq_withIO -2.500 1.500 -2.000 2.000 32

real	0m0.001s
user	0m0.000s
sys	0m0.000s
+ ./mandelbrot_seq_withIO -2.500 1.500 -2.000 2.000 64

real	0m0.002s
user	0m0.000s
sys	0m0.000s
+ ./mandelbrot_seq_withIO -2.500 1.500 -2.000 2.000 64

real	0m0.002s
user	0m0.000s
sys	0m0.000s
+ ./mandelbrot_seq_withIO -2.500 1.500 -2.000 2.000 64

real	0m0.002s
user	0m0.000s
sys	0m0.000s
+ ./mandelbrot_seq_withIO -2.500 1.500 -2.000 2.000 64

real	0m0.002s
user	0m0.000s
sys	0m0.000s
+ ./mandelbrot_seq_withIO -2.500 1.500 -2.000 2.000 64

real	0m0.002s
user	0m0.000s
sys	0m0.000s
+ ./mandelbrot_seq_withIO -2.500 1.500 -2.000 2.000 64

real	0m0.002s
user	0m0.000s
sys	0m0.000s
+ ./mandelbrot_seq_withIO -2.500 1.500 -2.000 2.000 64

real	0m0.002s
user	0m0.000s
sys	0m0.000s
+ ./mandelbrot_seq_withIO -2.500 1.500 -2.000 2.000 64

real	0m0.002s
user	0m0.000s
sys	0m0.000s
+ ./mandelbrot_seq_withIO -2.500 1.500 -2.000 2.000 64

real	0m0.002s
user	0m0.000s
sys	0m0.000s
+ ./mandelbrot_seq_withIO -2.500 1.500 -2.000 2.000 64

real	0m0.002s
user	0m0.000s
sys	0m0.000s
+ ./mandelbrot_seq_withIO -2.500 1.500 -2.000 2.000 64

real	0m0.002s
user	0m0.000s
sys	0m0.000s
+ ./mandelbrot_seq_withIO -2.500 1.500 -2.000 2.000 64

real	0m0.002s
user	0m0.000s
sys	0m0.000s
+ ./mandelbrot_seq_withIO -2.500 1.500 -2.000 2.000 64

real	0m0.002s
user	0m0.000s
sys	0m0.000s
+ ./mandelbrot_seq_withIO -2.500 1.500 -2.000 2.000 64

real	0m0.002s
user	0m0.000s
sys	0m0.000s
+ ./mandelbrot_seq_withIO -2.500 1.500 -2.000 2.000 64

real	0m0.002s
user	0m0.000s
sys	0m0.000s
+ ./mandelbrot_seq_withIO -2.500 1.500 -2.000 2.000 64

real	0m0.002s
user	0m0.000s
sys	0m0.000s
+ ./mandelbrot_seq_withIO -2.500 1.500 -2.000 2.000 64

real	0m0.002s
user	0m0.000s
sys	0m0.000s
+ ./mandelbrot_seq_withIO -2.500 1.500 -2.000 2.000 64

real	0m0.002s
user	0m0.000s
sys	0m0.000s
+ ./mandelbrot_seq_withIO -2.500 1.500 -2.000 2.000 64

real	0m0.002s
user	0m0.000s
sys	0m0.000s
+ ./mandelbrot_seq_withIO -2.500 1.500 -2.000 2.000 64

real	0m0.002s
user	0m0.000s
sys	0m0.000s
+ ./mandelbrot_seq_withIO -2.500 1.500 -2.000 2.000 128

real	0m0.006s
user	0m0.004s
sys	0m0.000s
+ ./mandelbrot_seq_withIO -2.500 1.500 -2.000 2.000 128

real	0m0.006s
user	0m0.004s
sys	0m0.000s
+ ./mandelbrot_seq_withIO -2.500 1.500 -2.000 2.000 128

real	0m0.006s
user	0m0.004s
sys	0m0.000s
+ ./mandelbrot_seq_withIO -2.500 1.500 -2.000 2.000 128

real	0m0.006s
user	0m0.004s
sys	0m0.000s
+ ./mandelbrot_seq_withIO -2.500 1.500 -2.000 2.000 128

real	0m0.006s
user	0m0.004s
sys	0m0.000s
+ ./mandelbrot_seq_withIO -2.500 1.500 -2.000 2.000 128

real	0m0.006s
user	0m0.004s
sys	0m0.000s
+ ./mandelbrot_seq_withIO -2.500 1.500 -2.000 2.000 128

real	0m0.006s
user	0m0.004s
sys	0m0.000s
+ ./mandelbrot_seq_withIO -2.500 1.500 -2.000 2.000 128

real	0m0.006s
user	0m0.004s
sys	0m0.000s
+ ./mandelbrot_seq_withIO -2.500 1.500 -2.000 2.000 128

real	0m0.007s
user	0m0.004s
sys	0m0.000s
+ ./mandelbrot_seq_withIO -2.500 1.500 -2.000 2.000 128

real	0m0.006s
user	0m0.004s
sys	0m0.000s
+ ./mandelbrot_seq_withIO -2.500 1.500 -2.000 2.000 128

real	0m0.006s
user	0m0.004s
sys	0m0.000s
+ ./mandelbrot_seq_withIO -2.500 1.500 -2.000 2.000 128

real	0m0.006s
user	0m0.004s
sys	0m0.000s
+ ./mandelbrot_seq_withIO -2.500 1.500 -2.000 2.000 128

real	0m0.006s
user	0m0.004s
sys	0m0.000s
+ ./mandelbrot_seq_withIO -2.500 1.500 -2.000 2.000 128

real	0m0.005s
user	0m0.004s
sys	0m0.000s
+ ./mandelbrot_seq_withIO -2.500 1.500 -2.000 2.000 128

real	0m0.006s
user	0m0.004s
sys	0m0.000s
+ ./mandelbrot_seq_withIO -2.500 1.500 -2.000 2.000 128

real	0m0.006s
user	0m0.004s
sys	0m0.000s
+ ./mandelbrot_seq_withIO -2.500 1.500 -2.000 2.000 128

real	0m0.006s
user	0m0.004s
sys	0m0.000s
+ ./mandelbrot_seq_withIO -2.500 1.500 -2.000 2.000 128

real	0m0.005s
user	0m0.004s
sys	0m0.000s
+ ./mandelbrot_seq_withIO -2.500 1.500 -2.000 2.000 128

real	0m0.006s
user	0m0.004s
sys	0m0.000s
+ ./mandelbrot_seq_withIO -2.500 1.500 -2.000 2.000 128

real	0m0.005s
user	0m0.004s
sys	0m0.000s
+ ./mandelbrot_seq_withIO -2.500 1.500 -2.000 2.000 256

real	0m0.020s
user	0m0.016s
sys	0m0.000s
+ ./mandelbrot_seq_withIO -2.500 1.500 -2.000 2.000 256

real	0m0.019s
user	0m0.016s
sys	0m0.000s
+ ./mandelbrot_seq_withIO -2.500 1.500 -2.000 2.000 256

real	0m0.021s
user	0m0.020s
sys	0m0.000s
+ ./mandelbrot_seq_withIO -2.500 1.500 -2.000 2.000 256

real	0m0.020s
user	0m0.016s
sys	0m0.000s
+ ./mandelbrot_seq_withIO -2.500 1.500 -2.000 2.000 256

real	0m0.019s
user	0m0.016s
sys	0m0.000s
+ ./mandelbrot_seq_withIO -2.500 1.500 -2.000 2.000 256

real	0m0.019s
user	0m0.016s
sys	0m0.000s
+ ./mandelbrot_seq_withIO -2.500 1.500 -2.000 2.000 256

real	0m0.021s
user	0m0.020s
sys	0m0.000s
+ ./mandelbrot_seq_withIO -2.500 1.500 -2.000 2.000 256

real	0m0.020s
user	0m0.016s
sys	0m0.000s
+ ./mandelbrot_seq_withIO -2.500 1.500 -2.000 2.000 256

real	0m0.021s
user	0m0.020s
sys	0m0.000s
+ ./mandelbrot_seq_withIO -2.500 1.500 -2.000 2.000 256

real	0m0.019s
user	0m0.012s
sys	0m0.004s
+ ./mandelbrot_seq_withIO -2.500 1.500 -2.000 2.000 256

real	0m0.020s
user	0m0.020s
sys	0m0.000s
+ ./mandelbrot_seq_withIO -2.500 1.500 -2.000 2.000 256

real	0m0.019s
user	0m0.016s
sys	0m0.000s
+ ./mandelbrot_seq_withIO -2.500 1.500 -2.000 2.000 256

real	0m0.020s
user	0m0.016s
sys	0m0.000s
+ ./mandelbrot_seq_withIO -2.500 1.500 -2.000 2.000 256

real	0m0.019s
user	0m0.016s
sys	0m0.000s
+ ./mandelbrot_seq_withIO -2.500 1.500 -2.000 2.000 256

real	0m0.019s
user	0m0.016s
sys	0m0.000s
+ ./mandelbrot_seq_withIO -2.500 1.500 -2.000 2.000 256

real	0m0.020s
user	0m0.016s
sys	0m0.000s
+ ./mandelbrot_seq_withIO -2.500 1.500 -2.000 2.000 256

real	0m0.020s
user	0m0.016s
sys	0m0.000s
+ ./mandelbrot_seq_withIO -2.500 1.500 -2.000 2.000 256

real	0m0.019s
user	0m0.016s
sys	0m0.000s
+ ./mandelbrot_seq_withIO -2.500 1.500 -2.000 2.000 256

real	0m0.019s
user	0m0.016s
sys	0m0.000s
+ ./mandelbrot_seq_withIO -2.500 1.500 -2.000 2.000 256

real	0m0.022s
user	0m0.016s
sys	0m0.004s
+ ./mandelbrot_seq_withIO -2.500 1.500 -2.000 2.000 512

real	0m0.075s
user	0m0.072s
sys	0m0.000s
+ ./mandelbrot_seq_withIO -2.500 1.500 -2.000 2.000 512

real	0m0.076s
user	0m0.064s
sys	0m0.008s
+ ./mandelbrot_seq_withIO -2.500 1.500 -2.000 2.000 512

real	0m0.079s
user	0m0.072s
sys	0m0.004s
+ ./mandelbrot_seq_withIO -2.500 1.500 -2.000 2.000 512

real	0m0.080s
user	0m0.072s
sys	0m0.004s
+ ./mandelbrot_seq_withIO -2.500 1.500 -2.000 2.000 512

real	0m0.078s
user	0m0.072s
sys	0m0.004s
+ ./mandelbrot_seq_withIO -2.500 1.500 -2.000 2.000 512

real	0m0.076s
user	0m0.072s
sys	0m0.000s
+ ./mandelbrot_seq_withIO -2.500 1.500 -2.000 2.000 512

real	0m0.077s
user	0m0.068s
sys	0m0.008s
+ ./mandelbrot_seq_withIO -2.500 1.500 -2.000 2.000 512

real	0m0.075s
user	0m0.068s
sys	0m0.004s
+ ./mandelbrot_seq_withIO -2.500 1.500 -2.000 2.000 512

real	0m0.075s
user	0m0.068s
sys	0m0.004s
+ ./mandelbrot_seq_withIO -2.500 1.500 -2.000 2.000 512

real	0m0.074s
user	0m0.060s
sys	0m0.012s
+ ./mandelbrot_seq_withIO -2.500 1.500 -2.000 2.000 512

real	0m0.076s
user	0m0.068s
sys	0m0.004s
+ ./mandelbrot_seq_withIO -2.500 1.500 -2.000 2.000 512

real	0m0.084s
user	0m0.080s
sys	0m0.000s
+ ./mandelbrot_seq_withIO -2.500 1.500 -2.000 2.000 512

real	0m0.077s
user	0m0.072s
sys	0m0.004s
+ ./mandelbrot_seq_withIO -2.500 1.500 -2.000 2.000 512

real	0m0.077s
user	0m0.076s
sys	0m0.000s
+ ./mandelbrot_seq_withIO -2.500 1.500 -2.000 2.000 512

real	0m0.076s
user	0m0.072s
sys	0m0.000s
+ ./mandelbrot_seq_withIO -2.500 1.500 -2.000 2.000 512

real	0m0.077s
user	0m0.072s
sys	0m0.004s
+ ./mandelbrot_seq_withIO -2.500 1.500 -2.000 2.000 512

real	0m0.076s
user	0m0.072s
sys	0m0.000s
+ ./mandelbrot_seq_withIO -2.500 1.500 -2.000 2.000 512

real	0m0.076s
user	0m0.072s
sys	0m0.000s
+ ./mandelbrot_seq_withIO -2.500 1.500 -2.000 2.000 512

real	0m0.075s
user	0m0.072s
sys	0m0.000s
+ ./mandelbrot_seq_withIO -2.500 1.500 -2.000 2.000 512

real	0m0.075s
user	0m0.064s
sys	0m0.008s
+ ./mandelbrot_seq_withIO -2.500 1.500 -2.000 2.000 1024

real	0m0.298s
user	0m0.264s
sys	0m0.032s
+ ./mandelbrot_seq_withIO -2.500 1.500 -2.000 2.000 1024

real	0m0.303s
user	0m0.288s
sys	0m0.012s
+ ./mandelbrot_seq_withIO -2.500 1.500 -2.000 2.000 1024

real	0m0.307s
user	0m0.272s
sys	0m0.020s
+ ./mandelbrot_seq_withIO -2.500 1.500 -2.000 2.000 1024

real	0m0.296s
user	0m0.276s
sys	0m0.016s
+ ./mandelbrot_seq_withIO -2.500 1.500 -2.000 2.000 1024

real	0m0.298s
user	0m0.280s
sys	0m0.016s
+ ./mandelbrot_seq_withIO -2.500 1.500 -2.000 2.000 1024

real	0m0.305s
user	0m0.300s
sys	0m0.004s
+ ./mandelbrot_seq_withIO -2.500 1.500 -2.000 2.000 1024

real	0m0.323s
user	0m0.292s
sys	0m0.028s
+ ./mandelbrot_seq_withIO -2.500 1.500 -2.000 2.000 1024

real	0m0.305s
user	0m0.272s
sys	0m0.032s
+ ./mandelbrot_seq_withIO -2.500 1.500 -2.000 2.000 1024

real	0m0.296s
user	0m0.280s
sys	0m0.012s
+ ./mandelbrot_seq_withIO -2.500 1.500 -2.000 2.000 1024

real	0m0.293s
user	0m0.276s
sys	0m0.016s
+ ./mandelbrot_seq_withIO -2.500 1.500 -2.000 2.000 1024

real	0m0.291s
user	0m0.268s
sys	0m0.020s
+ ./mandelbrot_seq_withIO -2.500 1.500 -2.000 2.000 1024

real	0m0.294s
user	0m0.264s
sys	0m0.028s
+ ./mandelbrot_seq_withIO -2.500 1.500 -2.000 2.000 1024

real	0m0.294s
user	0m0.272s
sys	0m0.020s
+ ./mandelbrot_seq_withIO -2.500 1.500 -2.000 2.000 1024

real	0m0.300s
user	0m0.288s
sys	0m0.008s
+ ./mandelbrot_seq_withIO -2.500 1.500 -2.000 2.000 1024

real	0m0.297s
user	0m0.272s
sys	0m0.024s
+ ./mandelbrot_seq_withIO -2.500 1.500 -2.000 2.000 1024

real	0m0.302s
user	0m0.292s
sys	0m0.008s
+ ./mandelbrot_seq_withIO -2.500 1.500 -2.000 2.000 1024

real	0m0.295s
user	0m0.284s
sys	0m0.008s
+ ./mandelbrot_seq_withIO -2.500 1.500 -2.000 2.000 1024

real	0m0.294s
user	0m0.268s
sys	0m0.024s
+ ./mandelbrot_seq_withIO -2.500 1.500 -2.000 2.000 1024

real	0m0.302s
user	0m0.284s
sys	0m0.016s
+ ./mandelbrot_seq_withIO -2.500 1.500 -2.000 2.000 1024

real	0m0.292s
user	0m0.272s
sys	0m0.016s
+ ./mandelbrot_seq_withIO -2.500 1.500 -2.000 2.000 2048

real	0m1.194s
user	0m1.084s
sys	0m0.108s
+ ./mandelbrot_seq_withIO -2.500 1.500 -2.000 2.000 2048

real	0m1.174s
user	0m1.084s
sys	0m0.088s
+ ./mandelbrot_seq_withIO -2.500 1.500 -2.000 2.000 2048

real	0m1.170s
user	0m1.088s
sys	0m0.080s
+ ./mandelbrot_seq_withIO -2.500 1.500 -2.000 2.000 2048

real	0m1.174s
user	0m1.100s
sys	0m0.072s
+ ./mandelbrot_seq_withIO -2.500 1.500 -2.000 2.000 2048

real	0m1.183s
user	0m1.108s
sys	0m0.072s
+ ./mandelbrot_seq_withIO -2.500 1.500 -2.000 2.000 2048

real	0m1.161s
user	0m1.092s
sys	0m0.068s
+ ./mandelbrot_seq_withIO -2.500 1.500 -2.000 2.000 2048

real	0m1.198s
user	0m1.120s
sys	0m0.076s
+ ./mandelbrot_seq_withIO -2.500 1.500 -2.000 2.000 2048

real	0m1.172s
user	0m1.100s
sys	0m0.068s
+ ./mandelbrot_seq_withIO -2.500 1.500 -2.000 2.000 2048

real	0m1.180s
user	0m1.108s
sys	0m0.068s
+ ./mandelbrot_seq_withIO -2.500 1.500 -2.000 2.000 2048

real	0m1.203s
user	0m1.104s
sys	0m0.096s
+ ./mandelbrot_seq_withIO -2.500 1.500 -2.000 2.000 2048

real	0m1.194s
user	0m1.128s
sys	0m0.064s
+ ./mandelbrot_seq_withIO -2.500 1.500 -2.000 2.000 2048

real	0m1.167s
user	0m1.104s
sys	0m0.060s
+ ./mandelbrot_seq_withIO -2.500 1.500 -2.000 2.000 2048

real	0m1.201s
user	0m1.116s
sys	0m0.084s
+ ./mandelbrot_seq_withIO -2.500 1.500 -2.000 2.000 2048

real	0m1.192s
user	0m1.120s
sys	0m0.068s
+ ./mandelbrot_seq_withIO -2.500 1.500 -2.000 2.000 2048

real	0m1.175s
user	0m1.108s
sys	0m0.064s
+ ./mandelbrot_seq_withIO -2.500 1.500 -2.000 2.000 2048

real	0m1.183s
user	0m1.104s
sys	0m0.076s
+ ./mandelbrot_seq_withIO -2.500 1.500 -2.000 2.000 2048

real	0m1.176s
user	0m1.096s
sys	0m0.076s
+ ./mandelbrot_seq_withIO -2.500 1.500 -2.000 2.000 2048

real	0m1.187s
user	0m1.128s
sys	0m0.056s
+ ./mandelbrot_seq_withIO -2.500 1.500 -2.000 2.000 2048

real	0m1.171s
user	0m1.100s
sys	0m0.068s
+ ./mandelbrot_seq_withIO -2.500 1.500 -2.000 2.000 2048

real	0m1.208s
user	0m1.136s
sys	0m0.068s
+ ./mandelbrot_seq_withIO -2.500 1.500 -2.000 2.000 4096

real	0m5.080s
user	0m4.404s
sys	0m0.388s
+ ./mandelbrot_seq_withIO -2.500 1.500 -2.000 2.000 4096

real	0m4.928s
user	0m4.516s
sys	0m0.280s
+ ./mandelbrot_seq_withIO -2.500 1.500 -2.000 2.000 4096

real	0m4.824s
user	0m4.496s
sys	0m0.296s
+ ./mandelbrot_seq_withIO -2.500 1.500 -2.000 2.000 4096

real	0m4.781s
user	0m4.432s
sys	0m0.320s
+ ./mandelbrot_seq_withIO -2.500 1.500 -2.000 2.000 4096

real	0m4.719s
user	0m4.392s
sys	0m0.300s
+ ./mandelbrot_seq_withIO -2.500 1.500 -2.000 2.000 4096

real	0m4.808s
user	0m4.476s
sys	0m0.300s
+ ./mandelbrot_seq_withIO -2.500 1.500 -2.000 2.000 4096

real	0m4.701s
user	0m4.380s
sys	0m0.284s
+ ./mandelbrot_seq_withIO -2.500 1.500 -2.000 2.000 4096

real	0m4.812s
user	0m4.476s
sys	0m0.292s
+ ./mandelbrot_seq_withIO -2.500 1.500 -2.000 2.000 4096

real	0m4.798s
user	0m4.464s
sys	0m0.304s
+ ./mandelbrot_seq_withIO -2.500 1.500 -2.000 2.000 4096

real	0m4.785s
user	0m4.460s
sys	0m0.300s
+ ./mandelbrot_seq_withIO -2.500 1.500 -2.000 2.000 4096

real	0m4.800s
user	0m4.460s
sys	0m0.304s
+ ./mandelbrot_seq_withIO -2.500 1.500 -2.000 2.000 4096

real	0m4.728s
user	0m4.396s
sys	0m0.308s
+ ./mandelbrot_seq_withIO -2.500 1.500 -2.000 2.000 4096

real	0m4.917s
user	0m4.552s
sys	0m0.332s
+ ./mandelbrot_seq_withIO -2.500 1.500 -2.000 2.000 4096

real	0m4.766s
user	0m4.428s
sys	0m0.316s
+ ./mandelbrot_seq_withIO -2.500 1.500 -2.000 2.000 4096

real	0m4.797s
user	0m4.468s
sys	0m0.296s
+ ./mandelbrot_seq_withIO -2.500 1.500 -2.000 2.000 4096

real	0m4.821s
user	0m4.512s
sys	0m0.280s
+ ./mandelbrot_seq_withIO -2.500 1.500 -2.000 2.000 4096

real	0m4.838s
user	0m4.548s
sys	0m0.264s
+ ./mandelbrot_seq_withIO -2.500 1.500 -2.000 2.000 4096

real	0m4.829s
user	0m4.556s
sys	0m0.240s
+ ./mandelbrot_seq_withIO -2.500 1.500 -2.000 2.000 4096

real	0m4.819s
user	0m4.452s
sys	0m0.332s
+ ./mandelbrot_seq_withIO -2.500 1.500 -2.000 2.000 4096

real	0m4.744s
user	0m4.424s
sys	0m0.288s
+ ./mandelbrot_seq_withIO -2.500 1.500 -2.000 2.000 8192

real	0m20.745s
user	0m17.928s
sys	0m1.612s
+ ./mandelbrot_seq_withIO -2.500 1.500 -2.000 2.000 8192

real	0m20.290s
user	0m17.924s
sys	0m1.172s
+ ./mandelbrot_seq_withIO -2.500 1.500 -2.000 2.000 8192

real	0m20.145s
user	0m17.816s
sys	0m1.184s
+ ./mandelbrot_seq_withIO -2.500 1.500 -2.000 2.000 8192

real	0m20.138s
user	0m17.856s
sys	0m1.108s
+ ./mandelbrot_seq_withIO -2.500 1.500 -2.000 2.000 8192

real	0m19.907s
user	0m17.512s
sys	0m1.256s
+ ./mandelbrot_seq_withIO -2.500 1.500 -2.000 2.000 8192

real	0m20.300s
user	0m17.884s
sys	0m1.256s
+ ./mandelbrot_seq_withIO -2.500 1.500 -2.000 2.000 8192

real	0m20.250s
user	0m17.748s
sys	0m1.312s
+ ./mandelbrot_seq_withIO -2.500 1.500 -2.000 2.000 8192

real	0m19.983s
user	0m17.744s
sys	0m1.080s
+ ./mandelbrot_seq_withIO -2.500 1.500 -2.000 2.000 8192

real	0m20.151s
user	0m17.632s
sys	0m1.324s
+ ./mandelbrot_seq_withIO -2.500 1.500 -2.000 2.000 8192

real	0m20.966s
user	0m18.612s
sys	0m1.212s
+ ./mandelbrot_seq_withIO -2.500 1.500 -2.000 2.000 8192

real	0m20.063s
user	0m17.764s
sys	0m1.148s
+ ./mandelbrot_seq_withIO -2.500 1.500 -2.000 2.000 8192

real	0m20.224s
user	0m17.792s
sys	0m1.228s
+ ./mandelbrot_seq_withIO -2.500 1.500 -2.000 2.000 8192

real	0m20.065s
user	0m17.728s
sys	0m1.188s
+ ./mandelbrot_seq_withIO -2.500 1.500 -2.000 2.000 8192

real	0m19.979s
user	0m17.708s
sys	0m1.100s
+ ./mandelbrot_seq_withIO -2.500 1.500 -2.000 2.000 8192

real	0m20.021s
user	0m17.640s
sys	0m1.244s
+ ./mandelbrot_seq_withIO -2.500 1.500 -2.000 2.000 8192

real	0m20.107s
user	0m17.780s
sys	0m1.132s
+ ./mandelbrot_seq_withIO -2.500 1.500 -2.000 2.000 8192

real	0m20.240s
user	0m17.944s
sys	0m1.096s
+ ./mandelbrot_seq_withIO -2.500 1.500 -2.000 2.000 8192

real	0m20.435s
user	0m17.996s
sys	0m1.256s
+ ./mandelbrot_seq_withIO -2.500 1.500 -2.000 2.000 8192

real	0m20.063s
user	0m17.708s
sys	0m1.164s
+ ./mandelbrot_seq_withIO -2.500 1.500 -2.000 2.000 8192

real	0m19.949s
user	0m17.484s
sys	0m1.260s
+ ./mandelbrot_seq_withoutIO -2.500 1.500 -2.000 2.000 16

real	0m0.001s
user	0m0.000s
sys	0m0.000s
+ ./mandelbrot_seq_withoutIO -2.500 1.500 -2.000 2.000 16

real	0m0.001s
user	0m0.000s
sys	0m0.000s
+ ./mandelbrot_seq_withoutIO -2.500 1.500 -2.000 2.000 16

real	0m0.001s
user	0m0.000s
sys	0m0.000s
+ ./mandelbrot_seq_withoutIO -2.500 1.500 -2.000 2.000 16

real	0m0.001s
user	0m0.000s
sys	0m0.000s
+ ./mandelbrot_seq_withoutIO -2.500 1.500 -2.000 2.000 16

real	0m0.001s
user	0m0.000s
sys	0m0.000s
+ ./mandelbrot_seq_withoutIO -2.500 1.500 -2.000 2.000 16

real	0m0.001s
user	0m0.000s
sys	0m0.000s
+ ./mandelbrot_seq_withoutIO -2.500 1.500 -2.000 2.000 16

real	0m0.001s
user	0m0.000s
sys	0m0.000s
+ ./mandelbrot_seq_withoutIO -2.500 1.500 -2.000 2.000 16

real	0m0.001s
user	0m0.000s
sys	0m0.000s
+ ./mandelbrot_seq_withoutIO -2.500 1.500 -2.000 2.000 16

real	0m0.001s
user	0m0.000s
sys	0m0.000s
+ ./mandelbrot_seq_withoutIO -2.500 1.500 -2.000 2.000 16

real	0m0.001s
user	0m0.000s
sys	0m0.000s
+ ./mandelbrot_seq_withoutIO -2.500 1.500 -2.000 2.000 16

real	0m0.001s
user	0m0.000s
sys	0m0.000s
+ ./mandelbrot_seq_withoutIO -2.500 1.500 -2.000 2.000 16

real	0m0.001s
user	0m0.000s
sys	0m0.000s
+ ./mandelbrot_seq_withoutIO -2.500 1.500 -2.000 2.000 16

real	0m0.001s
user	0m0.000s
sys	0m0.000s
+ ./mandelbrot_seq_withoutIO -2.500 1.500 -2.000 2.000 16

real	0m0.001s
user	0m0.000s
sys	0m0.000s
+ ./mandelbrot_seq_withoutIO -2.500 1.500 -2.000 2.000 16

real	0m0.001s
user	0m0.000s
sys	0m0.000s
+ ./mandelbrot_seq_withoutIO -2.500 1.500 -2.000 2.000 16

real	0m0.001s
user	0m0.000s
sys	0m0.000s
+ ./mandelbrot_seq_withoutIO -2.500 1.500 -2.000 2.000 16

real	0m0.001s
user	0m0.000s
sys	0m0.000s
+ ./mandelbrot_seq_withoutIO -2.500 1.500 -2.000 2.000 16

real	0m0.001s
user	0m0.000s
sys	0m0.000s
+ ./mandelbrot_seq_withoutIO -2.500 1.500 -2.000 2.000 16

real	0m0.001s
user	0m0.000s
sys	0m0.000s
+ ./mandelbrot_seq_withoutIO -2.500 1.500 -2.000 2.000 16

real	0m0.001s
user	0m0.000s
sys	0m0.000s
+ ./mandelbrot_seq_withoutIO -2.500 1.500 -2.000 2.000 32

real	0m0.001s
user	0m0.000s
sys	0m0.000s
+ ./mandelbrot_seq_withoutIO -2.500 1.500 -2.000 2.000 32

real	0m0.001s
user	0m0.000s
sys	0m0.000s
+ ./mandelbrot_seq_withoutIO -2.500 1.500 -2.000 2.000 32

real	0m0.001s
user	0m0.000s
sys	0m0.000s
+ ./mandelbrot_seq_withoutIO -2.500 1.500 -2.000 2.000 32

real	0m0.001s
user	0m0.000s
sys	0m0.000s
+ ./mandelbrot_seq_withoutIO -2.500 1.500 -2.000 2.000 32

real	0m0.001s
user	0m0.000s
sys	0m0.000s
+ ./mandelbrot_seq_withoutIO -2.500 1.500 -2.000 2.000 32

real	0m0.001s
user	0m0.000s
sys	0m0.000s
+ ./mandelbrot_seq_withoutIO -2.500 1.500 -2.000 2.000 32

real	0m0.001s
user	0m0.000s
sys	0m0.000s
+ ./mandelbrot_seq_withoutIO -2.500 1.500 -2.000 2.000 32

real	0m0.001s
user	0m0.000s
sys	0m0.000s
+ ./mandelbrot_seq_withoutIO -2.500 1.500 -2.000 2.000 32

real	0m0.001s
user	0m0.000s
sys	0m0.000s
+ ./mandelbrot_seq_withoutIO -2.500 1.500 -2.000 2.000 32

real	0m0.001s
user	0m0.000s
sys	0m0.000s
+ ./mandelbrot_seq_withoutIO -2.500 1.500 -2.000 2.000 32

real	0m0.001s
user	0m0.000s
sys	0m0.000s
+ ./mandelbrot_seq_withoutIO -2.500 1.500 -2.000 2.000 32

real	0m0.001s
user	0m0.000s
sys	0m0.000s
+ ./mandelbrot_seq_withoutIO -2.500 1.500 -2.000 2.000 32

real	0m0.001s
user	0m0.000s
sys	0m0.000s
+ ./mandelbrot_seq_withoutIO -2.500 1.500 -2.000 2.000 32

real	0m0.001s
user	0m0.000s
sys	0m0.000s
+ ./mandelbrot_seq_withoutIO -2.500 1.500 -2.000 2.000 32

real	0m0.001s
user	0m0.000s
sys	0m0.000s
+ ./mandelbrot_seq_withoutIO -2.500 1.500 -2.000 2.000 32

real	0m0.001s
user	0m0.000s
sys	0m0.000s
+ ./mandelbrot_seq_withoutIO -2.500 1.500 -2.000 2.000 32

real	0m0.001s
user	0m0.000s
sys	0m0.000s
+ ./mandelbrot_seq_withoutIO -2.500 1.500 -2.000 2.000 32

real	0m0.001s
user	0m0.000s
sys	0m0.000s
+ ./mandelbrot_seq_withoutIO -2.500 1.500 -2.000 2.000 32

real	0m0.001s
user	0m0.000s
sys	0m0.000s
+ ./mandelbrot_seq_withoutIO -2.500 1.500 -2.000 2.000 32

real	0m0.001s
user	0m0.000s
sys	0m0.000s
+ ./mandelbrot_seq_withoutIO -2.500 1.500 -2.000 2.000 64

real	0m0.002s
user	0m0.000s
sys	0m0.000s
+ ./mandelbrot_seq_withoutIO -2.500 1.500 -2.000 2.000 64

real	0m0.002s
user	0m0.000s
sys	0m0.000s
+ ./mandelbrot_seq_withoutIO -2.500 1.500 -2.000 2.000 64

real	0m0.002s
user	0m0.000s
sys	0m0.000s
+ ./mandelbrot_seq_withoutIO -2.500 1.500 -2.000 2.000 64

real	0m0.002s
user	0m0.000s
sys	0m0.000s
+ ./mandelbrot_seq_withoutIO -2.500 1.500 -2.000 2.000 64

real	0m0.002s
user	0m0.000s
sys	0m0.000s
+ ./mandelbrot_seq_withoutIO -2.500 1.500 -2.000 2.000 64

real	0m0.002s
user	0m0.000s
sys	0m0.000s
+ ./mandelbrot_seq_withoutIO -2.500 1.500 -2.000 2.000 64

real	0m0.002s
user	0m0.000s
sys	0m0.000s
+ ./mandelbrot_seq_withoutIO -2.500 1.500 -2.000 2.000 64

real	0m0.002s
user	0m0.000s
sys	0m0.000s
+ ./mandelbrot_seq_withoutIO -2.500 1.500 -2.000 2.000 64

real	0m0.002s
user	0m0.000s
sys	0m0.000s
+ ./mandelbrot_seq_withoutIO -2.500 1.500 -2.000 2.000 64

real	0m0.002s
user	0m0.000s
sys	0m0.000s
+ ./mandelbrot_seq_withoutIO -2.500 1.500 -2.000 2.000 64

real	0m0.002s
user	0m0.000s
sys	0m0.000s
+ ./mandelbrot_seq_withoutIO -2.500 1.500 -2.000 2.000 64

real	0m0.002s
user	0m0.000s
sys	0m0.000s
+ ./mandelbrot_seq_withoutIO -2.500 1.500 -2.000 2.000 64

real	0m0.002s
user	0m0.000s
sys	0m0.000s
+ ./mandelbrot_seq_withoutIO -2.500 1.500 -2.000 2.000 64

real	0m0.002s
user	0m0.000s
sys	0m0.000s
+ ./mandelbrot_seq_withoutIO -2.500 1.500 -2.000 2.000 64

real	0m0.002s
user	0m0.000s
sys	0m0.000s
+ ./mandelbrot_seq_withoutIO -2.500 1.500 -2.000 2.000 64

real	0m0.002s
user	0m0.000s
sys	0m0.000s
+ ./mandelbrot_seq_withoutIO -2.500 1.500 -2.000 2.000 64

real	0m0.002s
user	0m0.000s
sys	0m0.000s
+ ./mandelbrot_seq_withoutIO -2.500 1.500 -2.000 2.000 64

real	0m0.002s
user	0m0.000s
sys	0m0.000s
+ ./mandelbrot_seq_withoutIO -2.500 1.500 -2.000 2.000 64

real	0m0.002s
user	0m0.000s
sys	0m0.000s
+ ./mandelbrot_seq_withoutIO -2.500 1.500 -2.000 2.000 64

real	0m0.002s
user	0m0.000s
sys	0m0.000s
+ ./mandelbrot_seq_withoutIO -2.500 1.500 -2.000 2.000 128

real	0m0.004s
user	0m0.000s
sys	0m0.000s
+ ./mandelbrot_seq_withoutIO -2.500 1.500 -2.000 2.000 128

real	0m0.004s
user	0m0.004s
sys	0m0.000s
+ ./mandelbrot_seq_withoutIO -2.500 1.500 -2.000 2.000 128

real	0m0.004s
user	0m0.000s
sys	0m0.000s
+ ./mandelbrot_seq_withoutIO -2.500 1.500 -2.000 2.000 128

real	0m0.004s
user	0m0.000s
sys	0m0.000s
+ ./mandelbrot_seq_withoutIO -2.500 1.500 -2.000 2.000 128

real	0m0.004s
user	0m0.000s
sys	0m0.000s
+ ./mandelbrot_seq_withoutIO -2.500 1.500 -2.000 2.000 128

real	0m0.004s
user	0m0.004s
sys	0m0.000s
+ ./mandelbrot_seq_withoutIO -2.500 1.500 -2.000 2.000 128

real	0m0.004s
user	0m0.000s
sys	0m0.000s
+ ./mandelbrot_seq_withoutIO -2.500 1.500 -2.000 2.000 128

real	0m0.004s
user	0m0.000s
sys	0m0.000s
+ ./mandelbrot_seq_withoutIO -2.500 1.500 -2.000 2.000 128

real	0m0.004s
user	0m0.004s
sys	0m0.000s
+ ./mandelbrot_seq_withoutIO -2.500 1.500 -2.000 2.000 128

real	0m0.004s
user	0m0.004s
sys	0m0.000s
+ ./mandelbrot_seq_withoutIO -2.500 1.500 -2.000 2.000 128

real	0m0.004s
user	0m0.004s
sys	0m0.000s
+ ./mandelbrot_seq_withoutIO -2.500 1.500 -2.000 2.000 128

real	0m0.004s
user	0m0.004s
sys	0m0.000s
+ ./mandelbrot_seq_withoutIO -2.500 1.500 -2.000 2.000 128

real	0m0.004s
user	0m0.000s
sys	0m0.004s
+ ./mandelbrot_seq_withoutIO -2.500 1.500 -2.000 2.000 128

real	0m0.004s
user	0m0.004s
sys	0m0.000s
+ ./mandelbrot_seq_withoutIO -2.500 1.500 -2.000 2.000 128

real	0m0.004s
user	0m0.004s
sys	0m0.000s
+ ./mandelbrot_seq_withoutIO -2.500 1.500 -2.000 2.000 128

real	0m0.004s
user	0m0.004s
sys	0m0.000s
+ ./mandelbrot_seq_withoutIO -2.500 1.500 -2.000 2.000 128

real	0m0.004s
user	0m0.004s
sys	0m0.000s
+ ./mandelbrot_seq_withoutIO -2.500 1.500 -2.000 2.000 128

real	0m0.004s
user	0m0.004s
sys	0m0.000s
+ ./mandelbrot_seq_withoutIO -2.500 1.500 -2.000 2.000 128

real	0m0.005s
user	0m0.004s
sys	0m0.000s
+ ./mandelbrot_seq_withoutIO -2.500 1.500 -2.000 2.000 128

real	0m0.004s
user	0m0.004s
sys	0m0.000s
+ ./mandelbrot_seq_withoutIO -2.500 1.500 -2.000 2.000 256

real	0m0.014s
user	0m0.012s
sys	0m0.000s
+ ./mandelbrot_seq_withoutIO -2.500 1.500 -2.000 2.000 256

real	0m0.014s
user	0m0.012s
sys	0m0.000s
+ ./mandelbrot_seq_withoutIO -2.500 1.500 -2.000 2.000 256

real	0m0.016s
user	0m0.012s
sys	0m0.000s
+ ./mandelbrot_seq_withoutIO -2.500 1.500 -2.000 2.000 256

real	0m0.014s
user	0m0.012s
sys	0m0.000s
+ ./mandelbrot_seq_withoutIO -2.500 1.500 -2.000 2.000 256

real	0m0.014s
user	0m0.012s
sys	0m0.000s
+ ./mandelbrot_seq_withoutIO -2.500 1.500 -2.000 2.000 256

real	0m0.015s
user	0m0.012s
sys	0m0.000s
+ ./mandelbrot_seq_withoutIO -2.500 1.500 -2.000 2.000 256

real	0m0.014s
user	0m0.012s
sys	0m0.000s
+ ./mandelbrot_seq_withoutIO -2.500 1.500 -2.000 2.000 256

real	0m0.014s
user	0m0.012s
sys	0m0.000s
+ ./mandelbrot_seq_withoutIO -2.500 1.500 -2.000 2.000 256

real	0m0.016s
user	0m0.012s
sys	0m0.000s
+ ./mandelbrot_seq_withoutIO -2.500 1.500 -2.000 2.000 256

real	0m0.015s
user	0m0.012s
sys	0m0.000s
+ ./mandelbrot_seq_withoutIO -2.500 1.500 -2.000 2.000 256

real	0m0.014s
user	0m0.012s
sys	0m0.000s
+ ./mandelbrot_seq_withoutIO -2.500 1.500 -2.000 2.000 256

real	0m0.015s
user	0m0.012s
sys	0m0.000s
+ ./mandelbrot_seq_withoutIO -2.500 1.500 -2.000 2.000 256

real	0m0.014s
user	0m0.012s
sys	0m0.000s
+ ./mandelbrot_seq_withoutIO -2.500 1.500 -2.000 2.000 256

real	0m0.015s
user	0m0.012s
sys	0m0.000s
+ ./mandelbrot_seq_withoutIO -2.500 1.500 -2.000 2.000 256

real	0m0.015s
user	0m0.012s
sys	0m0.000s
+ ./mandelbrot_seq_withoutIO -2.500 1.500 -2.000 2.000 256

real	0m0.015s
user	0m0.012s
sys	0m0.000s
+ ./mandelbrot_seq_withoutIO -2.500 1.500 -2.000 2.000 256

real	0m0.015s
user	0m0.012s
sys	0m0.000s
+ ./mandelbrot_seq_withoutIO -2.500 1.500 -2.000 2.000 256

real	0m0.014s
user	0m0.012s
sys	0m0.000s
+ ./mandelbrot_seq_withoutIO -2.500 1.500 -2.000 2.000 256

real	0m0.014s
user	0m0.012s
sys	0m0.000s
+ ./mandelbrot_seq_withoutIO -2.500 1.500 -2.000 2.000 256

real	0m0.015s
user	0m0.012s
sys	0m0.000s
+ ./mandelbrot_seq_withoutIO -2.500 1.500 -2.000 2.000 512

real	0m0.055s
user	0m0.052s
sys	0m0.000s
+ ./mandelbrot_seq_withoutIO -2.500 1.500 -2.000 2.000 512

real	0m0.055s
user	0m0.052s
sys	0m0.000s
+ ./mandelbrot_seq_withoutIO -2.500 1.500 -2.000 2.000 512

real	0m0.055s
user	0m0.052s
sys	0m0.000s
+ ./mandelbrot_seq_withoutIO -2.500 1.500 -2.000 2.000 512

real	0m0.057s
user	0m0.056s
sys	0m0.000s
+ ./mandelbrot_seq_withoutIO -2.500 1.500 -2.000 2.000 512

real	0m0.056s
user	0m0.052s
sys	0m0.000s
+ ./mandelbrot_seq_withoutIO -2.500 1.500 -2.000 2.000 512

real	0m0.055s
user	0m0.052s
sys	0m0.000s
+ ./mandelbrot_seq_withoutIO -2.500 1.500 -2.000 2.000 512

real	0m0.056s
user	0m0.052s
sys	0m0.000s
+ ./mandelbrot_seq_withoutIO -2.500 1.500 -2.000 2.000 512

real	0m0.055s
user	0m0.052s
sys	0m0.000s
+ ./mandelbrot_seq_withoutIO -2.500 1.500 -2.000 2.000 512

real	0m0.056s
user	0m0.052s
sys	0m0.000s
+ ./mandelbrot_seq_withoutIO -2.500 1.500 -2.000 2.000 512

real	0m0.055s
user	0m0.052s
sys	0m0.000s
+ ./mandelbrot_seq_withoutIO -2.500 1.500 -2.000 2.000 512

real	0m0.054s
user	0m0.052s
sys	0m0.000s
+ ./mandelbrot_seq_withoutIO -2.500 1.500 -2.000 2.000 512

real	0m0.055s
user	0m0.052s
sys	0m0.000s
+ ./mandelbrot_seq_withoutIO -2.500 1.500 -2.000 2.000 512

real	0m0.055s
user	0m0.052s
sys	0m0.000s
+ ./mandelbrot_seq_withoutIO -2.500 1.500 -2.000 2.000 512

real	0m0.055s
user	0m0.052s
sys	0m0.000s
+ ./mandelbrot_seq_withoutIO -2.500 1.500 -2.000 2.000 512

real	0m0.055s
user	0m0.052s
sys	0m0.000s
+ ./mandelbrot_seq_withoutIO -2.500 1.500 -2.000 2.000 512

real	0m0.055s
user	0m0.052s
sys	0m0.000s
+ ./mandelbrot_seq_withoutIO -2.500 1.500 -2.000 2.000 512

real	0m0.055s
user	0m0.052s
sys	0m0.000s
+ ./mandelbrot_seq_withoutIO -2.500 1.500 -2.000 2.000 512

real	0m0.054s
user	0m0.052s
sys	0m0.000s
+ ./mandelbrot_seq_withoutIO -2.500 1.500 -2.000 2.000 512

real	0m0.054s
user	0m0.052s
sys	0m0.000s
+ ./mandelbrot_seq_withoutIO -2.500 1.500 -2.000 2.000 512

real	0m0.055s
user	0m0.052s
sys	0m0.000s
+ ./mandelbrot_seq_withoutIO -2.500 1.500 -2.000 2.000 1024

real	0m0.215s
user	0m0.212s
sys	0m0.000s
+ ./mandelbrot_seq_withoutIO -2.500 1.500 -2.000 2.000 1024

real	0m0.214s
user	0m0.212s
sys	0m0.000s
+ ./mandelbrot_seq_withoutIO -2.500 1.500 -2.000 2.000 1024

real	0m0.217s
user	0m0.216s
sys	0m0.000s
+ ./mandelbrot_seq_withoutIO -2.500 1.500 -2.000 2.000 1024

real	0m0.216s
user	0m0.212s
sys	0m0.000s
+ ./mandelbrot_seq_withoutIO -2.500 1.500 -2.000 2.000 1024

real	0m0.214s
user	0m0.212s
sys	0m0.000s
+ ./mandelbrot_seq_withoutIO -2.500 1.500 -2.000 2.000 1024

real	0m0.214s
user	0m0.212s
sys	0m0.000s
+ ./mandelbrot_seq_withoutIO -2.500 1.500 -2.000 2.000 1024

real	0m0.217s
user	0m0.216s
sys	0m0.000s
+ ./mandelbrot_seq_withoutIO -2.500 1.500 -2.000 2.000 1024

real	0m0.218s
user	0m0.216s
sys	0m0.000s
+ ./mandelbrot_seq_withoutIO -2.500 1.500 -2.000 2.000 1024

real	0m0.216s
user	0m0.212s
sys	0m0.000s
+ ./mandelbrot_seq_withoutIO -2.500 1.500 -2.000 2.000 1024

real	0m0.217s
user	0m0.216s
sys	0m0.000s
+ ./mandelbrot_seq_withoutIO -2.500 1.500 -2.000 2.000 1024

real	0m0.216s
user	0m0.216s
sys	0m0.000s
+ ./mandelbrot_seq_withoutIO -2.500 1.500 -2.000 2.000 1024

real	0m0.216s
user	0m0.212s
sys	0m0.000s
+ ./mandelbrot_seq_withoutIO -2.500 1.500 -2.000 2.000 1024

real	0m0.216s
user	0m0.212s
sys	0m0.000s
+ ./mandelbrot_seq_withoutIO -2.500 1.500 -2.000 2.000 1024

real	0m0.218s
user	0m0.216s
sys	0m0.000s
+ ./mandelbrot_seq_withoutIO -2.500 1.500 -2.000 2.000 1024

real	0m0.218s
user	0m0.216s
sys	0m0.000s
+ ./mandelbrot_seq_withoutIO -2.500 1.500 -2.000 2.000 1024

real	0m0.215s
user	0m0.212s
sys	0m0.000s
+ ./mandelbrot_seq_withoutIO -2.500 1.500 -2.000 2.000 1024

real	0m0.220s
user	0m0.216s
sys	0m0.000s
+ ./mandelbrot_seq_withoutIO -2.500 1.500 -2.000 2.000 1024

real	0m0.222s
user	0m0.220s
sys	0m0.000s
+ ./mandelbrot_seq_withoutIO -2.500 1.500 -2.000 2.000 1024

real	0m0.215s
user	0m0.212s
sys	0m0.000s
+ ./mandelbrot_seq_withoutIO -2.500 1.500 -2.000 2.000 1024

real	0m0.213s
user	0m0.212s
sys	0m0.000s
+ ./mandelbrot_seq_withoutIO -2.500 1.500 -2.000 2.000 2048

real	0m0.854s
user	0m0.852s
sys	0m0.000s
+ ./mandelbrot_seq_withoutIO -2.500 1.500 -2.000 2.000 2048

real	0m0.862s
user	0m0.860s
sys	0m0.000s
+ ./mandelbrot_seq_withoutIO -2.500 1.500 -2.000 2.000 2048

real	0m0.854s
user	0m0.852s
sys	0m0.000s
+ ./mandelbrot_seq_withoutIO -2.500 1.500 -2.000 2.000 2048

real	0m0.856s
user	0m0.856s
sys	0m0.000s
+ ./mandelbrot_seq_withoutIO -2.500 1.500 -2.000 2.000 2048

real	0m0.868s
user	0m0.864s
sys	0m0.000s
+ ./mandelbrot_seq_withoutIO -2.500 1.500 -2.000 2.000 2048

real	0m0.862s
user	0m0.860s
sys	0m0.000s
+ ./mandelbrot_seq_withoutIO -2.500 1.500 -2.000 2.000 2048

real	0m0.859s
user	0m0.856s
sys	0m0.000s
+ ./mandelbrot_seq_withoutIO -2.500 1.500 -2.000 2.000 2048

real	0m0.852s
user	0m0.852s
sys	0m0.000s
+ ./mandelbrot_seq_withoutIO -2.500 1.500 -2.000 2.000 2048

real	0m0.854s
user	0m0.852s
sys	0m0.000s
+ ./mandelbrot_seq_withoutIO -2.500 1.500 -2.000 2.000 2048

real	0m0.853s
user	0m0.852s
sys	0m0.000s
+ ./mandelbrot_seq_withoutIO -2.500 1.500 -2.000 2.000 2048

real	0m0.850s
user	0m0.848s
sys	0m0.000s
+ ./mandelbrot_seq_withoutIO -2.500 1.500 -2.000 2.000 2048

real	0m0.857s
user	0m0.856s
sys	0m0.000s
+ ./mandelbrot_seq_withoutIO -2.500 1.500 -2.000 2.000 2048

real	0m0.872s
user	0m0.868s
sys	0m0.000s
+ ./mandelbrot_seq_withoutIO -2.500 1.500 -2.000 2.000 2048

real	0m0.867s
user	0m0.864s
sys	0m0.000s
+ ./mandelbrot_seq_withoutIO -2.500 1.500 -2.000 2.000 2048

real	0m0.854s
user	0m0.852s
sys	0m0.000s
+ ./mandelbrot_seq_withoutIO -2.500 1.500 -2.000 2.000 2048

real	0m0.857s
user	0m0.856s
sys	0m0.000s
+ ./mandelbrot_seq_withoutIO -2.500 1.500 -2.000 2.000 2048

real	0m0.853s
user	0m0.852s
sys	0m0.000s
+ ./mandelbrot_seq_withoutIO -2.500 1.500 -2.000 2.000 2048

real	0m0.866s
user	0m0.864s
sys	0m0.000s
+ ./mandelbrot_seq_withoutIO -2.500 1.500 -2.000 2.000 2048

real	0m0.865s
user	0m0.864s
sys	0m0.000s
+ ./mandelbrot_seq_withoutIO -2.500 1.500 -2.000 2.000 2048

real	0m0.877s
user	0m0.876s
sys	0m0.000s
+ ./mandelbrot_seq_withoutIO -2.500 1.500 -2.000 2.000 4096

real	0m3.445s
user	0m3.444s
sys	0m0.000s
+ ./mandelbrot_seq_withoutIO -2.500 1.500 -2.000 2.000 4096

real	0m3.490s
user	0m3.488s
sys	0m0.000s
+ ./mandelbrot_seq_withoutIO -2.500 1.500 -2.000 2.000 4096

real	0m3.411s
user	0m3.408s
sys	0m0.000s
+ ./mandelbrot_seq_withoutIO -2.500 1.500 -2.000 2.000 4096

real	0m3.462s
user	0m3.460s
sys	0m0.000s
+ ./mandelbrot_seq_withoutIO -2.500 1.500 -2.000 2.000 4096

real	0m3.422s
user	0m3.420s
sys	0m0.000s
+ ./mandelbrot_seq_withoutIO -2.500 1.500 -2.000 2.000 4096

real	0m3.398s
user	0m3.396s
sys	0m0.000s
+ ./mandelbrot_seq_withoutIO -2.500 1.500 -2.000 2.000 4096

real	0m3.435s
user	0m3.432s
sys	0m0.000s
+ ./mandelbrot_seq_withoutIO -2.500 1.500 -2.000 2.000 4096

real	0m3.406s
user	0m3.404s
sys	0m0.000s
+ ./mandelbrot_seq_withoutIO -2.500 1.500 -2.000 2.000 4096

real	0m3.425s
user	0m3.424s
sys	0m0.000s
+ ./mandelbrot_seq_withoutIO -2.500 1.500 -2.000 2.000 4096

real	0m3.421s
user	0m3.420s
sys	0m0.000s
+ ./mandelbrot_seq_withoutIO -2.500 1.500 -2.000 2.000 4096

real	0m3.421s
user	0m3.420s
sys	0m0.000s
+ ./mandelbrot_seq_withoutIO -2.500 1.500 -2.000 2.000 4096

real	0m3.447s
user	0m3.444s
sys	0m0.000s
+ ./mandelbrot_seq_withoutIO -2.500 1.500 -2.000 2.000 4096

real	0m3.434s
user	0m3.432s
sys	0m0.000s
+ ./mandelbrot_seq_withoutIO -2.500 1.500 -2.000 2.000 4096

real	0m3.418s
user	0m3.416s
sys	0m0.000s
+ ./mandelbrot_seq_withoutIO -2.500 1.500 -2.000 2.000 4096

real	0m3.398s
user	0m3.396s
sys	0m0.000s
+ ./mandelbrot_seq_withoutIO -2.500 1.500 -2.000 2.000 4096

real	0m3.414s
user	0m3.412s
sys	0m0.000s
+ ./mandelbrot_seq_withoutIO -2.500 1.500 -2.000 2.000 4096

real	0m3.412s
user	0m3.408s
sys	0m0.000s
+ ./mandelbrot_seq_withoutIO -2.500 1.500 -2.000 2.000 4096

real	0m3.442s
user	0m3.440s
sys	0m0.000s
+ ./mandelbrot_seq_withoutIO -2.500 1.500 -2.000 2.000 4096

real	0m3.416s
user	0m3.412s
sys	0m0.000s
+ ./mandelbrot_seq_withoutIO -2.500 1.500 -2.000 2.000 4096

real	0m3.426s
user	0m3.424s
sys	0m0.000s
+ ./mandelbrot_seq_withoutIO -2.500 1.500 -2.000 2.000 8192

real	0m13.786s
user	0m13.784s
sys	0m0.000s
+ ./mandelbrot_seq_withoutIO -2.500 1.500 -2.000 2.000 8192

real	0m13.606s
user	0m13.604s
sys	0m0.000s
+ ./mandelbrot_seq_withoutIO -2.500 1.500 -2.000 2.000 8192

real	0m13.637s
user	0m13.636s
sys	0m0.000s
+ ./mandelbrot_seq_withoutIO -2.500 1.500 -2.000 2.000 8192

real	0m13.652s
user	0m13.648s
sys	0m0.000s
+ ./mandelbrot_seq_withoutIO -2.500 1.500 -2.000 2.000 8192

real	0m13.682s
user	0m13.680s
sys	0m0.000s
+ ./mandelbrot_seq_withoutIO -2.500 1.500 -2.000 2.000 8192

real	0m13.646s
user	0m13.644s
sys	0m0.000s
+ ./mandelbrot_seq_withoutIO -2.500 1.500 -2.000 2.000 8192

real	0m13.666s
user	0m13.664s
sys	0m0.000s
+ ./mandelbrot_seq_withoutIO -2.500 1.500 -2.000 2.000 8192

real	0m13.681s
user	0m13.680s
sys	0m0.000s
+ ./mandelbrot_seq_withoutIO -2.500 1.500 -2.000 2.000 8192

real	0m13.768s
user	0m13.764s
sys	0m0.000s
+ ./mandelbrot_seq_withoutIO -2.500 1.500 -2.000 2.000 8192

real	0m13.640s
user	0m13.636s
sys	0m0.000s
+ ./mandelbrot_seq_withoutIO -2.500 1.500 -2.000 2.000 8192

real	0m13.633s
user	0m13.632s
sys	0m0.000s
+ ./mandelbrot_seq_withoutIO -2.500 1.500 -2.000 2.000 8192

real	0m13.690s
user	0m13.688s
sys	0m0.000s
+ ./mandelbrot_seq_withoutIO -2.500 1.500 -2.000 2.000 8192

real	0m13.660s
user	0m13.656s
sys	0m0.000s
+ ./mandelbrot_seq_withoutIO -2.500 1.500 -2.000 2.000 8192

real	0m13.648s
user	0m13.644s
sys	0m0.000s
+ ./mandelbrot_seq_withoutIO -2.500 1.500 -2.000 2.000 8192

real	0m13.610s
user	0m13.608s
sys	0m0.000s
+ ./mandelbrot_seq_withoutIO -2.500 1.500 -2.000 2.000 8192

real	0m13.874s
user	0m13.872s
sys	0m0.000s
+ ./mandelbrot_seq_withoutIO -2.500 1.500 -2.000 2.000 8192

real	0m13.831s
user	0m13.828s
sys	0m0.000s
+ ./mandelbrot_seq_withoutIO -2.500 1.500 -2.000 2.000 8192

real	0m13.625s
user	0m13.624s
sys	0m0.000s
+ ./mandelbrot_seq_withoutIO -2.500 1.500 -2.000 2.000 8192

real	0m13.886s
user	0m13.884s
sys	0m0.000s
+ ./mandelbrot_seq_withoutIO -2.500 1.500 -2.000 2.000 8192

real	0m13.743s
user	0m13.740s
sys	0m0.000s
