+ ./mandelbrot_seq_withIO -0.800 -0.700 0.050 0.150 16

real	0m0.001s
user	0m0.000s
sys	0m0.000s
+ ./mandelbrot_seq_withIO -0.800 -0.700 0.050 0.150 16

real	0m0.001s
user	0m0.000s
sys	0m0.000s
+ ./mandelbrot_seq_withIO -0.800 -0.700 0.050 0.150 16

real	0m0.001s
user	0m0.000s
sys	0m0.000s
+ ./mandelbrot_seq_withIO -0.800 -0.700 0.050 0.150 16

real	0m0.001s
user	0m0.000s
sys	0m0.000s
+ ./mandelbrot_seq_withIO -0.800 -0.700 0.050 0.150 16

real	0m0.001s
user	0m0.000s
sys	0m0.000s
+ ./mandelbrot_seq_withIO -0.800 -0.700 0.050 0.150 16

real	0m0.001s
user	0m0.000s
sys	0m0.000s
+ ./mandelbrot_seq_withIO -0.800 -0.700 0.050 0.150 16

real	0m0.001s
user	0m0.000s
sys	0m0.000s
+ ./mandelbrot_seq_withIO -0.800 -0.700 0.050 0.150 16

real	0m0.001s
user	0m0.000s
sys	0m0.000s
+ ./mandelbrot_seq_withIO -0.800 -0.700 0.050 0.150 16

real	0m0.001s
user	0m0.000s
sys	0m0.000s
+ ./mandelbrot_seq_withIO -0.800 -0.700 0.050 0.150 16

real	0m0.001s
user	0m0.000s
sys	0m0.000s
+ ./mandelbrot_seq_withIO -0.800 -0.700 0.050 0.150 16

real	0m0.001s
user	0m0.000s
sys	0m0.000s
+ ./mandelbrot_seq_withIO -0.800 -0.700 0.050 0.150 16

real	0m0.002s
user	0m0.000s
sys	0m0.000s
+ ./mandelbrot_seq_withIO -0.800 -0.700 0.050 0.150 16

real	0m0.001s
user	0m0.000s
sys	0m0.000s
+ ./mandelbrot_seq_withIO -0.800 -0.700 0.050 0.150 16

real	0m0.001s
user	0m0.000s
sys	0m0.000s
+ ./mandelbrot_seq_withIO -0.800 -0.700 0.050 0.150 16

real	0m0.001s
user	0m0.000s
sys	0m0.000s
+ ./mandelbrot_seq_withIO -0.800 -0.700 0.050 0.150 16

real	0m0.001s
user	0m0.000s
sys	0m0.000s
+ ./mandelbrot_seq_withIO -0.800 -0.700 0.050 0.150 16

real	0m0.001s
user	0m0.000s
sys	0m0.000s
+ ./mandelbrot_seq_withIO -0.800 -0.700 0.050 0.150 16

real	0m0.001s
user	0m0.000s
sys	0m0.000s
+ ./mandelbrot_seq_withIO -0.800 -0.700 0.050 0.150 16

real	0m0.001s
user	0m0.000s
sys	0m0.000s
+ ./mandelbrot_seq_withIO -0.800 -0.700 0.050 0.150 16

real	0m0.001s
user	0m0.000s
sys	0m0.000s
+ ./mandelbrot_seq_withIO -0.800 -0.700 0.050 0.150 32

real	0m0.002s
user	0m0.000s
sys	0m0.000s
+ ./mandelbrot_seq_withIO -0.800 -0.700 0.050 0.150 32

real	0m0.002s
user	0m0.000s
sys	0m0.000s
+ ./mandelbrot_seq_withIO -0.800 -0.700 0.050 0.150 32

real	0m0.003s
user	0m0.000s
sys	0m0.000s
+ ./mandelbrot_seq_withIO -0.800 -0.700 0.050 0.150 32

real	0m0.002s
user	0m0.000s
sys	0m0.000s
+ ./mandelbrot_seq_withIO -0.800 -0.700 0.050 0.150 32

real	0m0.002s
user	0m0.000s
sys	0m0.000s
+ ./mandelbrot_seq_withIO -0.800 -0.700 0.050 0.150 32

real	0m0.002s
user	0m0.000s
sys	0m0.000s
+ ./mandelbrot_seq_withIO -0.800 -0.700 0.050 0.150 32

real	0m0.003s
user	0m0.000s
sys	0m0.000s
+ ./mandelbrot_seq_withIO -0.800 -0.700 0.050 0.150 32

real	0m0.002s
user	0m0.000s
sys	0m0.000s
+ ./mandelbrot_seq_withIO -0.800 -0.700 0.050 0.150 32

real	0m0.002s
user	0m0.000s
sys	0m0.000s
+ ./mandelbrot_seq_withIO -0.800 -0.700 0.050 0.150 32

real	0m0.002s
user	0m0.000s
sys	0m0.000s
+ ./mandelbrot_seq_withIO -0.800 -0.700 0.050 0.150 32

real	0m0.002s
user	0m0.000s
sys	0m0.000s
+ ./mandelbrot_seq_withIO -0.800 -0.700 0.050 0.150 32

real	0m0.002s
user	0m0.000s
sys	0m0.000s
+ ./mandelbrot_seq_withIO -0.800 -0.700 0.050 0.150 32

real	0m0.002s
user	0m0.000s
sys	0m0.000s
+ ./mandelbrot_seq_withIO -0.800 -0.700 0.050 0.150 32

real	0m0.002s
user	0m0.000s
sys	0m0.000s
+ ./mandelbrot_seq_withIO -0.800 -0.700 0.050 0.150 32

real	0m0.002s
user	0m0.000s
sys	0m0.000s
+ ./mandelbrot_seq_withIO -0.800 -0.700 0.050 0.150 32

real	0m0.002s
user	0m0.000s
sys	0m0.000s
+ ./mandelbrot_seq_withIO -0.800 -0.700 0.050 0.150 32

real	0m0.002s
user	0m0.000s
sys	0m0.000s
+ ./mandelbrot_seq_withIO -0.800 -0.700 0.050 0.150 32

real	0m0.002s
user	0m0.000s
sys	0m0.000s
+ ./mandelbrot_seq_withIO -0.800 -0.700 0.050 0.150 32

real	0m0.002s
user	0m0.000s
sys	0m0.000s
+ ./mandelbrot_seq_withIO -0.800 -0.700 0.050 0.150 32

real	0m0.002s
user	0m0.000s
sys	0m0.000s
+ ./mandelbrot_seq_withIO -0.800 -0.700 0.050 0.150 64

real	0m0.007s
user	0m0.004s
sys	0m0.000s
+ ./mandelbrot_seq_withIO -0.800 -0.700 0.050 0.150 64

real	0m0.008s
user	0m0.004s
sys	0m0.000s
+ ./mandelbrot_seq_withIO -0.800 -0.700 0.050 0.150 64

real	0m0.007s
user	0m0.004s
sys	0m0.000s
+ ./mandelbrot_seq_withIO -0.800 -0.700 0.050 0.150 64

real	0m0.008s
user	0m0.004s
sys	0m0.000s
+ ./mandelbrot_seq_withIO -0.800 -0.700 0.050 0.150 64

real	0m0.008s
user	0m0.004s
sys	0m0.000s
+ ./mandelbrot_seq_withIO -0.800 -0.700 0.050 0.150 64

real	0m0.008s
user	0m0.004s
sys	0m0.000s
+ ./mandelbrot_seq_withIO -0.800 -0.700 0.050 0.150 64

real	0m0.008s
user	0m0.004s
sys	0m0.000s
+ ./mandelbrot_seq_withIO -0.800 -0.700 0.050 0.150 64

real	0m0.008s
user	0m0.004s
sys	0m0.000s
+ ./mandelbrot_seq_withIO -0.800 -0.700 0.050 0.150 64

real	0m0.008s
user	0m0.004s
sys	0m0.000s
+ ./mandelbrot_seq_withIO -0.800 -0.700 0.050 0.150 64

real	0m0.007s
user	0m0.004s
sys	0m0.000s
+ ./mandelbrot_seq_withIO -0.800 -0.700 0.050 0.150 64

real	0m0.007s
user	0m0.004s
sys	0m0.000s
+ ./mandelbrot_seq_withIO -0.800 -0.700 0.050 0.150 64

real	0m0.007s
user	0m0.004s
sys	0m0.000s
+ ./mandelbrot_seq_withIO -0.800 -0.700 0.050 0.150 64

real	0m0.007s
user	0m0.004s
sys	0m0.000s
+ ./mandelbrot_seq_withIO -0.800 -0.700 0.050 0.150 64

real	0m0.007s
user	0m0.004s
sys	0m0.000s
+ ./mandelbrot_seq_withIO -0.800 -0.700 0.050 0.150 64

real	0m0.007s
user	0m0.004s
sys	0m0.000s
+ ./mandelbrot_seq_withIO -0.800 -0.700 0.050 0.150 64

real	0m0.007s
user	0m0.004s
sys	0m0.000s
+ ./mandelbrot_seq_withIO -0.800 -0.700 0.050 0.150 64

real	0m0.007s
user	0m0.004s
sys	0m0.000s
+ ./mandelbrot_seq_withIO -0.800 -0.700 0.050 0.150 64

real	0m0.007s
user	0m0.004s
sys	0m0.000s
+ ./mandelbrot_seq_withIO -0.800 -0.700 0.050 0.150 64

real	0m0.007s
user	0m0.004s
sys	0m0.000s
+ ./mandelbrot_seq_withIO -0.800 -0.700 0.050 0.150 64

real	0m0.008s
user	0m0.004s
sys	0m0.000s
+ ./mandelbrot_seq_withIO -0.800 -0.700 0.050 0.150 128

real	0m0.028s
user	0m0.028s
sys	0m0.000s
+ ./mandelbrot_seq_withIO -0.800 -0.700 0.050 0.150 128

real	0m0.027s
user	0m0.024s
sys	0m0.000s
+ ./mandelbrot_seq_withIO -0.800 -0.700 0.050 0.150 128

real	0m0.028s
user	0m0.024s
sys	0m0.000s
+ ./mandelbrot_seq_withIO -0.800 -0.700 0.050 0.150 128

real	0m0.027s
user	0m0.024s
sys	0m0.000s
+ ./mandelbrot_seq_withIO -0.800 -0.700 0.050 0.150 128

real	0m0.027s
user	0m0.024s
sys	0m0.000s
+ ./mandelbrot_seq_withIO -0.800 -0.700 0.050 0.150 128

real	0m0.027s
user	0m0.024s
sys	0m0.000s
+ ./mandelbrot_seq_withIO -0.800 -0.700 0.050 0.150 128

real	0m0.028s
user	0m0.024s
sys	0m0.000s
+ ./mandelbrot_seq_withIO -0.800 -0.700 0.050 0.150 128

real	0m0.027s
user	0m0.024s
sys	0m0.000s
+ ./mandelbrot_seq_withIO -0.800 -0.700 0.050 0.150 128

real	0m0.031s
user	0m0.028s
sys	0m0.000s
+ ./mandelbrot_seq_withIO -0.800 -0.700 0.050 0.150 128

real	0m0.030s
user	0m0.028s
sys	0m0.000s
+ ./mandelbrot_seq_withIO -0.800 -0.700 0.050 0.150 128

real	0m0.027s
user	0m0.024s
sys	0m0.000s
+ ./mandelbrot_seq_withIO -0.800 -0.700 0.050 0.150 128

real	0m0.027s
user	0m0.024s
sys	0m0.000s
+ ./mandelbrot_seq_withIO -0.800 -0.700 0.050 0.150 128

real	0m0.027s
user	0m0.024s
sys	0m0.000s
+ ./mandelbrot_seq_withIO -0.800 -0.700 0.050 0.150 128

real	0m0.027s
user	0m0.024s
sys	0m0.000s
+ ./mandelbrot_seq_withIO -0.800 -0.700 0.050 0.150 128

real	0m0.027s
user	0m0.024s
sys	0m0.000s
+ ./mandelbrot_seq_withIO -0.800 -0.700 0.050 0.150 128

real	0m0.027s
user	0m0.024s
sys	0m0.000s
+ ./mandelbrot_seq_withIO -0.800 -0.700 0.050 0.150 128

real	0m0.028s
user	0m0.024s
sys	0m0.000s
+ ./mandelbrot_seq_withIO -0.800 -0.700 0.050 0.150 128

real	0m0.028s
user	0m0.024s
sys	0m0.000s
+ ./mandelbrot_seq_withIO -0.800 -0.700 0.050 0.150 128

real	0m0.028s
user	0m0.024s
sys	0m0.000s
+ ./mandelbrot_seq_withIO -0.800 -0.700 0.050 0.150 128

real	0m0.028s
user	0m0.024s
sys	0m0.000s
+ ./mandelbrot_seq_withIO -0.800 -0.700 0.050 0.150 256

real	0m0.106s
user	0m0.104s
sys	0m0.000s
+ ./mandelbrot_seq_withIO -0.800 -0.700 0.050 0.150 256

real	0m0.105s
user	0m0.104s
sys	0m0.000s
+ ./mandelbrot_seq_withIO -0.800 -0.700 0.050 0.150 256

real	0m0.106s
user	0m0.100s
sys	0m0.004s
+ ./mandelbrot_seq_withIO -0.800 -0.700 0.050 0.150 256

real	0m0.107s
user	0m0.104s
sys	0m0.000s
+ ./mandelbrot_seq_withIO -0.800 -0.700 0.050 0.150 256

real	0m0.104s
user	0m0.100s
sys	0m0.004s
+ ./mandelbrot_seq_withIO -0.800 -0.700 0.050 0.150 256

real	0m0.105s
user	0m0.100s
sys	0m0.004s
+ ./mandelbrot_seq_withIO -0.800 -0.700 0.050 0.150 256

real	0m0.105s
user	0m0.104s
sys	0m0.000s
+ ./mandelbrot_seq_withIO -0.800 -0.700 0.050 0.150 256

real	0m0.106s
user	0m0.100s
sys	0m0.004s
+ ./mandelbrot_seq_withIO -0.800 -0.700 0.050 0.150 256

real	0m0.107s
user	0m0.104s
sys	0m0.000s
+ ./mandelbrot_seq_withIO -0.800 -0.700 0.050 0.150 256

real	0m0.105s
user	0m0.104s
sys	0m0.000s
+ ./mandelbrot_seq_withIO -0.800 -0.700 0.050 0.150 256

real	0m0.106s
user	0m0.104s
sys	0m0.000s
+ ./mandelbrot_seq_withIO -0.800 -0.700 0.050 0.150 256

real	0m0.105s
user	0m0.104s
sys	0m0.000s
+ ./mandelbrot_seq_withIO -0.800 -0.700 0.050 0.150 256

real	0m0.106s
user	0m0.104s
sys	0m0.000s
+ ./mandelbrot_seq_withIO -0.800 -0.700 0.050 0.150 256

real	0m0.106s
user	0m0.104s
sys	0m0.000s
+ ./mandelbrot_seq_withIO -0.800 -0.700 0.050 0.150 256

real	0m0.105s
user	0m0.104s
sys	0m0.000s
+ ./mandelbrot_seq_withIO -0.800 -0.700 0.050 0.150 256

real	0m0.110s
user	0m0.108s
sys	0m0.000s
+ ./mandelbrot_seq_withIO -0.800 -0.700 0.050 0.150 256

real	0m0.107s
user	0m0.104s
sys	0m0.000s
+ ./mandelbrot_seq_withIO -0.800 -0.700 0.050 0.150 256

real	0m0.107s
user	0m0.104s
sys	0m0.000s
+ ./mandelbrot_seq_withIO -0.800 -0.700 0.050 0.150 256

real	0m0.105s
user	0m0.104s
sys	0m0.000s
+ ./mandelbrot_seq_withIO -0.800 -0.700 0.050 0.150 256

real	0m0.107s
user	0m0.104s
sys	0m0.000s
+ ./mandelbrot_seq_withIO -0.800 -0.700 0.050 0.150 512

real	0m0.428s
user	0m0.424s
sys	0m0.000s
+ ./mandelbrot_seq_withIO -0.800 -0.700 0.050 0.150 512

real	0m0.421s
user	0m0.420s
sys	0m0.000s
+ ./mandelbrot_seq_withIO -0.800 -0.700 0.050 0.150 512

real	0m0.422s
user	0m0.412s
sys	0m0.008s
+ ./mandelbrot_seq_withIO -0.800 -0.700 0.050 0.150 512

real	0m0.418s
user	0m0.416s
sys	0m0.000s
+ ./mandelbrot_seq_withIO -0.800 -0.700 0.050 0.150 512

real	0m0.422s
user	0m0.416s
sys	0m0.004s
+ ./mandelbrot_seq_withIO -0.800 -0.700 0.050 0.150 512

real	0m0.436s
user	0m0.428s
sys	0m0.004s
+ ./mandelbrot_seq_withIO -0.800 -0.700 0.050 0.150 512

real	0m0.421s
user	0m0.412s
sys	0m0.008s
+ ./mandelbrot_seq_withIO -0.800 -0.700 0.050 0.150 512

real	0m0.417s
user	0m0.408s
sys	0m0.008s
+ ./mandelbrot_seq_withIO -0.800 -0.700 0.050 0.150 512

real	0m0.420s
user	0m0.416s
sys	0m0.000s
+ ./mandelbrot_seq_withIO -0.800 -0.700 0.050 0.150 512

real	0m0.414s
user	0m0.408s
sys	0m0.004s
+ ./mandelbrot_seq_withIO -0.800 -0.700 0.050 0.150 512

real	0m0.421s
user	0m0.416s
sys	0m0.004s
+ ./mandelbrot_seq_withIO -0.800 -0.700 0.050 0.150 512

real	0m0.428s
user	0m0.424s
sys	0m0.000s
+ ./mandelbrot_seq_withIO -0.800 -0.700 0.050 0.150 512

real	0m0.425s
user	0m0.424s
sys	0m0.000s
+ ./mandelbrot_seq_withIO -0.800 -0.700 0.050 0.150 512

real	0m0.422s
user	0m0.416s
sys	0m0.004s
+ ./mandelbrot_seq_withIO -0.800 -0.700 0.050 0.150 512

real	0m0.421s
user	0m0.416s
sys	0m0.004s
+ ./mandelbrot_seq_withIO -0.800 -0.700 0.050 0.150 512

real	0m0.423s
user	0m0.420s
sys	0m0.000s
+ ./mandelbrot_seq_withIO -0.800 -0.700 0.050 0.150 512

real	0m0.420s
user	0m0.416s
sys	0m0.000s
+ ./mandelbrot_seq_withIO -0.800 -0.700 0.050 0.150 512

real	0m0.417s
user	0m0.408s
sys	0m0.008s
+ ./mandelbrot_seq_withIO -0.800 -0.700 0.050 0.150 512

real	0m0.418s
user	0m0.412s
sys	0m0.004s
+ ./mandelbrot_seq_withIO -0.800 -0.700 0.050 0.150 512

real	0m0.417s
user	0m0.412s
sys	0m0.004s
+ ./mandelbrot_seq_withIO -0.800 -0.700 0.050 0.150 1024

real	0m1.672s
user	0m1.660s
sys	0m0.008s
+ ./mandelbrot_seq_withIO -0.800 -0.700 0.050 0.150 1024

real	0m1.679s
user	0m1.644s
sys	0m0.032s
+ ./mandelbrot_seq_withIO -0.800 -0.700 0.050 0.150 1024

real	0m1.668s
user	0m1.644s
sys	0m0.020s
+ ./mandelbrot_seq_withIO -0.800 -0.700 0.050 0.150 1024

real	0m1.679s
user	0m1.660s
sys	0m0.016s
+ ./mandelbrot_seq_withIO -0.800 -0.700 0.050 0.150 1024

real	0m1.676s
user	0m1.656s
sys	0m0.016s
+ ./mandelbrot_seq_withIO -0.800 -0.700 0.050 0.150 1024

real	0m1.672s
user	0m1.648s
sys	0m0.020s
+ ./mandelbrot_seq_withIO -0.800 -0.700 0.050 0.150 1024

real	0m1.686s
user	0m1.672s
sys	0m0.012s
+ ./mandelbrot_seq_withIO -0.800 -0.700 0.050 0.150 1024

real	0m1.692s
user	0m1.660s
sys	0m0.028s
+ ./mandelbrot_seq_withIO -0.800 -0.700 0.050 0.150 1024

real	0m1.667s
user	0m1.632s
sys	0m0.032s
+ ./mandelbrot_seq_withIO -0.800 -0.700 0.050 0.150 1024

real	0m1.677s
user	0m1.656s
sys	0m0.020s
+ ./mandelbrot_seq_withIO -0.800 -0.700 0.050 0.150 1024

real	0m1.674s
user	0m1.656s
sys	0m0.016s
+ ./mandelbrot_seq_withIO -0.800 -0.700 0.050 0.150 1024

real	0m1.663s
user	0m1.640s
sys	0m0.020s
+ ./mandelbrot_seq_withIO -0.800 -0.700 0.050 0.150 1024

real	0m1.673s
user	0m1.648s
sys	0m0.020s
+ ./mandelbrot_seq_withIO -0.800 -0.700 0.050 0.150 1024

real	0m1.685s
user	0m1.656s
sys	0m0.028s
+ ./mandelbrot_seq_withIO -0.800 -0.700 0.050 0.150 1024

real	0m1.671s
user	0m1.652s
sys	0m0.016s
+ ./mandelbrot_seq_withIO -0.800 -0.700 0.050 0.150 1024

real	0m1.678s
user	0m1.648s
sys	0m0.028s
+ ./mandelbrot_seq_withIO -0.800 -0.700 0.050 0.150 1024

real	0m1.668s
user	0m1.656s
sys	0m0.008s
+ ./mandelbrot_seq_withIO -0.800 -0.700 0.050 0.150 1024

real	0m1.677s
user	0m1.656s
sys	0m0.020s
+ ./mandelbrot_seq_withIO -0.800 -0.700 0.050 0.150 1024

real	0m1.672s
user	0m1.648s
sys	0m0.020s
+ ./mandelbrot_seq_withIO -0.800 -0.700 0.050 0.150 1024

real	0m1.662s
user	0m1.648s
sys	0m0.012s
+ ./mandelbrot_seq_withIO -0.800 -0.700 0.050 0.150 2048

real	0m6.668s
user	0m6.584s
sys	0m0.080s
+ ./mandelbrot_seq_withIO -0.800 -0.700 0.050 0.150 2048

real	0m6.637s
user	0m6.548s
sys	0m0.088s
+ ./mandelbrot_seq_withIO -0.800 -0.700 0.050 0.150 2048

real	0m6.666s
user	0m6.596s
sys	0m0.068s
+ ./mandelbrot_seq_withIO -0.800 -0.700 0.050 0.150 2048

real	0m6.683s
user	0m6.612s
sys	0m0.068s
+ ./mandelbrot_seq_withIO -0.800 -0.700 0.050 0.150 2048

real	0m6.676s
user	0m6.592s
sys	0m0.080s
+ ./mandelbrot_seq_withIO -0.800 -0.700 0.050 0.150 2048

real	0m6.651s
user	0m6.568s
sys	0m0.080s
+ ./mandelbrot_seq_withIO -0.800 -0.700 0.050 0.150 2048

real	0m6.719s
user	0m6.652s
sys	0m0.064s
+ ./mandelbrot_seq_withIO -0.800 -0.700 0.050 0.150 2048

real	0m6.743s
user	0m6.660s
sys	0m0.080s
+ ./mandelbrot_seq_withIO -0.800 -0.700 0.050 0.150 2048

real	0m6.713s
user	0m6.660s
sys	0m0.052s
+ ./mandelbrot_seq_withIO -0.800 -0.700 0.050 0.150 2048

real	0m6.710s
user	0m6.632s
sys	0m0.076s
+ ./mandelbrot_seq_withIO -0.800 -0.700 0.050 0.150 2048

real	0m6.712s
user	0m6.648s
sys	0m0.060s
+ ./mandelbrot_seq_withIO -0.800 -0.700 0.050 0.150 2048

real	0m6.629s
user	0m6.564s
sys	0m0.064s
+ ./mandelbrot_seq_withIO -0.800 -0.700 0.050 0.150 2048

real	0m6.714s
user	0m6.636s
sys	0m0.076s
+ ./mandelbrot_seq_withIO -0.800 -0.700 0.050 0.150 2048

real	0m6.704s
user	0m6.608s
sys	0m0.092s
+ ./mandelbrot_seq_withIO -0.800 -0.700 0.050 0.150 2048

real	0m6.639s
user	0m6.568s
sys	0m0.068s
+ ./mandelbrot_seq_withIO -0.800 -0.700 0.050 0.150 2048

real	0m6.662s
user	0m6.596s
sys	0m0.064s
+ ./mandelbrot_seq_withIO -0.800 -0.700 0.050 0.150 2048

real	0m6.705s
user	0m6.624s
sys	0m0.080s
+ ./mandelbrot_seq_withIO -0.800 -0.700 0.050 0.150 2048

real	0m6.675s
user	0m6.592s
sys	0m0.080s
+ ./mandelbrot_seq_withIO -0.800 -0.700 0.050 0.150 2048

real	0m6.659s
user	0m6.584s
sys	0m0.072s
+ ./mandelbrot_seq_withIO -0.800 -0.700 0.050 0.150 2048

real	0m6.641s
user	0m6.568s
sys	0m0.072s
+ ./mandelbrot_seq_withIO -0.800 -0.700 0.050 0.150 4096

real	0m26.882s
user	0m26.504s
sys	0m0.316s
+ ./mandelbrot_seq_withIO -0.800 -0.700 0.050 0.150 4096

real	0m26.889s
user	0m26.492s
sys	0m0.304s
+ ./mandelbrot_seq_withIO -0.800 -0.700 0.050 0.150 4096

real	0m26.757s
user	0m26.432s
sys	0m0.284s
+ ./mandelbrot_seq_withIO -0.800 -0.700 0.050 0.150 4096

real	0m26.761s
user	0m26.444s
sys	0m0.268s
+ ./mandelbrot_seq_withIO -0.800 -0.700 0.050 0.150 4096

real	0m26.729s
user	0m26.364s
sys	0m0.320s
+ ./mandelbrot_seq_withIO -0.800 -0.700 0.050 0.150 4096

real	0m26.852s
user	0m26.532s
sys	0m0.268s
+ ./mandelbrot_seq_withIO -0.800 -0.700 0.050 0.150 4096

real	0m26.750s
user	0m26.428s
sys	0m0.276s
+ ./mandelbrot_seq_withIO -0.800 -0.700 0.050 0.150 4096

real	0m26.876s
user	0m26.520s
sys	0m0.316s
+ ./mandelbrot_seq_withIO -0.800 -0.700 0.050 0.150 4096

real	0m27.229s
user	0m26.888s
sys	0m0.296s
+ ./mandelbrot_seq_withIO -0.800 -0.700 0.050 0.150 4096

real	0m27.191s
user	0m26.852s
sys	0m0.280s
+ ./mandelbrot_seq_withIO -0.800 -0.700 0.050 0.150 4096

real	0m26.865s
user	0m26.532s
sys	0m0.284s
+ ./mandelbrot_seq_withIO -0.800 -0.700 0.050 0.150 4096

real	0m27.212s
user	0m26.808s
sys	0m0.352s
+ ./mandelbrot_seq_withIO -0.800 -0.700 0.050 0.150 4096

real	0m26.862s
user	0m26.496s
sys	0m0.316s
+ ./mandelbrot_seq_withIO -0.800 -0.700 0.050 0.150 4096

real	0m26.641s
user	0m26.356s
sys	0m0.252s
+ ./mandelbrot_seq_withIO -0.800 -0.700 0.050 0.150 4096

real	0m26.735s
user	0m26.408s
sys	0m0.272s
+ ./mandelbrot_seq_withIO -0.800 -0.700 0.050 0.150 4096

real	0m26.820s
user	0m26.476s
sys	0m0.300s
+ ./mandelbrot_seq_withIO -0.800 -0.700 0.050 0.150 4096

real	0m27.058s
user	0m26.672s
sys	0m0.328s
+ ./mandelbrot_seq_withIO -0.800 -0.700 0.050 0.150 4096

real	0m26.846s
user	0m26.552s
sys	0m0.260s
+ ./mandelbrot_seq_withIO -0.800 -0.700 0.050 0.150 4096

real	0m26.836s
user	0m26.484s
sys	0m0.304s
+ ./mandelbrot_seq_withIO -0.800 -0.700 0.050 0.150 4096

real	0m26.915s
user	0m26.560s
sys	0m0.312s
+ ./mandelbrot_seq_withIO -0.800 -0.700 0.050 0.150 8192

real	1m48.308s
user	1m46.004s
sys	0m1.144s
+ ./mandelbrot_seq_withIO -0.800 -0.700 0.050 0.150 8192

real	1m48.480s
user	1m46.228s
sys	0m1.096s
+ ./mandelbrot_seq_withIO -0.800 -0.700 0.050 0.150 8192

real	1m48.309s
user	1m45.956s
sys	0m1.148s
+ ./mandelbrot_seq_withIO -0.800 -0.700 0.050 0.150 8192

real	1m48.170s
user	1m45.896s
sys	0m1.128s
+ ./mandelbrot_seq_withIO -0.800 -0.700 0.050 0.150 8192

real	1m48.745s
user	1m46.420s
sys	0m1.152s
+ ./mandelbrot_seq_withIO -0.800 -0.700 0.050 0.150 8192

real	1m48.448s
user	1m46.064s
sys	0m1.224s
+ ./mandelbrot_seq_withIO -0.800 -0.700 0.050 0.150 8192

real	1m48.298s
user	1m45.968s
sys	0m1.172s
+ ./mandelbrot_seq_withIO -0.800 -0.700 0.050 0.150 8192

real	1m47.786s
user	1m45.396s
sys	0m1.200s
+ ./mandelbrot_seq_withIO -0.800 -0.700 0.050 0.150 8192

real	1m49.051s
user	1m46.776s
sys	0m1.108s
+ ./mandelbrot_seq_withIO -0.800 -0.700 0.050 0.150 8192

real	1m48.753s
user	1m46.368s
sys	0m1.236s
+ ./mandelbrot_seq_withIO -0.800 -0.700 0.050 0.150 8192

real	1m48.632s
user	1m46.200s
sys	0m1.284s
+ ./mandelbrot_seq_withIO -0.800 -0.700 0.050 0.150 8192

real	1m48.096s
user	1m45.708s
sys	0m1.244s
+ ./mandelbrot_seq_withIO -0.800 -0.700 0.050 0.150 8192

real	1m47.913s
user	1m45.564s
sys	0m1.144s
+ ./mandelbrot_seq_withIO -0.800 -0.700 0.050 0.150 8192

real	1m48.235s
user	1m45.804s
sys	0m1.260s
+ ./mandelbrot_seq_withIO -0.800 -0.700 0.050 0.150 8192

real	1m48.139s
user	1m45.796s
sys	0m1.192s
+ ./mandelbrot_seq_withIO -0.800 -0.700 0.050 0.150 8192

real	1m48.361s
user	1m45.932s
sys	0m1.228s
+ ./mandelbrot_seq_withIO -0.800 -0.700 0.050 0.150 8192

real	1m49.419s
user	1m46.884s
sys	0m1.356s
+ ./mandelbrot_seq_withIO -0.800 -0.700 0.050 0.150 8192

real	1m49.108s
user	1m46.692s
sys	0m1.224s
+ ./mandelbrot_seq_withIO -0.800 -0.700 0.050 0.150 8192

real	1m48.366s
user	1m45.804s
sys	0m1.144s
+ ./mandelbrot_seq_withIO -0.800 -0.700 0.050 0.150 8192

real	1m48.678s
user	1m46.372s
sys	0m1.128s
+ ./mandelbrot_seq_withoutIO -0.800 -0.700 0.050 0.150 16

real	0m0.001s
user	0m0.000s
sys	0m0.000s
+ ./mandelbrot_seq_withoutIO -0.800 -0.700 0.050 0.150 16

real	0m0.001s
user	0m0.000s
sys	0m0.000s
+ ./mandelbrot_seq_withoutIO -0.800 -0.700 0.050 0.150 16

real	0m0.001s
user	0m0.000s
sys	0m0.000s
+ ./mandelbrot_seq_withoutIO -0.800 -0.700 0.050 0.150 16

real	0m0.001s
user	0m0.000s
sys	0m0.000s
+ ./mandelbrot_seq_withoutIO -0.800 -0.700 0.050 0.150 16

real	0m0.001s
user	0m0.000s
sys	0m0.000s
+ ./mandelbrot_seq_withoutIO -0.800 -0.700 0.050 0.150 16

real	0m0.001s
user	0m0.000s
sys	0m0.000s
+ ./mandelbrot_seq_withoutIO -0.800 -0.700 0.050 0.150 16

real	0m0.001s
user	0m0.000s
sys	0m0.000s
+ ./mandelbrot_seq_withoutIO -0.800 -0.700 0.050 0.150 16

real	0m0.001s
user	0m0.000s
sys	0m0.000s
+ ./mandelbrot_seq_withoutIO -0.800 -0.700 0.050 0.150 16

real	0m0.001s
user	0m0.000s
sys	0m0.000s
+ ./mandelbrot_seq_withoutIO -0.800 -0.700 0.050 0.150 16

real	0m0.001s
user	0m0.000s
sys	0m0.000s
+ ./mandelbrot_seq_withoutIO -0.800 -0.700 0.050 0.150 16

real	0m0.001s
user	0m0.000s
sys	0m0.000s
+ ./mandelbrot_seq_withoutIO -0.800 -0.700 0.050 0.150 16

real	0m0.001s
user	0m0.000s
sys	0m0.000s
+ ./mandelbrot_seq_withoutIO -0.800 -0.700 0.050 0.150 16

real	0m0.001s
user	0m0.000s
sys	0m0.000s
+ ./mandelbrot_seq_withoutIO -0.800 -0.700 0.050 0.150 16

real	0m0.001s
user	0m0.000s
sys	0m0.000s
+ ./mandelbrot_seq_withoutIO -0.800 -0.700 0.050 0.150 16

real	0m0.001s
user	0m0.000s
sys	0m0.000s
+ ./mandelbrot_seq_withoutIO -0.800 -0.700 0.050 0.150 16

real	0m0.001s
user	0m0.000s
sys	0m0.000s
+ ./mandelbrot_seq_withoutIO -0.800 -0.700 0.050 0.150 16

real	0m0.001s
user	0m0.000s
sys	0m0.000s
+ ./mandelbrot_seq_withoutIO -0.800 -0.700 0.050 0.150 16

real	0m0.001s
user	0m0.000s
sys	0m0.000s
+ ./mandelbrot_seq_withoutIO -0.800 -0.700 0.050 0.150 16

real	0m0.001s
user	0m0.000s
sys	0m0.000s
+ ./mandelbrot_seq_withoutIO -0.800 -0.700 0.050 0.150 16

real	0m0.001s
user	0m0.000s
sys	0m0.000s
+ ./mandelbrot_seq_withoutIO -0.800 -0.700 0.050 0.150 32

real	0m0.002s
user	0m0.000s
sys	0m0.000s
+ ./mandelbrot_seq_withoutIO -0.800 -0.700 0.050 0.150 32

real	0m0.002s
user	0m0.000s
sys	0m0.000s
+ ./mandelbrot_seq_withoutIO -0.800 -0.700 0.050 0.150 32

real	0m0.002s
user	0m0.000s
sys	0m0.000s
+ ./mandelbrot_seq_withoutIO -0.800 -0.700 0.050 0.150 32

real	0m0.002s
user	0m0.000s
sys	0m0.000s
+ ./mandelbrot_seq_withoutIO -0.800 -0.700 0.050 0.150 32

real	0m0.002s
user	0m0.000s
sys	0m0.000s
+ ./mandelbrot_seq_withoutIO -0.800 -0.700 0.050 0.150 32

real	0m0.002s
user	0m0.000s
sys	0m0.000s
+ ./mandelbrot_seq_withoutIO -0.800 -0.700 0.050 0.150 32

real	0m0.002s
user	0m0.000s
sys	0m0.000s
+ ./mandelbrot_seq_withoutIO -0.800 -0.700 0.050 0.150 32

real	0m0.002s
user	0m0.000s
sys	0m0.000s
+ ./mandelbrot_seq_withoutIO -0.800 -0.700 0.050 0.150 32

real	0m0.002s
user	0m0.000s
sys	0m0.000s
+ ./mandelbrot_seq_withoutIO -0.800 -0.700 0.050 0.150 32

real	0m0.002s
user	0m0.000s
sys	0m0.000s
+ ./mandelbrot_seq_withoutIO -0.800 -0.700 0.050 0.150 32

real	0m0.002s
user	0m0.000s
sys	0m0.000s
+ ./mandelbrot_seq_withoutIO -0.800 -0.700 0.050 0.150 32

real	0m0.002s
user	0m0.000s
sys	0m0.000s
+ ./mandelbrot_seq_withoutIO -0.800 -0.700 0.050 0.150 32

real	0m0.002s
user	0m0.000s
sys	0m0.000s
+ ./mandelbrot_seq_withoutIO -0.800 -0.700 0.050 0.150 32

real	0m0.002s
user	0m0.000s
sys	0m0.000s
+ ./mandelbrot_seq_withoutIO -0.800 -0.700 0.050 0.150 32

real	0m0.002s
user	0m0.000s
sys	0m0.000s
+ ./mandelbrot_seq_withoutIO -0.800 -0.700 0.050 0.150 32

real	0m0.002s
user	0m0.000s
sys	0m0.000s
+ ./mandelbrot_seq_withoutIO -0.800 -0.700 0.050 0.150 32

real	0m0.002s
user	0m0.000s
sys	0m0.000s
+ ./mandelbrot_seq_withoutIO -0.800 -0.700 0.050 0.150 32

real	0m0.002s
user	0m0.000s
sys	0m0.000s
+ ./mandelbrot_seq_withoutIO -0.800 -0.700 0.050 0.150 32

real	0m0.002s
user	0m0.000s
sys	0m0.000s
+ ./mandelbrot_seq_withoutIO -0.800 -0.700 0.050 0.150 32

real	0m0.002s
user	0m0.000s
sys	0m0.000s
+ ./mandelbrot_seq_withoutIO -0.800 -0.700 0.050 0.150 64

real	0m0.007s
user	0m0.004s
sys	0m0.000s
+ ./mandelbrot_seq_withoutIO -0.800 -0.700 0.050 0.150 64

real	0m0.007s
user	0m0.004s
sys	0m0.000s
+ ./mandelbrot_seq_withoutIO -0.800 -0.700 0.050 0.150 64

real	0m0.007s
user	0m0.004s
sys	0m0.000s
+ ./mandelbrot_seq_withoutIO -0.800 -0.700 0.050 0.150 64

real	0m0.007s
user	0m0.004s
sys	0m0.000s
+ ./mandelbrot_seq_withoutIO -0.800 -0.700 0.050 0.150 64

real	0m0.007s
user	0m0.004s
sys	0m0.000s
+ ./mandelbrot_seq_withoutIO -0.800 -0.700 0.050 0.150 64

real	0m0.007s
user	0m0.004s
sys	0m0.000s
+ ./mandelbrot_seq_withoutIO -0.800 -0.700 0.050 0.150 64

real	0m0.007s
user	0m0.004s
sys	0m0.000s
+ ./mandelbrot_seq_withoutIO -0.800 -0.700 0.050 0.150 64

real	0m0.007s
user	0m0.004s
sys	0m0.000s
+ ./mandelbrot_seq_withoutIO -0.800 -0.700 0.050 0.150 64

real	0m0.007s
user	0m0.004s
sys	0m0.000s
+ ./mandelbrot_seq_withoutIO -0.800 -0.700 0.050 0.150 64

real	0m0.007s
user	0m0.004s
sys	0m0.000s
+ ./mandelbrot_seq_withoutIO -0.800 -0.700 0.050 0.150 64

real	0m0.007s
user	0m0.004s
sys	0m0.000s
+ ./mandelbrot_seq_withoutIO -0.800 -0.700 0.050 0.150 64

real	0m0.007s
user	0m0.004s
sys	0m0.000s
+ ./mandelbrot_seq_withoutIO -0.800 -0.700 0.050 0.150 64

real	0m0.007s
user	0m0.004s
sys	0m0.000s
+ ./mandelbrot_seq_withoutIO -0.800 -0.700 0.050 0.150 64

real	0m0.007s
user	0m0.004s
sys	0m0.000s
+ ./mandelbrot_seq_withoutIO -0.800 -0.700 0.050 0.150 64

real	0m0.007s
user	0m0.004s
sys	0m0.000s
+ ./mandelbrot_seq_withoutIO -0.800 -0.700 0.050 0.150 64

real	0m0.007s
user	0m0.004s
sys	0m0.000s
+ ./mandelbrot_seq_withoutIO -0.800 -0.700 0.050 0.150 64

real	0m0.007s
user	0m0.004s
sys	0m0.000s
+ ./mandelbrot_seq_withoutIO -0.800 -0.700 0.050 0.150 64

real	0m0.007s
user	0m0.004s
sys	0m0.000s
+ ./mandelbrot_seq_withoutIO -0.800 -0.700 0.050 0.150 64

real	0m0.007s
user	0m0.004s
sys	0m0.000s
+ ./mandelbrot_seq_withoutIO -0.800 -0.700 0.050 0.150 64

real	0m0.007s
user	0m0.004s
sys	0m0.000s
+ ./mandelbrot_seq_withoutIO -0.800 -0.700 0.050 0.150 128

real	0m0.026s
user	0m0.024s
sys	0m0.000s
+ ./mandelbrot_seq_withoutIO -0.800 -0.700 0.050 0.150 128

real	0m0.026s
user	0m0.024s
sys	0m0.000s
+ ./mandelbrot_seq_withoutIO -0.800 -0.700 0.050 0.150 128

real	0m0.026s
user	0m0.024s
sys	0m0.000s
+ ./mandelbrot_seq_withoutIO -0.800 -0.700 0.050 0.150 128

real	0m0.026s
user	0m0.024s
sys	0m0.000s
+ ./mandelbrot_seq_withoutIO -0.800 -0.700 0.050 0.150 128

real	0m0.026s
user	0m0.024s
sys	0m0.000s
+ ./mandelbrot_seq_withoutIO -0.800 -0.700 0.050 0.150 128

real	0m0.026s
user	0m0.024s
sys	0m0.000s
+ ./mandelbrot_seq_withoutIO -0.800 -0.700 0.050 0.150 128

real	0m0.026s
user	0m0.024s
sys	0m0.000s
+ ./mandelbrot_seq_withoutIO -0.800 -0.700 0.050 0.150 128

real	0m0.026s
user	0m0.024s
sys	0m0.000s
+ ./mandelbrot_seq_withoutIO -0.800 -0.700 0.050 0.150 128

real	0m0.026s
user	0m0.024s
sys	0m0.000s
+ ./mandelbrot_seq_withoutIO -0.800 -0.700 0.050 0.150 128

real	0m0.026s
user	0m0.024s
sys	0m0.000s
+ ./mandelbrot_seq_withoutIO -0.800 -0.700 0.050 0.150 128

real	0m0.026s
user	0m0.024s
sys	0m0.000s
+ ./mandelbrot_seq_withoutIO -0.800 -0.700 0.050 0.150 128

real	0m0.026s
user	0m0.024s
sys	0m0.000s
+ ./mandelbrot_seq_withoutIO -0.800 -0.700 0.050 0.150 128

real	0m0.026s
user	0m0.024s
sys	0m0.000s
+ ./mandelbrot_seq_withoutIO -0.800 -0.700 0.050 0.150 128

real	0m0.026s
user	0m0.024s
sys	0m0.000s
+ ./mandelbrot_seq_withoutIO -0.800 -0.700 0.050 0.150 128

real	0m0.026s
user	0m0.024s
sys	0m0.000s
+ ./mandelbrot_seq_withoutIO -0.800 -0.700 0.050 0.150 128

real	0m0.026s
user	0m0.024s
sys	0m0.000s
+ ./mandelbrot_seq_withoutIO -0.800 -0.700 0.050 0.150 128

real	0m0.027s
user	0m0.024s
sys	0m0.000s
+ ./mandelbrot_seq_withoutIO -0.800 -0.700 0.050 0.150 128

real	0m0.026s
user	0m0.024s
sys	0m0.000s
+ ./mandelbrot_seq_withoutIO -0.800 -0.700 0.050 0.150 128

real	0m0.026s
user	0m0.024s
sys	0m0.000s
+ ./mandelbrot_seq_withoutIO -0.800 -0.700 0.050 0.150 128

real	0m0.026s
user	0m0.024s
sys	0m0.000s
+ ./mandelbrot_seq_withoutIO -0.800 -0.700 0.050 0.150 256

real	0m0.100s
user	0m0.100s
sys	0m0.000s
+ ./mandelbrot_seq_withoutIO -0.800 -0.700 0.050 0.150 256

real	0m0.101s
user	0m0.100s
sys	0m0.000s
+ ./mandelbrot_seq_withoutIO -0.800 -0.700 0.050 0.150 256

real	0m0.105s
user	0m0.104s
sys	0m0.000s
+ ./mandelbrot_seq_withoutIO -0.800 -0.700 0.050 0.150 256

real	0m0.100s
user	0m0.096s
sys	0m0.000s
+ ./mandelbrot_seq_withoutIO -0.800 -0.700 0.050 0.150 256

real	0m0.100s
user	0m0.096s
sys	0m0.000s
+ ./mandelbrot_seq_withoutIO -0.800 -0.700 0.050 0.150 256

real	0m0.102s
user	0m0.100s
sys	0m0.000s
+ ./mandelbrot_seq_withoutIO -0.800 -0.700 0.050 0.150 256

real	0m0.100s
user	0m0.096s
sys	0m0.000s
+ ./mandelbrot_seq_withoutIO -0.800 -0.700 0.050 0.150 256

real	0m0.101s
user	0m0.100s
sys	0m0.000s
+ ./mandelbrot_seq_withoutIO -0.800 -0.700 0.050 0.150 256

real	0m0.101s
user	0m0.100s
sys	0m0.000s
+ ./mandelbrot_seq_withoutIO -0.800 -0.700 0.050 0.150 256

real	0m0.100s
user	0m0.100s
sys	0m0.000s
+ ./mandelbrot_seq_withoutIO -0.800 -0.700 0.050 0.150 256

real	0m0.100s
user	0m0.096s
sys	0m0.000s
+ ./mandelbrot_seq_withoutIO -0.800 -0.700 0.050 0.150 256

real	0m0.100s
user	0m0.096s
sys	0m0.000s
+ ./mandelbrot_seq_withoutIO -0.800 -0.700 0.050 0.150 256

real	0m0.100s
user	0m0.096s
sys	0m0.000s
+ ./mandelbrot_seq_withoutIO -0.800 -0.700 0.050 0.150 256

real	0m0.101s
user	0m0.100s
sys	0m0.000s
+ ./mandelbrot_seq_withoutIO -0.800 -0.700 0.050 0.150 256

real	0m0.101s
user	0m0.100s
sys	0m0.000s
+ ./mandelbrot_seq_withoutIO -0.800 -0.700 0.050 0.150 256

real	0m0.101s
user	0m0.100s
sys	0m0.000s
+ ./mandelbrot_seq_withoutIO -0.800 -0.700 0.050 0.150 256

real	0m0.100s
user	0m0.096s
sys	0m0.000s
+ ./mandelbrot_seq_withoutIO -0.800 -0.700 0.050 0.150 256

real	0m0.100s
user	0m0.096s
sys	0m0.000s
+ ./mandelbrot_seq_withoutIO -0.800 -0.700 0.050 0.150 256

real	0m0.100s
user	0m0.100s
sys	0m0.000s
+ ./mandelbrot_seq_withoutIO -0.800 -0.700 0.050 0.150 256

real	0m0.100s
user	0m0.096s
sys	0m0.000s
+ ./mandelbrot_seq_withoutIO -0.800 -0.700 0.050 0.150 512

real	0m0.403s
user	0m0.400s
sys	0m0.000s
+ ./mandelbrot_seq_withoutIO -0.800 -0.700 0.050 0.150 512

real	0m0.405s
user	0m0.404s
sys	0m0.000s
+ ./mandelbrot_seq_withoutIO -0.800 -0.700 0.050 0.150 512

real	0m0.403s
user	0m0.400s
sys	0m0.000s
+ ./mandelbrot_seq_withoutIO -0.800 -0.700 0.050 0.150 512

real	0m0.400s
user	0m0.400s
sys	0m0.000s
+ ./mandelbrot_seq_withoutIO -0.800 -0.700 0.050 0.150 512

real	0m0.398s
user	0m0.396s
sys	0m0.000s
+ ./mandelbrot_seq_withoutIO -0.800 -0.700 0.050 0.150 512

real	0m0.397s
user	0m0.396s
sys	0m0.000s
+ ./mandelbrot_seq_withoutIO -0.800 -0.700 0.050 0.150 512

real	0m0.400s
user	0m0.396s
sys	0m0.000s
+ ./mandelbrot_seq_withoutIO -0.800 -0.700 0.050 0.150 512

real	0m0.400s
user	0m0.396s
sys	0m0.000s
+ ./mandelbrot_seq_withoutIO -0.800 -0.700 0.050 0.150 512

real	0m0.402s
user	0m0.400s
sys	0m0.000s
+ ./mandelbrot_seq_withoutIO -0.800 -0.700 0.050 0.150 512

real	0m0.399s
user	0m0.396s
sys	0m0.000s
+ ./mandelbrot_seq_withoutIO -0.800 -0.700 0.050 0.150 512

real	0m0.403s
user	0m0.400s
sys	0m0.000s
+ ./mandelbrot_seq_withoutIO -0.800 -0.700 0.050 0.150 512

real	0m0.399s
user	0m0.396s
sys	0m0.000s
+ ./mandelbrot_seq_withoutIO -0.800 -0.700 0.050 0.150 512

real	0m0.403s
user	0m0.400s
sys	0m0.000s
+ ./mandelbrot_seq_withoutIO -0.800 -0.700 0.050 0.150 512

real	0m0.406s
user	0m0.404s
sys	0m0.000s
+ ./mandelbrot_seq_withoutIO -0.800 -0.700 0.050 0.150 512

real	0m0.405s
user	0m0.404s
sys	0m0.000s
+ ./mandelbrot_seq_withoutIO -0.800 -0.700 0.050 0.150 512

real	0m0.399s
user	0m0.396s
sys	0m0.000s
+ ./mandelbrot_seq_withoutIO -0.800 -0.700 0.050 0.150 512

real	0m0.401s
user	0m0.400s
sys	0m0.000s
+ ./mandelbrot_seq_withoutIO -0.800 -0.700 0.050 0.150 512

real	0m0.397s
user	0m0.396s
sys	0m0.000s
+ ./mandelbrot_seq_withoutIO -0.800 -0.700 0.050 0.150 512

real	0m0.395s
user	0m0.392s
sys	0m0.000s
+ ./mandelbrot_seq_withoutIO -0.800 -0.700 0.050 0.150 512

real	0m0.395s
user	0m0.392s
sys	0m0.000s
+ ./mandelbrot_seq_withoutIO -0.800 -0.700 0.050 0.150 1024

real	0m1.597s
user	0m1.596s
sys	0m0.000s
+ ./mandelbrot_seq_withoutIO -0.800 -0.700 0.050 0.150 1024

real	0m1.598s
user	0m1.596s
sys	0m0.000s
+ ./mandelbrot_seq_withoutIO -0.800 -0.700 0.050 0.150 1024

real	0m1.584s
user	0m1.580s
sys	0m0.000s
+ ./mandelbrot_seq_withoutIO -0.800 -0.700 0.050 0.150 1024

real	0m1.588s
user	0m1.588s
sys	0m0.000s
+ ./mandelbrot_seq_withoutIO -0.800 -0.700 0.050 0.150 1024

real	0m1.582s
user	0m1.580s
sys	0m0.000s
+ ./mandelbrot_seq_withoutIO -0.800 -0.700 0.050 0.150 1024

real	0m1.589s
user	0m1.588s
sys	0m0.000s
+ ./mandelbrot_seq_withoutIO -0.800 -0.700 0.050 0.150 1024

real	0m1.586s
user	0m1.584s
sys	0m0.000s
+ ./mandelbrot_seq_withoutIO -0.800 -0.700 0.050 0.150 1024

real	0m1.593s
user	0m1.592s
sys	0m0.000s
+ ./mandelbrot_seq_withoutIO -0.800 -0.700 0.050 0.150 1024

real	0m1.612s
user	0m1.608s
sys	0m0.000s
+ ./mandelbrot_seq_withoutIO -0.800 -0.700 0.050 0.150 1024

real	0m1.608s
user	0m1.604s
sys	0m0.000s
+ ./mandelbrot_seq_withoutIO -0.800 -0.700 0.050 0.150 1024

real	0m1.591s
user	0m1.588s
sys	0m0.000s
+ ./mandelbrot_seq_withoutIO -0.800 -0.700 0.050 0.150 1024

real	0m1.590s
user	0m1.588s
sys	0m0.000s
+ ./mandelbrot_seq_withoutIO -0.800 -0.700 0.050 0.150 1024

real	0m1.593s
user	0m1.592s
sys	0m0.000s
+ ./mandelbrot_seq_withoutIO -0.800 -0.700 0.050 0.150 1024

real	0m1.617s
user	0m1.616s
sys	0m0.000s
+ ./mandelbrot_seq_withoutIO -0.800 -0.700 0.050 0.150 1024

real	0m1.596s
user	0m1.592s
sys	0m0.000s
+ ./mandelbrot_seq_withoutIO -0.800 -0.700 0.050 0.150 1024

real	0m1.589s
user	0m1.588s
sys	0m0.000s
+ ./mandelbrot_seq_withoutIO -0.800 -0.700 0.050 0.150 1024

real	0m1.619s
user	0m1.616s
sys	0m0.000s
+ ./mandelbrot_seq_withoutIO -0.800 -0.700 0.050 0.150 1024

real	0m1.611s
user	0m1.608s
sys	0m0.000s
+ ./mandelbrot_seq_withoutIO -0.800 -0.700 0.050 0.150 1024

real	0m1.585s
user	0m1.580s
sys	0m0.004s
+ ./mandelbrot_seq_withoutIO -0.800 -0.700 0.050 0.150 1024

real	0m1.579s
user	0m1.576s
sys	0m0.000s
+ ./mandelbrot_seq_withoutIO -0.800 -0.700 0.050 0.150 2048

real	0m6.347s
user	0m6.344s
sys	0m0.000s
+ ./mandelbrot_seq_withoutIO -0.800 -0.700 0.050 0.150 2048

real	0m6.340s
user	0m6.336s
sys	0m0.000s
+ ./mandelbrot_seq_withoutIO -0.800 -0.700 0.050 0.150 2048

real	0m6.350s
user	0m6.348s
sys	0m0.000s
+ ./mandelbrot_seq_withoutIO -0.800 -0.700 0.050 0.150 2048

real	0m6.403s
user	0m6.400s
sys	0m0.000s
+ ./mandelbrot_seq_withoutIO -0.800 -0.700 0.050 0.150 2048

real	0m6.393s
user	0m6.392s
sys	0m0.000s
+ ./mandelbrot_seq_withoutIO -0.800 -0.700 0.050 0.150 2048

real	0m6.368s
user	0m6.364s
sys	0m0.000s
+ ./mandelbrot_seq_withoutIO -0.800 -0.700 0.050 0.150 2048

real	0m6.336s
user	0m6.332s
sys	0m0.004s
+ ./mandelbrot_seq_withoutIO -0.800 -0.700 0.050 0.150 2048

real	0m6.333s
user	0m6.332s
sys	0m0.000s
+ ./mandelbrot_seq_withoutIO -0.800 -0.700 0.050 0.150 2048

real	0m6.375s
user	0m6.372s
sys	0m0.000s
+ ./mandelbrot_seq_withoutIO -0.800 -0.700 0.050 0.150 2048

real	0m6.333s
user	0m6.332s
sys	0m0.000s
+ ./mandelbrot_seq_withoutIO -0.800 -0.700 0.050 0.150 2048

real	0m6.406s
user	0m6.404s
sys	0m0.000s
+ ./mandelbrot_seq_withoutIO -0.800 -0.700 0.050 0.150 2048

real	0m6.361s
user	0m6.360s
sys	0m0.000s
+ ./mandelbrot_seq_withoutIO -0.800 -0.700 0.050 0.150 2048

real	0m6.383s
user	0m6.380s
sys	0m0.000s
+ ./mandelbrot_seq_withoutIO -0.800 -0.700 0.050 0.150 2048

real	0m6.340s
user	0m6.336s
sys	0m0.000s
+ ./mandelbrot_seq_withoutIO -0.800 -0.700 0.050 0.150 2048

real	0m6.375s
user	0m6.372s
sys	0m0.000s
+ ./mandelbrot_seq_withoutIO -0.800 -0.700 0.050 0.150 2048

real	0m6.336s
user	0m6.332s
sys	0m0.000s
+ ./mandelbrot_seq_withoutIO -0.800 -0.700 0.050 0.150 2048

real	0m6.362s
user	0m6.360s
sys	0m0.000s
+ ./mandelbrot_seq_withoutIO -0.800 -0.700 0.050 0.150 2048

real	0m6.380s
user	0m6.376s
sys	0m0.000s
+ ./mandelbrot_seq_withoutIO -0.800 -0.700 0.050 0.150 2048

real	0m6.378s
user	0m6.376s
sys	0m0.000s
+ ./mandelbrot_seq_withoutIO -0.800 -0.700 0.050 0.150 2048

real	0m6.405s
user	0m6.404s
sys	0m0.000s
+ ./mandelbrot_seq_withoutIO -0.800 -0.700 0.050 0.150 4096

real	0m25.930s
user	0m25.928s
sys	0m0.000s
+ ./mandelbrot_seq_withoutIO -0.800 -0.700 0.050 0.150 4096

real	0m25.424s
user	0m25.420s
sys	0m0.000s
+ ./mandelbrot_seq_withoutIO -0.800 -0.700 0.050 0.150 4096

real	0m25.511s
user	0m25.508s
sys	0m0.000s
+ ./mandelbrot_seq_withoutIO -0.800 -0.700 0.050 0.150 4096

real	0m25.383s
user	0m25.380s
sys	0m0.000s
+ ./mandelbrot_seq_withoutIO -0.800 -0.700 0.050 0.150 4096

real	0m25.388s
user	0m25.384s
sys	0m0.000s
+ ./mandelbrot_seq_withoutIO -0.800 -0.700 0.050 0.150 4096

real	0m25.558s
user	0m25.556s
sys	0m0.000s
+ ./mandelbrot_seq_withoutIO -0.800 -0.700 0.050 0.150 4096

real	0m25.405s
user	0m25.400s
sys	0m0.000s
+ ./mandelbrot_seq_withoutIO -0.800 -0.700 0.050 0.150 4096

real	0m25.405s
user	0m25.400s
sys	0m0.000s
+ ./mandelbrot_seq_withoutIO -0.800 -0.700 0.050 0.150 4096

real	0m25.472s
user	0m25.468s
sys	0m0.000s
+ ./mandelbrot_seq_withoutIO -0.800 -0.700 0.050 0.150 4096

real	0m25.435s
user	0m25.432s
sys	0m0.000s
+ ./mandelbrot_seq_withoutIO -0.800 -0.700 0.050 0.150 4096

real	0m25.407s
user	0m25.404s
sys	0m0.000s
+ ./mandelbrot_seq_withoutIO -0.800 -0.700 0.050 0.150 4096

real	0m25.562s
user	0m25.560s
sys	0m0.000s
+ ./mandelbrot_seq_withoutIO -0.800 -0.700 0.050 0.150 4096

real	0m25.359s
user	0m25.356s
sys	0m0.000s
+ ./mandelbrot_seq_withoutIO -0.800 -0.700 0.050 0.150 4096

real	0m25.384s
user	0m25.380s
sys	0m0.000s
+ ./mandelbrot_seq_withoutIO -0.800 -0.700 0.050 0.150 4096

real	0m25.431s
user	0m25.428s
sys	0m0.000s
+ ./mandelbrot_seq_withoutIO -0.800 -0.700 0.050 0.150 4096

real	0m25.360s
user	0m25.356s
sys	0m0.000s
+ ./mandelbrot_seq_withoutIO -0.800 -0.700 0.050 0.150 4096

real	0m25.428s
user	0m25.424s
sys	0m0.000s
+ ./mandelbrot_seq_withoutIO -0.800 -0.700 0.050 0.150 4096

real	0m25.542s
user	0m25.540s
sys	0m0.000s
+ ./mandelbrot_seq_withoutIO -0.800 -0.700 0.050 0.150 4096

real	0m25.449s
user	0m25.444s
sys	0m0.000s
+ ./mandelbrot_seq_withoutIO -0.800 -0.700 0.050 0.150 4096

real	0m25.384s
user	0m25.380s
sys	0m0.000s
+ ./mandelbrot_seq_withoutIO -0.800 -0.700 0.050 0.150 8192

real	1m41.307s
user	1m41.300s
sys	0m0.000s
+ ./mandelbrot_seq_withoutIO -0.800 -0.700 0.050 0.150 8192

real	1m41.286s
user	1m41.280s
sys	0m0.000s
+ ./mandelbrot_seq_withoutIO -0.800 -0.700 0.050 0.150 8192

real	1m41.358s
user	1m41.352s
sys	0m0.000s
+ ./mandelbrot_seq_withoutIO -0.800 -0.700 0.050 0.150 8192

real	1m41.357s
user	1m41.352s
sys	0m0.000s
+ ./mandelbrot_seq_withoutIO -0.800 -0.700 0.050 0.150 8192

real	1m41.295s
user	1m41.288s
sys	0m0.000s
+ ./mandelbrot_seq_withoutIO -0.800 -0.700 0.050 0.150 8192

real	1m42.079s
user	1m42.076s
sys	0m0.000s
+ ./mandelbrot_seq_withoutIO -0.800 -0.700 0.050 0.150 8192

real	1m41.587s
user	1m41.580s
sys	0m0.000s
+ ./mandelbrot_seq_withoutIO -0.800 -0.700 0.050 0.150 8192

real	1m42.210s
user	1m42.204s
sys	0m0.000s
+ ./mandelbrot_seq_withoutIO -0.800 -0.700 0.050 0.150 8192

real	1m41.991s
user	1m41.984s
sys	0m0.000s
+ ./mandelbrot_seq_withoutIO -0.800 -0.700 0.050 0.150 8192

real	1m41.712s
user	1m41.708s
sys	0m0.000s
+ ./mandelbrot_seq_withoutIO -0.800 -0.700 0.050 0.150 8192

real	1m41.580s
user	1m41.576s
sys	0m0.000s
+ ./mandelbrot_seq_withoutIO -0.800 -0.700 0.050 0.150 8192

real	1m41.625s
user	1m41.620s
sys	0m0.000s
+ ./mandelbrot_seq_withoutIO -0.800 -0.700 0.050 0.150 8192

real	1m41.641s
user	1m41.636s
sys	0m0.000s
+ ./mandelbrot_seq_withoutIO -0.800 -0.700 0.050 0.150 8192

real	1m41.479s
user	1m41.472s
sys	0m0.000s
+ ./mandelbrot_seq_withoutIO -0.800 -0.700 0.050 0.150 8192

real	1m41.569s
user	1m41.564s
sys	0m0.000s
+ ./mandelbrot_seq_withoutIO -0.800 -0.700 0.050 0.150 8192

real	1m41.562s
user	1m41.556s
sys	0m0.000s
+ ./mandelbrot_seq_withoutIO -0.800 -0.700 0.050 0.150 8192

real	1m41.662s
user	1m41.656s
sys	0m0.000s
+ ./mandelbrot_seq_withoutIO -0.800 -0.700 0.050 0.150 8192

real	1m42.113s
user	1m42.108s
sys	0m0.000s
+ ./mandelbrot_seq_withoutIO -0.800 -0.700 0.050 0.150 8192

real	1m41.949s
user	1m41.944s
sys	0m0.000s
+ ./mandelbrot_seq_withoutIO -0.800 -0.700 0.050 0.150 8192

real	1m41.536s
user	1m41.532s
sys	0m0.000s
