+ ./mandelbrot_seq_withIO -0.188 -0.012 0.554 0.754 16

real	0m0.001s
user	0m0.000s
sys	0m0.000s
+ ./mandelbrot_seq_withIO -0.188 -0.012 0.554 0.754 16

real	0m0.001s
user	0m0.000s
sys	0m0.000s
+ ./mandelbrot_seq_withIO -0.188 -0.012 0.554 0.754 16

real	0m0.001s
user	0m0.000s
sys	0m0.000s
+ ./mandelbrot_seq_withIO -0.188 -0.012 0.554 0.754 16

real	0m0.001s
user	0m0.000s
sys	0m0.000s
+ ./mandelbrot_seq_withIO -0.188 -0.012 0.554 0.754 16

real	0m0.001s
user	0m0.000s
sys	0m0.000s
+ ./mandelbrot_seq_withIO -0.188 -0.012 0.554 0.754 16

real	0m0.001s
user	0m0.000s
sys	0m0.000s
+ ./mandelbrot_seq_withIO -0.188 -0.012 0.554 0.754 16

real	0m0.001s
user	0m0.000s
sys	0m0.000s
+ ./mandelbrot_seq_withIO -0.188 -0.012 0.554 0.754 16

real	0m0.001s
user	0m0.000s
sys	0m0.000s
+ ./mandelbrot_seq_withIO -0.188 -0.012 0.554 0.754 16

real	0m0.001s
user	0m0.000s
sys	0m0.000s
+ ./mandelbrot_seq_withIO -0.188 -0.012 0.554 0.754 16

real	0m0.001s
user	0m0.000s
sys	0m0.000s
+ ./mandelbrot_seq_withIO -0.188 -0.012 0.554 0.754 16

real	0m0.001s
user	0m0.000s
sys	0m0.000s
+ ./mandelbrot_seq_withIO -0.188 -0.012 0.554 0.754 16

real	0m0.001s
user	0m0.000s
sys	0m0.000s
+ ./mandelbrot_seq_withIO -0.188 -0.012 0.554 0.754 16

real	0m0.001s
user	0m0.000s
sys	0m0.000s
+ ./mandelbrot_seq_withIO -0.188 -0.012 0.554 0.754 16

real	0m0.001s
user	0m0.000s
sys	0m0.000s
+ ./mandelbrot_seq_withIO -0.188 -0.012 0.554 0.754 16

real	0m0.001s
user	0m0.000s
sys	0m0.000s
+ ./mandelbrot_seq_withIO -0.188 -0.012 0.554 0.754 16

real	0m0.001s
user	0m0.000s
sys	0m0.000s
+ ./mandelbrot_seq_withIO -0.188 -0.012 0.554 0.754 16

real	0m0.001s
user	0m0.000s
sys	0m0.000s
+ ./mandelbrot_seq_withIO -0.188 -0.012 0.554 0.754 16

real	0m0.001s
user	0m0.000s
sys	0m0.000s
+ ./mandelbrot_seq_withIO -0.188 -0.012 0.554 0.754 16

real	0m0.001s
user	0m0.000s
sys	0m0.000s
+ ./mandelbrot_seq_withIO -0.188 -0.012 0.554 0.754 16

real	0m0.001s
user	0m0.000s
sys	0m0.000s
+ ./mandelbrot_seq_withIO -0.188 -0.012 0.554 0.754 32

real	0m0.003s
user	0m0.000s
sys	0m0.000s
+ ./mandelbrot_seq_withIO -0.188 -0.012 0.554 0.754 32

real	0m0.003s
user	0m0.000s
sys	0m0.000s
+ ./mandelbrot_seq_withIO -0.188 -0.012 0.554 0.754 32

real	0m0.003s
user	0m0.000s
sys	0m0.000s
+ ./mandelbrot_seq_withIO -0.188 -0.012 0.554 0.754 32

real	0m0.003s
user	0m0.000s
sys	0m0.000s
+ ./mandelbrot_seq_withIO -0.188 -0.012 0.554 0.754 32

real	0m0.003s
user	0m0.000s
sys	0m0.000s
+ ./mandelbrot_seq_withIO -0.188 -0.012 0.554 0.754 32

real	0m0.003s
user	0m0.000s
sys	0m0.000s
+ ./mandelbrot_seq_withIO -0.188 -0.012 0.554 0.754 32

real	0m0.003s
user	0m0.000s
sys	0m0.000s
+ ./mandelbrot_seq_withIO -0.188 -0.012 0.554 0.754 32

real	0m0.003s
user	0m0.000s
sys	0m0.000s
+ ./mandelbrot_seq_withIO -0.188 -0.012 0.554 0.754 32

real	0m0.003s
user	0m0.000s
sys	0m0.000s
+ ./mandelbrot_seq_withIO -0.188 -0.012 0.554 0.754 32

real	0m0.003s
user	0m0.000s
sys	0m0.000s
+ ./mandelbrot_seq_withIO -0.188 -0.012 0.554 0.754 32

real	0m0.003s
user	0m0.000s
sys	0m0.000s
+ ./mandelbrot_seq_withIO -0.188 -0.012 0.554 0.754 32

real	0m0.003s
user	0m0.000s
sys	0m0.000s
+ ./mandelbrot_seq_withIO -0.188 -0.012 0.554 0.754 32

real	0m0.003s
user	0m0.000s
sys	0m0.000s
+ ./mandelbrot_seq_withIO -0.188 -0.012 0.554 0.754 32

real	0m0.003s
user	0m0.000s
sys	0m0.000s
+ ./mandelbrot_seq_withIO -0.188 -0.012 0.554 0.754 32

real	0m0.003s
user	0m0.000s
sys	0m0.000s
+ ./mandelbrot_seq_withIO -0.188 -0.012 0.554 0.754 32

real	0m0.003s
user	0m0.000s
sys	0m0.000s
+ ./mandelbrot_seq_withIO -0.188 -0.012 0.554 0.754 32

real	0m0.003s
user	0m0.000s
sys	0m0.000s
+ ./mandelbrot_seq_withIO -0.188 -0.012 0.554 0.754 32

real	0m0.003s
user	0m0.000s
sys	0m0.000s
+ ./mandelbrot_seq_withIO -0.188 -0.012 0.554 0.754 32

real	0m0.003s
user	0m0.000s
sys	0m0.000s
+ ./mandelbrot_seq_withIO -0.188 -0.012 0.554 0.754 32

real	0m0.003s
user	0m0.000s
sys	0m0.000s
+ ./mandelbrot_seq_withIO -0.188 -0.012 0.554 0.754 64

real	0m0.009s
user	0m0.008s
sys	0m0.000s
+ ./mandelbrot_seq_withIO -0.188 -0.012 0.554 0.754 64

real	0m0.009s
user	0m0.008s
sys	0m0.000s
+ ./mandelbrot_seq_withIO -0.188 -0.012 0.554 0.754 64

real	0m0.008s
user	0m0.008s
sys	0m0.000s
+ ./mandelbrot_seq_withIO -0.188 -0.012 0.554 0.754 64

real	0m0.008s
user	0m0.008s
sys	0m0.000s
+ ./mandelbrot_seq_withIO -0.188 -0.012 0.554 0.754 64

real	0m0.009s
user	0m0.008s
sys	0m0.000s
+ ./mandelbrot_seq_withIO -0.188 -0.012 0.554 0.754 64

real	0m0.009s
user	0m0.008s
sys	0m0.000s
+ ./mandelbrot_seq_withIO -0.188 -0.012 0.554 0.754 64

real	0m0.009s
user	0m0.008s
sys	0m0.000s
+ ./mandelbrot_seq_withIO -0.188 -0.012 0.554 0.754 64

real	0m0.009s
user	0m0.008s
sys	0m0.000s
+ ./mandelbrot_seq_withIO -0.188 -0.012 0.554 0.754 64

real	0m0.009s
user	0m0.008s
sys	0m0.000s
+ ./mandelbrot_seq_withIO -0.188 -0.012 0.554 0.754 64

real	0m0.009s
user	0m0.008s
sys	0m0.000s
+ ./mandelbrot_seq_withIO -0.188 -0.012 0.554 0.754 64

real	0m0.009s
user	0m0.008s
sys	0m0.000s
+ ./mandelbrot_seq_withIO -0.188 -0.012 0.554 0.754 64

real	0m0.009s
user	0m0.008s
sys	0m0.000s
+ ./mandelbrot_seq_withIO -0.188 -0.012 0.554 0.754 64

real	0m0.008s
user	0m0.004s
sys	0m0.000s
+ ./mandelbrot_seq_withIO -0.188 -0.012 0.554 0.754 64

real	0m0.008s
user	0m0.004s
sys	0m0.000s
+ ./mandelbrot_seq_withIO -0.188 -0.012 0.554 0.754 64

real	0m0.008s
user	0m0.004s
sys	0m0.000s
+ ./mandelbrot_seq_withIO -0.188 -0.012 0.554 0.754 64

real	0m0.008s
user	0m0.004s
sys	0m0.000s
+ ./mandelbrot_seq_withIO -0.188 -0.012 0.554 0.754 64

real	0m0.008s
user	0m0.008s
sys	0m0.000s
+ ./mandelbrot_seq_withIO -0.188 -0.012 0.554 0.754 64

real	0m0.008s
user	0m0.008s
sys	0m0.000s
+ ./mandelbrot_seq_withIO -0.188 -0.012 0.554 0.754 64

real	0m0.008s
user	0m0.004s
sys	0m0.004s
+ ./mandelbrot_seq_withIO -0.188 -0.012 0.554 0.754 64

real	0m0.008s
user	0m0.008s
sys	0m0.000s
+ ./mandelbrot_seq_withIO -0.188 -0.012 0.554 0.754 128

real	0m0.032s
user	0m0.028s
sys	0m0.000s
+ ./mandelbrot_seq_withIO -0.188 -0.012 0.554 0.754 128

real	0m0.031s
user	0m0.028s
sys	0m0.000s
+ ./mandelbrot_seq_withIO -0.188 -0.012 0.554 0.754 128

real	0m0.031s
user	0m0.028s
sys	0m0.000s
+ ./mandelbrot_seq_withIO -0.188 -0.012 0.554 0.754 128

real	0m0.031s
user	0m0.028s
sys	0m0.000s
+ ./mandelbrot_seq_withIO -0.188 -0.012 0.554 0.754 128

real	0m0.031s
user	0m0.028s
sys	0m0.000s
+ ./mandelbrot_seq_withIO -0.188 -0.012 0.554 0.754 128

real	0m0.031s
user	0m0.028s
sys	0m0.000s
+ ./mandelbrot_seq_withIO -0.188 -0.012 0.554 0.754 128

real	0m0.030s
user	0m0.028s
sys	0m0.000s
+ ./mandelbrot_seq_withIO -0.188 -0.012 0.554 0.754 128

real	0m0.034s
user	0m0.032s
sys	0m0.000s
+ ./mandelbrot_seq_withIO -0.188 -0.012 0.554 0.754 128

real	0m0.035s
user	0m0.032s
sys	0m0.000s
+ ./mandelbrot_seq_withIO -0.188 -0.012 0.554 0.754 128

real	0m0.031s
user	0m0.028s
sys	0m0.000s
+ ./mandelbrot_seq_withIO -0.188 -0.012 0.554 0.754 128

real	0m0.031s
user	0m0.028s
sys	0m0.000s
+ ./mandelbrot_seq_withIO -0.188 -0.012 0.554 0.754 128

real	0m0.031s
user	0m0.028s
sys	0m0.000s
+ ./mandelbrot_seq_withIO -0.188 -0.012 0.554 0.754 128

real	0m0.031s
user	0m0.028s
sys	0m0.000s
+ ./mandelbrot_seq_withIO -0.188 -0.012 0.554 0.754 128

real	0m0.031s
user	0m0.028s
sys	0m0.000s
+ ./mandelbrot_seq_withIO -0.188 -0.012 0.554 0.754 128

real	0m0.031s
user	0m0.028s
sys	0m0.000s
+ ./mandelbrot_seq_withIO -0.188 -0.012 0.554 0.754 128

real	0m0.031s
user	0m0.028s
sys	0m0.000s
+ ./mandelbrot_seq_withIO -0.188 -0.012 0.554 0.754 128

real	0m0.032s
user	0m0.028s
sys	0m0.000s
+ ./mandelbrot_seq_withIO -0.188 -0.012 0.554 0.754 128

real	0m0.031s
user	0m0.028s
sys	0m0.000s
+ ./mandelbrot_seq_withIO -0.188 -0.012 0.554 0.754 128

real	0m0.031s
user	0m0.028s
sys	0m0.000s
+ ./mandelbrot_seq_withIO -0.188 -0.012 0.554 0.754 128

real	0m0.031s
user	0m0.028s
sys	0m0.000s
+ ./mandelbrot_seq_withIO -0.188 -0.012 0.554 0.754 256

real	0m0.120s
user	0m0.116s
sys	0m0.000s
+ ./mandelbrot_seq_withIO -0.188 -0.012 0.554 0.754 256

real	0m0.119s
user	0m0.116s
sys	0m0.000s
+ ./mandelbrot_seq_withIO -0.188 -0.012 0.554 0.754 256

real	0m0.118s
user	0m0.116s
sys	0m0.000s
+ ./mandelbrot_seq_withIO -0.188 -0.012 0.554 0.754 256

real	0m0.118s
user	0m0.116s
sys	0m0.000s
+ ./mandelbrot_seq_withIO -0.188 -0.012 0.554 0.754 256

real	0m0.119s
user	0m0.116s
sys	0m0.000s
+ ./mandelbrot_seq_withIO -0.188 -0.012 0.554 0.754 256

real	0m0.119s
user	0m0.116s
sys	0m0.000s
+ ./mandelbrot_seq_withIO -0.188 -0.012 0.554 0.754 256

real	0m0.121s
user	0m0.120s
sys	0m0.000s
+ ./mandelbrot_seq_withIO -0.188 -0.012 0.554 0.754 256

real	0m0.120s
user	0m0.120s
sys	0m0.000s
+ ./mandelbrot_seq_withIO -0.188 -0.012 0.554 0.754 256

real	0m0.119s
user	0m0.116s
sys	0m0.000s
+ ./mandelbrot_seq_withIO -0.188 -0.012 0.554 0.754 256

real	0m0.119s
user	0m0.116s
sys	0m0.000s
+ ./mandelbrot_seq_withIO -0.188 -0.012 0.554 0.754 256

real	0m0.120s
user	0m0.116s
sys	0m0.000s
+ ./mandelbrot_seq_withIO -0.188 -0.012 0.554 0.754 256

real	0m0.120s
user	0m0.116s
sys	0m0.000s
+ ./mandelbrot_seq_withIO -0.188 -0.012 0.554 0.754 256

real	0m0.118s
user	0m0.112s
sys	0m0.004s
+ ./mandelbrot_seq_withIO -0.188 -0.012 0.554 0.754 256

real	0m0.120s
user	0m0.116s
sys	0m0.000s
+ ./mandelbrot_seq_withIO -0.188 -0.012 0.554 0.754 256

real	0m0.120s
user	0m0.120s
sys	0m0.000s
+ ./mandelbrot_seq_withIO -0.188 -0.012 0.554 0.754 256

real	0m0.133s
user	0m0.132s
sys	0m0.000s
+ ./mandelbrot_seq_withIO -0.188 -0.012 0.554 0.754 256

real	0m0.120s
user	0m0.116s
sys	0m0.000s
+ ./mandelbrot_seq_withIO -0.188 -0.012 0.554 0.754 256

real	0m0.119s
user	0m0.116s
sys	0m0.000s
+ ./mandelbrot_seq_withIO -0.188 -0.012 0.554 0.754 256

real	0m0.121s
user	0m0.120s
sys	0m0.000s
+ ./mandelbrot_seq_withIO -0.188 -0.012 0.554 0.754 256

real	0m0.120s
user	0m0.116s
sys	0m0.000s
+ ./mandelbrot_seq_withIO -0.188 -0.012 0.554 0.754 512

real	0m0.476s
user	0m0.468s
sys	0m0.004s
+ ./mandelbrot_seq_withIO -0.188 -0.012 0.554 0.754 512

real	0m0.475s
user	0m0.468s
sys	0m0.004s
+ ./mandelbrot_seq_withIO -0.188 -0.012 0.554 0.754 512

real	0m0.477s
user	0m0.476s
sys	0m0.000s
+ ./mandelbrot_seq_withIO -0.188 -0.012 0.554 0.754 512

real	0m0.480s
user	0m0.472s
sys	0m0.004s
+ ./mandelbrot_seq_withIO -0.188 -0.012 0.554 0.754 512

real	0m0.477s
user	0m0.468s
sys	0m0.008s
+ ./mandelbrot_seq_withIO -0.188 -0.012 0.554 0.754 512

real	0m0.477s
user	0m0.476s
sys	0m0.000s
+ ./mandelbrot_seq_withIO -0.188 -0.012 0.554 0.754 512

real	0m0.471s
user	0m0.464s
sys	0m0.004s
+ ./mandelbrot_seq_withIO -0.188 -0.012 0.554 0.754 512

real	0m0.477s
user	0m0.464s
sys	0m0.012s
+ ./mandelbrot_seq_withIO -0.188 -0.012 0.554 0.754 512

real	0m0.468s
user	0m0.460s
sys	0m0.004s
+ ./mandelbrot_seq_withIO -0.188 -0.012 0.554 0.754 512

real	0m0.475s
user	0m0.468s
sys	0m0.004s
+ ./mandelbrot_seq_withIO -0.188 -0.012 0.554 0.754 512

real	0m0.480s
user	0m0.472s
sys	0m0.004s
+ ./mandelbrot_seq_withIO -0.188 -0.012 0.554 0.754 512

real	0m0.488s
user	0m0.480s
sys	0m0.004s
+ ./mandelbrot_seq_withIO -0.188 -0.012 0.554 0.754 512

real	0m0.482s
user	0m0.480s
sys	0m0.000s
+ ./mandelbrot_seq_withIO -0.188 -0.012 0.554 0.754 512

real	0m0.477s
user	0m0.464s
sys	0m0.012s
+ ./mandelbrot_seq_withIO -0.188 -0.012 0.554 0.754 512

real	0m0.473s
user	0m0.472s
sys	0m0.000s
+ ./mandelbrot_seq_withIO -0.188 -0.012 0.554 0.754 512

real	0m0.477s
user	0m0.472s
sys	0m0.004s
+ ./mandelbrot_seq_withIO -0.188 -0.012 0.554 0.754 512

real	0m0.471s
user	0m0.464s
sys	0m0.004s
+ ./mandelbrot_seq_withIO -0.188 -0.012 0.554 0.754 512

real	0m0.476s
user	0m0.468s
sys	0m0.004s
+ ./mandelbrot_seq_withIO -0.188 -0.012 0.554 0.754 512

real	0m0.475s
user	0m0.472s
sys	0m0.000s
+ ./mandelbrot_seq_withIO -0.188 -0.012 0.554 0.754 512

real	0m0.470s
user	0m0.464s
sys	0m0.004s
+ ./mandelbrot_seq_withIO -0.188 -0.012 0.554 0.754 1024

real	0m1.922s
user	0m1.904s
sys	0m0.016s
+ ./mandelbrot_seq_withIO -0.188 -0.012 0.554 0.754 1024

real	0m1.887s
user	0m1.860s
sys	0m0.024s
+ ./mandelbrot_seq_withIO -0.188 -0.012 0.554 0.754 1024

real	0m1.889s
user	0m1.872s
sys	0m0.016s
+ ./mandelbrot_seq_withIO -0.188 -0.012 0.554 0.754 1024

real	0m1.916s
user	0m1.912s
sys	0m0.000s
+ ./mandelbrot_seq_withIO -0.188 -0.012 0.554 0.754 1024

real	0m1.908s
user	0m1.888s
sys	0m0.016s
+ ./mandelbrot_seq_withIO -0.188 -0.012 0.554 0.754 1024

real	0m1.912s
user	0m1.888s
sys	0m0.020s
+ ./mandelbrot_seq_withIO -0.188 -0.012 0.554 0.754 1024

real	0m1.912s
user	0m1.888s
sys	0m0.020s
+ ./mandelbrot_seq_withIO -0.188 -0.012 0.554 0.754 1024

real	0m1.903s
user	0m1.896s
sys	0m0.004s
+ ./mandelbrot_seq_withIO -0.188 -0.012 0.554 0.754 1024

real	0m1.882s
user	0m1.868s
sys	0m0.012s
+ ./mandelbrot_seq_withIO -0.188 -0.012 0.554 0.754 1024

real	0m1.888s
user	0m1.872s
sys	0m0.012s
+ ./mandelbrot_seq_withIO -0.188 -0.012 0.554 0.754 1024

real	0m1.891s
user	0m1.868s
sys	0m0.020s
+ ./mandelbrot_seq_withIO -0.188 -0.012 0.554 0.754 1024

real	0m1.889s
user	0m1.868s
sys	0m0.020s
+ ./mandelbrot_seq_withIO -0.188 -0.012 0.554 0.754 1024

real	0m1.898s
user	0m1.880s
sys	0m0.016s
+ ./mandelbrot_seq_withIO -0.188 -0.012 0.554 0.754 1024

real	0m1.894s
user	0m1.864s
sys	0m0.028s
+ ./mandelbrot_seq_withIO -0.188 -0.012 0.554 0.754 1024

real	0m1.893s
user	0m1.860s
sys	0m0.032s
+ ./mandelbrot_seq_withIO -0.188 -0.012 0.554 0.754 1024

real	0m1.892s
user	0m1.876s
sys	0m0.016s
+ ./mandelbrot_seq_withIO -0.188 -0.012 0.554 0.754 1024

real	0m1.903s
user	0m1.880s
sys	0m0.020s
+ ./mandelbrot_seq_withIO -0.188 -0.012 0.554 0.754 1024

real	0m1.898s
user	0m1.868s
sys	0m0.028s
+ ./mandelbrot_seq_withIO -0.188 -0.012 0.554 0.754 1024

real	0m1.896s
user	0m1.880s
sys	0m0.012s
+ ./mandelbrot_seq_withIO -0.188 -0.012 0.554 0.754 1024

real	0m1.886s
user	0m1.868s
sys	0m0.016s
+ ./mandelbrot_seq_withIO -0.188 -0.012 0.554 0.754 2048

real	0m7.565s
user	0m7.496s
sys	0m0.068s
+ ./mandelbrot_seq_withIO -0.188 -0.012 0.554 0.754 2048

real	0m7.587s
user	0m7.504s
sys	0m0.080s
+ ./mandelbrot_seq_withIO -0.188 -0.012 0.554 0.754 2048

real	0m7.554s
user	0m7.500s
sys	0m0.052s
+ ./mandelbrot_seq_withIO -0.188 -0.012 0.554 0.754 2048

real	0m7.546s
user	0m7.468s
sys	0m0.076s
+ ./mandelbrot_seq_withIO -0.188 -0.012 0.554 0.754 2048

real	0m7.576s
user	0m7.508s
sys	0m0.064s
+ ./mandelbrot_seq_withIO -0.188 -0.012 0.554 0.754 2048

real	0m7.542s
user	0m7.468s
sys	0m0.072s
+ ./mandelbrot_seq_withIO -0.188 -0.012 0.554 0.754 2048

real	0m7.539s
user	0m7.452s
sys	0m0.084s
+ ./mandelbrot_seq_withIO -0.188 -0.012 0.554 0.754 2048

real	0m7.549s
user	0m7.468s
sys	0m0.080s
+ ./mandelbrot_seq_withIO -0.188 -0.012 0.554 0.754 2048

real	0m7.582s
user	0m7.512s
sys	0m0.068s
+ ./mandelbrot_seq_withIO -0.188 -0.012 0.554 0.754 2048

real	0m7.586s
user	0m7.524s
sys	0m0.060s
+ ./mandelbrot_seq_withIO -0.188 -0.012 0.554 0.754 2048

real	0m7.566s
user	0m7.492s
sys	0m0.072s
+ ./mandelbrot_seq_withIO -0.188 -0.012 0.554 0.754 2048

real	0m7.567s
user	0m7.508s
sys	0m0.056s
+ ./mandelbrot_seq_withIO -0.188 -0.012 0.554 0.754 2048

real	0m7.581s
user	0m7.516s
sys	0m0.064s
+ ./mandelbrot_seq_withIO -0.188 -0.012 0.554 0.754 2048

real	0m7.546s
user	0m7.484s
sys	0m0.060s
+ ./mandelbrot_seq_withIO -0.188 -0.012 0.554 0.754 2048

real	0m7.564s
user	0m7.492s
sys	0m0.068s
+ ./mandelbrot_seq_withIO -0.188 -0.012 0.554 0.754 2048

real	0m7.522s
user	0m7.448s
sys	0m0.072s
+ ./mandelbrot_seq_withIO -0.188 -0.012 0.554 0.754 2048

real	0m7.536s
user	0m7.444s
sys	0m0.088s
+ ./mandelbrot_seq_withIO -0.188 -0.012 0.554 0.754 2048

real	0m7.649s
user	0m7.576s
sys	0m0.072s
+ ./mandelbrot_seq_withIO -0.188 -0.012 0.554 0.754 2048

real	0m7.598s
user	0m7.524s
sys	0m0.072s
+ ./mandelbrot_seq_withIO -0.188 -0.012 0.554 0.754 2048

real	0m7.539s
user	0m7.456s
sys	0m0.080s
+ ./mandelbrot_seq_withIO -0.188 -0.012 0.554 0.754 4096

real	0m30.345s
user	0m29.912s
sys	0m0.264s
+ ./mandelbrot_seq_withIO -0.188 -0.012 0.554 0.754 4096

real	0m30.270s
user	0m29.940s
sys	0m0.276s
+ ./mandelbrot_seq_withIO -0.188 -0.012 0.554 0.754 4096

real	0m30.262s
user	0m29.964s
sys	0m0.248s
+ ./mandelbrot_seq_withIO -0.188 -0.012 0.554 0.754 4096

real	0m30.422s
user	0m30.112s
sys	0m0.256s
+ ./mandelbrot_seq_withIO -0.188 -0.012 0.554 0.754 4096

real	0m30.226s
user	0m29.904s
sys	0m0.268s
+ ./mandelbrot_seq_withIO -0.188 -0.012 0.554 0.754 4096

real	0m30.174s
user	0m29.816s
sys	0m0.308s
+ ./mandelbrot_seq_withIO -0.188 -0.012 0.554 0.754 4096

real	0m30.376s
user	0m30.028s
sys	0m0.304s
+ ./mandelbrot_seq_withIO -0.188 -0.012 0.554 0.754 4096

real	0m30.552s
user	0m30.188s
sys	0m0.312s
+ ./mandelbrot_seq_withIO -0.188 -0.012 0.554 0.754 4096

real	0m30.313s
user	0m30.008s
sys	0m0.300s
+ ./mandelbrot_seq_withIO -0.188 -0.012 0.554 0.754 4096

real	0m30.593s
user	0m30.264s
sys	0m0.280s
+ ./mandelbrot_seq_withIO -0.188 -0.012 0.554 0.754 4096

real	0m30.280s
user	0m29.884s
sys	0m0.348s
+ ./mandelbrot_seq_withIO -0.188 -0.012 0.554 0.754 4096

real	0m30.483s
user	0m30.156s
sys	0m0.276s
+ ./mandelbrot_seq_withIO -0.188 -0.012 0.554 0.754 4096

real	0m30.359s
user	0m30.000s
sys	0m0.308s
+ ./mandelbrot_seq_withIO -0.188 -0.012 0.554 0.754 4096

real	0m30.342s
user	0m29.992s
sys	0m0.292s
+ ./mandelbrot_seq_withIO -0.188 -0.012 0.554 0.754 4096

real	0m30.446s
user	0m30.060s
sys	0m0.332s
+ ./mandelbrot_seq_withIO -0.188 -0.012 0.554 0.754 4096

real	0m30.558s
user	0m30.216s
sys	0m0.296s
+ ./mandelbrot_seq_withIO -0.188 -0.012 0.554 0.754 4096

real	0m30.493s
user	0m30.152s
sys	0m0.292s
+ ./mandelbrot_seq_withIO -0.188 -0.012 0.554 0.754 4096

real	0m30.390s
user	0m30.056s
sys	0m0.288s
+ ./mandelbrot_seq_withIO -0.188 -0.012 0.554 0.754 4096

real	0m30.434s
user	0m30.076s
sys	0m0.308s
+ ./mandelbrot_seq_withIO -0.188 -0.012 0.554 0.754 4096

real	0m30.571s
user	0m30.192s
sys	0m0.316s
+ ./mandelbrot_seq_withIO -0.188 -0.012 0.554 0.754 8192

real	2m2.606s
user	2m0.208s
sys	0m1.244s
+ ./mandelbrot_seq_withIO -0.188 -0.012 0.554 0.754 8192

real	2m2.530s
user	2m0.104s
sys	0m1.240s
+ ./mandelbrot_seq_withIO -0.188 -0.012 0.554 0.754 8192

real	2m2.710s
user	2m0.340s
sys	0m1.188s
+ ./mandelbrot_seq_withIO -0.188 -0.012 0.554 0.754 8192

real	2m2.108s
user	1m59.704s
sys	0m1.224s
+ ./mandelbrot_seq_withIO -0.188 -0.012 0.554 0.754 8192

real	2m2.690s
user	2m0.268s
sys	0m1.236s
+ ./mandelbrot_seq_withIO -0.188 -0.012 0.554 0.754 8192

real	2m3.024s
user	2m0.676s
sys	0m1.148s
+ ./mandelbrot_seq_withIO -0.188 -0.012 0.554 0.754 8192

real	2m2.233s
user	1m59.908s
sys	0m1.168s
+ ./mandelbrot_seq_withIO -0.188 -0.012 0.554 0.754 8192

real	2m2.246s
user	1m59.952s
sys	0m1.148s
+ ./mandelbrot_seq_withIO -0.188 -0.012 0.554 0.754 8192

real	2m2.595s
user	2m0.260s
sys	0m1.160s
+ ./mandelbrot_seq_withIO -0.188 -0.012 0.554 0.754 8192

real	2m3.322s
user	2m1.060s
sys	0m1.116s
+ ./mandelbrot_seq_withIO -0.188 -0.012 0.554 0.754 8192

real	2m2.736s
user	2m0.268s
sys	0m1.280s
+ ./mandelbrot_seq_withIO -0.188 -0.012 0.554 0.754 8192

real	2m2.591s
user	2m0.156s
sys	0m1.264s
+ ./mandelbrot_seq_withIO -0.188 -0.012 0.554 0.754 8192

real	2m2.408s
user	2m0.024s
sys	0m1.192s
+ ./mandelbrot_seq_withIO -0.188 -0.012 0.554 0.754 8192

real	2m2.167s
user	1m59.864s
sys	0m1.108s
+ ./mandelbrot_seq_withIO -0.188 -0.012 0.554 0.754 8192

real	2m2.881s
user	2m0.464s
sys	0m1.232s
+ ./mandelbrot_seq_withIO -0.188 -0.012 0.554 0.754 8192

real	2m3.280s
user	2m0.960s
sys	0m1.132s
+ ./mandelbrot_seq_withIO -0.188 -0.012 0.554 0.754 8192

real	2m2.980s
user	2m0.668s
sys	0m1.156s
+ ./mandelbrot_seq_withIO -0.188 -0.012 0.554 0.754 8192

real	2m2.448s
user	2m0.064s
sys	0m1.200s
+ ./mandelbrot_seq_withIO -0.188 -0.012 0.554 0.754 8192

real	2m3.065s
user	2m0.664s
sys	0m1.240s
+ ./mandelbrot_seq_withIO -0.188 -0.012 0.554 0.754 8192

real	2m2.446s
user	1m59.928s
sys	0m1.316s
+ ./mandelbrot_seq_withoutIO -0.188 -0.012 0.554 0.754 16

real	0m0.001s
user	0m0.000s
sys	0m0.000s
+ ./mandelbrot_seq_withoutIO -0.188 -0.012 0.554 0.754 16

real	0m0.001s
user	0m0.000s
sys	0m0.000s
+ ./mandelbrot_seq_withoutIO -0.188 -0.012 0.554 0.754 16

real	0m0.001s
user	0m0.000s
sys	0m0.000s
+ ./mandelbrot_seq_withoutIO -0.188 -0.012 0.554 0.754 16

real	0m0.001s
user	0m0.000s
sys	0m0.000s
+ ./mandelbrot_seq_withoutIO -0.188 -0.012 0.554 0.754 16

real	0m0.001s
user	0m0.000s
sys	0m0.000s
+ ./mandelbrot_seq_withoutIO -0.188 -0.012 0.554 0.754 16

real	0m0.001s
user	0m0.000s
sys	0m0.000s
+ ./mandelbrot_seq_withoutIO -0.188 -0.012 0.554 0.754 16

real	0m0.001s
user	0m0.000s
sys	0m0.000s
+ ./mandelbrot_seq_withoutIO -0.188 -0.012 0.554 0.754 16

real	0m0.001s
user	0m0.000s
sys	0m0.000s
+ ./mandelbrot_seq_withoutIO -0.188 -0.012 0.554 0.754 16

real	0m0.001s
user	0m0.000s
sys	0m0.000s
+ ./mandelbrot_seq_withoutIO -0.188 -0.012 0.554 0.754 16

real	0m0.001s
user	0m0.000s
sys	0m0.000s
+ ./mandelbrot_seq_withoutIO -0.188 -0.012 0.554 0.754 16

real	0m0.001s
user	0m0.000s
sys	0m0.000s
+ ./mandelbrot_seq_withoutIO -0.188 -0.012 0.554 0.754 16

real	0m0.001s
user	0m0.000s
sys	0m0.000s
+ ./mandelbrot_seq_withoutIO -0.188 -0.012 0.554 0.754 16

real	0m0.001s
user	0m0.000s
sys	0m0.000s
+ ./mandelbrot_seq_withoutIO -0.188 -0.012 0.554 0.754 16

real	0m0.001s
user	0m0.000s
sys	0m0.000s
+ ./mandelbrot_seq_withoutIO -0.188 -0.012 0.554 0.754 16

real	0m0.001s
user	0m0.000s
sys	0m0.000s
+ ./mandelbrot_seq_withoutIO -0.188 -0.012 0.554 0.754 16

real	0m0.001s
user	0m0.000s
sys	0m0.000s
+ ./mandelbrot_seq_withoutIO -0.188 -0.012 0.554 0.754 16

real	0m0.001s
user	0m0.000s
sys	0m0.000s
+ ./mandelbrot_seq_withoutIO -0.188 -0.012 0.554 0.754 16

real	0m0.001s
user	0m0.000s
sys	0m0.000s
+ ./mandelbrot_seq_withoutIO -0.188 -0.012 0.554 0.754 16

real	0m0.001s
user	0m0.000s
sys	0m0.000s
+ ./mandelbrot_seq_withoutIO -0.188 -0.012 0.554 0.754 16

real	0m0.001s
user	0m0.000s
sys	0m0.000s
+ ./mandelbrot_seq_withoutIO -0.188 -0.012 0.554 0.754 32

real	0m0.002s
user	0m0.000s
sys	0m0.000s
+ ./mandelbrot_seq_withoutIO -0.188 -0.012 0.554 0.754 32

real	0m0.002s
user	0m0.000s
sys	0m0.000s
+ ./mandelbrot_seq_withoutIO -0.188 -0.012 0.554 0.754 32

real	0m0.003s
user	0m0.000s
sys	0m0.000s
+ ./mandelbrot_seq_withoutIO -0.188 -0.012 0.554 0.754 32

real	0m0.003s
user	0m0.000s
sys	0m0.000s
+ ./mandelbrot_seq_withoutIO -0.188 -0.012 0.554 0.754 32

real	0m0.003s
user	0m0.000s
sys	0m0.000s
+ ./mandelbrot_seq_withoutIO -0.188 -0.012 0.554 0.754 32

real	0m0.002s
user	0m0.000s
sys	0m0.000s
+ ./mandelbrot_seq_withoutIO -0.188 -0.012 0.554 0.754 32

real	0m0.002s
user	0m0.000s
sys	0m0.000s
+ ./mandelbrot_seq_withoutIO -0.188 -0.012 0.554 0.754 32

real	0m0.002s
user	0m0.000s
sys	0m0.000s
+ ./mandelbrot_seq_withoutIO -0.188 -0.012 0.554 0.754 32

real	0m0.002s
user	0m0.000s
sys	0m0.000s
+ ./mandelbrot_seq_withoutIO -0.188 -0.012 0.554 0.754 32

real	0m0.003s
user	0m0.000s
sys	0m0.000s
+ ./mandelbrot_seq_withoutIO -0.188 -0.012 0.554 0.754 32

real	0m0.002s
user	0m0.000s
sys	0m0.000s
+ ./mandelbrot_seq_withoutIO -0.188 -0.012 0.554 0.754 32

real	0m0.002s
user	0m0.000s
sys	0m0.000s
+ ./mandelbrot_seq_withoutIO -0.188 -0.012 0.554 0.754 32

real	0m0.002s
user	0m0.000s
sys	0m0.000s
+ ./mandelbrot_seq_withoutIO -0.188 -0.012 0.554 0.754 32

real	0m0.002s
user	0m0.000s
sys	0m0.000s
+ ./mandelbrot_seq_withoutIO -0.188 -0.012 0.554 0.754 32

real	0m0.002s
user	0m0.000s
sys	0m0.000s
+ ./mandelbrot_seq_withoutIO -0.188 -0.012 0.554 0.754 32

real	0m0.002s
user	0m0.000s
sys	0m0.000s
+ ./mandelbrot_seq_withoutIO -0.188 -0.012 0.554 0.754 32

real	0m0.002s
user	0m0.000s
sys	0m0.000s
+ ./mandelbrot_seq_withoutIO -0.188 -0.012 0.554 0.754 32

real	0m0.002s
user	0m0.000s
sys	0m0.000s
+ ./mandelbrot_seq_withoutIO -0.188 -0.012 0.554 0.754 32

real	0m0.002s
user	0m0.000s
sys	0m0.000s
+ ./mandelbrot_seq_withoutIO -0.188 -0.012 0.554 0.754 32

real	0m0.002s
user	0m0.000s
sys	0m0.000s
+ ./mandelbrot_seq_withoutIO -0.188 -0.012 0.554 0.754 64

real	0m0.008s
user	0m0.004s
sys	0m0.000s
+ ./mandelbrot_seq_withoutIO -0.188 -0.012 0.554 0.754 64

real	0m0.008s
user	0m0.004s
sys	0m0.000s
+ ./mandelbrot_seq_withoutIO -0.188 -0.012 0.554 0.754 64

real	0m0.008s
user	0m0.004s
sys	0m0.000s
+ ./mandelbrot_seq_withoutIO -0.188 -0.012 0.554 0.754 64

real	0m0.008s
user	0m0.004s
sys	0m0.000s
+ ./mandelbrot_seq_withoutIO -0.188 -0.012 0.554 0.754 64

real	0m0.008s
user	0m0.004s
sys	0m0.000s
+ ./mandelbrot_seq_withoutIO -0.188 -0.012 0.554 0.754 64

real	0m0.008s
user	0m0.004s
sys	0m0.000s
+ ./mandelbrot_seq_withoutIO -0.188 -0.012 0.554 0.754 64

real	0m0.008s
user	0m0.004s
sys	0m0.000s
+ ./mandelbrot_seq_withoutIO -0.188 -0.012 0.554 0.754 64

real	0m0.008s
user	0m0.004s
sys	0m0.000s
+ ./mandelbrot_seq_withoutIO -0.188 -0.012 0.554 0.754 64

real	0m0.008s
user	0m0.004s
sys	0m0.000s
+ ./mandelbrot_seq_withoutIO -0.188 -0.012 0.554 0.754 64

real	0m0.008s
user	0m0.004s
sys	0m0.000s
+ ./mandelbrot_seq_withoutIO -0.188 -0.012 0.554 0.754 64

real	0m0.008s
user	0m0.004s
sys	0m0.000s
+ ./mandelbrot_seq_withoutIO -0.188 -0.012 0.554 0.754 64

real	0m0.008s
user	0m0.004s
sys	0m0.000s
+ ./mandelbrot_seq_withoutIO -0.188 -0.012 0.554 0.754 64

real	0m0.008s
user	0m0.004s
sys	0m0.000s
+ ./mandelbrot_seq_withoutIO -0.188 -0.012 0.554 0.754 64

real	0m0.008s
user	0m0.004s
sys	0m0.000s
+ ./mandelbrot_seq_withoutIO -0.188 -0.012 0.554 0.754 64

real	0m0.008s
user	0m0.004s
sys	0m0.000s
+ ./mandelbrot_seq_withoutIO -0.188 -0.012 0.554 0.754 64

real	0m0.008s
user	0m0.004s
sys	0m0.000s
+ ./mandelbrot_seq_withoutIO -0.188 -0.012 0.554 0.754 64

real	0m0.008s
user	0m0.004s
sys	0m0.000s
+ ./mandelbrot_seq_withoutIO -0.188 -0.012 0.554 0.754 64

real	0m0.008s
user	0m0.004s
sys	0m0.000s
+ ./mandelbrot_seq_withoutIO -0.188 -0.012 0.554 0.754 64

real	0m0.008s
user	0m0.004s
sys	0m0.000s
+ ./mandelbrot_seq_withoutIO -0.188 -0.012 0.554 0.754 64

real	0m0.008s
user	0m0.004s
sys	0m0.000s
+ ./mandelbrot_seq_withoutIO -0.188 -0.012 0.554 0.754 128

real	0m0.029s
user	0m0.028s
sys	0m0.000s
+ ./mandelbrot_seq_withoutIO -0.188 -0.012 0.554 0.754 128

real	0m0.029s
user	0m0.028s
sys	0m0.000s
+ ./mandelbrot_seq_withoutIO -0.188 -0.012 0.554 0.754 128

real	0m0.029s
user	0m0.028s
sys	0m0.000s
+ ./mandelbrot_seq_withoutIO -0.188 -0.012 0.554 0.754 128

real	0m0.029s
user	0m0.028s
sys	0m0.000s
+ ./mandelbrot_seq_withoutIO -0.188 -0.012 0.554 0.754 128

real	0m0.029s
user	0m0.028s
sys	0m0.000s
+ ./mandelbrot_seq_withoutIO -0.188 -0.012 0.554 0.754 128

real	0m0.030s
user	0m0.028s
sys	0m0.000s
+ ./mandelbrot_seq_withoutIO -0.188 -0.012 0.554 0.754 128

real	0m0.029s
user	0m0.028s
sys	0m0.000s
+ ./mandelbrot_seq_withoutIO -0.188 -0.012 0.554 0.754 128

real	0m0.029s
user	0m0.028s
sys	0m0.000s
+ ./mandelbrot_seq_withoutIO -0.188 -0.012 0.554 0.754 128

real	0m0.030s
user	0m0.028s
sys	0m0.000s
+ ./mandelbrot_seq_withoutIO -0.188 -0.012 0.554 0.754 128

real	0m0.029s
user	0m0.028s
sys	0m0.000s
+ ./mandelbrot_seq_withoutIO -0.188 -0.012 0.554 0.754 128

real	0m0.030s
user	0m0.028s
sys	0m0.000s
+ ./mandelbrot_seq_withoutIO -0.188 -0.012 0.554 0.754 128

real	0m0.029s
user	0m0.028s
sys	0m0.000s
+ ./mandelbrot_seq_withoutIO -0.188 -0.012 0.554 0.754 128

real	0m0.029s
user	0m0.028s
sys	0m0.000s
+ ./mandelbrot_seq_withoutIO -0.188 -0.012 0.554 0.754 128

real	0m0.029s
user	0m0.028s
sys	0m0.000s
+ ./mandelbrot_seq_withoutIO -0.188 -0.012 0.554 0.754 128

real	0m0.030s
user	0m0.028s
sys	0m0.000s
+ ./mandelbrot_seq_withoutIO -0.188 -0.012 0.554 0.754 128

real	0m0.029s
user	0m0.028s
sys	0m0.000s
+ ./mandelbrot_seq_withoutIO -0.188 -0.012 0.554 0.754 128

real	0m0.030s
user	0m0.028s
sys	0m0.000s
+ ./mandelbrot_seq_withoutIO -0.188 -0.012 0.554 0.754 128

real	0m0.030s
user	0m0.028s
sys	0m0.000s
+ ./mandelbrot_seq_withoutIO -0.188 -0.012 0.554 0.754 128

real	0m0.030s
user	0m0.028s
sys	0m0.000s
+ ./mandelbrot_seq_withoutIO -0.188 -0.012 0.554 0.754 128

real	0m0.029s
user	0m0.028s
sys	0m0.000s
+ ./mandelbrot_seq_withoutIO -0.188 -0.012 0.554 0.754 256

real	0m0.114s
user	0m0.112s
sys	0m0.000s
+ ./mandelbrot_seq_withoutIO -0.188 -0.012 0.554 0.754 256

real	0m0.116s
user	0m0.116s
sys	0m0.000s
+ ./mandelbrot_seq_withoutIO -0.188 -0.012 0.554 0.754 256

real	0m0.114s
user	0m0.112s
sys	0m0.000s
+ ./mandelbrot_seq_withoutIO -0.188 -0.012 0.554 0.754 256

real	0m0.114s
user	0m0.112s
sys	0m0.000s
+ ./mandelbrot_seq_withoutIO -0.188 -0.012 0.554 0.754 256

real	0m0.114s
user	0m0.112s
sys	0m0.000s
+ ./mandelbrot_seq_withoutIO -0.188 -0.012 0.554 0.754 256

real	0m0.114s
user	0m0.112s
sys	0m0.000s
+ ./mandelbrot_seq_withoutIO -0.188 -0.012 0.554 0.754 256

real	0m0.114s
user	0m0.112s
sys	0m0.000s
+ ./mandelbrot_seq_withoutIO -0.188 -0.012 0.554 0.754 256

real	0m0.117s
user	0m0.116s
sys	0m0.000s
+ ./mandelbrot_seq_withoutIO -0.188 -0.012 0.554 0.754 256

real	0m0.115s
user	0m0.112s
sys	0m0.000s
+ ./mandelbrot_seq_withoutIO -0.188 -0.012 0.554 0.754 256

real	0m0.113s
user	0m0.112s
sys	0m0.000s
+ ./mandelbrot_seq_withoutIO -0.188 -0.012 0.554 0.754 256

real	0m0.114s
user	0m0.112s
sys	0m0.000s
+ ./mandelbrot_seq_withoutIO -0.188 -0.012 0.554 0.754 256

real	0m0.113s
user	0m0.112s
sys	0m0.000s
+ ./mandelbrot_seq_withoutIO -0.188 -0.012 0.554 0.754 256

real	0m0.114s
user	0m0.112s
sys	0m0.000s
+ ./mandelbrot_seq_withoutIO -0.188 -0.012 0.554 0.754 256

real	0m0.114s
user	0m0.112s
sys	0m0.000s
+ ./mandelbrot_seq_withoutIO -0.188 -0.012 0.554 0.754 256

real	0m0.114s
user	0m0.112s
sys	0m0.000s
+ ./mandelbrot_seq_withoutIO -0.188 -0.012 0.554 0.754 256

real	0m0.114s
user	0m0.112s
sys	0m0.000s
+ ./mandelbrot_seq_withoutIO -0.188 -0.012 0.554 0.754 256

real	0m0.117s
user	0m0.116s
sys	0m0.000s
+ ./mandelbrot_seq_withoutIO -0.188 -0.012 0.554 0.754 256

real	0m0.114s
user	0m0.112s
sys	0m0.000s
+ ./mandelbrot_seq_withoutIO -0.188 -0.012 0.554 0.754 256

real	0m0.114s
user	0m0.112s
sys	0m0.000s
+ ./mandelbrot_seq_withoutIO -0.188 -0.012 0.554 0.754 256

real	0m0.114s
user	0m0.112s
sys	0m0.000s
+ ./mandelbrot_seq_withoutIO -0.188 -0.012 0.554 0.754 512

real	0m0.457s
user	0m0.456s
sys	0m0.000s
+ ./mandelbrot_seq_withoutIO -0.188 -0.012 0.554 0.754 512

real	0m0.458s
user	0m0.456s
sys	0m0.000s
+ ./mandelbrot_seq_withoutIO -0.188 -0.012 0.554 0.754 512

real	0m0.459s
user	0m0.456s
sys	0m0.000s
+ ./mandelbrot_seq_withoutIO -0.188 -0.012 0.554 0.754 512

real	0m0.451s
user	0m0.448s
sys	0m0.000s
+ ./mandelbrot_seq_withoutIO -0.188 -0.012 0.554 0.754 512

real	0m0.454s
user	0m0.452s
sys	0m0.000s
+ ./mandelbrot_seq_withoutIO -0.188 -0.012 0.554 0.754 512

real	0m0.452s
user	0m0.448s
sys	0m0.000s
+ ./mandelbrot_seq_withoutIO -0.188 -0.012 0.554 0.754 512

real	0m0.452s
user	0m0.448s
sys	0m0.000s
+ ./mandelbrot_seq_withoutIO -0.188 -0.012 0.554 0.754 512

real	0m0.453s
user	0m0.452s
sys	0m0.000s
+ ./mandelbrot_seq_withoutIO -0.188 -0.012 0.554 0.754 512

real	0m0.456s
user	0m0.456s
sys	0m0.000s
+ ./mandelbrot_seq_withoutIO -0.188 -0.012 0.554 0.754 512

real	0m0.453s
user	0m0.452s
sys	0m0.000s
+ ./mandelbrot_seq_withoutIO -0.188 -0.012 0.554 0.754 512

real	0m0.456s
user	0m0.448s
sys	0m0.000s
+ ./mandelbrot_seq_withoutIO -0.188 -0.012 0.554 0.754 512

real	0m0.457s
user	0m0.456s
sys	0m0.000s
+ ./mandelbrot_seq_withoutIO -0.188 -0.012 0.554 0.754 512

real	0m0.460s
user	0m0.456s
sys	0m0.000s
+ ./mandelbrot_seq_withoutIO -0.188 -0.012 0.554 0.754 512

real	0m0.458s
user	0m0.456s
sys	0m0.000s
+ ./mandelbrot_seq_withoutIO -0.188 -0.012 0.554 0.754 512

real	0m0.461s
user	0m0.460s
sys	0m0.000s
+ ./mandelbrot_seq_withoutIO -0.188 -0.012 0.554 0.754 512

real	0m0.453s
user	0m0.452s
sys	0m0.000s
+ ./mandelbrot_seq_withoutIO -0.188 -0.012 0.554 0.754 512

real	0m0.451s
user	0m0.448s
sys	0m0.000s
+ ./mandelbrot_seq_withoutIO -0.188 -0.012 0.554 0.754 512

real	0m0.451s
user	0m0.448s
sys	0m0.000s
+ ./mandelbrot_seq_withoutIO -0.188 -0.012 0.554 0.754 512

real	0m0.452s
user	0m0.448s
sys	0m0.000s
+ ./mandelbrot_seq_withoutIO -0.188 -0.012 0.554 0.754 512

real	0m0.454s
user	0m0.452s
sys	0m0.000s
+ ./mandelbrot_seq_withoutIO -0.188 -0.012 0.554 0.754 1024

real	0m1.810s
user	0m1.808s
sys	0m0.000s
+ ./mandelbrot_seq_withoutIO -0.188 -0.012 0.554 0.754 1024

real	0m1.819s
user	0m1.816s
sys	0m0.000s
+ ./mandelbrot_seq_withoutIO -0.188 -0.012 0.554 0.754 1024

real	0m1.811s
user	0m1.808s
sys	0m0.000s
+ ./mandelbrot_seq_withoutIO -0.188 -0.012 0.554 0.754 1024

real	0m1.809s
user	0m1.804s
sys	0m0.004s
+ ./mandelbrot_seq_withoutIO -0.188 -0.012 0.554 0.754 1024

real	0m1.814s
user	0m1.812s
sys	0m0.000s
+ ./mandelbrot_seq_withoutIO -0.188 -0.012 0.554 0.754 1024

real	0m1.815s
user	0m1.812s
sys	0m0.000s
+ ./mandelbrot_seq_withoutIO -0.188 -0.012 0.554 0.754 1024

real	0m1.811s
user	0m1.808s
sys	0m0.000s
+ ./mandelbrot_seq_withoutIO -0.188 -0.012 0.554 0.754 1024

real	0m1.804s
user	0m1.800s
sys	0m0.000s
+ ./mandelbrot_seq_withoutIO -0.188 -0.012 0.554 0.754 1024

real	0m1.810s
user	0m1.808s
sys	0m0.000s
+ ./mandelbrot_seq_withoutIO -0.188 -0.012 0.554 0.754 1024

real	0m1.965s
user	0m1.960s
sys	0m0.000s
+ ./mandelbrot_seq_withoutIO -0.188 -0.012 0.554 0.754 1024

real	0m1.815s
user	0m1.812s
sys	0m0.000s
+ ./mandelbrot_seq_withoutIO -0.188 -0.012 0.554 0.754 1024

real	0m1.808s
user	0m1.804s
sys	0m0.000s
+ ./mandelbrot_seq_withoutIO -0.188 -0.012 0.554 0.754 1024

real	0m1.815s
user	0m1.812s
sys	0m0.000s
+ ./mandelbrot_seq_withoutIO -0.188 -0.012 0.554 0.754 1024

real	0m1.805s
user	0m1.800s
sys	0m0.000s
+ ./mandelbrot_seq_withoutIO -0.188 -0.012 0.554 0.754 1024

real	0m1.801s
user	0m1.800s
sys	0m0.000s
+ ./mandelbrot_seq_withoutIO -0.188 -0.012 0.554 0.754 1024

real	0m1.872s
user	0m1.868s
sys	0m0.000s
+ ./mandelbrot_seq_withoutIO -0.188 -0.012 0.554 0.754 1024

real	0m1.852s
user	0m1.848s
sys	0m0.000s
+ ./mandelbrot_seq_withoutIO -0.188 -0.012 0.554 0.754 1024

real	0m1.813s
user	0m1.808s
sys	0m0.000s
+ ./mandelbrot_seq_withoutIO -0.188 -0.012 0.554 0.754 1024

real	0m1.824s
user	0m1.820s
sys	0m0.000s
+ ./mandelbrot_seq_withoutIO -0.188 -0.012 0.554 0.754 1024

real	0m1.805s
user	0m1.800s
sys	0m0.000s
+ ./mandelbrot_seq_withoutIO -0.188 -0.012 0.554 0.754 2048

real	0m7.213s
user	0m7.212s
sys	0m0.000s
+ ./mandelbrot_seq_withoutIO -0.188 -0.012 0.554 0.754 2048

real	0m7.263s
user	0m7.260s
sys	0m0.000s
+ ./mandelbrot_seq_withoutIO -0.188 -0.012 0.554 0.754 2048

real	0m7.260s
user	0m7.256s
sys	0m0.000s
+ ./mandelbrot_seq_withoutIO -0.188 -0.012 0.554 0.754 2048

real	0m7.215s
user	0m7.212s
sys	0m0.000s
+ ./mandelbrot_seq_withoutIO -0.188 -0.012 0.554 0.754 2048

real	0m7.249s
user	0m7.248s
sys	0m0.000s
+ ./mandelbrot_seq_withoutIO -0.188 -0.012 0.554 0.754 2048

real	0m7.236s
user	0m7.232s
sys	0m0.000s
+ ./mandelbrot_seq_withoutIO -0.188 -0.012 0.554 0.754 2048

real	0m7.208s
user	0m7.204s
sys	0m0.000s
+ ./mandelbrot_seq_withoutIO -0.188 -0.012 0.554 0.754 2048

real	0m7.225s
user	0m7.224s
sys	0m0.000s
+ ./mandelbrot_seq_withoutIO -0.188 -0.012 0.554 0.754 2048

real	0m7.256s
user	0m7.252s
sys	0m0.000s
+ ./mandelbrot_seq_withoutIO -0.188 -0.012 0.554 0.754 2048

real	0m7.266s
user	0m7.264s
sys	0m0.000s
+ ./mandelbrot_seq_withoutIO -0.188 -0.012 0.554 0.754 2048

real	0m7.218s
user	0m7.216s
sys	0m0.000s
+ ./mandelbrot_seq_withoutIO -0.188 -0.012 0.554 0.754 2048

real	0m7.264s
user	0m7.264s
sys	0m0.000s
+ ./mandelbrot_seq_withoutIO -0.188 -0.012 0.554 0.754 2048

real	0m7.239s
user	0m7.236s
sys	0m0.000s
+ ./mandelbrot_seq_withoutIO -0.188 -0.012 0.554 0.754 2048

real	0m7.226s
user	0m7.224s
sys	0m0.000s
+ ./mandelbrot_seq_withoutIO -0.188 -0.012 0.554 0.754 2048

real	0m7.228s
user	0m7.224s
sys	0m0.000s
+ ./mandelbrot_seq_withoutIO -0.188 -0.012 0.554 0.754 2048

real	0m7.201s
user	0m7.200s
sys	0m0.000s
+ ./mandelbrot_seq_withoutIO -0.188 -0.012 0.554 0.754 2048

real	0m7.230s
user	0m7.228s
sys	0m0.000s
+ ./mandelbrot_seq_withoutIO -0.188 -0.012 0.554 0.754 2048

real	0m7.263s
user	0m7.260s
sys	0m0.000s
+ ./mandelbrot_seq_withoutIO -0.188 -0.012 0.554 0.754 2048

real	0m7.261s
user	0m7.260s
sys	0m0.000s
+ ./mandelbrot_seq_withoutIO -0.188 -0.012 0.554 0.754 2048

real	0m7.306s
user	0m7.304s
sys	0m0.000s
+ ./mandelbrot_seq_withoutIO -0.188 -0.012 0.554 0.754 4096

real	0m29.149s
user	0m29.148s
sys	0m0.000s
+ ./mandelbrot_seq_withoutIO -0.188 -0.012 0.554 0.754 4096

real	0m28.909s
user	0m28.904s
sys	0m0.000s
+ ./mandelbrot_seq_withoutIO -0.188 -0.012 0.554 0.754 4096

real	0m28.999s
user	0m28.996s
sys	0m0.000s
+ ./mandelbrot_seq_withoutIO -0.188 -0.012 0.554 0.754 4096

real	0m29.004s
user	0m29.000s
sys	0m0.000s
+ ./mandelbrot_seq_withoutIO -0.188 -0.012 0.554 0.754 4096

real	0m28.925s
user	0m28.920s
sys	0m0.000s
+ ./mandelbrot_seq_withoutIO -0.188 -0.012 0.554 0.754 4096

real	0m28.989s
user	0m28.984s
sys	0m0.000s
+ ./mandelbrot_seq_withoutIO -0.188 -0.012 0.554 0.754 4096

real	0m29.014s
user	0m29.012s
sys	0m0.000s
+ ./mandelbrot_seq_withoutIO -0.188 -0.012 0.554 0.754 4096

real	0m29.146s
user	0m29.144s
sys	0m0.000s
+ ./mandelbrot_seq_withoutIO -0.188 -0.012 0.554 0.754 4096

real	0m28.895s
user	0m28.892s
sys	0m0.000s
+ ./mandelbrot_seq_withoutIO -0.188 -0.012 0.554 0.754 4096

real	0m28.962s
user	0m28.960s
sys	0m0.000s
+ ./mandelbrot_seq_withoutIO -0.188 -0.012 0.554 0.754 4096

real	0m28.980s
user	0m28.976s
sys	0m0.000s
+ ./mandelbrot_seq_withoutIO -0.188 -0.012 0.554 0.754 4096

real	0m29.031s
user	0m29.028s
sys	0m0.000s
+ ./mandelbrot_seq_withoutIO -0.188 -0.012 0.554 0.754 4096

real	0m29.020s
user	0m29.016s
sys	0m0.000s
+ ./mandelbrot_seq_withoutIO -0.188 -0.012 0.554 0.754 4096

real	0m28.947s
user	0m28.944s
sys	0m0.000s
+ ./mandelbrot_seq_withoutIO -0.188 -0.012 0.554 0.754 4096

real	0m28.890s
user	0m28.888s
sys	0m0.000s
+ ./mandelbrot_seq_withoutIO -0.188 -0.012 0.554 0.754 4096

real	0m28.869s
user	0m28.864s
sys	0m0.000s
+ ./mandelbrot_seq_withoutIO -0.188 -0.012 0.554 0.754 4096

real	0m29.208s
user	0m29.204s
sys	0m0.000s
+ ./mandelbrot_seq_withoutIO -0.188 -0.012 0.554 0.754 4096

real	0m28.992s
user	0m28.988s
sys	0m0.000s
+ ./mandelbrot_seq_withoutIO -0.188 -0.012 0.554 0.754 4096

real	0m28.970s
user	0m28.968s
sys	0m0.000s
+ ./mandelbrot_seq_withoutIO -0.188 -0.012 0.554 0.754 4096

real	0m29.108s
user	0m29.104s
sys	0m0.000s
+ ./mandelbrot_seq_withoutIO -0.188 -0.012 0.554 0.754 8192

real	1m56.025s
user	1m56.020s
sys	0m0.000s
+ ./mandelbrot_seq_withoutIO -0.188 -0.012 0.554 0.754 8192

real	1m55.589s
user	1m55.584s
sys	0m0.000s
+ ./mandelbrot_seq_withoutIO -0.188 -0.012 0.554 0.754 8192

real	1m55.926s
user	1m55.920s
sys	0m0.000s
+ ./mandelbrot_seq_withoutIO -0.188 -0.012 0.554 0.754 8192

real	1m55.485s
user	1m55.480s
sys	0m0.000s
+ ./mandelbrot_seq_withoutIO -0.188 -0.012 0.554 0.754 8192

real	1m55.797s
user	1m55.792s
sys	0m0.000s
+ ./mandelbrot_seq_withoutIO -0.188 -0.012 0.554 0.754 8192

real	1m56.365s
user	1m56.360s
sys	0m0.000s
+ ./mandelbrot_seq_withoutIO -0.188 -0.012 0.554 0.754 8192

real	1m56.085s
user	1m56.080s
sys	0m0.000s
+ ./mandelbrot_seq_withoutIO -0.188 -0.012 0.554 0.754 8192

real	1m56.078s
user	1m56.072s
sys	0m0.000s
+ ./mandelbrot_seq_withoutIO -0.188 -0.012 0.554 0.754 8192

real	1m56.213s
user	1m56.208s
sys	0m0.000s
+ ./mandelbrot_seq_withoutIO -0.188 -0.012 0.554 0.754 8192

real	1m55.902s
user	1m55.896s
sys	0m0.000s
+ ./mandelbrot_seq_withoutIO -0.188 -0.012 0.554 0.754 8192

real	1m55.473s
user	1m55.468s
sys	0m0.000s
+ ./mandelbrot_seq_withoutIO -0.188 -0.012 0.554 0.754 8192

real	1m55.476s
user	1m55.472s
sys	0m0.000s
+ ./mandelbrot_seq_withoutIO -0.188 -0.012 0.554 0.754 8192

real	1m55.757s
user	1m55.752s
sys	0m0.000s
+ ./mandelbrot_seq_withoutIO -0.188 -0.012 0.554 0.754 8192

real	1m55.459s
user	1m55.452s
sys	0m0.000s
+ ./mandelbrot_seq_withoutIO -0.188 -0.012 0.554 0.754 8192

real	1m55.981s
user	1m55.976s
sys	0m0.000s
+ ./mandelbrot_seq_withoutIO -0.188 -0.012 0.554 0.754 8192

real	1m55.798s
user	1m55.792s
sys	0m0.000s
+ ./mandelbrot_seq_withoutIO -0.188 -0.012 0.554 0.754 8192

real	1m55.707s
user	1m55.700s
sys	0m0.000s
+ ./mandelbrot_seq_withoutIO -0.188 -0.012 0.554 0.754 8192

real	1m55.674s
user	1m55.668s
sys	0m0.000s
+ ./mandelbrot_seq_withoutIO -0.188 -0.012 0.554 0.754 8192

real	1m55.774s
user	1m55.768s
sys	0m0.000s
+ ./mandelbrot_seq_withoutIO -0.188 -0.012 0.554 0.754 8192

real	1m55.921s
user	1m55.916s
sys	0m0.000s
