
 Performance counter stats for './mandelbrot_pth 0.175 0.375 -0.100 0.100 32 16':

          6.619205      task-clock:u (msec)       #    1.465 CPUs utilized          
                 0      context-switches:u        #    0.000 K/sec                  
                 0      cpu-migrations:u          #    0.000 K/sec                  
               131      page-faults:u             #    0.020 M/sec                  
             6,691      cycles:u                  #    0.001 GHz                    
         1,783,891      stalled-cycles-frontend:u # 26661.05% frontend cycles idle  
         1,403,385      instructions:u            #  209.74  insn per cycle         
                                                  #    1.27  stalled cycles per insn
           230,713      branches:u                #   34.855 M/sec                  
             9,053      branch-misses:u           #    3.92% of all branches        
     <not counted>      L1-dcache-loads:u                                             (0.00%)
     <not counted>      L1-dcache-load-misses:u                                       (0.00%)
     <not counted>      LLC-loads:u                                                   (0.00%)
   <not supported>      LLC-load-misses:u                                           

       0.004518958 seconds time elapsed


 Performance counter stats for './mandelbrot_pth 0.175 0.375 -0.100 0.100 32 16':

          6.723285      task-clock:u (msec)       #    1.375 CPUs utilized          
                 0      context-switches:u        #    0.000 K/sec                  
                 0      cpu-migrations:u          #    0.000 K/sec                  
               131      page-faults:u             #    0.019 M/sec                  
           322,014      cycles:u                  #    0.048 GHz                    
         3,762,227      stalled-cycles-frontend:u # 1168.34% frontend cycles idle   
         1,555,059      instructions:u            #    4.83  insn per cycle         
                                                  #    2.42  stalled cycles per insn
           220,721      branches:u                #   32.829 M/sec                  
             9,808      branch-misses:u           #    4.44% of all branches        
           141,479      L1-dcache-loads:u         #   21.043 M/sec                    (10.25%)
     <not counted>      L1-dcache-load-misses:u                                       (0.00%)
     <not counted>      LLC-loads:u                                                   (0.00%)
   <not supported>      LLC-load-misses:u                                           

       0.004888728 seconds time elapsed


 Performance counter stats for './mandelbrot_pth 0.175 0.375 -0.100 0.100 32 16':

          7.077878      task-clock:u (msec)       #    1.445 CPUs utilized          
                 0      context-switches:u        #    0.000 K/sec                  
                 0      cpu-migrations:u          #    0.000 K/sec                  
               132      page-faults:u             #    0.019 M/sec                  
            31,059      cycles:u                  #    0.004 GHz                    
         3,277,405      stalled-cycles-frontend:u # 10552.19% frontend cycles idle  
         1,550,277      instructions:u            #   49.91  insn per cycle         
                                                  #    2.11  stalled cycles per insn
           229,878      branches:u                #   32.478 M/sec                  
             9,240      branch-misses:u           #    4.02% of all branches        
            31,660      L1-dcache-loads:u         #    4.473 M/sec                    (2.84%)
     <not counted>      L1-dcache-load-misses:u                                       (0.00%)
     <not counted>      LLC-loads:u                                                   (0.00%)
   <not supported>      LLC-load-misses:u                                           

       0.004896965 seconds time elapsed


 Performance counter stats for './mandelbrot_pth 0.175 0.375 -0.100 0.100 32 16':

          6.819858      task-clock:u (msec)       #    1.502 CPUs utilized          
                 0      context-switches:u        #    0.000 K/sec                  
                 0      cpu-migrations:u          #    0.000 K/sec                  
               131      page-faults:u             #    0.019 M/sec                  
           347,231      cycles:u                  #    0.051 GHz                    
         3,623,288      stalled-cycles-frontend:u # 1043.48% frontend cycles idle   
         1,495,477      instructions:u            #    4.31  insn per cycle         
                                                  #    2.42  stalled cycles per insn
           229,923      branches:u                #   33.714 M/sec                  
             9,587      branch-misses:u           #    4.17% of all branches        
            46,187      L1-dcache-loads:u         #    6.772 M/sec                    (4.71%)
     <not counted>      L1-dcache-load-misses:u                                       (0.00%)
     <not counted>      LLC-loads:u                                                   (0.00%)
   <not supported>      LLC-load-misses:u                                           

       0.004539184 seconds time elapsed


 Performance counter stats for './mandelbrot_pth 0.175 0.375 -0.100 0.100 32 16':

          7.070084      task-clock:u (msec)       #    1.350 CPUs utilized          
                 0      context-switches:u        #    0.000 K/sec                  
                 0      cpu-migrations:u          #    0.000 K/sec                  
               132      page-faults:u             #    0.019 M/sec                  
                 0      cycles:u                  #    0.000 GHz                    
         1,308,368      stalled-cycles-frontend:u                                   
         1,392,547      instructions:u                                              
                                                  #    0.94  stalled cycles per insn
           197,499      branches:u                #   27.934 M/sec                  
             8,718      branch-misses:u           #    4.41% of all branches        
           157,114      L1-dcache-loads:u         #   22.222 M/sec                    (27.82%)
             2,650      L1-dcache-load-misses:u   #    1.69% of all L1-dcache hits    (22.87%)
     <not counted>      LLC-loads:u                                                   (0.00%)
   <not supported>      LLC-load-misses:u                                           

       0.005237982 seconds time elapsed


 Performance counter stats for './mandelbrot_pth 0.175 0.375 -0.100 0.100 32 16':

          7.617664      task-clock:u (msec)       #    1.394 CPUs utilized          
                 0      context-switches:u        #    0.000 K/sec                  
                 0      cpu-migrations:u          #    0.000 K/sec                  
               131      page-faults:u             #    0.017 M/sec                  
           191,015      cycles:u                  #    0.025 GHz                    
         5,222,471      stalled-cycles-frontend:u # 2734.06% frontend cycles idle   
         1,657,372      instructions:u            #    8.68  insn per cycle         
                                                  #    3.15  stalled cycles per insn
           231,090      branches:u                #   30.336 M/sec                  
             9,482      branch-misses:u           #    4.10% of all branches        
     <not counted>      L1-dcache-loads:u                                             (0.00%)
     <not counted>      L1-dcache-load-misses:u                                       (0.00%)
     <not counted>      LLC-loads:u                                                   (0.00%)
   <not supported>      LLC-load-misses:u                                           

       0.005466087 seconds time elapsed


 Performance counter stats for './mandelbrot_pth 0.175 0.375 -0.100 0.100 32 16':

          7.541811      task-clock:u (msec)       #    1.284 CPUs utilized          
                 0      context-switches:u        #    0.000 K/sec                  
                 0      cpu-migrations:u          #    0.000 K/sec                  
               133      page-faults:u             #    0.018 M/sec                  
           251,015      cycles:u                  #    0.033 GHz                    
         4,903,569      stalled-cycles-frontend:u # 1953.50% frontend cycles idle   
         1,655,729      instructions:u            #    6.60  insn per cycle         
                                                  #    2.96  stalled cycles per insn
           230,792      branches:u                #   30.602 M/sec                  
             9,541      branch-misses:u           #    4.13% of all branches        
     <not counted>      L1-dcache-loads:u                                             (0.00%)
     <not counted>      L1-dcache-load-misses:u                                       (0.00%)
     <not counted>      LLC-loads:u                                                   (0.00%)
   <not supported>      LLC-load-misses:u                                           

       0.005871957 seconds time elapsed


 Performance counter stats for './mandelbrot_pth 0.175 0.375 -0.100 0.100 32 16':

          6.470111      task-clock:u (msec)       #    1.396 CPUs utilized          
                 0      context-switches:u        #    0.000 K/sec                  
                 0      cpu-migrations:u          #    0.000 K/sec                  
               131      page-faults:u             #    0.020 M/sec                  
           697,581      cycles:u                  #    0.108 GHz                    
         6,325,334      stalled-cycles-frontend:u #  906.75% frontend cycles idle   
         1,647,302      instructions:u            #    2.36  insn per cycle         
                                                  #    3.84  stalled cycles per insn
           229,003      branches:u                #   35.394 M/sec                  
             9,149      branch-misses:u           #    4.00% of all branches        
     <not counted>      L1-dcache-loads:u                                             (0.00%)
     <not counted>      L1-dcache-load-misses:u                                       (0.00%)
     <not counted>      LLC-loads:u                                                   (0.00%)
   <not supported>      LLC-load-misses:u                                           

       0.004634049 seconds time elapsed


 Performance counter stats for './mandelbrot_pth 0.175 0.375 -0.100 0.100 32 16':

          7.001029      task-clock:u (msec)       #    1.479 CPUs utilized          
                 0      context-switches:u        #    0.000 K/sec                  
                 0      cpu-migrations:u          #    0.000 K/sec                  
               131      page-faults:u             #    0.019 M/sec                  
                 0      cycles:u                  #    0.000 GHz                    
         4,403,320      stalled-cycles-frontend:u                                   
         1,665,526      instructions:u                                              
                                                  #    2.64  stalled cycles per insn
           232,136      branches:u                #   33.157 M/sec                  
             9,562      branch-misses:u           #    4.12% of all branches        
     <not counted>      L1-dcache-loads:u                                             (0.00%)
     <not counted>      L1-dcache-load-misses:u                                       (0.00%)
     <not counted>      LLC-loads:u                                                   (0.00%)
   <not supported>      LLC-load-misses:u                                           

       0.004734654 seconds time elapsed


 Performance counter stats for './mandelbrot_pth 0.175 0.375 -0.100 0.100 32 16':

          6.474504      task-clock:u (msec)       #    1.442 CPUs utilized          
                 0      context-switches:u        #    0.000 K/sec                  
                 0      cpu-migrations:u          #    0.000 K/sec                  
               133      page-faults:u             #    0.021 M/sec                  
           257,830      cycles:u                  #    0.040 GHz                    
         4,601,435      stalled-cycles-frontend:u # 1784.68% frontend cycles idle   
         1,657,154      instructions:u            #    6.43  insn per cycle         
                                                  #    2.78  stalled cycles per insn
           230,688      branches:u                #   35.630 M/sec                  
             9,615      branch-misses:u           #    4.17% of all branches        
     <not counted>      L1-dcache-loads:u                                             (0.00%)
     <not counted>      L1-dcache-load-misses:u                                       (0.00%)
     <not counted>      LLC-loads:u                                                   (0.00%)
   <not supported>      LLC-load-misses:u                                           

       0.004488642 seconds time elapsed


 Performance counter stats for './mandelbrot_pth 0.175 0.375 -0.100 0.100 32 32':

         10.606581      task-clock:u (msec)       #    1.690 CPUs utilized          
                 0      context-switches:u        #    0.000 K/sec                  
                 0      cpu-migrations:u          #    0.000 K/sec                  
               139      page-faults:u             #    0.013 M/sec                  
                 0      cycles:u                  #    0.000 GHz                    
         2,046,358      stalled-cycles-frontend:u                                   
         4,177,118      instructions:u                                              
                                                  #    0.49  stalled cycles per insn
           488,914      branches:u                #   46.095 M/sec                  
            10,613      branch-misses:u           #    2.17% of all branches        
           730,062      L1-dcache-loads:u         #   68.831 M/sec                    (6.63%)
     <not counted>      L1-dcache-load-misses:u                                       (0.00%)
     <not counted>      LLC-loads:u                                                   (0.00%)
   <not supported>      LLC-load-misses:u                                           

       0.006276378 seconds time elapsed


 Performance counter stats for './mandelbrot_pth 0.175 0.375 -0.100 0.100 32 32':

         10.748499      task-clock:u (msec)       #    1.783 CPUs utilized          
                 0      context-switches:u        #    0.000 K/sec                  
                 0      cpu-migrations:u          #    0.000 K/sec                  
               142      page-faults:u             #    0.013 M/sec                  
         1,265,208      cycles:u                  #    0.118 GHz                    
         5,963,494      stalled-cycles-frontend:u #  471.34% frontend cycles idle   
         4,717,574      instructions:u            #    3.73  insn per cycle         
                                                  #    1.26  stalled cycles per insn
           535,285      branches:u                #   49.801 M/sec                  
            10,976      branch-misses:u           #    2.05% of all branches        
     <not counted>      L1-dcache-loads:u                                             (0.00%)
     <not counted>      L1-dcache-load-misses:u                                       (0.00%)
     <not counted>      LLC-loads:u                                                   (0.00%)
   <not supported>      LLC-load-misses:u                                           

       0.006026919 seconds time elapsed


 Performance counter stats for './mandelbrot_pth 0.175 0.375 -0.100 0.100 32 32':

         10.693182      task-clock:u (msec)       #    1.848 CPUs utilized          
                 0      context-switches:u        #    0.000 K/sec                  
                 0      cpu-migrations:u          #    0.000 K/sec                  
               141      page-faults:u             #    0.013 M/sec                  
         1,069,536      cycles:u                  #    0.100 GHz                    
         8,090,142      stalled-cycles-frontend:u #  756.42% frontend cycles idle   
         4,752,020      instructions:u            #    4.44  insn per cycle         
                                                  #    1.70  stalled cycles per insn
           537,337      branches:u                #   50.250 M/sec                  
            11,588      branch-misses:u           #    2.16% of all branches        
     <not counted>      L1-dcache-loads:u                                             (0.00%)
     <not counted>      L1-dcache-load-misses:u                                       (0.00%)
     <not counted>      LLC-loads:u                                                   (0.00%)
   <not supported>      LLC-load-misses:u                                           

       0.005787562 seconds time elapsed


 Performance counter stats for './mandelbrot_pth 0.175 0.375 -0.100 0.100 32 32':

         10.381791      task-clock:u (msec)       #    2.085 CPUs utilized          
                 0      context-switches:u        #    0.000 K/sec                  
                 0      cpu-migrations:u          #    0.000 K/sec                  
               139      page-faults:u             #    0.013 M/sec                  
           123,643      cycles:u                  #    0.012 GHz                    
         3,005,009      stalled-cycles-frontend:u # 2430.39% frontend cycles idle   
         4,423,353      instructions:u            #   35.78  insn per cycle         
                                                  #    0.68  stalled cycles per insn
           530,179      branches:u                #   51.068 M/sec                  
            10,125      branch-misses:u           #    1.91% of all branches        
           100,983      L1-dcache-loads:u         #    9.727 M/sec                    (0.73%)
     <not counted>      L1-dcache-load-misses:u                                       (0.00%)
     <not counted>      LLC-loads:u                                                   (0.00%)
   <not supported>      LLC-load-misses:u                                           

       0.004979772 seconds time elapsed


 Performance counter stats for './mandelbrot_pth 0.175 0.375 -0.100 0.100 32 32':

         10.866061      task-clock:u (msec)       #    2.045 CPUs utilized          
                 0      context-switches:u        #    0.000 K/sec                  
                 0      cpu-migrations:u          #    0.000 K/sec                  
               141      page-faults:u             #    0.013 M/sec                  
           213,246      cycles:u                  #    0.020 GHz                    
         4,467,379      stalled-cycles-frontend:u # 2094.94% frontend cycles idle   
         4,703,895      instructions:u            #   22.06  insn per cycle         
                                                  #    0.95  stalled cycles per insn
           540,146      branches:u                #   49.709 M/sec                  
            11,302      branch-misses:u           #    2.09% of all branches        
     <not counted>      L1-dcache-loads:u                                             (0.00%)
     <not counted>      L1-dcache-load-misses:u                                       (0.00%)
     <not counted>      LLC-loads:u                                                   (0.00%)
   <not supported>      LLC-load-misses:u                                           

       0.005313427 seconds time elapsed


 Performance counter stats for './mandelbrot_pth 0.175 0.375 -0.100 0.100 32 32':

         10.214961      task-clock:u (msec)       #    1.773 CPUs utilized          
                 0      context-switches:u        #    0.000 K/sec                  
                 0      cpu-migrations:u          #    0.000 K/sec                  
               142      page-faults:u             #    0.014 M/sec                  
            18,492      cycles:u                  #    0.002 GHz                    
         5,759,573      stalled-cycles-frontend:u # 31146.30% frontend cycles idle  
         4,658,033      instructions:u            #  251.89  insn per cycle         
                                                  #    1.24  stalled cycles per insn
           523,481      branches:u                #   51.247 M/sec                  
             9,862      branch-misses:u           #    1.88% of all branches        
     <not counted>      L1-dcache-loads:u                                             (0.00%)
     <not counted>      L1-dcache-load-misses:u                                       (0.00%)
     <not counted>      LLC-loads:u                                                   (0.00%)
   <not supported>      LLC-load-misses:u                                           

       0.005760028 seconds time elapsed


 Performance counter stats for './mandelbrot_pth 0.175 0.375 -0.100 0.100 32 32':

         10.273021      task-clock:u (msec)       #    2.026 CPUs utilized          
                 0      context-switches:u        #    0.000 K/sec                  
                 0      cpu-migrations:u          #    0.000 K/sec                  
               142      page-faults:u             #    0.014 M/sec                  
                 0      cycles:u                  #    0.000 GHz                    
         2,125,949      stalled-cycles-frontend:u                                   
         4,556,381      instructions:u                                              
                                                  #    0.47  stalled cycles per insn
           532,131      branches:u                #   51.799 M/sec                  
            11,222      branch-misses:u           #    2.11% of all branches        
     <not counted>      L1-dcache-loads:u                                             (0.00%)
     <not counted>      L1-dcache-load-misses:u                                       (0.00%)
     <not counted>      LLC-loads:u                                                   (0.00%)
   <not supported>      LLC-load-misses:u                                           

       0.005069824 seconds time elapsed


 Performance counter stats for './mandelbrot_pth 0.175 0.375 -0.100 0.100 32 32':

         10.443622      task-clock:u (msec)       #    1.889 CPUs utilized          
                 0      context-switches:u        #    0.000 K/sec                  
                 0      cpu-migrations:u          #    0.000 K/sec                  
               140      page-faults:u             #    0.013 M/sec                  
           149,611      cycles:u                  #    0.014 GHz                    
         6,467,039      stalled-cycles-frontend:u # 4322.57% frontend cycles idle   
         4,783,691      instructions:u            #   31.97  insn per cycle         
                                                  #    1.35  stalled cycles per insn
           536,770      branches:u                #   51.397 M/sec                  
            11,041      branch-misses:u           #    2.06% of all branches        
     <not counted>      L1-dcache-loads:u                                             (0.00%)
     <not counted>      L1-dcache-load-misses:u                                       (0.00%)
     <not counted>      LLC-loads:u                                                   (0.00%)
   <not supported>      LLC-load-misses:u                                           

       0.005528176 seconds time elapsed


 Performance counter stats for './mandelbrot_pth 0.175 0.375 -0.100 0.100 32 32':

         10.839424      task-clock:u (msec)       #    1.654 CPUs utilized          
                 0      context-switches:u        #    0.000 K/sec                  
                 0      cpu-migrations:u          #    0.000 K/sec                  
               140      page-faults:u             #    0.013 M/sec                  
           167,926      cycles:u                  #    0.015 GHz                    
         7,426,583      stalled-cycles-frontend:u # 4422.53% frontend cycles idle   
         4,681,261      instructions:u            #   27.88  insn per cycle         
                                                  #    1.59  stalled cycles per insn
           540,157      branches:u                #   49.833 M/sec                  
            11,083      branch-misses:u           #    2.05% of all branches        
     <not counted>      L1-dcache-loads:u                                             (0.00%)
     <not counted>      L1-dcache-load-misses:u                                       (0.00%)
     <not counted>      LLC-loads:u                                                   (0.00%)
   <not supported>      LLC-load-misses:u                                           

       0.006552860 seconds time elapsed


 Performance counter stats for './mandelbrot_pth 0.175 0.375 -0.100 0.100 32 32':

         10.347763      task-clock:u (msec)       #    1.921 CPUs utilized          
                 0      context-switches:u        #    0.000 K/sec                  
                 0      cpu-migrations:u          #    0.000 K/sec                  
               139      page-faults:u             #    0.013 M/sec                  
           101,256      cycles:u                  #    0.010 GHz                    
         6,786,324      stalled-cycles-frontend:u # 6702.15% frontend cycles idle   
         4,738,555      instructions:u            #   46.80  insn per cycle         
                                                  #    1.43  stalled cycles per insn
           535,298      branches:u                #   51.731 M/sec                  
            10,879      branch-misses:u           #    2.03% of all branches        
     <not counted>      L1-dcache-loads:u                                             (0.00%)
     <not counted>      L1-dcache-load-misses:u                                       (0.00%)
     <not counted>      LLC-loads:u                                                   (0.00%)
   <not supported>      LLC-load-misses:u                                           

       0.005386455 seconds time elapsed


 Performance counter stats for './mandelbrot_pth 0.175 0.375 -0.100 0.100 32 64':

         21.995538      task-clock:u (msec)       #    2.688 CPUs utilized          
                 0      context-switches:u        #    0.000 K/sec                  
                 0      cpu-migrations:u          #    0.000 K/sec                  
               172      page-faults:u             #    0.008 M/sec                  
           296,077      cycles:u                  #    0.013 GHz                    
         3,627,123      stalled-cycles-frontend:u # 1225.06% frontend cycles idle   
         7,416,601      instructions:u            #   25.05  insn per cycle         
                                                  #    0.49  stalled cycles per insn
         1,155,024      branches:u                #   52.512 M/sec                  
            13,700      branch-misses:u           #    1.19% of all branches        
        10,391,803      L1-dcache-loads:u         #  472.451 M/sec                    (31.22%)
            15,095      L1-dcache-load-misses:u   #    0.15% of all L1-dcache hits    (11.94%)
     <not counted>      LLC-loads:u                                                   (0.00%)
   <not supported>      LLC-load-misses:u                                           

       0.008183126 seconds time elapsed


 Performance counter stats for './mandelbrot_pth 0.175 0.375 -0.100 0.100 32 64':

         22.295522      task-clock:u (msec)       #    3.335 CPUs utilized          
                 0      context-switches:u        #    0.000 K/sec                  
                 0      cpu-migrations:u          #    0.000 K/sec                  
               172      page-faults:u             #    0.008 M/sec                  
           293,025      cycles:u                  #    0.013 GHz                    
         4,173,958      stalled-cycles-frontend:u # 1424.44% frontend cycles idle   
         9,451,759      instructions:u            #   32.26  insn per cycle         
                                                  #    0.44  stalled cycles per insn
         1,487,065      branches:u                #   66.698 M/sec                  
            14,104      branch-misses:u           #    0.95% of all branches        
         8,734,199      L1-dcache-loads:u         #  391.747 M/sec                    (17.05%)
            80,492      L1-dcache-load-misses:u   #    0.92% of all L1-dcache hits    (0.32%)
     <not counted>      LLC-loads:u                                                   (0.00%)
   <not supported>      LLC-load-misses:u                                           

       0.006685206 seconds time elapsed


 Performance counter stats for './mandelbrot_pth 0.175 0.375 -0.100 0.100 32 64':

         21.786209      task-clock:u (msec)       #    3.308 CPUs utilized          
                 0      context-switches:u        #    0.000 K/sec                  
                 0      cpu-migrations:u          #    0.000 K/sec                  
               169      page-faults:u             #    0.008 M/sec                  
           313,084      cycles:u                  #    0.014 GHz                    
         5,328,716      stalled-cycles-frontend:u # 1702.01% frontend cycles idle   
         9,965,275      instructions:u            #   31.83  insn per cycle         
                                                  #    0.53  stalled cycles per insn
         1,615,514      branches:u                #   74.153 M/sec                  
            13,946      branch-misses:u           #    0.86% of all branches        
         6,443,324      L1-dcache-loads:u         #  295.752 M/sec                    (8.89%)
     <not counted>      L1-dcache-load-misses:u                                       (0.00%)
     <not counted>      LLC-loads:u                                                   (0.00%)
   <not supported>      LLC-load-misses:u                                           

       0.006585365 seconds time elapsed


 Performance counter stats for './mandelbrot_pth 0.175 0.375 -0.100 0.100 32 64':

         22.578080      task-clock:u (msec)       #    3.312 CPUs utilized          
                 0      context-switches:u        #    0.000 K/sec                  
                 0      cpu-migrations:u          #    0.000 K/sec                  
               170      page-faults:u             #    0.008 M/sec                  
         1,865,323      cycles:u                  #    0.083 GHz                      (29.32%)
        10,033,589      stalled-cycles-frontend:u #  537.90% frontend cycles idle     (71.42%)
        12,866,814      instructions:u            #    6.90  insn per cycle         
                                                  #    0.78  stalled cycles per insn  (87.80%)
         1,626,670      branches:u                #   72.046 M/sec                    (90.25%)
            13,851      branch-misses:u           #    0.85% of all branches          (94.78%)
         7,141,057      L1-dcache-loads:u         #  316.283 M/sec                    (9.43%)
            66,408      L1-dcache-load-misses:u   #    0.93% of all L1-dcache hits    (7.46%)
             4,283      LLC-loads:u               #    0.190 M/sec                    (27.97%)
   <not supported>      LLC-load-misses:u                                           

       0.006817352 seconds time elapsed


 Performance counter stats for './mandelbrot_pth 0.175 0.375 -0.100 0.100 32 64':

         22.712791      task-clock:u (msec)       #    3.355 CPUs utilized          
                 0      context-switches:u        #    0.000 K/sec                  
                 0      cpu-migrations:u          #    0.000 K/sec                  
               171      page-faults:u             #    0.008 M/sec                  
            23,594      cycles:u                  #    0.001 GHz                    
         6,801,748      stalled-cycles-frontend:u # 28828.30% frontend cycles idle  
        12,307,009      instructions:u            #  521.62  insn per cycle         
                                                  #    0.55  stalled cycles per insn
         1,570,924      branches:u                #   69.165 M/sec                  
            14,164      branch-misses:u           #    0.90% of all branches        
         3,799,809      L1-dcache-loads:u         #  167.298 M/sec                    (5.12%)
                 0      L1-dcache-load-misses:u   #    0.00% of all L1-dcache hits    (0.65%)
     <not counted>      LLC-loads:u                                                   (0.00%)
   <not supported>      LLC-load-misses:u                                           

       0.006769759 seconds time elapsed


 Performance counter stats for './mandelbrot_pth 0.175 0.375 -0.100 0.100 32 64':

         21.933770      task-clock:u (msec)       #    2.932 CPUs utilized          
                 0      context-switches:u        #    0.000 K/sec                  
                 0      cpu-migrations:u          #    0.000 K/sec                  
               171      page-faults:u             #    0.008 M/sec                  
           252,026      cycles:u                  #    0.011 GHz                    
         7,779,156      stalled-cycles-frontend:u # 3086.65% frontend cycles idle   
        11,146,635      instructions:u            #   44.23  insn per cycle         
                                                  #    0.70  stalled cycles per insn
         1,604,598      branches:u                #   73.157 M/sec                  
            13,651      branch-misses:u           #    0.85% of all branches          (99.82%)
         9,511,358      L1-dcache-loads:u         #  433.640 M/sec                    (7.65%)
             6,775      L1-dcache-load-misses:u   #    0.07% of all L1-dcache hits    (0.43%)
     <not counted>      LLC-loads:u                                                   (0.00%)
   <not supported>      LLC-load-misses:u                                           

       0.007480851 seconds time elapsed


 Performance counter stats for './mandelbrot_pth 0.175 0.375 -0.100 0.100 32 64':

         21.033918      task-clock:u (msec)       #    2.894 CPUs utilized          
                 0      context-switches:u        #    0.000 K/sec                  
                 0      cpu-migrations:u          #    0.000 K/sec                  
               171      page-faults:u             #    0.008 M/sec                  
           898,143      cycles:u                  #    0.043 GHz                      (13.67%)
         5,543,676      stalled-cycles-frontend:u #  617.24% frontend cycles idle     (36.08%)
         8,813,503      instructions:u            #    9.81  insn per cycle         
                                                  #    0.63  stalled cycles per insn  (77.85%)
         1,267,228      branches:u                #   60.247 M/sec                    (88.22%)
            11,602      branch-misses:u           #    0.92% of all branches        
        11,148,705      L1-dcache-loads:u         #  530.035 M/sec                    (30.74%)
            35,615      L1-dcache-load-misses:u   #    0.32% of all L1-dcache hits    (17.30%)
                 0      LLC-loads:u               #    0.000 K/sec                    (1.49%)
   <not supported>      LLC-load-misses:u                                           

       0.007268072 seconds time elapsed


 Performance counter stats for './mandelbrot_pth 0.175 0.375 -0.100 0.100 32 64':

         23.761151      task-clock:u (msec)       #    3.059 CPUs utilized          
                 0      context-switches:u        #    0.000 K/sec                  
                 0      cpu-migrations:u          #    0.000 K/sec                  
               170      page-faults:u             #    0.007 M/sec                  
         1,412,459      cycles:u                  #    0.059 GHz                      (20.38%)
         5,492,776      stalled-cycles-frontend:u #  388.88% frontend cycles idle     (49.54%)
         8,699,330      instructions:u            #    6.16  insn per cycle         
                                                  #    0.63  stalled cycles per insn  (84.91%)
         1,475,524      branches:u                #   62.098 M/sec                    (94.13%)
            13,273      branch-misses:u           #    0.90% of all branches        
         9,992,739      L1-dcache-loads:u         #  420.549 M/sec                    (22.28%)
            61,686      L1-dcache-load-misses:u   #    0.62% of all L1-dcache hits    (2.86%)
                 0      LLC-loads:u               #    0.000 K/sec                    (0.89%)
   <not supported>      LLC-load-misses:u                                           

       0.007766882 seconds time elapsed


 Performance counter stats for './mandelbrot_pth 0.175 0.375 -0.100 0.100 32 64':

         21.614086      task-clock:u (msec)       #    3.335 CPUs utilized          
                 0      context-switches:u        #    0.000 K/sec                  
                 0      cpu-migrations:u          #    0.000 K/sec                  
               169      page-faults:u             #    0.008 M/sec                  
           235,131      cycles:u                  #    0.011 GHz                    
         4,852,501      stalled-cycles-frontend:u # 2063.74% frontend cycles idle   
         9,694,319      instructions:u            #   41.23  insn per cycle         
                                                  #    0.50  stalled cycles per insn
         1,588,565      branches:u                #   73.497 M/sec                  
            13,722      branch-misses:u           #    0.86% of all branches        
         7,831,340      L1-dcache-loads:u         #  362.326 M/sec                    (9.95%)
     <not counted>      L1-dcache-load-misses:u                                       (0.00%)
     <not counted>      LLC-loads:u                                                   (0.00%)
   <not supported>      LLC-load-misses:u                                           

       0.006480301 seconds time elapsed


 Performance counter stats for './mandelbrot_pth 0.175 0.375 -0.100 0.100 32 64':

         21.805238      task-clock:u (msec)       #    3.157 CPUs utilized          
                 0      context-switches:u        #    0.000 K/sec                  
                 0      cpu-migrations:u          #    0.000 K/sec                  
               170      page-faults:u             #    0.008 M/sec                  
           176,407      cycles:u                  #    0.008 GHz                    
         2,368,356      stalled-cycles-frontend:u # 1342.55% frontend cycles idle   
         8,165,772      instructions:u            #   46.29  insn per cycle         
                                                  #    0.29  stalled cycles per insn
         1,454,799      branches:u                #   66.718 M/sec                  
            14,141      branch-misses:u           #    0.97% of all branches        
         9,809,070      L1-dcache-loads:u         #  449.849 M/sec                    (18.53%)
            11,988      L1-dcache-load-misses:u   #    0.12% of all L1-dcache hits    (1.84%)
     <not counted>      LLC-loads:u                                                   (0.00%)
   <not supported>      LLC-load-misses:u                                           

       0.006907939 seconds time elapsed


 Performance counter stats for './mandelbrot_pth 0.175 0.375 -0.100 0.100 32 128':

         70.142594      task-clock:u (msec)       #    4.564 CPUs utilized          
                 0      context-switches:u        #    0.000 K/sec                  
                 0      cpu-migrations:u          #    0.000 K/sec                  
               294      page-faults:u             #    0.004 M/sec                  
        42,084,807      cycles:u                  #    0.600 GHz                      (44.82%)
        37,865,262      stalled-cycles-frontend:u #   89.97% frontend cycles idle     (52.22%)
        50,190,994      instructions:u            #    1.19  insn per cycle         
                                                  #    0.75  stalled cycles per insn  (66.05%)
         5,448,211      branches:u                #   77.673 M/sec                    (69.91%)
            27,320      branch-misses:u           #    0.50% of all branches          (73.90%)
        37,066,435      L1-dcache-loads:u         #  528.444 M/sec                    (31.66%)
            28,211      L1-dcache-load-misses:u   #    0.08% of all L1-dcache hits    (28.05%)
             4,065      LLC-loads:u               #    0.058 M/sec                    (27.87%)
   <not supported>      LLC-load-misses:u                                           

       0.015367337 seconds time elapsed


 Performance counter stats for './mandelbrot_pth 0.175 0.375 -0.100 0.100 32 128':

         71.729365      task-clock:u (msec)       #    4.841 CPUs utilized          
                 0      context-switches:u        #    0.000 K/sec                  
                 0      cpu-migrations:u          #    0.000 K/sec                  
               290      page-faults:u             #    0.004 M/sec                  
        54,344,654      cycles:u                  #    0.758 GHz                      (52.47%)
        49,689,753      stalled-cycles-frontend:u #   91.43% frontend cycles idle     (58.10%)
        60,300,160      instructions:u            #    1.11  insn per cycle         
                                                  #    0.82  stalled cycles per insn  (63.86%)
         5,962,544      branches:u                #   83.126 M/sec                    (65.64%)
            28,681      branch-misses:u           #    0.48% of all branches          (63.42%)
        39,384,468      L1-dcache-loads:u         #  549.070 M/sec                    (26.79%)
            54,280      L1-dcache-load-misses:u   #    0.14% of all L1-dcache hits    (28.73%)
             8,445      LLC-loads:u               #    0.118 M/sec                    (43.66%)
   <not supported>      LLC-load-misses:u                                           

       0.014815839 seconds time elapsed


 Performance counter stats for './mandelbrot_pth 0.175 0.375 -0.100 0.100 32 128':

         71.304515      task-clock:u (msec)       #    4.767 CPUs utilized          
                 0      context-switches:u        #    0.000 K/sec                  
                 0      cpu-migrations:u          #    0.000 K/sec                  
               292      page-faults:u             #    0.004 M/sec                  
        52,322,221      cycles:u                  #    0.734 GHz                      (48.92%)
        47,309,239      stalled-cycles-frontend:u #   90.42% frontend cycles idle     (56.34%)
        59,202,549      instructions:u            #    1.13  insn per cycle         
                                                  #    0.80  stalled cycles per insn  (68.38%)
         6,498,886      branches:u                #   91.143 M/sec                    (70.56%)
            27,327      branch-misses:u           #    0.42% of all branches          (70.95%)
        40,544,257      L1-dcache-loads:u         #  568.607 M/sec                    (22.86%)
             9,817      L1-dcache-load-misses:u   #    0.02% of all L1-dcache hits    (33.15%)
             2,303      LLC-loads:u               #    0.032 M/sec                    (37.21%)
   <not supported>      LLC-load-misses:u                                           

       0.014959348 seconds time elapsed


 Performance counter stats for './mandelbrot_pth 0.175 0.375 -0.100 0.100 32 128':

         70.218041      task-clock:u (msec)       #    4.396 CPUs utilized          
                 0      context-switches:u        #    0.000 K/sec                  
                 0      cpu-migrations:u          #    0.000 K/sec                  
               294      page-faults:u             #    0.004 M/sec                  
        46,208,863      cycles:u                  #    0.658 GHz                      (48.11%)
        42,019,160      stalled-cycles-frontend:u #   90.93% frontend cycles idle     (57.65%)
        54,383,561      instructions:u            #    1.18  insn per cycle         
                                                  #    0.77  stalled cycles per insn  (65.54%)
         5,655,122      branches:u                #   80.537 M/sec                    (68.59%)
            28,201      branch-misses:u           #    0.50% of all branches          (70.49%)
        38,840,236      L1-dcache-loads:u         #  553.138 M/sec                    (33.09%)
            41,492      L1-dcache-load-misses:u   #    0.11% of all L1-dcache hits    (24.11%)
             3,040      LLC-loads:u               #    0.043 M/sec                    (27.53%)
   <not supported>      LLC-load-misses:u                                           

       0.015971719 seconds time elapsed


 Performance counter stats for './mandelbrot_pth 0.175 0.375 -0.100 0.100 32 128':

         69.445420      task-clock:u (msec)       #    4.229 CPUs utilized          
                 0      context-switches:u        #    0.000 K/sec                  
                 0      cpu-migrations:u          #    0.000 K/sec                  
               291      page-faults:u             #    0.004 M/sec                  
        52,889,230      cycles:u                  #    0.762 GHz                      (37.60%)
        45,455,072      stalled-cycles-frontend:u #   85.94% frontend cycles idle     (45.37%)
        53,640,790      instructions:u            #    1.01  insn per cycle         
                                                  #    0.85  stalled cycles per insn  (56.48%)
         5,701,034      branches:u                #   82.094 M/sec                    (59.73%)
            24,387      branch-misses:u           #    0.43% of all branches          (71.34%)
        37,473,136      L1-dcache-loads:u         #  539.606 M/sec                    (43.60%)
            65,880      L1-dcache-load-misses:u   #    0.18% of all L1-dcache hits    (32.00%)
             9,768      LLC-loads:u               #    0.141 M/sec                    (23.74%)
   <not supported>      LLC-load-misses:u                                           

       0.016420143 seconds time elapsed


 Performance counter stats for './mandelbrot_pth 0.175 0.375 -0.100 0.100 32 128':

         71.368457      task-clock:u (msec)       #    4.582 CPUs utilized          
                 0      context-switches:u        #    0.000 K/sec                  
                 0      cpu-migrations:u          #    0.000 K/sec                  
               291      page-faults:u             #    0.004 M/sec                  
        49,832,750      cycles:u                  #    0.698 GHz                      (48.00%)
        44,654,044      stalled-cycles-frontend:u #   89.61% frontend cycles idle     (55.48%)
        57,479,737      instructions:u            #    1.15  insn per cycle         
                                                  #    0.78  stalled cycles per insn  (64.84%)
         6,219,228      branches:u                #   87.143 M/sec                    (69.94%)
            28,675      branch-misses:u           #    0.46% of all branches          (71.59%)
        39,363,697      L1-dcache-loads:u         #  551.556 M/sec                    (26.05%)
            21,056      L1-dcache-load-misses:u   #    0.05% of all L1-dcache hits    (24.70%)
             3,778      LLC-loads:u               #    0.053 M/sec                    (29.01%)
   <not supported>      LLC-load-misses:u                                           

       0.015575243 seconds time elapsed


 Performance counter stats for './mandelbrot_pth 0.175 0.375 -0.100 0.100 32 128':

         72.744812      task-clock:u (msec)       #    4.448 CPUs utilized          
                 0      context-switches:u        #    0.000 K/sec                  
                 0      cpu-migrations:u          #    0.000 K/sec                  
               293      page-faults:u             #    0.004 M/sec                  
        49,050,590      cycles:u                  #    0.674 GHz                      (54.19%)
        45,602,698      stalled-cycles-frontend:u #   92.97% frontend cycles idle     (60.46%)
        55,629,741      instructions:u            #    1.13  insn per cycle         
                                                  #    0.82  stalled cycles per insn  (66.78%)
         5,820,015      branches:u                #   80.006 M/sec                    (61.44%)
            27,906      branch-misses:u           #    0.48% of all branches          (62.08%)
        36,939,892      L1-dcache-loads:u         #  507.801 M/sec                    (40.95%)
            73,916      L1-dcache-load-misses:u   #    0.20% of all L1-dcache hits    (31.02%)
             8,774      LLC-loads:u               #    0.121 M/sec                    (29.38%)
   <not supported>      LLC-load-misses:u                                           

       0.016353574 seconds time elapsed


 Performance counter stats for './mandelbrot_pth 0.175 0.375 -0.100 0.100 32 128':

         70.142092      task-clock:u (msec)       #    4.368 CPUs utilized          
                 0      context-switches:u        #    0.000 K/sec                  
                 0      cpu-migrations:u          #    0.000 K/sec                  
               291      page-faults:u             #    0.004 M/sec                  
        47,538,269      cycles:u                  #    0.678 GHz                      (41.28%)
        41,277,119      stalled-cycles-frontend:u #   86.83% frontend cycles idle     (45.57%)
        54,174,604      instructions:u            #    1.14  insn per cycle         
                                                  #    0.76  stalled cycles per insn  (62.07%)
         5,836,380      branches:u                #   83.208 M/sec                    (66.21%)
            27,936      branch-misses:u           #    0.48% of all branches          (73.08%)
        39,480,374      L1-dcache-loads:u         #  562.863 M/sec                    (31.29%)
            23,340      L1-dcache-load-misses:u   #    0.06% of all L1-dcache hits    (25.30%)
             4,256      LLC-loads:u               #    0.061 M/sec                    (25.33%)
   <not supported>      LLC-load-misses:u                                           

       0.016059582 seconds time elapsed


 Performance counter stats for './mandelbrot_pth 0.175 0.375 -0.100 0.100 32 128':

         67.438798      task-clock:u (msec)       #    3.694 CPUs utilized          
                 0      context-switches:u        #    0.000 K/sec                  
                 0      cpu-migrations:u          #    0.000 K/sec                  
               291      page-faults:u             #    0.004 M/sec                  
        61,913,373      cycles:u                  #    0.918 GHz                      (32.52%)
        50,036,482      stalled-cycles-frontend:u #   80.82% frontend cycles idle     (41.53%)
        62,283,211      instructions:u            #    1.01  insn per cycle         
                                                  #    0.80  stalled cycles per insn  (51.90%)
         6,239,185      branches:u                #   92.516 M/sec                    (57.37%)
            26,913      branch-misses:u           #    0.43% of all branches          (66.30%)
        38,446,119      L1-dcache-loads:u         #  570.089 M/sec                    (47.67%)
            16,375      L1-dcache-load-misses:u   #    0.04% of all L1-dcache hits    (30.52%)
             9,132      LLC-loads:u               #    0.135 M/sec                    (23.85%)
   <not supported>      LLC-load-misses:u                                           

       0.018257542 seconds time elapsed


 Performance counter stats for './mandelbrot_pth 0.175 0.375 -0.100 0.100 32 128':

         70.883463      task-clock:u (msec)       #    4.503 CPUs utilized          
                 0      context-switches:u        #    0.000 K/sec                  
                 0      cpu-migrations:u          #    0.000 K/sec                  
               292      page-faults:u             #    0.004 M/sec                  
        56,946,414      cycles:u                  #    0.803 GHz                      (48.43%)
        49,902,799      stalled-cycles-frontend:u #   87.63% frontend cycles idle     (54.97%)
        61,199,725      instructions:u            #    1.07  insn per cycle         
                                                  #    0.82  stalled cycles per insn  (59.94%)
         6,136,147      branches:u                #   86.567 M/sec                    (48.31%)
            27,148      branch-misses:u           #    0.44% of all branches          (57.81%)
        34,242,825      L1-dcache-loads:u         #  483.086 M/sec                    (39.91%)
            48,520      L1-dcache-load-misses:u   #    0.14% of all L1-dcache hits    (37.16%)
             6,669      LLC-loads:u               #    0.094 M/sec                    (36.71%)
   <not supported>      LLC-load-misses:u                                           

       0.015742696 seconds time elapsed

