
 Performance counter stats for './mandelbrot_pth -2.500 1.500 -2.000 2.000 32 16':

          8.367968      task-clock:u (msec)       #    0.656 CPUs utilized          
                 0      context-switches:u        #    0.000 K/sec                  
                 0      cpu-migrations:u          #    0.000 K/sec                  
               131      page-faults:u             #    0.016 M/sec                  
           262,380      cycles:u                  #    0.031 GHz                    
         6,279,695      stalled-cycles-frontend:u # 2393.36% frontend cycles idle   
           957,533      instructions:u            #    3.65  insn per cycle         
                                                  #    6.56  stalled cycles per insn
           176,076      branches:u                #   21.042 M/sec                  
             9,672      branch-misses:u           #    5.49% of all branches        
     <not counted>      L1-dcache-loads:u                                             (0.00%)
     <not counted>      L1-dcache-load-misses:u                                       (0.00%)
     <not counted>      LLC-loads:u                                                   (0.00%)
   <not supported>      LLC-load-misses:u                                           

       0.012763579 seconds time elapsed


 Performance counter stats for './mandelbrot_pth -2.500 1.500 -2.000 2.000 32 16':

          5.147793      task-clock:u (msec)       #    1.226 CPUs utilized          
                 0      context-switches:u        #    0.000 K/sec                  
                 0      cpu-migrations:u          #    0.000 K/sec                  
               131      page-faults:u             #    0.025 M/sec                  
           309,166      cycles:u                  #    0.060 GHz                    
         5,128,680      stalled-cycles-frontend:u # 1658.88% frontend cycles idle   
           867,747      instructions:u            #    2.81  insn per cycle         
                                                  #    5.91  stalled cycles per insn
           160,611      branches:u                #   31.200 M/sec                  
             8,758      branch-misses:u           #    5.45% of all branches        
     <not counted>      L1-dcache-loads:u                                             (0.00%)
     <not counted>      L1-dcache-load-misses:u                                       (0.00%)
     <not counted>      LLC-loads:u                                                   (0.00%)
   <not supported>      LLC-load-misses:u                                           

       0.004197955 seconds time elapsed


 Performance counter stats for './mandelbrot_pth -2.500 1.500 -2.000 2.000 32 16':

          5.394518      task-clock:u (msec)       #    1.278 CPUs utilized          
                 0      context-switches:u        #    0.000 K/sec                  
                 0      cpu-migrations:u          #    0.000 K/sec                  
               131      page-faults:u             #    0.024 M/sec                  
           272,531      cycles:u                  #    0.051 GHz                    
         2,764,523      stalled-cycles-frontend:u # 1014.39% frontend cycles idle   
           747,543      instructions:u            #    2.74  insn per cycle         
                                                  #    3.70  stalled cycles per insn
           160,641      branches:u                #   29.779 M/sec                  
             9,388      branch-misses:u           #    5.84% of all branches        
     <not counted>      L1-dcache-loads:u                                             (0.00%)
     <not counted>      L1-dcache-load-misses:u                                       (0.00%)
     <not counted>      LLC-loads:u                                                   (0.00%)
   <not supported>      LLC-load-misses:u                                           

       0.004222627 seconds time elapsed


 Performance counter stats for './mandelbrot_pth -2.500 1.500 -2.000 2.000 32 16':

          5.212563      task-clock:u (msec)       #    1.197 CPUs utilized          
                 0      context-switches:u        #    0.000 K/sec                  
                 0      cpu-migrations:u          #    0.000 K/sec                  
               131      page-faults:u             #    0.025 M/sec                  
           317,643      cycles:u                  #    0.061 GHz                    
         2,608,923      stalled-cycles-frontend:u #  821.34% frontend cycles idle   
           743,648      instructions:u            #    2.34  insn per cycle         
                                                  #    3.51  stalled cycles per insn
           160,248      branches:u                #   30.743 M/sec                  
             8,527      branch-misses:u           #    5.32% of all branches        
            60,033      L1-dcache-loads:u         #   11.517 M/sec                    (1.55%)
     <not counted>      L1-dcache-load-misses:u                                       (0.00%)
     <not counted>      LLC-loads:u                                                   (0.00%)
   <not supported>      LLC-load-misses:u                                           

       0.004354112 seconds time elapsed


 Performance counter stats for './mandelbrot_pth -2.500 1.500 -2.000 2.000 32 16':

          5.380214      task-clock:u (msec)       #    1.221 CPUs utilized          
                 0      context-switches:u        #    0.000 K/sec                  
                 0      cpu-migrations:u          #    0.000 K/sec                  
               133      page-faults:u             #    0.025 M/sec                  
             2,487      cycles:u                  #    0.000 GHz                    
         2,806,924      stalled-cycles-frontend:u # 112863.85% frontend cycles idle 
           785,554      instructions:u            #  315.86  insn per cycle         
                                                  #    3.57  stalled cycles per insn
           160,414      branches:u                #   29.816 M/sec                  
             8,817      branch-misses:u           #    5.50% of all branches        
     <not counted>      L1-dcache-loads:u                                             (0.00%)
     <not counted>      L1-dcache-load-misses:u                                       (0.00%)
     <not counted>      LLC-loads:u                                                   (0.00%)
   <not supported>      LLC-load-misses:u                                           

       0.004405442 seconds time elapsed


 Performance counter stats for './mandelbrot_pth -2.500 1.500 -2.000 2.000 32 16':

          6.131369      task-clock:u (msec)       #    1.166 CPUs utilized          
                 0      context-switches:u        #    0.000 K/sec                  
                 0      cpu-migrations:u          #    0.000 K/sec                  
               131      page-faults:u             #    0.021 M/sec                  
           566,178      cycles:u                  #    0.092 GHz                    
         2,886,579      stalled-cycles-frontend:u #  509.84% frontend cycles idle   
           722,689      instructions:u            #    1.28  insn per cycle         
                                                  #    3.99  stalled cycles per insn
           148,837      branches:u                #   24.275 M/sec                  
             8,606      branch-misses:u           #    5.78% of all branches        
           117,260      L1-dcache-loads:u         #   19.125 M/sec                    (13.31%)
     <not counted>      L1-dcache-load-misses:u                                       (0.00%)
     <not counted>      LLC-loads:u                                                   (0.00%)
   <not supported>      LLC-load-misses:u                                           

       0.005259815 seconds time elapsed


 Performance counter stats for './mandelbrot_pth -2.500 1.500 -2.000 2.000 32 16':

          5.261270      task-clock:u (msec)       #    1.236 CPUs utilized          
                 0      context-switches:u        #    0.000 K/sec                  
                 0      cpu-migrations:u          #    0.000 K/sec                  
               134      page-faults:u             #    0.025 M/sec                  
            58,471      cycles:u                  #    0.011 GHz                    
         4,221,906      stalled-cycles-frontend:u # 7220.51% frontend cycles idle   
           868,475      instructions:u            #   14.85  insn per cycle         
                                                  #    4.86  stalled cycles per insn
           160,716      branches:u                #   30.547 M/sec                  
             8,587      branch-misses:u           #    5.34% of all branches        
     <not counted>      L1-dcache-loads:u                                             (0.00%)
     <not counted>      L1-dcache-load-misses:u                                       (0.00%)
     <not counted>      LLC-loads:u                                                   (0.00%)
   <not supported>      LLC-load-misses:u                                           

       0.004255630 seconds time elapsed


 Performance counter stats for './mandelbrot_pth -2.500 1.500 -2.000 2.000 32 16':

          5.468464      task-clock:u (msec)       #    1.238 CPUs utilized          
                 0      context-switches:u        #    0.000 K/sec                  
                 0      cpu-migrations:u          #    0.000 K/sec                  
               133      page-faults:u             #    0.024 M/sec                  
           344,147      cycles:u                  #    0.063 GHz                    
         4,195,640      stalled-cycles-frontend:u # 1219.14% frontend cycles idle   
           866,688      instructions:u            #    2.52  insn per cycle         
                                                  #    4.84  stalled cycles per insn
           160,436      branches:u                #   29.338 M/sec                  
             9,086      branch-misses:u           #    5.66% of all branches        
     <not counted>      L1-dcache-loads:u                                             (0.00%)
     <not counted>      L1-dcache-load-misses:u                                       (0.00%)
     <not counted>      LLC-loads:u                                                   (0.00%)
   <not supported>      LLC-load-misses:u                                           

       0.004417166 seconds time elapsed


 Performance counter stats for './mandelbrot_pth -2.500 1.500 -2.000 2.000 32 16':

          5.225745      task-clock:u (msec)       #    1.215 CPUs utilized          
                 0      context-switches:u        #    0.000 K/sec                  
                 0      cpu-migrations:u          #    0.000 K/sec                  
               131      page-faults:u             #    0.025 M/sec                  
            99,368      cycles:u                  #    0.019 GHz                    
         2,110,274      stalled-cycles-frontend:u # 2123.70% frontend cycles idle   
           689,647      instructions:u            #    6.94  insn per cycle         
                                                  #    3.06  stalled cycles per insn
           160,064      branches:u                #   30.630 M/sec                  
             8,861      branch-misses:u           #    5.54% of all branches        
            39,090      L1-dcache-loads:u         #    7.480 M/sec                    (8.31%)
     <not counted>      L1-dcache-load-misses:u                                       (0.00%)
     <not counted>      LLC-loads:u                                                   (0.00%)
   <not supported>      LLC-load-misses:u                                           

       0.004301491 seconds time elapsed


 Performance counter stats for './mandelbrot_pth -2.500 1.500 -2.000 2.000 32 16':

          5.522217      task-clock:u (msec)       #    1.259 CPUs utilized          
                 0      context-switches:u        #    0.000 K/sec                  
                 0      cpu-migrations:u          #    0.000 K/sec                  
               132      page-faults:u             #    0.024 M/sec                  
           174,967      cycles:u                  #    0.032 GHz                    
         2,288,519      stalled-cycles-frontend:u # 1307.97% frontend cycles idle   
           863,722      instructions:u            #    4.94  insn per cycle         
                                                  #    2.65  stalled cycles per insn
           160,277      branches:u                #   29.024 M/sec                  
             9,138      branch-misses:u           #    5.70% of all branches        
     <not counted>      L1-dcache-loads:u                                             (0.00%)
     <not counted>      L1-dcache-load-misses:u                                       (0.00%)
     <not counted>      LLC-loads:u                                                   (0.00%)
   <not supported>      LLC-load-misses:u                                           

       0.004384942 seconds time elapsed


 Performance counter stats for './mandelbrot_pth -2.500 1.500 -2.000 2.000 32 32':

          6.255871      task-clock:u (msec)       #    1.464 CPUs utilized          
                 0      context-switches:u        #    0.000 K/sec                  
                 0      cpu-migrations:u          #    0.000 K/sec                  
               139      page-faults:u             #    0.022 M/sec                  
                 0      cycles:u                  #    0.000 GHz                    
         1,398,781      stalled-cycles-frontend:u                                   
         1,317,763      instructions:u                                              
                                                  #    1.06  stalled cycles per insn
           218,330      branches:u                #   34.900 M/sec                  
             9,682      branch-misses:u           #    4.43% of all branches        
           445,666      L1-dcache-loads:u         #   71.240 M/sec                    (12.42%)
     <not counted>      L1-dcache-load-misses:u                                       (0.00%)
     <not counted>      LLC-loads:u                                                   (0.00%)
   <not supported>      LLC-load-misses:u                                           

       0.004273778 seconds time elapsed


 Performance counter stats for './mandelbrot_pth -2.500 1.500 -2.000 2.000 32 32':

          6.459781      task-clock:u (msec)       #    1.415 CPUs utilized          
                 0      context-switches:u        #    0.000 K/sec                  
                 0      cpu-migrations:u          #    0.000 K/sec                  
               139      page-faults:u             #    0.022 M/sec                  
            54,078      cycles:u                  #    0.008 GHz                    
         2,918,541      stalled-cycles-frontend:u # 5396.91% frontend cycles idle   
         1,467,372      instructions:u            #   27.13  insn per cycle         
                                                  #    1.99  stalled cycles per insn
           258,240      branches:u                #   39.977 M/sec                  
             9,709      branch-misses:u           #    3.76% of all branches        
     <not counted>      L1-dcache-loads:u                                             (0.00%)
     <not counted>      L1-dcache-load-misses:u                                       (0.00%)
     <not counted>      LLC-loads:u                                                   (0.00%)
   <not supported>      LLC-load-misses:u                                           

       0.004565956 seconds time elapsed


 Performance counter stats for './mandelbrot_pth -2.500 1.500 -2.000 2.000 32 32':

          6.261848      task-clock:u (msec)       #    1.399 CPUs utilized          
                 0      context-switches:u        #    0.000 K/sec                  
                 0      cpu-migrations:u          #    0.000 K/sec                  
               144      page-faults:u             #    0.023 M/sec                  
            46,154      cycles:u                  #    0.007 GHz                    
         3,662,437      stalled-cycles-frontend:u # 7935.25% frontend cycles idle   
         1,457,254      instructions:u            #   31.57  insn per cycle         
                                                  #    2.51  stalled cycles per insn
           256,525      branches:u                #   40.966 M/sec                  
             9,629      branch-misses:u           #    3.75% of all branches        
     <not counted>      L1-dcache-loads:u                                             (0.00%)
     <not counted>      L1-dcache-load-misses:u                                       (0.00%)
     <not counted>      LLC-loads:u                                                   (0.00%)
   <not supported>      LLC-load-misses:u                                           

       0.004477089 seconds time elapsed


 Performance counter stats for './mandelbrot_pth -2.500 1.500 -2.000 2.000 32 32':

          6.081004      task-clock:u (msec)       #    1.386 CPUs utilized          
                 0      context-switches:u        #    0.000 K/sec                  
                 0      cpu-migrations:u          #    0.000 K/sec                  
               139      page-faults:u             #    0.023 M/sec                  
           181,469      cycles:u                  #    0.030 GHz                    
         2,947,204      stalled-cycles-frontend:u # 1624.08% frontend cycles idle   
         1,661,067      instructions:u            #    9.15  insn per cycle         
                                                  #    1.77  stalled cycles per insn
           259,085      branches:u                #   42.606 M/sec                  
             8,940      branch-misses:u           #    3.45% of all branches        
     <not counted>      L1-dcache-loads:u                                             (0.00%)
     <not counted>      L1-dcache-load-misses:u                                       (0.00%)
     <not counted>      LLC-loads:u                                                   (0.00%)
   <not supported>      LLC-load-misses:u                                           

       0.004387872 seconds time elapsed


 Performance counter stats for './mandelbrot_pth -2.500 1.500 -2.000 2.000 32 32':

          6.432015      task-clock:u (msec)       #    1.424 CPUs utilized          
                 0      context-switches:u        #    0.000 K/sec                  
                 0      cpu-migrations:u          #    0.000 K/sec                  
               140      page-faults:u             #    0.022 M/sec                  
           682,177      cycles:u                  #    0.106 GHz                    
         3,559,941      stalled-cycles-frontend:u #  521.85% frontend cycles idle   
         1,653,308      instructions:u            #    2.42  insn per cycle         
                                                  #    2.15  stalled cycles per insn
           257,427      branches:u                #   40.023 M/sec                  
             9,983      branch-misses:u           #    3.88% of all branches        
     <not counted>      L1-dcache-loads:u                                             (0.00%)
     <not counted>      L1-dcache-load-misses:u                                       (0.00%)
     <not counted>      LLC-loads:u                                                   (0.00%)
   <not supported>      LLC-load-misses:u                                           

       0.004516206 seconds time elapsed


 Performance counter stats for './mandelbrot_pth -2.500 1.500 -2.000 2.000 32 32':

          6.287921      task-clock:u (msec)       #    1.373 CPUs utilized          
                 0      context-switches:u        #    0.000 K/sec                  
                 0      cpu-migrations:u          #    0.000 K/sec                  
               139      page-faults:u             #    0.022 M/sec                  
           186,988      cycles:u                  #    0.030 GHz                    
         2,968,602      stalled-cycles-frontend:u # 1587.59% frontend cycles idle   
         1,356,453      instructions:u            #    7.25  insn per cycle         
                                                  #    2.19  stalled cycles per insn
           232,840      branches:u                #   37.030 M/sec                  
            10,086      branch-misses:u           #    4.33% of all branches        
           481,304      L1-dcache-loads:u         #   76.544 M/sec                    (6.95%)
     <not counted>      L1-dcache-load-misses:u                                       (0.00%)
     <not counted>      LLC-loads:u                                                   (0.00%)
   <not supported>      LLC-load-misses:u                                           

       0.004578227 seconds time elapsed


 Performance counter stats for './mandelbrot_pth -2.500 1.500 -2.000 2.000 32 32':

          6.037023      task-clock:u (msec)       #    1.398 CPUs utilized          
                 0      context-switches:u        #    0.000 K/sec                  
                 0      cpu-migrations:u          #    0.000 K/sec                  
               142      page-faults:u             #    0.024 M/sec                  
           228,695      cycles:u                  #    0.038 GHz                    
         3,024,573      stalled-cycles-frontend:u # 1322.54% frontend cycles idle   
         1,648,222      instructions:u            #    7.21  insn per cycle         
                                                  #    1.84  stalled cycles per insn
           256,567      branches:u                #   42.499 M/sec                  
             9,402      branch-misses:u           #    3.66% of all branches        
     <not counted>      L1-dcache-loads:u                                             (0.00%)
     <not counted>      L1-dcache-load-misses:u                                       (0.00%)
     <not counted>      LLC-loads:u                                                   (0.00%)
   <not supported>      LLC-load-misses:u                                           

       0.004317819 seconds time elapsed


 Performance counter stats for './mandelbrot_pth -2.500 1.500 -2.000 2.000 32 32':

          6.069193      task-clock:u (msec)       #    1.389 CPUs utilized          
                 0      context-switches:u        #    0.000 K/sec                  
                 0      cpu-migrations:u          #    0.000 K/sec                  
               139      page-faults:u             #    0.023 M/sec                  
           184,492      cycles:u                  #    0.030 GHz                    
         2,909,472      stalled-cycles-frontend:u # 1577.02% frontend cycles idle   
         1,649,238      instructions:u            #    8.94  insn per cycle         
                                                  #    1.76  stalled cycles per insn
           257,031      branches:u                #   42.350 M/sec                  
             9,259      branch-misses:u           #    3.60% of all branches        
     <not counted>      L1-dcache-loads:u                                             (0.00%)
     <not counted>      L1-dcache-load-misses:u                                       (0.00%)
     <not counted>      LLC-loads:u                                                   (0.00%)
   <not supported>      LLC-load-misses:u                                           

       0.004370690 seconds time elapsed


 Performance counter stats for './mandelbrot_pth -2.500 1.500 -2.000 2.000 32 32':

          6.512452      task-clock:u (msec)       #    1.421 CPUs utilized          
                 0      context-switches:u        #    0.000 K/sec                  
                 0      cpu-migrations:u          #    0.000 K/sec                  
               140      page-faults:u             #    0.021 M/sec                  
           226,905      cycles:u                  #    0.035 GHz                    
         5,874,637      stalled-cycles-frontend:u # 2589.03% frontend cycles idle   
         1,642,054      instructions:u            #    7.24  insn per cycle         
                                                  #    3.58  stalled cycles per insn
           255,476      branches:u                #   39.229 M/sec                  
             9,602      branch-misses:u           #    3.76% of all branches        
     <not counted>      L1-dcache-loads:u                                             (0.00%)
     <not counted>      L1-dcache-load-misses:u                                       (0.00%)
     <not counted>      LLC-loads:u                                                   (0.00%)
   <not supported>      LLC-load-misses:u                                           

       0.004583138 seconds time elapsed


 Performance counter stats for './mandelbrot_pth -2.500 1.500 -2.000 2.000 32 32':

          6.252957      task-clock:u (msec)       #    1.373 CPUs utilized          
                 0      context-switches:u        #    0.000 K/sec                  
                 0      cpu-migrations:u          #    0.000 K/sec                  
               139      page-faults:u             #    0.022 M/sec                  
             1,845      cycles:u                  #    0.000 GHz                    
         1,424,380      stalled-cycles-frontend:u # 77202.17% frontend cycles idle  
         1,279,756      instructions:u            #  693.63  insn per cycle         
                                                  #    1.11  stalled cycles per insn
           213,467      branches:u                #   34.139 M/sec                  
            10,100      branch-misses:u           #    4.73% of all branches        
           383,186      L1-dcache-loads:u         #   61.281 M/sec                    (16.30%)
     <not counted>      L1-dcache-load-misses:u                                       (0.00%)
     <not counted>      LLC-loads:u                                                   (0.00%)
   <not supported>      LLC-load-misses:u                                           

       0.004554577 seconds time elapsed


 Performance counter stats for './mandelbrot_pth -2.500 1.500 -2.000 2.000 32 64':

          9.074247      task-clock:u (msec)       #    1.722 CPUs utilized          
                 0      context-switches:u        #    0.000 K/sec                  
                 0      cpu-migrations:u          #    0.000 K/sec                  
               169      page-faults:u             #    0.019 M/sec                  
                 0      cycles:u                  #    0.000 GHz                    
           942,859      stalled-cycles-frontend:u                                   
         4,065,706      instructions:u                                              
                                                  #    0.23  stalled cycles per insn
           636,555      branches:u                #   70.150 M/sec                  
            11,685      branch-misses:u           #    1.84% of all branches        
     <not counted>      L1-dcache-loads:u                                             (0.00%)
     <not counted>      L1-dcache-load-misses:u                                       (0.00%)
     <not counted>      LLC-loads:u                                                   (0.00%)
   <not supported>      LLC-load-misses:u                                           

       0.005269471 seconds time elapsed


 Performance counter stats for './mandelbrot_pth -2.500 1.500 -2.000 2.000 32 64':

          8.930454      task-clock:u (msec)       #    1.747 CPUs utilized          
                 0      context-switches:u        #    0.000 K/sec                  
                 0      cpu-migrations:u          #    0.000 K/sec                  
               171      page-faults:u             #    0.019 M/sec                  
           492,336      cycles:u                  #    0.055 GHz                    
         5,396,634      stalled-cycles-frontend:u # 1096.13% frontend cycles idle   
         4,285,463      instructions:u            #    8.70  insn per cycle         
                                                  #    1.26  stalled cycles per insn
           636,601      branches:u                #   71.284 M/sec                  
            11,323      branch-misses:u           #    1.78% of all branches        
     <not counted>      L1-dcache-loads:u                                             (0.00%)
     <not counted>      L1-dcache-load-misses:u                                       (0.00%)
     <not counted>      LLC-loads:u                                                   (0.00%)
   <not supported>      LLC-load-misses:u                                           

       0.005111667 seconds time elapsed


 Performance counter stats for './mandelbrot_pth -2.500 1.500 -2.000 2.000 32 64':

          9.252368      task-clock:u (msec)       #    1.788 CPUs utilized          
                 0      context-switches:u        #    0.000 K/sec                  
                 0      cpu-migrations:u          #    0.000 K/sec                  
               169      page-faults:u             #    0.018 M/sec                  
            43,588      cycles:u                  #    0.005 GHz                    
         1,738,972      stalled-cycles-frontend:u # 3989.57% frontend cycles idle   
         4,575,329      instructions:u            #  104.97  insn per cycle         
                                                  #    0.38  stalled cycles per insn
           636,961      branches:u                #   68.843 M/sec                  
            11,712      branch-misses:u           #    1.84% of all branches        
     <not counted>      L1-dcache-loads:u                                             (0.00%)
     <not counted>      L1-dcache-load-misses:u                                       (0.00%)
     <not counted>      LLC-loads:u                                                   (0.00%)
   <not supported>      LLC-load-misses:u                                           

       0.005175873 seconds time elapsed


 Performance counter stats for './mandelbrot_pth -2.500 1.500 -2.000 2.000 32 64':

          8.799073      task-clock:u (msec)       #    1.805 CPUs utilized          
                 0      context-switches:u        #    0.000 K/sec                  
                 0      cpu-migrations:u          #    0.000 K/sec                  
               170      page-faults:u             #    0.019 M/sec                  
            28,923      cycles:u                  #    0.003 GHz                    
         1,839,736      stalled-cycles-frontend:u # 6360.81% frontend cycles idle   
         3,850,383      instructions:u            #  133.13  insn per cycle         
                                                  #    0.48  stalled cycles per insn
           635,162      branches:u                #   72.185 M/sec                  
            10,936      branch-misses:u           #    1.72% of all branches          (97.81%)
            83,845      L1-dcache-loads:u         #    9.529 M/sec                    (3.04%)
     <not counted>      L1-dcache-load-misses:u                                       (0.00%)
     <not counted>      LLC-loads:u                                                   (0.00%)
   <not supported>      LLC-load-misses:u                                           

       0.004874687 seconds time elapsed


 Performance counter stats for './mandelbrot_pth -2.500 1.500 -2.000 2.000 32 64':

          9.192175      task-clock:u (msec)       #    1.770 CPUs utilized          
                 0      context-switches:u        #    0.000 K/sec                  
                 0      cpu-migrations:u          #    0.000 K/sec                  
               170      page-faults:u             #    0.018 M/sec                  
           124,045      cycles:u                  #    0.013 GHz                    
         3,455,131      stalled-cycles-frontend:u # 2785.39% frontend cycles idle   
         4,718,425      instructions:u            #   38.04  insn per cycle         
                                                  #    0.73  stalled cycles per insn
           635,149      branches:u                #   69.097 M/sec                  
            11,746      branch-misses:u           #    1.85% of all branches        
     <not counted>      L1-dcache-loads:u                                             (0.00%)
     <not counted>      L1-dcache-load-misses:u                                       (0.00%)
     <not counted>      LLC-loads:u                                                   (0.00%)
   <not supported>      LLC-load-misses:u                                           

       0.005191944 seconds time elapsed


 Performance counter stats for './mandelbrot_pth -2.500 1.500 -2.000 2.000 32 64':

          8.919083      task-clock:u (msec)       #    1.665 CPUs utilized          
                 0      context-switches:u        #    0.000 K/sec                  
                 0      cpu-migrations:u          #    0.000 K/sec                  
               172      page-faults:u             #    0.019 M/sec                  
            65,195      cycles:u                  #    0.007 GHz                    
         5,035,501      stalled-cycles-frontend:u # 7723.75% frontend cycles idle   
         4,511,940      instructions:u            #   69.21  insn per cycle         
                                                  #    1.12  stalled cycles per insn
           637,000      branches:u                #   71.420 M/sec                  
            10,961      branch-misses:u           #    1.72% of all branches        
     <not counted>      L1-dcache-loads:u                                             (0.00%)
     <not counted>      L1-dcache-load-misses:u                                       (0.00%)
     <not counted>      LLC-loads:u                                                   (0.00%)
   <not supported>      LLC-load-misses:u                                           

       0.005356078 seconds time elapsed


 Performance counter stats for './mandelbrot_pth -2.500 1.500 -2.000 2.000 32 64':

          9.344873      task-clock:u (msec)       #    1.772 CPUs utilized          
                 0      context-switches:u        #    0.000 K/sec                  
                 0      cpu-migrations:u          #    0.000 K/sec                  
               174      page-faults:u             #    0.019 M/sec                  
           144,000      cycles:u                  #    0.015 GHz                    
         4,505,680      stalled-cycles-frontend:u # 3128.94% frontend cycles idle   
         4,684,794      instructions:u            #   32.53  insn per cycle         
                                                  #    0.96  stalled cycles per insn
           635,082      branches:u                #   67.960 M/sec                  
            11,329      branch-misses:u           #    1.78% of all branches        
     <not counted>      L1-dcache-loads:u                                             (0.00%)
     <not counted>      L1-dcache-load-misses:u                                       (0.00%)
     <not counted>      LLC-loads:u                                                   (0.00%)
   <not supported>      LLC-load-misses:u                                           

       0.005274696 seconds time elapsed


 Performance counter stats for './mandelbrot_pth -2.500 1.500 -2.000 2.000 32 64':

          9.373367      task-clock:u (msec)       #    1.710 CPUs utilized          
                 0      context-switches:u        #    0.000 K/sec                  
                 0      cpu-migrations:u          #    0.000 K/sec                  
               170      page-faults:u             #    0.018 M/sec                  
           181,737      cycles:u                  #    0.019 GHz                    
         3,755,470      stalled-cycles-frontend:u # 2066.43% frontend cycles idle   
         4,722,333      instructions:u            #   25.98  insn per cycle         
                                                  #    0.80  stalled cycles per insn
           635,838      branches:u                #   67.835 M/sec                  
            10,547      branch-misses:u           #    1.66% of all branches          (94.06%)
     <not counted>      L1-dcache-loads:u                                             (0.00%)
     <not counted>      L1-dcache-load-misses:u                                       (0.00%)
     <not counted>      LLC-loads:u                                                   (0.00%)
   <not supported>      LLC-load-misses:u                                           

       0.005480262 seconds time elapsed


 Performance counter stats for './mandelbrot_pth -2.500 1.500 -2.000 2.000 32 64':

          9.096068      task-clock:u (msec)       #    1.502 CPUs utilized          
                 0      context-switches:u        #    0.000 K/sec                  
                 0      cpu-migrations:u          #    0.000 K/sec                  
               170      page-faults:u             #    0.019 M/sec                  
                 0      cycles:u                  #    0.000 GHz                    
           963,722      stalled-cycles-frontend:u                                   
         3,804,961      instructions:u                                              
                                                  #    0.25  stalled cycles per insn
           615,315      branches:u                #   67.646 M/sec                  
            11,963      branch-misses:u           #    1.94% of all branches        
           644,717      L1-dcache-loads:u         #   70.879 M/sec                    (4.67%)
     <not counted>      L1-dcache-load-misses:u                                       (0.00%)
     <not counted>      LLC-loads:u                                                   (0.00%)
   <not supported>      LLC-load-misses:u                                           

       0.006055894 seconds time elapsed


 Performance counter stats for './mandelbrot_pth -2.500 1.500 -2.000 2.000 32 64':

          9.029864      task-clock:u (msec)       #    1.373 CPUs utilized          
                 0      context-switches:u        #    0.000 K/sec                  
                 0      cpu-migrations:u          #    0.000 K/sec                  
               170      page-faults:u             #    0.019 M/sec                  
           526,835      cycles:u                  #    0.058 GHz                    
         5,227,480      stalled-cycles-frontend:u #  992.24% frontend cycles idle   
         4,067,387      instructions:u            #    7.72  insn per cycle         
                                                  #    1.29  stalled cycles per insn
           635,891      branches:u                #   70.421 M/sec                  
            11,235      branch-misses:u           #    1.77% of all branches        
     <not counted>      L1-dcache-loads:u                                             (0.00%)
     <not counted>      L1-dcache-load-misses:u                                       (0.00%)
     <not counted>      LLC-loads:u                                                   (0.00%)
   <not supported>      LLC-load-misses:u                                           

       0.006575670 seconds time elapsed


 Performance counter stats for './mandelbrot_pth -2.500 1.500 -2.000 2.000 32 128':

         18.928312      task-clock:u (msec)       #    2.229 CPUs utilized          
                 0      context-switches:u        #    0.000 K/sec                  
                 0      cpu-migrations:u          #    0.000 K/sec                  
               293      page-faults:u             #    0.015 M/sec                  
           449,310      cycles:u                  #    0.024 GHz                    
         1,305,501      stalled-cycles-frontend:u #  290.56% frontend cycles idle   
         7,128,707      instructions:u            #   15.87  insn per cycle         
                                                  #    0.18  stalled cycles per insn
         1,385,008      branches:u                #   73.171 M/sec                  
            15,041      branch-misses:u           #    1.09% of all branches        
         7,440,118      L1-dcache-loads:u         #  393.068 M/sec                    (28.13%)
            77,520      L1-dcache-load-misses:u   #    1.04% of all L1-dcache hits    (6.19%)
     <not counted>      LLC-loads:u                                                   (0.00%)
   <not supported>      LLC-load-misses:u                                           

       0.008490890 seconds time elapsed


 Performance counter stats for './mandelbrot_pth -2.500 1.500 -2.000 2.000 32 128':

         18.385122      task-clock:u (msec)       #    2.221 CPUs utilized          
                 0      context-switches:u        #    0.000 K/sec                  
                 0      cpu-migrations:u          #    0.000 K/sec                  
               290      page-faults:u             #    0.016 M/sec                  
         3,931,874      cycles:u                  #    0.214 GHz                      (24.63%)
         5,834,210      stalled-cycles-frontend:u #  148.38% frontend cycles idle     (24.52%)
        10,647,000      instructions:u            #    2.71  insn per cycle         
                                                  #    0.55  stalled cycles per insn  (46.98%)
         1,663,985      branches:u                #   90.507 M/sec                    (72.62%)
            13,384      branch-misses:u           #    0.80% of all branches        
         5,715,794      L1-dcache-loads:u         #  310.892 M/sec                    (46.04%)
            96,317      L1-dcache-load-misses:u   #    1.69% of all L1-dcache hits    (14.98%)
            12,393      LLC-loads:u               #    0.674 M/sec                    (12.02%)
   <not supported>      LLC-load-misses:u                                           

       0.008277900 seconds time elapsed


 Performance counter stats for './mandelbrot_pth -2.500 1.500 -2.000 2.000 32 128':

         18.368902      task-clock:u (msec)       #    2.202 CPUs utilized          
                 0      context-switches:u        #    0.000 K/sec                  
                 0      cpu-migrations:u          #    0.000 K/sec                  
               292      page-faults:u             #    0.016 M/sec                  
           572,762      cycles:u                  #    0.031 GHz                      (25.33%)
         3,143,430      stalled-cycles-frontend:u #  548.82% frontend cycles idle     (44.41%)
         8,026,628      instructions:u            #   14.01  insn per cycle         
                                                  #    0.39  stalled cycles per insn  (64.45%)
         1,534,054      branches:u                #   83.514 M/sec                    (85.77%)
            13,574      branch-misses:u           #    0.88% of all branches        
         6,274,078      L1-dcache-loads:u         #  341.560 M/sec                    (38.99%)
            76,587      L1-dcache-load-misses:u   #    1.22% of all L1-dcache hits    (12.05%)
                 0      LLC-loads:u               #    0.000 K/sec                    (2.68%)
   <not supported>      LLC-load-misses:u                                           

       0.008342644 seconds time elapsed


 Performance counter stats for './mandelbrot_pth -2.500 1.500 -2.000 2.000 32 128':

         19.695230      task-clock:u (msec)       #    2.320 CPUs utilized          
                 0      context-switches:u        #    0.000 K/sec                  
                 0      cpu-migrations:u          #    0.000 K/sec                  
               291      page-faults:u             #    0.015 M/sec                  
         3,390,585      cycles:u                  #    0.172 GHz                      (39.75%)
         4,518,613      stalled-cycles-frontend:u #  133.27% frontend cycles idle     (50.18%)
        10,605,619      instructions:u            #    3.13  insn per cycle         
                                                  #    0.43  stalled cycles per insn  (57.46%)
         1,507,374      branches:u                #   76.535 M/sec                    (72.60%)
            14,789      branch-misses:u           #    0.98% of all branches          (87.87%)
         6,830,382      L1-dcache-loads:u         #  346.804 M/sec                    (60.67%)
            66,945      L1-dcache-load-misses:u   #    0.98% of all L1-dcache hits    (23.84%)
            19,297      LLC-loads:u               #    0.980 M/sec                    (10.42%)
   <not supported>      LLC-load-misses:u                                           

       0.008487883 seconds time elapsed


 Performance counter stats for './mandelbrot_pth -2.500 1.500 -2.000 2.000 32 128':

         18.386901      task-clock:u (msec)       #    2.309 CPUs utilized          
                 0      context-switches:u        #    0.000 K/sec                  
                 0      cpu-migrations:u          #    0.000 K/sec                  
               293      page-faults:u             #    0.016 M/sec                  
           169,397      cycles:u                  #    0.009 GHz                    
         1,080,411      stalled-cycles-frontend:u #  637.80% frontend cycles idle   
         5,228,399      instructions:u            #   30.86  insn per cycle         
                                                  #    0.21  stalled cycles per insn
         1,622,309      branches:u                #   88.232 M/sec                  
            14,614      branch-misses:u           #    0.90% of all branches        
         8,529,415      L1-dcache-loads:u         #  463.885 M/sec                    (26.35%)
     <not counted>      L1-dcache-load-misses:u                                       (0.00%)
     <not counted>      LLC-loads:u                                                   (0.00%)
   <not supported>      LLC-load-misses:u                                           

       0.007963595 seconds time elapsed


 Performance counter stats for './mandelbrot_pth -2.500 1.500 -2.000 2.000 32 128':

         19.154352      task-clock:u (msec)       #    2.371 CPUs utilized          
                 0      context-switches:u        #    0.000 K/sec                  
                 0      cpu-migrations:u          #    0.000 K/sec                  
               290      page-faults:u             #    0.015 M/sec                  
           471,687      cycles:u                  #    0.025 GHz                    
         1,242,384      stalled-cycles-frontend:u #  263.39% frontend cycles idle   
         6,900,744      instructions:u            #   14.63  insn per cycle         
                                                  #    0.18  stalled cycles per insn
         1,418,355      branches:u                #   74.049 M/sec                  
            14,592      branch-misses:u           #    1.03% of all branches        
         7,342,990      L1-dcache-loads:u         #  383.359 M/sec                    (27.49%)
            59,162      L1-dcache-load-misses:u   #    0.81% of all L1-dcache hits    (3.86%)
     <not counted>      LLC-loads:u                                                   (0.00%)
   <not supported>      LLC-load-misses:u                                           

       0.008079858 seconds time elapsed


 Performance counter stats for './mandelbrot_pth -2.500 1.500 -2.000 2.000 32 128':

         19.648153      task-clock:u (msec)       #    2.343 CPUs utilized          
                 0      context-switches:u        #    0.000 K/sec                  
                 0      cpu-migrations:u          #    0.000 K/sec                  
               292      page-faults:u             #    0.015 M/sec                  
         1,088,098      cycles:u                  #    0.055 GHz                      (27.86%)
         2,853,139      stalled-cycles-frontend:u #  262.21% frontend cycles idle     (45.12%)
         8,431,436      instructions:u            #    7.75  insn per cycle         
                                                  #    0.34  stalled cycles per insn  (69.84%)
         1,508,432      branches:u                #   76.772 M/sec                    (86.43%)
            15,339      branch-misses:u           #    1.02% of all branches        
         7,077,874      L1-dcache-loads:u         #  360.231 M/sec                    (37.22%)
            86,072      L1-dcache-load-misses:u   #    1.22% of all L1-dcache hits    (6.49%)
                 0      LLC-loads:u               #    0.000 K/sec                    (3.08%)
   <not supported>      LLC-load-misses:u                                           

       0.008385937 seconds time elapsed


 Performance counter stats for './mandelbrot_pth -2.500 1.500 -2.000 2.000 32 128':

         19.336606      task-clock:u (msec)       #    2.433 CPUs utilized          
                 0      context-switches:u        #    0.000 K/sec                  
                 0      cpu-migrations:u          #    0.000 K/sec                  
               292      page-faults:u             #    0.015 M/sec                  
           175,186      cycles:u                  #    0.009 GHz                    
         1,078,966      stalled-cycles-frontend:u #  615.90% frontend cycles idle   
         5,446,310      instructions:u            #   31.09  insn per cycle         
                                                  #    0.20  stalled cycles per insn
         1,738,815      branches:u                #   89.923 M/sec                  
            14,802      branch-misses:u           #    0.85% of all branches        
         7,506,596      L1-dcache-loads:u         #  388.206 M/sec                    (18.53%)
     <not counted>      L1-dcache-load-misses:u                                       (0.00%)
     <not counted>      LLC-loads:u                                                   (0.00%)
   <not supported>      LLC-load-misses:u                                           

       0.007948721 seconds time elapsed


 Performance counter stats for './mandelbrot_pth -2.500 1.500 -2.000 2.000 32 128':

         18.795319      task-clock:u (msec)       #    2.285 CPUs utilized          
                 0      context-switches:u        #    0.000 K/sec                  
                 0      cpu-migrations:u          #    0.000 K/sec                  
               290      page-faults:u             #    0.015 M/sec                  
           444,586      cycles:u                  #    0.024 GHz                      (17.24%)
         2,688,249      stalled-cycles-frontend:u #  604.66% frontend cycles idle     (41.49%)
         7,659,602      instructions:u            #   17.23  insn per cycle         
                                                  #    0.35  stalled cycles per insn  (62.81%)
         1,486,424      branches:u                #   79.085 M/sec                    (90.04%)
            13,829      branch-misses:u           #    0.93% of all branches        
         8,482,069      L1-dcache-loads:u         #  451.286 M/sec                    (38.90%)
            45,403      L1-dcache-load-misses:u   #    0.54% of all L1-dcache hits    (12.68%)
            10,918      LLC-loads:u               #    0.581 M/sec                    (0.77%)
   <not supported>      LLC-load-misses:u                                           

       0.008225948 seconds time elapsed


 Performance counter stats for './mandelbrot_pth -2.500 1.500 -2.000 2.000 32 128':

         20.921407      task-clock:u (msec)       #    2.359 CPUs utilized          
                 0      context-switches:u        #    0.000 K/sec                  
                 0      cpu-migrations:u          #    0.000 K/sec                  
               290      page-faults:u             #    0.014 M/sec                  
         1,748,876      cycles:u                  #    0.084 GHz                      (26.64%)
         5,009,857      stalled-cycles-frontend:u #  286.46% frontend cycles idle     (38.65%)
         9,247,676      instructions:u            #    5.29  insn per cycle         
                                                  #    0.54  stalled cycles per insn  (63.92%)
         1,524,360      branches:u                #   72.861 M/sec                    (87.50%)
            14,784      branch-misses:u           #    0.97% of all branches        
         6,935,682      L1-dcache-loads:u         #  331.511 M/sec                    (32.97%)
            58,960      L1-dcache-load-misses:u   #    0.85% of all L1-dcache hits    (13.25%)
             3,527      LLC-loads:u               #    0.169 M/sec                    (20.90%)
   <not supported>      LLC-load-misses:u                                           

       0.008868593 seconds time elapsed

