6.741395,,task-clock:u,6741395,100.00,1.365,CPUs utilized
0,,context-switches:u,6741395,100.00,0.000,K/sec
0,,cpu-migrations:u,6741395,100.00,0.000,K/sec
132,,page-faults:u,6741395,100.00,0.020,M/sec
2638496,,cycles:u,7157870,100.00,0.391,GHz
6843353,,stalled-cycles-frontend:u,7157870,100.00,259.37,frontend cycles idle
1889789,,instructions:u,7157870,100.00,0.72,insn per cycle
,,,,,3.62,stalled cycles per insn
257103,,branches:u,7157870,100.00,38.138,M/sec
10139,,branch-misses:u,7157870,100.00,3.94,of all branches
6.606375,,task-clock:u,6606375,100.00,1.518,CPUs utilized
0,,context-switches:u,6606375,100.00,0.000,K/sec
0,,cpu-migrations:u,6606375,100.00,0.000,K/sec
133,,page-faults:u,6606375,100.00,0.020,M/sec
2593291,,cycles:u,6926690,100.00,0.393,GHz
6739646,,stalled-cycles-frontend:u,6926690,100.00,259.89,frontend cycles idle
1833354,,instructions:u,6926690,100.00,0.71,insn per cycle
,,,,,3.68,stalled cycles per insn
247406,,branches:u,6926690,100.00,37.450,M/sec
9299,,branch-misses:u,6926690,100.00,3.76,of all branches
6.412779,,task-clock:u,6412779,100.00,1.162,CPUs utilized
0,,context-switches:u,6412779,100.00,0.000,K/sec
0,,cpu-migrations:u,6412779,100.00,0.000,K/sec
133,,page-faults:u,6412779,100.00,0.021,M/sec
2552587,,cycles:u,6791932,100.00,0.398,GHz
6500440,,stalled-cycles-frontend:u,6791932,100.00,254.66,frontend cycles idle
1825263,,instructions:u,6791932,100.00,0.72,insn per cycle
,,,,,3.56,stalled cycles per insn
246006,,branches:u,6791932,100.00,38.362,M/sec
9140,,branch-misses:u,6791932,100.00,3.72,of all branches
7.023428,,task-clock:u,7023428,100.00,1.407,CPUs utilized
0,,context-switches:u,7023428,100.00,0.000,K/sec
0,,cpu-migrations:u,7023428,100.00,0.000,K/sec
132,,page-faults:u,7023428,100.00,0.019,M/sec
2638331,,cycles:u,7425899,100.00,0.376,GHz
7251901,,stalled-cycles-frontend:u,7425899,100.00,274.87,frontend cycles idle
1809180,,instructions:u,7425899,100.00,0.69,insn per cycle
,,,,,4.01,stalled cycles per insn
243245,,branches:u,7425899,100.00,34.633,M/sec
10429,,branch-misses:u,7425899,100.00,4.29,of all branches
7.323640,,task-clock:u,7323640,100.00,1.348,CPUs utilized
0,,context-switches:u,7323640,100.00,0.000,K/sec
0,,cpu-migrations:u,7323640,100.00,0.000,K/sec
132,,page-faults:u,7323640,100.00,0.018,M/sec
2613666,,cycles:u,7813904,100.00,0.357,GHz
7484700,,stalled-cycles-frontend:u,7813904,100.00,286.37,frontend cycles idle
1825472,,instructions:u,7813904,100.00,0.70,insn per cycle
,,,,,4.10,stalled cycles per insn
246051,,branches:u,7813904,100.00,33.597,M/sec
9856,,branch-misses:u,7813904,100.00,4.01,of all branches
6.992258,,task-clock:u,6992258,100.00,1.614,CPUs utilized
0,,context-switches:u,6992258,100.00,0.000,K/sec
0,,cpu-migrations:u,6992258,100.00,0.000,K/sec
132,,page-faults:u,6992258,100.00,0.019,M/sec
2615581,,cycles:u,7492425,100.00,0.374,GHz
7147916,,stalled-cycles-frontend:u,7492425,100.00,273.28,frontend cycles idle
1829487,,instructions:u,7492425,100.00,0.70,insn per cycle
,,,,,3.91,stalled cycles per insn
246730,,branches:u,7492425,100.00,35.286,M/sec
10082,,branch-misses:u,7492425,100.00,4.09,of all branches
6.169195,,task-clock:u,6169195,100.00,1.505,CPUs utilized
0,,context-switches:u,6169195,100.00,0.000,K/sec
0,,cpu-migrations:u,6169195,100.00,0.000,K/sec
132,,page-faults:u,6169195,100.00,0.021,M/sec
2472473,,cycles:u,6493562,100.00,0.401,GHz
6250081,,stalled-cycles-frontend:u,6493562,100.00,252.79,frontend cycles idle
1821460,,instructions:u,6493562,100.00,0.74,insn per cycle
,,,,,3.43,stalled cycles per insn
245364,,branches:u,6493562,100.00,39.772,M/sec
9440,,branch-misses:u,6493562,100.00,3.85,of all branches
6.703453,,task-clock:u,6703453,100.00,1.641,CPUs utilized
0,,context-switches:u,6703453,100.00,0.000,K/sec
0,,cpu-migrations:u,6703453,100.00,0.000,K/sec
133,,page-faults:u,6703453,100.00,0.020,M/sec
2646213,,cycles:u,7122528,100.00,0.395,GHz
6806286,,stalled-cycles-frontend:u,7122528,100.00,257.21,frontend cycles idle
1825761,,instructions:u,7122528,100.00,0.69,insn per cycle
,,,,,3.73,stalled cycles per insn
246112,,branches:u,7122528,100.00,36.714,M/sec
10052,,branch-misses:u,7122528,100.00,4.08,of all branches
6.931336,,task-clock:u,6931336,100.00,1.535,CPUs utilized
0,,context-switches:u,6931336,100.00,0.000,K/sec
0,,cpu-migrations:u,6931336,100.00,0.000,K/sec
136,,page-faults:u,6931336,100.00,0.020,M/sec
2625691,,cycles:u,7465921,100.00,0.379,GHz
7016564,,stalled-cycles-frontend:u,7465921,100.00,267.23,frontend cycles idle
1823326,,instructions:u,7465921,100.00,0.69,insn per cycle
,,,,,3.85,stalled cycles per insn
245663,,branches:u,7465921,100.00,35.442,M/sec
10149,,branch-misses:u,7465921,100.00,4.13,of all branches
7.002409,,task-clock:u,7002409,100.00,1.565,CPUs utilized
0,,context-switches:u,7002409,100.00,0.000,K/sec
0,,cpu-migrations:u,7002409,100.00,0.000,K/sec
133,,page-faults:u,7002409,100.00,0.019,M/sec
2577561,,cycles:u,7439978,100.00,0.368,GHz
7183804,,stalled-cycles-frontend:u,7439978,100.00,278.71,frontend cycles idle
1839452,,instructions:u,7439978,100.00,0.71,insn per cycle
,,,,,3.91,stalled cycles per insn
248449,,branches:u,7439978,100.00,35.481,M/sec
10291,,branch-misses:u,7439978,100.00,4.14,of all branches
10.863018,,task-clock:u,10863018,100.00,2.002,CPUs utilized
0,,context-switches:u,10863018,100.00,0.000,K/sec
0,,cpu-migrations:u,10863018,100.00,0.000,K/sec
141,,page-faults:u,10863018,100.00,0.013,M/sec
6638602,,cycles:u,11394818,100.00,0.611,GHz
10628025,,stalled-cycles-frontend:u,11394818,100.00,160.09,frontend cycles idle
5495006,,instructions:u,11394818,100.00,0.83,insn per cycle
,,,,,1.93,stalled cycles per insn
601115,,branches:u,11394818,100.00,55.336,M/sec
11510,,branch-misses:u,11394818,100.00,1.91,of all branches
10.518471,,task-clock:u,10518471,100.00,2.484,CPUs utilized
0,,context-switches:u,10518471,100.00,0.000,K/sec
0,,cpu-migrations:u,10518471,100.00,0.000,K/sec
143,,page-faults:u,10518471,100.00,0.014,M/sec
6898738,,cycles:u,11048475,100.00,0.656,GHz
10226421,,stalled-cycles-frontend:u,11048475,100.00,148.24,frontend cycles idle
5469935,,instructions:u,11048475,100.00,0.79,insn per cycle
,,,,,1.87,stalled cycles per insn
596786,,branches:u,11048475,100.00,56.737,M/sec
10761,,branch-misses:u,11048475,100.00,1.80,of all branches
10.697184,,task-clock:u,10697184,100.00,2.225,CPUs utilized
0,,context-switches:u,10697184,100.00,0.000,K/sec
0,,cpu-migrations:u,10697184,100.00,0.000,K/sec
140,,page-faults:u,10697184,100.00,0.013,M/sec
6853122,,cycles:u,11148604,100.00,0.641,GHz
10453625,,stalled-cycles-frontend:u,11148604,100.00,152.54,frontend cycles idle
5479948,,instructions:u,11148604,100.00,0.80,insn per cycle
,,,,,1.91,stalled cycles per insn
598522,,branches:u,11148604,100.00,55.951,M/sec
11947,,branch-misses:u,11148604,100.00,2.00,of all branches
10.889710,,task-clock:u,10889710,100.00,2.287,CPUs utilized
0,,context-switches:u,10889710,100.00,0.000,K/sec
0,,cpu-migrations:u,10889710,100.00,0.000,K/sec
139,,page-faults:u,10889710,100.00,0.013,M/sec
6887263,,cycles:u,11315936,100.00,0.632,GHz
10666542,,stalled-cycles-frontend:u,11315936,100.00,154.87,frontend cycles idle
5458959,,instructions:u,11315936,100.00,0.79,insn per cycle
,,,,,1.95,stalled cycles per insn
594923,,branches:u,11315936,100.00,54.632,M/sec
10912,,branch-misses:u,11315936,100.00,1.83,of all branches
10.706910,,task-clock:u,10706910,100.00,2.246,CPUs utilized
0,,context-switches:u,10706910,100.00,0.000,K/sec
0,,cpu-migrations:u,10706910,100.00,0.000,K/sec
140,,page-faults:u,10706910,100.00,0.013,M/sec
6649726,,cycles:u,11181213,100.00,0.621,GHz
10437504,,stalled-cycles-frontend:u,11181213,100.00,156.96,frontend cycles idle
5471161,,instructions:u,11181213,100.00,0.82,insn per cycle
,,,,,1.91,stalled cycles per insn
597028,,branches:u,11181213,100.00,55.761,M/sec
10263,,branch-misses:u,11181213,100.00,1.72,of all branches
10.371078,,task-clock:u,10371078,100.00,1.963,CPUs utilized
0,,context-switches:u,10371078,100.00,0.000,K/sec
0,,cpu-migrations:u,10371078,100.00,0.000,K/sec
141,,page-faults:u,10371078,100.00,0.014,M/sec
6316527,,cycles:u,10818127,100.00,0.609,GHz
10081740,,stalled-cycles-frontend:u,10818127,100.00,159.61,frontend cycles idle
5495067,,instructions:u,10818127,100.00,0.87,insn per cycle
,,,,,1.83,stalled cycles per insn
601131,,branches:u,10818127,100.00,57.962,M/sec
10462,,branch-misses:u,10818127,100.00,1.74,of all branches
10.237410,,task-clock:u,10237410,100.00,2.085,CPUs utilized
0,,context-switches:u,10237410,100.00,0.000,K/sec
0,,cpu-migrations:u,10237410,100.00,0.000,K/sec
140,,page-faults:u,10237410,100.00,0.014,M/sec
6661671,,cycles:u,10636771,100.00,0.651,GHz
9897799,,stalled-cycles-frontend:u,10636771,100.00,148.58,frontend cycles idle
5483052,,instructions:u,10636771,100.00,0.82,insn per cycle
,,,,,1.81,stalled cycles per insn
599067,,branches:u,10636771,100.00,58.517,M/sec
11164,,branch-misses:u,10636771,100.00,1.86,of all branches
11.262816,,task-clock:u,11262816,100.00,2.256,CPUs utilized
0,,context-switches:u,11262816,100.00,0.000,K/sec
0,,cpu-migrations:u,11262816,100.00,0.000,K/sec
139,,page-faults:u,11262816,100.00,0.012,M/sec
6759875,,cycles:u,11813224,100.00,0.600,GHz
11027802,,stalled-cycles-frontend:u,11813224,100.00,163.14,frontend cycles idle
5447072,,instructions:u,11813224,100.00,0.81,insn per cycle
,,,,,2.02,stalled cycles per insn
592881,,branches:u,11813224,100.00,52.641,M/sec
11204,,branch-misses:u,11813224,100.00,1.89,of all branches
11.166455,,task-clock:u,11166455,100.00,2.068,CPUs utilized
0,,context-switches:u,11166455,100.00,0.000,K/sec
0,,cpu-migrations:u,11166455,100.00,0.000,K/sec
140,,page-faults:u,11166455,100.00,0.013,M/sec
6705282,,cycles:u,11684219,100.00,0.600,GHz
10997403,,stalled-cycles-frontend:u,11684219,100.00,164.01,frontend cycles idle
5467141,,instructions:u,11684219,100.00,0.82,insn per cycle
,,,,,2.01,stalled cycles per insn
596336,,branches:u,11684219,100.00,53.404,M/sec
11081,,branch-misses:u,11684219,100.00,1.86,of all branches
10.456013,,task-clock:u,10456013,100.00,2.370,CPUs utilized
0,,context-switches:u,10456013,100.00,0.000,K/sec
0,,cpu-migrations:u,10456013,100.00,0.000,K/sec
139,,page-faults:u,10456013,100.00,0.013,M/sec
6704958,,cycles:u,10947199,100.00,0.641,GHz
10154005,,stalled-cycles-frontend:u,10947199,100.00,151.44,frontend cycles idle
5446688,,instructions:u,10947199,100.00,0.81,insn per cycle
,,,,,1.86,stalled cycles per insn
592810,,branches:u,10947199,100.00,56.696,M/sec
11856,,branch-misses:u,10947199,100.00,2.00,of all branches
24.444404,,task-clock:u,24444404,100.00,3.403,CPUs utilized
0,,context-switches:u,24444404,100.00,0.000,K/sec
0,,cpu-migrations:u,24444404,100.00,0.000,K/sec
171,,page-faults:u,24444404,100.00,0.007,M/sec
22969766,,cycles:u,24766872,100.00,0.940,GHz
22722435,,stalled-cycles-frontend:u,24766872,100.00,98.92,frontend cycles idle
19864632,,instructions:u,24766872,100.00,0.86,insn per cycle
,,,,,1.14,stalled cycles per insn
1965586,,branches:u,24766872,100.00,80.410,M/sec
15961,,branch-misses:u,24766872,100.00,0.81,of all branches
24.272309,,task-clock:u,24272309,100.00,3.510,CPUs utilized
0,,context-switches:u,24272309,100.00,0.000,K/sec
0,,cpu-migrations:u,24272309,100.00,0.000,K/sec
171,,page-faults:u,24272309,100.00,0.007,M/sec
23080308,,cycles:u,24667811,100.00,0.951,GHz
22438340,,stalled-cycles-frontend:u,24667811,100.00,97.22,frontend cycles idle
19882091,,instructions:u,24667811,100.00,0.86,insn per cycle
,,,,,1.13,stalled cycles per insn
1968666,,branches:u,24667811,100.00,81.107,M/sec
15167,,branch-misses:u,24667811,100.00,0.77,of all branches
24.185891,,task-clock:u,24185891,100.00,3.610,CPUs utilized
0,,context-switches:u,24185891,100.00,0.000,K/sec
0,,cpu-migrations:u,24185891,100.00,0.000,K/sec
170,,page-faults:u,24185891,100.00,0.007,M/sec
23280857,,cycles:u,24480007,100.00,0.963,GHz
22435800,,stalled-cycles-frontend:u,24480007,100.00,96.37,frontend cycles idle
19878051,,instructions:u,24480007,100.00,0.85,insn per cycle
,,,,,1.13,stalled cycles per insn
1967965,,branches:u,24480007,100.00,81.368,M/sec
14507,,branch-misses:u,24480007,100.00,0.74,of all branches
24.234976,,task-clock:u,24234976,100.00,3.678,CPUs utilized
0,,context-switches:u,24234976,100.00,0.000,K/sec
0,,cpu-migrations:u,24234976,100.00,0.000,K/sec
169,,page-faults:u,24234976,100.00,0.007,M/sec
23523058,,cycles:u,24441904,100.00,0.971,GHz
22492713,,stalled-cycles-frontend:u,24441904,100.00,95.62,frontend cycles idle
19883858,,instructions:u,24441904,100.00,0.85,insn per cycle
,,,,,1.13,stalled cycles per insn
1968933,,branches:u,24441904,100.00,81.243,M/sec
13916,,branch-misses:u,24441904,100.00,0.71,of all branches
24.068251,,task-clock:u,24068251,100.00,3.408,CPUs utilized
0,,context-switches:u,24068251,100.00,0.000,K/sec
0,,cpu-migrations:u,24068251,100.00,0.000,K/sec
170,,page-faults:u,24068251,100.00,0.007,M/sec
23329937,,cycles:u,24398905,100.00,0.969,GHz
22247862,,stalled-cycles-frontend:u,24398905,100.00,95.36,frontend cycles idle
19879232,,instructions:u,24398905,100.00,0.85,insn per cycle
,,,,,1.12,stalled cycles per insn
1968166,,branches:u,24398905,100.00,81.774,M/sec
13871,,branch-misses:u,24398905,100.00,0.70,of all branches
24.836829,,task-clock:u,24836829,100.00,3.058,CPUs utilized
0,,context-switches:u,24836829,100.00,0.000,K/sec
0,,cpu-migrations:u,24836829,100.00,0.000,K/sec
169,,page-faults:u,24836829,100.00,0.007,M/sec
23261667,,cycles:u,25279676,100.00,0.937,GHz
23045934,,stalled-cycles-frontend:u,25279676,100.00,99.07,frontend cycles idle
19882018,,instructions:u,25279676,100.00,0.85,insn per cycle
,,,,,1.16,stalled cycles per insn
1968643,,branches:u,25279676,100.00,79.263,M/sec
14502,,branch-misses:u,25279676,100.00,0.74,of all branches
24.696312,,task-clock:u,24696312,100.00,2.970,CPUs utilized
0,,context-switches:u,24696312,100.00,0.000,K/sec
0,,cpu-migrations:u,24696312,100.00,0.000,K/sec
169,,page-faults:u,24696312,100.00,0.007,M/sec
23573600,,cycles:u,25002436,100.00,0.955,GHz
22854550,,stalled-cycles-frontend:u,25002436,100.00,96.95,frontend cycles idle
19837521,,instructions:u,25002436,100.00,0.84,insn per cycle
,,,,,1.15,stalled cycles per insn
1960993,,branches:u,25002436,100.00,79.404,M/sec
14368,,branch-misses:u,25002436,100.00,0.73,of all branches
23.780198,,task-clock:u,23780198,100.00,2.954,CPUs utilized
0,,context-switches:u,23780198,100.00,0.000,K/sec
0,,cpu-migrations:u,23780198,100.00,0.000,K/sec
169,,page-faults:u,23780198,100.00,0.007,M/sec
23289900,,cycles:u,24032727,100.00,0.979,GHz
21893361,,stalled-cycles-frontend:u,24032727,100.00,94.00,frontend cycles idle
19882040,,instructions:u,24032727,100.00,0.85,insn per cycle
,,,,,1.10,stalled cycles per insn
1968649,,branches:u,24032727,100.00,82.785,M/sec
16380,,branch-misses:u,24032727,100.00,0.83,of all branches
24.730650,,task-clock:u,24730650,100.00,3.489,CPUs utilized
0,,context-switches:u,24730650,100.00,0.000,K/sec
0,,cpu-migrations:u,24730650,100.00,0.000,K/sec
170,,page-faults:u,24730650,100.00,0.007,M/sec
23578091,,cycles:u,25059585,100.00,0.953,GHz
23007423,,stalled-cycles-frontend:u,25059585,100.00,97.58,frontend cycles idle
19882032,,instructions:u,25059585,100.00,0.84,insn per cycle
,,,,,1.16,stalled cycles per insn
1968648,,branches:u,25059585,100.00,79.604,M/sec
14406,,branch-misses:u,25059585,100.00,0.73,of all branches
23.722542,,task-clock:u,23722542,100.00,2.981,CPUs utilized
0,,context-switches:u,23722542,100.00,0.000,K/sec
0,,cpu-migrations:u,23722542,100.00,0.000,K/sec
169,,page-faults:u,23722542,100.00,0.007,M/sec
23344016,,cycles:u,23960032,100.00,0.984,GHz
21845076,,stalled-cycles-frontend:u,23960032,100.00,93.58,frontend cycles idle
19882018,,instructions:u,23960032,100.00,0.85,insn per cycle
,,,,,1.10,stalled cycles per insn
1968643,,branches:u,23960032,100.00,82.986,M/sec
14623,,branch-misses:u,23960032,100.00,0.74,of all branches
80.874000,,task-clock:u,80874000,100.00,4.775,CPUs utilized
0,,context-switches:u,80874000,100.00,0.000,K/sec
0,,cpu-migrations:u,80874000,100.00,0.000,K/sec
293,,page-faults:u,80874000,100.00,0.004,M/sec
89359387,,cycles:u,81153132,100.00,1.105,GHz
73056559,,stalled-cycles-frontend:u,81153132,100.00,81.76,frontend cycles idle
77205720,,instructions:u,81153132,100.00,0.86,insn per cycle
,,,,,0.95,stalled cycles per insn
7413659,,branches:u,81153132,100.00,91.669,M/sec
26979,,branch-misses:u,81153132,100.00,0.36,of all branches
81.375093,,task-clock:u,81375093,100.00,4.817,CPUs utilized
0,,context-switches:u,81375093,100.00,0.000,K/sec
0,,cpu-migrations:u,81375093,100.00,0.000,K/sec
290,,page-faults:u,81375093,100.00,0.004,M/sec
90409270,,cycles:u,81688367,100.00,1.111,GHz
73572916,,stalled-cycles-frontend:u,81688367,100.00,81.38,frontend cycles idle
77236689,,instructions:u,81688367,100.00,0.85,insn per cycle
,,,,,0.95,stalled cycles per insn
7418976,,branches:u,81688367,100.00,91.170,M/sec
27628,,branch-misses:u,81688367,100.00,0.37,of all branches
81.110915,,task-clock:u,81110915,100.00,4.882,CPUs utilized
0,,context-switches:u,81110915,100.00,0.000,K/sec
0,,cpu-migrations:u,81110915,100.00,0.000,K/sec
290,,page-faults:u,81110915,100.00,0.004,M/sec
90445258,,cycles:u,81490867,100.00,1.115,GHz
73267557,,stalled-cycles-frontend:u,81490867,100.00,81.01,frontend cycles idle
77252530,,instructions:u,81490867,100.00,0.85,insn per cycle
,,,,,0.95,stalled cycles per insn
7421684,,branches:u,81490867,100.00,91.500,M/sec
29526,,branch-misses:u,81490867,100.00,0.40,of all branches
80.623378,,task-clock:u,80623378,100.00,4.831,CPUs utilized
0,,context-switches:u,80623378,100.00,0.000,K/sec
0,,cpu-migrations:u,80623378,100.00,0.000,K/sec
291,,page-faults:u,80623378,100.00,0.004,M/sec
89147446,,cycles:u,80922751,100.00,1.106,GHz
72566612,,stalled-cycles-frontend:u,80922751,100.00,81.40,frontend cycles idle
77199289,,instructions:u,80922751,100.00,0.87,insn per cycle
,,,,,0.94,stalled cycles per insn
7412507,,branches:u,80922751,100.00,91.940,M/sec
27086,,branch-misses:u,80922751,100.00,0.37,of all branches
81.546576,,task-clock:u,81546576,100.00,4.756,CPUs utilized
0,,context-switches:u,81546576,100.00,0.000,K/sec
0,,cpu-migrations:u,81546576,100.00,0.000,K/sec
291,,page-faults:u,81546576,100.00,0.004,M/sec
89715783,,cycles:u,82081183,100.00,1.100,GHz
73587603,,stalled-cycles-frontend:u,82081183,100.00,82.02,frontend cycles idle
77230489,,instructions:u,82081183,100.00,0.86,insn per cycle
,,,,,0.95,stalled cycles per insn
7417887,,branches:u,82081183,100.00,90.965,M/sec
27832,,branch-misses:u,82081183,100.00,0.38,of all branches
79.518730,,task-clock:u,79518730,100.00,4.354,CPUs utilized
0,,context-switches:u,79518730,100.00,0.000,K/sec
0,,cpu-migrations:u,79518730,100.00,0.000,K/sec
290,,page-faults:u,79518730,100.00,0.004,M/sec
87861437,,cycles:u,80006802,100.00,1.105,GHz
71339922,,stalled-cycles-frontend:u,80006802,100.00,81.20,frontend cycles idle
77162172,,instructions:u,80006802,100.00,0.88,insn per cycle
,,,,,0.92,stalled cycles per insn
7406184,,branches:u,80006802,100.00,93.138,M/sec
26456,,branch-misses:u,80006802,100.00,0.36,of all branches
78.563355,,task-clock:u,78563355,100.00,3.898,CPUs utilized
0,,context-switches:u,78563355,100.00,0.000,K/sec
0,,cpu-migrations:u,78563355,100.00,0.000,K/sec
290,,page-faults:u,78563355,100.00,0.004,M/sec
86713413,,cycles:u,79078382,100.00,1.104,GHz
70126916,,stalled-cycles-frontend:u,79078382,100.00,80.87,frontend cycles idle
77218713,,instructions:u,79078382,100.00,0.89,insn per cycle
,,,,,0.91,stalled cycles per insn
7415821,,branches:u,79078382,100.00,94.393,M/sec
27625,,branch-misses:u,79078382,100.00,0.37,of all branches
81.233512,,task-clock:u,81233512,100.00,4.835,CPUs utilized
0,,context-switches:u,81233512,100.00,0.000,K/sec
0,,cpu-migrations:u,81233512,100.00,0.000,K/sec
291,,page-faults:u,81233512,100.00,0.004,M/sec
89809656,,cycles:u,81641332,100.00,1.106,GHz
73408624,,stalled-cycles-frontend:u,81641332,100.00,81.74,frontend cycles idle
77244851,,instructions:u,81641332,100.00,0.86,insn per cycle
,,,,,0.95,stalled cycles per insn
7420383,,branches:u,81641332,100.00,91.346,M/sec
29504,,branch-misses:u,81641332,100.00,0.40,of all branches
80.637722,,task-clock:u,80637722,100.00,4.740,CPUs utilized
0,,context-switches:u,80637722,100.00,0.000,K/sec
0,,cpu-migrations:u,80637722,100.00,0.000,K/sec
291,,page-faults:u,80637722,100.00,0.004,M/sec
89095177,,cycles:u,80954222,100.00,1.105,GHz
72631161,,stalled-cycles-frontend:u,80954222,100.00,81.52,frontend cycles idle
77212514,,instructions:u,80954222,100.00,0.87,insn per cycle
,,,,,0.94,stalled cycles per insn
7414802,,branches:u,80954222,100.00,91.952,M/sec
27619,,branch-misses:u,80954222,100.00,0.37,of all branches
79.247641,,task-clock:u,79247641,100.00,3.972,CPUs utilized
0,,context-switches:u,79247641,100.00,0.000,K/sec
0,,cpu-migrations:u,79247641,100.00,0.000,K/sec
291,,page-faults:u,79247641,100.00,0.004,M/sec
87727730,,cycles:u,79702583,100.00,1.107,GHz
70941035,,stalled-cycles-frontend:u,79702583,100.00,80.87,frontend cycles idle
77251311,,instructions:u,79702583,100.00,0.88,insn per cycle
,,,,,0.92,stalled cycles per insn
7421439,,branches:u,79702583,100.00,93.649,M/sec
27929,,branch-misses:u,79702583,100.00,0.38,of all branches
