
 Performance counter stats for './mandelbrot_seq_withoutIO -0.800 -0.700 0.050 0.150 16':

          1.557769      task-clock:u (msec)       #    0.763 CPUs utilized          
                 0      context-switches:u        #    0.000 K/sec                  
                 0      cpu-migrations:u          #    0.000 K/sec                  
                42      page-faults:u             #    0.027 M/sec                  
           586,811      cycles:u                  #    0.377 GHz                    
         1,498,770      stalled-cycles-frontend:u #  255.41% frontend cycles idle   
         1,092,577      instructions:u            #    1.86  insn per cycle         
                                                  #    1.37  stalled cycles per insn
           101,216      branches:u                #   64.975 M/sec                  
             2,036      branch-misses:u           #    2.01% of all branches        
     <not counted>      L1-dcache-loads:u                                             (0.00%)
     <not counted>      L1-dcache-load-misses:u                                       (0.00%)
     <not counted>      LLC-loads:u                                                   (0.00%)
   <not supported>      LLC-load-misses:u                                           

       0.002040337 seconds time elapsed


 Performance counter stats for './mandelbrot_seq_withoutIO -0.800 -0.700 0.050 0.150 16':

          1.569072      task-clock:u (msec)       #    0.747 CPUs utilized          
                 0      context-switches:u        #    0.000 K/sec                  
                 0      cpu-migrations:u          #    0.000 K/sec                  
                44      page-faults:u             #    0.028 M/sec                  
           447,247      cycles:u                  #    0.285 GHz                    
         1,519,182      stalled-cycles-frontend:u #  339.67% frontend cycles idle   
         1,092,578      instructions:u            #    2.44  insn per cycle         
                                                  #    1.39  stalled cycles per insn
           101,217      branches:u                #   64.508 M/sec                  
             1,978      branch-misses:u           #    1.95% of all branches        
     <not counted>      L1-dcache-loads:u                                             (0.00%)
     <not counted>      L1-dcache-load-misses:u                                       (0.00%)
     <not counted>      LLC-loads:u                                                   (0.00%)
   <not supported>      LLC-load-misses:u                                           

       0.002099749 seconds time elapsed


 Performance counter stats for './mandelbrot_seq_withoutIO -0.800 -0.700 0.050 0.150 16':

          1.528632      task-clock:u (msec)       #    0.740 CPUs utilized          
                 0      context-switches:u        #    0.000 K/sec                  
                 0      cpu-migrations:u          #    0.000 K/sec                  
                44      page-faults:u             #    0.029 M/sec                  
           366,408      cycles:u                  #    0.240 GHz                    
         1,467,566      stalled-cycles-frontend:u #  400.53% frontend cycles idle   
         1,092,578      instructions:u            #    2.98  insn per cycle         
                                                  #    1.34  stalled cycles per insn
           101,217      branches:u                #   66.214 M/sec                  
             1,992      branch-misses:u           #    1.97% of all branches        
     <not counted>      L1-dcache-loads:u                                             (0.00%)
     <not counted>      L1-dcache-load-misses:u                                       (0.00%)
     <not counted>      LLC-loads:u                                                   (0.00%)
   <not supported>      LLC-load-misses:u                                           

       0.002065428 seconds time elapsed


 Performance counter stats for './mandelbrot_seq_withoutIO -0.800 -0.700 0.050 0.150 16':

          1.586671      task-clock:u (msec)       #    0.729 CPUs utilized          
                 0      context-switches:u        #    0.000 K/sec                  
                 0      cpu-migrations:u          #    0.000 K/sec                  
                44      page-faults:u             #    0.028 M/sec                  
           152,031      cycles:u                  #    0.096 GHz                    
         1,406,188      stalled-cycles-frontend:u #  924.94% frontend cycles idle   
         1,092,579      instructions:u            #    7.19  insn per cycle         
                                                  #    1.29  stalled cycles per insn
           101,218      branches:u                #   63.793 M/sec                  
             1,971      branch-misses:u           #    1.95% of all branches        
     <not counted>      L1-dcache-loads:u                                             (0.00%)
     <not counted>      L1-dcache-load-misses:u                                       (0.00%)
     <not counted>      LLC-loads:u                                                   (0.00%)
   <not supported>      LLC-load-misses:u                                           

       0.002175761 seconds time elapsed


 Performance counter stats for './mandelbrot_seq_withoutIO -0.800 -0.700 0.050 0.150 16':

          1.474159      task-clock:u (msec)       #    0.750 CPUs utilized          
                 0      context-switches:u        #    0.000 K/sec                  
                 0      cpu-migrations:u          #    0.000 K/sec                  
                43      page-faults:u             #    0.029 M/sec                  
           588,170      cycles:u                  #    0.399 GHz                    
         1,402,000      stalled-cycles-frontend:u #  238.37% frontend cycles idle   
         1,092,577      instructions:u            #    1.86  insn per cycle         
                                                  #    1.28  stalled cycles per insn
           101,216      branches:u                #   68.660 M/sec                  
             1,668      branch-misses:u           #    1.65% of all branches        
     <not counted>      L1-dcache-loads:u                                             (0.00%)
     <not counted>      L1-dcache-load-misses:u                                       (0.00%)
     <not counted>      LLC-loads:u                                                   (0.00%)
   <not supported>      LLC-load-misses:u                                           

       0.001965603 seconds time elapsed


 Performance counter stats for './mandelbrot_seq_withoutIO -0.800 -0.700 0.050 0.150 16':

          1.519970      task-clock:u (msec)       #    0.773 CPUs utilized          
                 0      context-switches:u        #    0.000 K/sec                  
                 0      cpu-migrations:u          #    0.000 K/sec                  
                43      page-faults:u             #    0.028 M/sec                  
           127,181      cycles:u                  #    0.084 GHz                    
         1,310,241      stalled-cycles-frontend:u # 1030.22% frontend cycles idle   
         1,092,577      instructions:u            #    8.59  insn per cycle         
                                                  #    1.20  stalled cycles per insn
           101,216      branches:u                #   66.591 M/sec                  
             2,004      branch-misses:u           #    1.98% of all branches        
     <not counted>      L1-dcache-loads:u                                             (0.00%)
     <not counted>      L1-dcache-load-misses:u                                       (0.00%)
     <not counted>      LLC-loads:u                                                   (0.00%)
   <not supported>      LLC-load-misses:u                                           

       0.001966799 seconds time elapsed


 Performance counter stats for './mandelbrot_seq_withoutIO -0.800 -0.700 0.050 0.150 16':

          1.564488      task-clock:u (msec)       #    0.767 CPUs utilized          
                 0      context-switches:u        #    0.000 K/sec                  
                 0      cpu-migrations:u          #    0.000 K/sec                  
                43      page-faults:u             #    0.027 M/sec                  
           123,210      cycles:u                  #    0.079 GHz                    
         1,325,005      stalled-cycles-frontend:u # 1075.40% frontend cycles idle   
         1,092,577      instructions:u            #    8.87  insn per cycle         
                                                  #    1.21  stalled cycles per insn
           101,216      branches:u                #   64.696 M/sec                  
             1,967      branch-misses:u           #    1.94% of all branches        
     <not counted>      L1-dcache-loads:u                                             (0.00%)
     <not counted>      L1-dcache-load-misses:u                                       (0.00%)
     <not counted>      LLC-loads:u                                                   (0.00%)
   <not supported>      LLC-load-misses:u                                           

       0.002040940 seconds time elapsed


 Performance counter stats for './mandelbrot_seq_withoutIO -0.800 -0.700 0.050 0.150 16':

          1.577270      task-clock:u (msec)       #    0.757 CPUs utilized          
                 0      context-switches:u        #    0.000 K/sec                  
                 0      cpu-migrations:u          #    0.000 K/sec                  
                44      page-faults:u             #    0.028 M/sec                  
           571,884      cycles:u                  #    0.363 GHz                    
         1,525,804      stalled-cycles-frontend:u #  266.80% frontend cycles idle   
         1,092,578      instructions:u            #    1.91  insn per cycle         
                                                  #    1.40  stalled cycles per insn
           101,217      branches:u                #   64.172 M/sec                  
             2,003      branch-misses:u           #    1.98% of all branches        
     <not counted>      L1-dcache-loads:u                                             (0.00%)
     <not counted>      L1-dcache-load-misses:u                                       (0.00%)
     <not counted>      LLC-loads:u                                                   (0.00%)
   <not supported>      LLC-load-misses:u                                           

       0.002082618 seconds time elapsed


 Performance counter stats for './mandelbrot_seq_withoutIO -0.800 -0.700 0.050 0.150 16':

          1.600881      task-clock:u (msec)       #    0.756 CPUs utilized          
                 0      context-switches:u        #    0.000 K/sec                  
                 0      cpu-migrations:u          #    0.000 K/sec                  
                44      page-faults:u             #    0.027 M/sec                  
            35,436      cycles:u                  #    0.022 GHz                    
         1,169,236      stalled-cycles-frontend:u # 3299.57% frontend cycles idle   
         1,092,578      instructions:u            #   30.83  insn per cycle         
                                                  #    1.07  stalled cycles per insn
           101,217      branches:u                #   63.226 M/sec                  
             2,003      branch-misses:u           #    1.98% of all branches        
     <not counted>      L1-dcache-loads:u                                             (0.00%)
     <not counted>      L1-dcache-load-misses:u                                       (0.00%)
     <not counted>      LLC-loads:u                                                   (0.00%)
   <not supported>      LLC-load-misses:u                                           

       0.002117954 seconds time elapsed


 Performance counter stats for './mandelbrot_seq_withoutIO -0.800 -0.700 0.050 0.150 16':

          1.547179      task-clock:u (msec)       #    0.765 CPUs utilized          
                 0      context-switches:u        #    0.000 K/sec                  
                 0      cpu-migrations:u          #    0.000 K/sec                  
                43      page-faults:u             #    0.028 M/sec                  
                 0      cycles:u                  #    0.000 GHz                    
         1,032,744      stalled-cycles-frontend:u                                   
         1,092,577      instructions:u                                              
                                                  #    0.95  stalled cycles per insn
           101,216      branches:u                #   65.420 M/sec                  
             2,007      branch-misses:u           #    1.98% of all branches        
     <not counted>      L1-dcache-loads:u                                             (0.00%)
     <not counted>      L1-dcache-load-misses:u                                       (0.00%)
     <not counted>      LLC-loads:u                                                   (0.00%)
   <not supported>      LLC-load-misses:u                                           

       0.002022039 seconds time elapsed


 Performance counter stats for './mandelbrot_seq_withoutIO -0.800 -0.700 0.050 0.150 32':

          4.101610      task-clock:u (msec)       #    0.898 CPUs utilized          
                 0      context-switches:u        #    0.000 K/sec                  
                 0      cpu-migrations:u          #    0.000 K/sec                  
                44      page-faults:u             #    0.011 M/sec                  
           143,053      cycles:u                  #    0.035 GHz                    
         1,355,216      stalled-cycles-frontend:u #  947.35% frontend cycles idle   
         2,288,415      instructions:u            #   16.00  insn per cycle         
                                                  #    0.59  stalled cycles per insn
           298,181      branches:u                #   72.699 M/sec                  
             2,814      branch-misses:u           #    0.94% of all branches        
         2,612,539      L1-dcache-loads:u         #  636.955 M/sec                    (16.11%)
     <not counted>      L1-dcache-load-misses:u                                       (0.00%)
     <not counted>      LLC-loads:u                                                   (0.00%)
   <not supported>      LLC-load-misses:u                                           

       0.004565098 seconds time elapsed


 Performance counter stats for './mandelbrot_seq_withoutIO -0.800 -0.700 0.050 0.150 32':

          4.133449      task-clock:u (msec)       #    0.897 CPUs utilized          
                 0      context-switches:u        #    0.000 K/sec                  
                 0      cpu-migrations:u          #    0.000 K/sec                  
                42      page-faults:u             #    0.010 M/sec                  
           128,381      cycles:u                  #    0.031 GHz                    
         1,325,247      stalled-cycles-frontend:u # 1032.28% frontend cycles idle   
         2,234,850      instructions:u            #   17.41  insn per cycle         
                                                  #    0.59  stalled cycles per insn
           292,954      branches:u                #   70.874 M/sec                  
             2,635      branch-misses:u           #    0.90% of all branches        
         2,636,957      L1-dcache-loads:u         #  637.956 M/sec                    (17.54%)
     <not counted>      L1-dcache-load-misses:u                                       (0.00%)
     <not counted>      LLC-loads:u                                                   (0.00%)
   <not supported>      LLC-load-misses:u                                           

       0.004607058 seconds time elapsed


 Performance counter stats for './mandelbrot_seq_withoutIO -0.800 -0.700 0.050 0.150 32':

          4.222337      task-clock:u (msec)       #    0.885 CPUs utilized          
                 0      context-switches:u        #    0.000 K/sec                  
                 0      cpu-migrations:u          #    0.000 K/sec                  
                44      page-faults:u             #    0.010 M/sec                  
           688,492      cycles:u                  #    0.163 GHz                    
         1,828,555      stalled-cycles-frontend:u #  265.59% frontend cycles idle   
         2,777,493      instructions:u            #    4.03  insn per cycle         
                                                  #    0.66  stalled cycles per insn
           334,707      branches:u                #   79.271 M/sec                  
             2,833      branch-misses:u           #    0.85% of all branches        
         2,016,653      L1-dcache-loads:u         #  477.615 M/sec                    (6.52%)
     <not counted>      L1-dcache-load-misses:u                                       (0.00%)
     <not counted>      LLC-loads:u                                                   (0.00%)
   <not supported>      LLC-load-misses:u                                           

       0.004773111 seconds time elapsed


 Performance counter stats for './mandelbrot_seq_withoutIO -0.800 -0.700 0.050 0.150 32':

          4.437483      task-clock:u (msec)       #    0.898 CPUs utilized          
                 0      context-switches:u        #    0.000 K/sec                  
                 0      cpu-migrations:u          #    0.000 K/sec                  
                43      page-faults:u             #    0.010 M/sec                  
           551,415      cycles:u                  #    0.124 GHz                    
         1,856,443      stalled-cycles-frontend:u #  336.67% frontend cycles idle   
         2,556,432      instructions:u            #    4.64  insn per cycle         
                                                  #    0.73  stalled cycles per insn
           315,690      branches:u                #   71.142 M/sec                  
             2,884      branch-misses:u           #    0.91% of all branches        
         2,545,456      L1-dcache-loads:u         #  573.626 M/sec                    (11.08%)
     <not counted>      L1-dcache-load-misses:u                                       (0.00%)
     <not counted>      LLC-loads:u                                                   (0.00%)
   <not supported>      LLC-load-misses:u                                           

       0.004941980 seconds time elapsed


 Performance counter stats for './mandelbrot_seq_withoutIO -0.800 -0.700 0.050 0.150 32':

          4.280924      task-clock:u (msec)       #    0.902 CPUs utilized          
                 0      context-switches:u        #    0.000 K/sec                  
                 0      cpu-migrations:u          #    0.000 K/sec                  
                44      page-faults:u             #    0.010 M/sec                  
                 0      cycles:u                  #    0.000 GHz                    
         1,008,915      stalled-cycles-frontend:u                                   
         1,754,000      instructions:u                                              
                                                  #    0.58  stalled cycles per insn
           248,911      branches:u                #   58.144 M/sec                  
             2,628      branch-misses:u           #    1.06% of all branches        
         2,792,192      L1-dcache-loads:u         #  652.240 M/sec                    (29.08%)
             1,296      L1-dcache-load-misses:u   #    0.05% of all L1-dcache hits    (5.71%)
     <not counted>      LLC-loads:u                                                   (0.00%)
   <not supported>      LLC-load-misses:u                                           

       0.004743764 seconds time elapsed


 Performance counter stats for './mandelbrot_seq_withoutIO -0.800 -0.700 0.050 0.150 32':

          4.291625      task-clock:u (msec)       #    0.906 CPUs utilized          
                 0      context-switches:u        #    0.000 K/sec                  
                 0      cpu-migrations:u          #    0.000 K/sec                  
                43      page-faults:u             #    0.010 M/sec                  
           479,871      cycles:u                  #    0.112 GHz                    
         1,654,982      stalled-cycles-frontend:u #  344.88% frontend cycles idle   
         2,568,720      instructions:u            #    5.35  insn per cycle         
                                                  #    0.64  stalled cycles per insn
           315,580      branches:u                #   73.534 M/sec                  
             2,605      branch-misses:u           #    0.83% of all branches        
         2,383,331      L1-dcache-loads:u         #  555.345 M/sec                    (11.88%)
     <not counted>      L1-dcache-load-misses:u                                       (0.00%)
     <not counted>      LLC-loads:u                                                   (0.00%)
   <not supported>      LLC-load-misses:u                                           

       0.004736066 seconds time elapsed


 Performance counter stats for './mandelbrot_seq_withoutIO -0.800 -0.700 0.050 0.150 32':

          4.259498      task-clock:u (msec)       #    0.889 CPUs utilized          
                 0      context-switches:u        #    0.000 K/sec                  
                 0      cpu-migrations:u          #    0.000 K/sec                  
                44      page-faults:u             #    0.010 M/sec                  
            62,889      cycles:u                  #    0.015 GHz                    
         1,226,582      stalled-cycles-frontend:u # 1950.39% frontend cycles idle   
         2,007,590      instructions:u            #   31.92  insn per cycle         
                                                  #    0.61  stalled cycles per insn
           271,345      branches:u                #   63.704 M/sec                  
             2,896      branch-misses:u           #    1.07% of all branches        
         2,792,290      L1-dcache-loads:u         #  655.544 M/sec                    (22.70%)
     <not counted>      L1-dcache-load-misses:u                                       (0.00%)
     <not counted>      LLC-loads:u                                                   (0.00%)
   <not supported>      LLC-load-misses:u                                           

       0.004793223 seconds time elapsed


 Performance counter stats for './mandelbrot_seq_withoutIO -0.800 -0.700 0.050 0.150 32':

          4.287706      task-clock:u (msec)       #    0.893 CPUs utilized          
                 0      context-switches:u        #    0.000 K/sec                  
                 0      cpu-migrations:u          #    0.000 K/sec                  
                43      page-faults:u             #    0.010 M/sec                  
           436,012      cycles:u                  #    0.102 GHz                    
         1,610,271      stalled-cycles-frontend:u #  369.32% frontend cycles idle   
         2,529,078      instructions:u            #    5.80  insn per cycle         
                                                  #    0.64  stalled cycles per insn
           314,246      branches:u                #   73.290 M/sec                  
             2,850      branch-misses:u           #    0.91% of all branches        
         2,273,513      L1-dcache-loads:u         #  530.240 M/sec                    (12.92%)
     <not counted>      L1-dcache-load-misses:u                                       (0.00%)
     <not counted>      LLC-loads:u                                                   (0.00%)
   <not supported>      LLC-load-misses:u                                           

       0.004800641 seconds time elapsed


 Performance counter stats for './mandelbrot_seq_withoutIO -0.800 -0.700 0.050 0.150 32':

          4.350820      task-clock:u (msec)       #    0.885 CPUs utilized          
                 0      context-switches:u        #    0.000 K/sec                  
                 0      cpu-migrations:u          #    0.000 K/sec                  
                44      page-faults:u             #    0.010 M/sec                  
           139,962      cycles:u                  #    0.032 GHz                    
         1,351,356      stalled-cycles-frontend:u #  965.52% frontend cycles idle   
         2,096,193      instructions:u            #   14.98  insn per cycle         
                                                  #    0.64  stalled cycles per insn
           275,726      branches:u                #   63.373 M/sec                  
             2,833      branch-misses:u           #    1.03% of all branches        
         2,783,375      L1-dcache-loads:u         #  639.736 M/sec                    (21.52%)
     <not counted>      L1-dcache-load-misses:u                                       (0.00%)
     <not counted>      LLC-loads:u                                                   (0.00%)
   <not supported>      LLC-load-misses:u                                           

       0.004915380 seconds time elapsed


 Performance counter stats for './mandelbrot_seq_withoutIO -0.800 -0.700 0.050 0.150 32':

          4.270299      task-clock:u (msec)       #    0.890 CPUs utilized          
                 0      context-switches:u        #    0.000 K/sec                  
                 0      cpu-migrations:u          #    0.000 K/sec                  
                43      page-faults:u             #    0.010 M/sec                  
            76,217      cycles:u                  #    0.018 GHz                    
         1,271,255      stalled-cycles-frontend:u # 1667.94% frontend cycles idle   
         2,033,035      instructions:u            #   26.67  insn per cycle         
                                                  #    0.63  stalled cycles per insn
           271,715      branches:u                #   63.629 M/sec                  
             2,851      branch-misses:u           #    1.05% of all branches        
         2,854,955      L1-dcache-loads:u         #  668.561 M/sec                    (22.10%)
     <not counted>      L1-dcache-load-misses:u                                       (0.00%)
     <not counted>      LLC-loads:u                                                   (0.00%)
   <not supported>      LLC-load-misses:u                                           

       0.004799146 seconds time elapsed


 Performance counter stats for './mandelbrot_seq_withoutIO -0.800 -0.700 0.050 0.150 64':

         14.750246      task-clock:u (msec)       #    0.959 CPUs utilized          
                 0      context-switches:u        #    0.000 K/sec                  
                 0      cpu-migrations:u          #    0.000 K/sec                  
                44      page-faults:u             #    0.003 M/sec                  
        15,115,625      cycles:u                  #    1.025 GHz                      (32.31%)
        12,968,040      stalled-cycles-frontend:u #   85.79% frontend cycles idle     (45.83%)
        15,357,879      instructions:u            #    1.02  insn per cycle         
                                                  #    0.84  stalled cycles per insn  (59.38%)
         1,304,165      branches:u                #   88.416 M/sec                    (59.37%)
             6,444      branch-misses:u           #    0.49% of all branches          (65.74%)
        10,404,225      L1-dcache-loads:u         #  705.359 M/sec                    (44.18%)
               110      L1-dcache-load-misses:u   #    0.00% of all L1-dcache hits    (27.38%)
               376      LLC-loads:u               #    0.025 M/sec                    (21.56%)
   <not supported>      LLC-load-misses:u                                           

       0.015373934 seconds time elapsed


 Performance counter stats for './mandelbrot_seq_withoutIO -0.800 -0.700 0.050 0.150 64':

         14.975753      task-clock:u (msec)       #    0.966 CPUs utilized          
                 0      context-switches:u        #    0.000 K/sec                  
                 0      cpu-migrations:u          #    0.000 K/sec                  
                43      page-faults:u             #    0.003 M/sec                  
        16,802,840      cycles:u                  #    1.122 GHz                      (33.39%)
        13,113,146      stalled-cycles-frontend:u #   78.04% frontend cycles idle     (46.76%)
        15,668,690      instructions:u            #    0.93  insn per cycle         
                                                  #    0.84  stalled cycles per insn  (60.04%)
         1,321,707      branches:u                #   88.256 M/sec                    (60.05%)
             6,105      branch-misses:u           #    0.46% of all branches          (64.50%)
         9,650,347      L1-dcache-loads:u         #  644.398 M/sec                    (30.45%)
               134      L1-dcache-load-misses:u   #    0.00% of all L1-dcache hits    (28.43%)
               438      LLC-loads:u               #    0.029 M/sec                    (26.02%)
   <not supported>      LLC-load-misses:u                                           

       0.015503787 seconds time elapsed


 Performance counter stats for './mandelbrot_seq_withoutIO -0.800 -0.700 0.050 0.150 64':

         14.807022      task-clock:u (msec)       #    0.968 CPUs utilized          
                 0      context-switches:u        #    0.000 K/sec                  
                 0      cpu-migrations:u          #    0.000 K/sec                  
                44      page-faults:u             #    0.003 M/sec                  
        16,413,799      cycles:u                  #    1.109 GHz                      (32.54%)
        12,933,579      stalled-cycles-frontend:u #   78.80% frontend cycles idle     (46.03%)
        15,607,823      instructions:u            #    0.95  insn per cycle         
                                                  #    0.83  stalled cycles per insn  (59.51%)
         1,318,071      branches:u                #   89.017 M/sec                    (59.49%)
             5,988      branch-misses:u           #    0.45% of all branches          (64.61%)
         9,807,647      L1-dcache-loads:u         #  662.365 M/sec                    (30.47%)
                32      L1-dcache-load-misses:u   #    0.00% of all L1-dcache hits    (28.31%)
               262      LLC-loads:u               #    0.018 M/sec                    (24.83%)
   <not supported>      LLC-load-misses:u                                           

       0.015300821 seconds time elapsed


 Performance counter stats for './mandelbrot_seq_withoutIO -0.800 -0.700 0.050 0.150 64':

         14.705691      task-clock:u (msec)       #    0.968 CPUs utilized          
                 0      context-switches:u        #    0.000 K/sec                  
                 0      cpu-migrations:u          #    0.000 K/sec                  
                44      page-faults:u             #    0.003 M/sec                  
        16,448,147      cycles:u                  #    1.118 GHz                      (32.11%)
        12,871,947      stalled-cycles-frontend:u #   78.26% frontend cycles idle     (45.72%)
        15,542,953      instructions:u            #    0.94  insn per cycle         
                                                  #    0.83  stalled cycles per insn  (59.25%)
         1,318,296      branches:u                #   89.645 M/sec                    (59.25%)
             6,035      branch-misses:u           #    0.46% of all branches          (64.62%)
         9,913,341      L1-dcache-loads:u         #  674.116 M/sec                    (30.47%)
                46      L1-dcache-load-misses:u   #    0.00% of all L1-dcache hits    (28.30%)
               237      LLC-loads:u               #    0.016 M/sec                    (24.43%)
   <not supported>      LLC-load-misses:u                                           

       0.015197423 seconds time elapsed


 Performance counter stats for './mandelbrot_seq_withoutIO -0.800 -0.700 0.050 0.150 64':

         15.024794      task-clock:u (msec)       #    0.967 CPUs utilized          
                 0      context-switches:u        #    0.000 K/sec                  
                 0      cpu-migrations:u          #    0.000 K/sec                  
                44      page-faults:u             #    0.003 M/sec                  
        15,538,898      cycles:u                  #    1.034 GHz                      (33.53%)
        13,253,075      stalled-cycles-frontend:u #   85.29% frontend cycles idle     (46.78%)
        15,410,610      instructions:u            #    0.99  insn per cycle         
                                                  #    0.86  stalled cycles per insn  (60.09%)
         1,313,758      branches:u                #   87.439 M/sec                    (60.12%)
             6,482      branch-misses:u           #    0.49% of all branches          (65.91%)
        10,169,994      L1-dcache-loads:u         #  676.881 M/sec                    (43.91%)
               165      L1-dcache-load-misses:u   #    0.00% of all L1-dcache hits    (27.29%)
               389      LLC-loads:u               #    0.026 M/sec                    (22.34%)
   <not supported>      LLC-load-misses:u                                           

       0.015539012 seconds time elapsed


 Performance counter stats for './mandelbrot_seq_withoutIO -0.800 -0.700 0.050 0.150 64':

         14.989764      task-clock:u (msec)       #    0.967 CPUs utilized          
                 0      context-switches:u        #    0.000 K/sec                  
                 0      cpu-migrations:u          #    0.000 K/sec                  
                43      page-faults:u             #    0.003 M/sec                  
        16,875,057      cycles:u                  #    1.126 GHz                      (33.38%)
        13,147,419      stalled-cycles-frontend:u #   77.91% frontend cycles idle     (46.71%)
        15,600,245      instructions:u            #    0.92  insn per cycle         
                                                  #    0.84  stalled cycles per insn  (59.99%)
         1,316,218      branches:u                #   87.808 M/sec                    (60.01%)
             6,279      branch-misses:u           #    0.48% of all branches          (64.55%)
         9,676,249      L1-dcache-loads:u         #  645.524 M/sec                    (30.55%)
                71      L1-dcache-load-misses:u   #    0.00% of all L1-dcache hits    (28.35%)
               227      LLC-loads:u               #    0.015 M/sec                    (26.00%)
   <not supported>      LLC-load-misses:u                                           

       0.015493363 seconds time elapsed


 Performance counter stats for './mandelbrot_seq_withoutIO -0.800 -0.700 0.050 0.150 64':

         14.732452      task-clock:u (msec)       #    0.964 CPUs utilized          
                 0      context-switches:u        #    0.000 K/sec                  
                 0      cpu-migrations:u          #    0.000 K/sec                  
                43      page-faults:u             #    0.003 M/sec                  
        15,232,578      cycles:u                  #    1.034 GHz                      (32.21%)
        12,890,600      stalled-cycles-frontend:u #   84.63% frontend cycles idle     (45.80%)
        15,513,547      instructions:u            #    1.02  insn per cycle         
                                                  #    0.83  stalled cycles per insn  (59.34%)
         1,307,613      branches:u                #   88.757 M/sec                    (59.31%)
             6,487      branch-misses:u           #    0.50% of all branches          (65.74%)
        10,341,664      L1-dcache-loads:u         #  701.965 M/sec                    (29.42%)
               128      L1-dcache-load-misses:u   #    0.00% of all L1-dcache hits    (27.41%)
               414      LLC-loads:u               #    0.028 M/sec                    (21.47%)
   <not supported>      LLC-load-misses:u                                           

       0.015286174 seconds time elapsed


 Performance counter stats for './mandelbrot_seq_withoutIO -0.800 -0.700 0.050 0.150 64':

         14.840110      task-clock:u (msec)       #    0.963 CPUs utilized          
                 0      context-switches:u        #    0.000 K/sec                  
                 0      cpu-migrations:u          #    0.000 K/sec                  
                43      page-faults:u             #    0.003 M/sec                  
        15,816,693      cycles:u                  #    1.066 GHz                      (32.72%)
        12,961,814      stalled-cycles-frontend:u #   81.95% frontend cycles idle     (46.16%)
        15,483,423      instructions:u            #    0.98  insn per cycle         
                                                  #    0.84  stalled cycles per insn  (59.62%)
         1,315,994      branches:u                #   88.678 M/sec                    (59.62%)
             6,442      branch-misses:u           #    0.49% of all branches          (65.07%)
        10,027,185      L1-dcache-loads:u         #  675.681 M/sec                    (30.01%)
               394      L1-dcache-load-misses:u   #    0.00% of all L1-dcache hits    (27.93%)
               551      LLC-loads:u               #    0.037 M/sec                    (23.78%)
   <not supported>      LLC-load-misses:u                                           

       0.015415715 seconds time elapsed


 Performance counter stats for './mandelbrot_seq_withoutIO -0.800 -0.700 0.050 0.150 64':

         14.650533      task-clock:u (msec)       #    0.968 CPUs utilized          
                 0      context-switches:u        #    0.000 K/sec                  
                 0      cpu-migrations:u          #    0.000 K/sec                  
                42      page-faults:u             #    0.003 M/sec                  
        15,319,628      cycles:u                  #    1.046 GHz                      (31.98%)
        12,781,806      stalled-cycles-frontend:u #   83.43% frontend cycles idle     (45.56%)
        15,525,057      instructions:u            #    1.01  insn per cycle         
                                                  #    0.82  stalled cycles per insn  (59.19%)
         1,307,350      branches:u                #   89.236 M/sec                    (59.10%)
             6,199      branch-misses:u           #    0.47% of all branches          (65.61%)
        10,386,483      L1-dcache-loads:u         #  708.949 M/sec                    (29.54%)
               389      L1-dcache-load-misses:u   #    0.00% of all L1-dcache hits    (27.52%)
               318      LLC-loads:u               #    0.022 M/sec                    (21.36%)
   <not supported>      LLC-load-misses:u                                           

       0.015138669 seconds time elapsed


 Performance counter stats for './mandelbrot_seq_withoutIO -0.800 -0.700 0.050 0.150 64':

         14.495991      task-clock:u (msec)       #    0.967 CPUs utilized          
                 0      context-switches:u        #    0.000 K/sec                  
                 0      cpu-migrations:u          #    0.000 K/sec                  
                44      page-faults:u             #    0.003 M/sec                  
        15,321,068      cycles:u                  #    1.057 GHz                      (31.12%)
        12,609,421      stalled-cycles-frontend:u #   82.30% frontend cycles idle     (44.90%)
        15,506,580      instructions:u            #    1.01  insn per cycle         
                                                  #    0.81  stalled cycles per insn  (58.64%)
         1,323,727      branches:u                #   91.317 M/sec                    (58.65%)
             6,133      branch-misses:u           #    0.46% of all branches          (65.36%)
        10,309,421      L1-dcache-loads:u         #  711.191 M/sec                    (29.79%)
               278      L1-dcache-load-misses:u   #    0.00% of all L1-dcache hits    (27.72%)
               287      LLC-loads:u               #    0.020 M/sec                    (21.27%)
   <not supported>      LLC-load-misses:u                                           

       0.014991590 seconds time elapsed


 Performance counter stats for './mandelbrot_seq_withoutIO -0.800 -0.700 0.050 0.150 128':

         58.783586      task-clock:u (msec)       #    0.991 CPUs utilized          
                 0      context-switches:u        #    0.000 K/sec                  
                 0      cpu-migrations:u          #    0.000 K/sec                  
                44      page-faults:u             #    0.749 K/sec                  
        65,047,314      cycles:u                  #    1.107 GHz                      (38.27%)
        49,877,796      stalled-cycles-frontend:u #   76.68% frontend cycles idle     (51.46%)
        63,482,821      instructions:u            #    0.98  insn per cycle         
                                                  #    0.79  stalled cycles per insn  (64.21%)
         5,317,744      branches:u                #   90.463 M/sec                    (64.28%)
            19,190      branch-misses:u           #    0.36% of all branches          (64.28%)
        42,635,449      L1-dcache-loads:u         #  725.295 M/sec                    (42.72%)
               465      L1-dcache-load-misses:u   #    0.00% of all L1-dcache hits    (23.87%)
               374      LLC-loads:u               #    0.006 M/sec                    (25.17%)
   <not supported>      LLC-load-misses:u                                           

       0.059344542 seconds time elapsed


 Performance counter stats for './mandelbrot_seq_withoutIO -0.800 -0.700 0.050 0.150 128':

         56.332636      task-clock:u (msec)       #    0.990 CPUs utilized          
                 0      context-switches:u        #    0.000 K/sec                  
                 0      cpu-migrations:u          #    0.000 K/sec                  
                44      page-faults:u             #    0.781 K/sec                  
        64,820,641      cycles:u                  #    1.151 GHz                      (37.67%)
        48,123,816      stalled-cycles-frontend:u #   74.24% frontend cycles idle     (50.32%)
        63,298,571      instructions:u            #    0.98  insn per cycle         
                                                  #    0.76  stalled cycles per insn  (62.74%)
         5,314,537      branches:u                #   94.342 M/sec                    (62.79%)
            18,468      branch-misses:u           #    0.35% of all branches          (62.87%)
        42,842,125      L1-dcache-loads:u         #  760.521 M/sec                    (42.76%)
               461      L1-dcache-load-misses:u   #    0.00% of all L1-dcache hits    (25.81%)
               178      LLC-loads:u               #    0.003 M/sec                    (25.27%)
   <not supported>      LLC-load-misses:u                                           

       0.056920027 seconds time elapsed


 Performance counter stats for './mandelbrot_seq_withoutIO -0.800 -0.700 0.050 0.150 128':

         56.457937      task-clock:u (msec)       #    0.991 CPUs utilized          
                 0      context-switches:u        #    0.000 K/sec                  
                 0      cpu-migrations:u          #    0.000 K/sec                  
                43      page-faults:u             #    0.762 K/sec                  
        64,806,909      cycles:u                  #    1.148 GHz                      (38.01%)
        48,364,635      stalled-cycles-frontend:u #   74.63% frontend cycles idle     (50.45%)
        63,180,513      instructions:u            #    0.97  insn per cycle         
                                                  #    0.77  stalled cycles per insn  (62.84%)
         5,296,916      branches:u                #   93.821 M/sec                    (62.82%)
            18,511      branch-misses:u           #    0.35% of all branches          (62.81%)
        43,013,480      L1-dcache-loads:u         #  761.868 M/sec                    (42.50%)
               132      L1-dcache-load-misses:u   #    0.00% of all L1-dcache hits    (25.71%)
                91      LLC-loads:u               #    0.002 M/sec                    (25.27%)
   <not supported>      LLC-load-misses:u                                           

       0.056990487 seconds time elapsed


 Performance counter stats for './mandelbrot_seq_withoutIO -0.800 -0.700 0.050 0.150 128':

         57.658630      task-clock:u (msec)       #    0.990 CPUs utilized          
                 0      context-switches:u        #    0.000 K/sec                  
                 0      cpu-migrations:u          #    0.000 K/sec                  
                43      page-faults:u             #    0.746 K/sec                  
        65,303,197      cycles:u                  #    1.133 GHz                      (38.60%)
        49,767,084      stalled-cycles-frontend:u #   76.21% frontend cycles idle     (51.47%)
        63,290,937      instructions:u            #    0.97  insn per cycle         
                                                  #    0.79  stalled cycles per insn  (63.60%)
         5,313,249      branches:u                #   92.150 M/sec                    (63.60%)
            18,993      branch-misses:u           #    0.36% of all branches          (63.60%)
        42,409,462      L1-dcache-loads:u         #  735.527 M/sec                    (42.11%)
               373      L1-dcache-load-misses:u   #    0.00% of all L1-dcache hits    (25.46%)
               292      LLC-loads:u               #    0.005 M/sec                    (25.00%)
   <not supported>      LLC-load-misses:u                                           

       0.058257821 seconds time elapsed


 Performance counter stats for './mandelbrot_seq_withoutIO -0.800 -0.700 0.050 0.150 128':

         55.912348      task-clock:u (msec)       #    0.991 CPUs utilized          
                 0      context-switches:u        #    0.000 K/sec                  
                 0      cpu-migrations:u          #    0.000 K/sec                  
                44      page-faults:u             #    0.787 K/sec                  
        64,256,633      cycles:u                  #    1.149 GHz                      (37.44%)
        47,780,376      stalled-cycles-frontend:u #   74.36% frontend cycles idle     (49.95%)
        63,137,859      instructions:u            #    0.98  insn per cycle         
                                                  #    0.76  stalled cycles per insn  (62.45%)
         5,298,063      branches:u                #   94.757 M/sec                    (62.45%)
            18,302      branch-misses:u           #    0.35% of all branches          (62.44%)
        42,656,356      L1-dcache-loads:u         #  762.915 M/sec                    (43.32%)
               210      L1-dcache-load-misses:u   #    0.00% of all L1-dcache hits    (25.75%)
                71      LLC-loads:u               #    0.001 M/sec                    (25.29%)
   <not supported>      LLC-load-misses:u                                           

       0.056432402 seconds time elapsed


 Performance counter stats for './mandelbrot_seq_withoutIO -0.800 -0.700 0.050 0.150 128':

         58.132776      task-clock:u (msec)       #    0.990 CPUs utilized          
                 0      context-switches:u        #    0.000 K/sec                  
                 0      cpu-migrations:u          #    0.000 K/sec                  
                42      page-faults:u             #    0.722 K/sec                  
        64,603,064      cycles:u                  #    1.111 GHz                      (38.06%)
        49,597,723      stalled-cycles-frontend:u #   76.77% frontend cycles idle     (51.31%)
        63,086,030      instructions:u            #    0.98  insn per cycle         
                                                  #    0.79  stalled cycles per insn  (63.87%)
         5,288,950      branches:u                #   90.981 M/sec                    (63.89%)
            19,374      branch-misses:u           #    0.37% of all branches          (63.89%)
        42,801,709      L1-dcache-loads:u         #  736.275 M/sec                    (42.39%)
               805      L1-dcache-load-misses:u   #    0.00% of all L1-dcache hits    (24.34%)
               420      LLC-loads:u               #    0.007 M/sec                    (25.23%)
   <not supported>      LLC-load-misses:u                                           

       0.058712758 seconds time elapsed


 Performance counter stats for './mandelbrot_seq_withoutIO -0.800 -0.700 0.050 0.150 128':

         56.565448      task-clock:u (msec)       #    0.991 CPUs utilized          
                 0      context-switches:u        #    0.000 K/sec                  
                 0      cpu-migrations:u          #    0.000 K/sec                  
                43      page-faults:u             #    0.760 K/sec                  
        65,283,487      cycles:u                  #    1.154 GHz                      (37.75%)
        48,446,703      stalled-cycles-frontend:u #   74.21% frontend cycles idle     (50.50%)
        63,161,587      instructions:u            #    0.97  insn per cycle         
                                                  #    0.77  stalled cycles per insn  (62.87%)
         5,303,686      branches:u                #   93.762 M/sec                    (62.89%)
            18,314      branch-misses:u           #    0.35% of all branches          (62.88%)
        42,883,714      L1-dcache-loads:u         #  758.126 M/sec                    (42.71%)
               190      L1-dcache-load-misses:u   #    0.00% of all L1-dcache hits    (25.84%)
               110      LLC-loads:u               #    0.002 M/sec                    (25.35%)
   <not supported>      LLC-load-misses:u                                           

       0.057067781 seconds time elapsed


 Performance counter stats for './mandelbrot_seq_withoutIO -0.800 -0.700 0.050 0.150 128':

         55.959859      task-clock:u (msec)       #    0.992 CPUs utilized          
                 0      context-switches:u        #    0.000 K/sec                  
                 0      cpu-migrations:u          #    0.000 K/sec                  
                44      page-faults:u             #    0.786 K/sec                  
        64,082,175      cycles:u                  #    1.145 GHz                      (37.48%)
        47,774,714      stalled-cycles-frontend:u #   74.55% frontend cycles idle     (49.97%)
        63,220,882      instructions:u            #    0.99  insn per cycle         
                                                  #    0.76  stalled cycles per insn  (62.49%)
         5,305,912      branches:u                #   94.816 M/sec                    (62.48%)
            17,775      branch-misses:u           #    0.34% of all branches          (62.48%)
        42,813,128      L1-dcache-loads:u         #  765.069 M/sec                    (43.01%)
               321      L1-dcache-load-misses:u   #    0.00% of all L1-dcache hits    (25.55%)
                96      LLC-loads:u               #    0.002 M/sec                    (25.09%)
   <not supported>      LLC-load-misses:u                                           

       0.056418095 seconds time elapsed


 Performance counter stats for './mandelbrot_seq_withoutIO -0.800 -0.700 0.050 0.150 128':

         56.019368      task-clock:u (msec)       #    0.990 CPUs utilized          
                 0      context-switches:u        #    0.000 K/sec                  
                 0      cpu-migrations:u          #    0.000 K/sec                  
                44      page-faults:u             #    0.785 K/sec                  
        64,656,184      cycles:u                  #    1.154 GHz                      (37.56%)
        47,845,653      stalled-cycles-frontend:u #   74.00% frontend cycles idle     (50.04%)
        63,119,246      instructions:u            #    0.98  insn per cycle         
                                                  #    0.76  stalled cycles per insn  (62.54%)
         5,298,088      branches:u                #   94.576 M/sec                    (62.54%)
            18,414      branch-misses:u           #    0.35% of all branches          (62.51%)
        42,358,691      L1-dcache-loads:u         #  756.144 M/sec                    (43.47%)
               360      L1-dcache-load-misses:u   #    0.00% of all L1-dcache hits    (25.82%)
               185      LLC-loads:u               #    0.003 M/sec                    (25.37%)
   <not supported>      LLC-load-misses:u                                           

       0.056562067 seconds time elapsed


 Performance counter stats for './mandelbrot_seq_withoutIO -0.800 -0.700 0.050 0.150 128':

         56.587869      task-clock:u (msec)       #    0.990 CPUs utilized          
                 0      context-switches:u        #    0.000 K/sec                  
                 0      cpu-migrations:u          #    0.000 K/sec                  
                44      page-faults:u             #    0.778 K/sec                  
        65,438,540      cycles:u                  #    1.156 GHz                      (37.58%)
        48,420,422      stalled-cycles-frontend:u #   73.99% frontend cycles idle     (50.56%)
        63,295,860      instructions:u            #    0.97  insn per cycle         
                                                  #    0.76  stalled cycles per insn  (62.92%)
         5,302,236      branches:u                #   93.699 M/sec                    (62.90%)
            18,329      branch-misses:u           #    0.35% of all branches          (62.89%)
        42,685,972      L1-dcache-loads:u         #  754.331 M/sec                    (42.80%)
               189      L1-dcache-load-misses:u   #    0.00% of all L1-dcache hits    (25.92%)
               118      LLC-loads:u               #    0.002 M/sec                    (25.45%)
   <not supported>      LLC-load-misses:u                                           

       0.057156334 seconds time elapsed


 Performance counter stats for './mandelbrot_seq_withoutIO -0.800 -0.700 0.050 0.150 256':

        223.646618      task-clock:u (msec)       #    0.997 CPUs utilized          
                 0      context-switches:u        #    0.000 K/sec                  
                 0      cpu-migrations:u          #    0.000 K/sec                  
                43      page-faults:u             #    0.192 K/sec                  
       260,231,669      cycles:u                  #    1.164 GHz                      (37.41%)
       190,773,564      stalled-cycles-frontend:u #   73.31% frontend cycles idle     (49.92%)
       253,779,748      instructions:u            #    0.98  insn per cycle         
                                                  #    0.75  stalled cycles per insn  (62.44%)
        21,265,992      branches:u                #   95.087 M/sec                    (62.44%)
            64,361      branch-misses:u           #    0.30% of all branches          (62.45%)
       170,128,089      L1-dcache-loads:u         #  760.700 M/sec                    (48.35%)
             1,505      L1-dcache-load-misses:u   #    0.00% of all L1-dcache hits    (25.19%)
               794      LLC-loads:u               #    0.004 M/sec                    (25.06%)
   <not supported>      LLC-load-misses:u                                           

       0.224293650 seconds time elapsed


 Performance counter stats for './mandelbrot_seq_withoutIO -0.800 -0.700 0.050 0.150 256':

        220.986878      task-clock:u (msec)       #    0.997 CPUs utilized          
                 0      context-switches:u        #    0.000 K/sec                  
                 0      cpu-migrations:u          #    0.000 K/sec                  
                44      page-faults:u             #    0.199 K/sec                  
       253,517,695      cycles:u                  #    1.147 GHz                      (37.52%)
       184,672,972      stalled-cycles-frontend:u #   72.84% frontend cycles idle     (50.25%)
       250,636,910      instructions:u            #    0.99  insn per cycle         
                                                  #    0.74  stalled cycles per insn  (62.86%)
        21,082,963      branches:u                #   95.404 M/sec                    (63.04%)
            63,353      branch-misses:u           #    0.30% of all branches          (63.20%)
       170,241,557      L1-dcache-loads:u         #  770.370 M/sec                    (48.83%)
             1,014      L1-dcache-load-misses:u   #    0.00% of all L1-dcache hits    (24.84%)
               379      LLC-loads:u               #    0.002 M/sec                    (24.53%)
   <not supported>      LLC-load-misses:u                                           

       0.221556106 seconds time elapsed


 Performance counter stats for './mandelbrot_seq_withoutIO -0.800 -0.700 0.050 0.150 256':

        221.725133      task-clock:u (msec)       #    0.996 CPUs utilized          
                 0      context-switches:u        #    0.000 K/sec                  
                 0      cpu-migrations:u          #    0.000 K/sec                  
                44      page-faults:u             #    0.198 K/sec                  
       258,254,668      cycles:u                  #    1.165 GHz                      (36.93%)
       188,716,752      stalled-cycles-frontend:u #   73.07% frontend cycles idle     (49.56%)
       253,765,433      instructions:u            #    0.98  insn per cycle         
                                                  #    0.74  stalled cycles per insn  (62.13%)
        21,262,735      branches:u                #   95.897 M/sec                    (62.55%)
            63,886      branch-misses:u           #    0.30% of all branches          (63.28%)
       169,886,065      L1-dcache-loads:u         #  766.201 M/sec                    (48.70%)
             1,865      L1-dcache-load-misses:u   #    0.00% of all L1-dcache hits    (24.88%)
               912      LLC-loads:u               #    0.004 M/sec                    (24.44%)
   <not supported>      LLC-load-misses:u                                           

       0.222634922 seconds time elapsed


 Performance counter stats for './mandelbrot_seq_withoutIO -0.800 -0.700 0.050 0.150 256':

        224.198228      task-clock:u (msec)       #    0.997 CPUs utilized          
                 0      context-switches:u        #    0.000 K/sec                  
                 0      cpu-migrations:u          #    0.000 K/sec                  
                42      page-faults:u             #    0.187 K/sec                  
       261,597,387      cycles:u                  #    1.167 GHz                      (37.56%)
       191,528,219      stalled-cycles-frontend:u #   73.21% frontend cycles idle     (50.05%)
       253,754,396      instructions:u            #    0.97  insn per cycle         
                                                  #    0.75  stalled cycles per insn  (62.54%)
        21,263,331      branches:u                #   94.842 M/sec                    (62.54%)
            64,091      branch-misses:u           #    0.30% of all branches          (62.54%)
       169,906,719      L1-dcache-loads:u         #  757.841 M/sec                    (48.30%)
             1,042      L1-dcache-load-misses:u   #    0.00% of all L1-dcache hits    (25.15%)
               311      LLC-loads:u               #    0.001 M/sec                    (25.04%)
   <not supported>      LLC-load-misses:u                                           

       0.224791311 seconds time elapsed


 Performance counter stats for './mandelbrot_seq_withoutIO -0.800 -0.700 0.050 0.150 256':

        225.580895      task-clock:u (msec)       #    0.997 CPUs utilized          
                 0      context-switches:u        #    0.000 K/sec                  
                 0      cpu-migrations:u          #    0.000 K/sec                  
                44      page-faults:u             #    0.195 K/sec                  
       262,809,260      cycles:u                  #    1.165 GHz                      (37.76%)
       193,018,210      stalled-cycles-frontend:u #   73.44% frontend cycles idle     (50.36%)
       253,902,500      instructions:u            #    0.97  insn per cycle         
                                                  #    0.76  stalled cycles per insn  (62.77%)
        21,254,816      branches:u                #   94.223 M/sec                    (62.77%)
            65,060      branch-misses:u           #    0.31% of all branches          (62.77%)
       169,575,773      L1-dcache-loads:u         #  751.729 M/sec                    (48.02%)
               820      L1-dcache-load-misses:u   #    0.00% of all L1-dcache hits    (25.12%)
               388      LLC-loads:u               #    0.002 M/sec                    (25.01%)
   <not supported>      LLC-load-misses:u                                           

       0.226208053 seconds time elapsed


 Performance counter stats for './mandelbrot_seq_withoutIO -0.800 -0.700 0.050 0.150 256':

        221.858550      task-clock:u (msec)       #    0.997 CPUs utilized          
                 0      context-switches:u        #    0.000 K/sec                  
                 0      cpu-migrations:u          #    0.000 K/sec                  
                42      page-faults:u             #    0.189 K/sec                  
       258,296,677      cycles:u                  #    1.164 GHz                      (36.92%)
       188,934,947      stalled-cycles-frontend:u #   73.15% frontend cycles idle     (49.52%)
       253,517,202      instructions:u            #    0.98  insn per cycle         
                                                  #    0.75  stalled cycles per insn  (62.14%)
        21,244,247      branches:u                #   95.756 M/sec                    (62.55%)
            63,975      branch-misses:u           #    0.30% of all branches          (63.29%)
       170,387,315      L1-dcache-loads:u         #  768.000 M/sec                    (48.73%)
             1,181      L1-dcache-load-misses:u   #    0.00% of all L1-dcache hits    (24.90%)
               823      LLC-loads:u               #    0.004 M/sec                    (24.44%)
   <not supported>      LLC-load-misses:u                                           

       0.222471381 seconds time elapsed


 Performance counter stats for './mandelbrot_seq_withoutIO -0.800 -0.700 0.050 0.150 256':

        225.739943      task-clock:u (msec)       #    0.998 CPUs utilized          
                 0      context-switches:u        #    0.000 K/sec                  
                 0      cpu-migrations:u          #    0.000 K/sec                  
                43      page-faults:u             #    0.190 K/sec                  
       262,632,556      cycles:u                  #    1.163 GHz                      (37.60%)
       192,669,554      stalled-cycles-frontend:u #   73.36% frontend cycles idle     (50.30%)
       253,888,207      instructions:u            #    0.97  insn per cycle         
                                                  #    0.76  stalled cycles per insn  (62.79%)
        21,281,366      branches:u                #   94.274 M/sec                    (62.79%)
            64,493      branch-misses:u           #    0.30% of all branches          (62.79%)
       169,996,794      L1-dcache-loads:u         #  753.065 M/sec                    (48.03%)
             1,203      L1-dcache-load-misses:u   #    0.00% of all L1-dcache hits    (24.85%)
               311      LLC-loads:u               #    0.001 M/sec                    (25.08%)
   <not supported>      LLC-load-misses:u                                           

       0.226263744 seconds time elapsed


 Performance counter stats for './mandelbrot_seq_withoutIO -0.800 -0.700 0.050 0.150 256':

        227.139884      task-clock:u (msec)       #    0.998 CPUs utilized          
                 0      context-switches:u        #    0.000 K/sec                  
                 0      cpu-migrations:u          #    0.000 K/sec                  
                43      page-faults:u             #    0.189 K/sec                  
       262,418,453      cycles:u                  #    1.155 GHz                      (37.69%)
       193,405,196      stalled-cycles-frontend:u #   73.70% frontend cycles idle     (50.37%)
       253,460,575      instructions:u            #    0.97  insn per cycle         
                                                  #    0.76  stalled cycles per insn  (62.94%)
        21,246,108      branches:u                #   93.538 M/sec                    (63.02%)
            65,567      branch-misses:u           #    0.31% of all branches          (63.01%)
       169,978,748      L1-dcache-loads:u         #  748.344 M/sec                    (48.20%)
             1,036      L1-dcache-load-misses:u   #    0.00% of all L1-dcache hits    (24.71%)
               531      LLC-loads:u               #    0.002 M/sec                    (25.04%)
   <not supported>      LLC-load-misses:u                                           

       0.227705068 seconds time elapsed


 Performance counter stats for './mandelbrot_seq_withoutIO -0.800 -0.700 0.050 0.150 256':

        223.571083      task-clock:u (msec)       #    0.997 CPUs utilized          
                 0      context-switches:u        #    0.000 K/sec                  
                 0      cpu-migrations:u          #    0.000 K/sec                  
                43      page-faults:u             #    0.192 K/sec                  
       261,338,233      cycles:u                  #    1.169 GHz                      (37.39%)
       190,927,888      stalled-cycles-frontend:u #   73.06% frontend cycles idle     (49.91%)
       253,786,759      instructions:u            #    0.97  insn per cycle         
                                                  #    0.75  stalled cycles per insn  (62.43%)
        21,258,851      branches:u                #   95.088 M/sec                    (62.44%)
            62,862      branch-misses:u           #    0.30% of all branches          (62.77%)
       169,212,168      L1-dcache-loads:u         #  756.861 M/sec                    (48.67%)
               498      L1-dcache-load-misses:u   #    0.00% of all L1-dcache hits    (25.12%)
               265      LLC-loads:u               #    0.001 M/sec                    (24.89%)
   <not supported>      LLC-load-misses:u                                           

       0.224136885 seconds time elapsed


 Performance counter stats for './mandelbrot_seq_withoutIO -0.800 -0.700 0.050 0.150 256':

        220.796936      task-clock:u (msec)       #    0.996 CPUs utilized          
                 0      context-switches:u        #    0.000 K/sec                  
                 0      cpu-migrations:u          #    0.000 K/sec                  
                44      page-faults:u             #    0.199 K/sec                  
       252,466,331      cycles:u                  #    1.143 GHz                      (37.81%)
       185,006,498      stalled-cycles-frontend:u #   73.28% frontend cycles idle     (50.50%)
       251,322,609      instructions:u            #    1.00  insn per cycle         
                                                  #    0.74  stalled cycles per insn  (63.09%)
        21,162,157      branches:u                #   95.844 M/sec                    (63.25%)
            63,812      branch-misses:u           #    0.30% of all branches          (63.42%)
       170,094,436      L1-dcache-loads:u         #  770.366 M/sec                    (48.43%)
             1,380      L1-dcache-load-misses:u   #    0.00% of all L1-dcache hits    (24.42%)
               519      LLC-loads:u               #    0.002 M/sec                    (24.48%)
   <not supported>      LLC-load-misses:u                                           

       0.221771531 seconds time elapsed

