
 Performance counter stats for './mandelbrot_omp -2.500 1.500 -2.000 2.000 32 16':

          6.891571      task-clock:u (msec)       #    1.361 CPUs utilized          
                 0      context-switches:u        #    0.000 K/sec                  
                 0      cpu-migrations:u          #    0.000 K/sec                  
               136      page-faults:u             #    0.020 M/sec                  
            31,444      cycles:u                  #    0.005 GHz                    
         1,277,717      stalled-cycles-frontend:u # 4063.47% frontend cycles idle   
           662,525      instructions:u            #   21.07  insn per cycle         
                                                  #    1.93  stalled cycles per insn
           124,440      branches:u                #   18.057 M/sec                  
             6,739      branch-misses:u           #    5.42% of all branches        
     <not counted>      L1-dcache-loads:u                                             (0.00%)
     <not counted>      L1-dcache-load-misses:u                                       (0.00%)
     <not counted>      LLC-loads:u                                                   (0.00%)
   <not supported>      LLC-load-misses:u                                           

       0.005062859 seconds time elapsed


 Performance counter stats for './mandelbrot_omp -2.500 1.500 -2.000 2.000 32 16':

          5.972742      task-clock:u (msec)       #    1.216 CPUs utilized          
                 0      context-switches:u        #    0.000 K/sec                  
                 0      cpu-migrations:u          #    0.000 K/sec                  
               134      page-faults:u             #    0.022 M/sec                  
             3,318      cycles:u                  #    0.001 GHz                    
         1,161,732      stalled-cycles-frontend:u # 35013.02% frontend cycles idle  
           622,885      instructions:u            #  187.73  insn per cycle         
                                                  #    1.87  stalled cycles per insn
           125,280      branches:u                #   20.975 M/sec                  
             6,673      branch-misses:u           #    5.33% of all branches        
     <not counted>      L1-dcache-loads:u                                             (0.00%)
     <not counted>      L1-dcache-load-misses:u                                       (0.00%)
     <not counted>      LLC-loads:u                                                   (0.00%)
   <not supported>      LLC-load-misses:u                                           

       0.004909782 seconds time elapsed


 Performance counter stats for './mandelbrot_omp -2.500 1.500 -2.000 2.000 32 16':

          6.163856      task-clock:u (msec)       #    1.306 CPUs utilized          
                 0      context-switches:u        #    0.000 K/sec                  
                 0      cpu-migrations:u          #    0.000 K/sec                  
               134      page-faults:u             #    0.022 M/sec                  
           399,573      cycles:u                  #    0.065 GHz                    
         3,377,816      stalled-cycles-frontend:u #  845.36% frontend cycles idle   
           611,937      instructions:u            #    1.53  insn per cycle         
                                                  #    5.52  stalled cycles per insn
           124,605      branches:u                #   20.215 M/sec                  
             6,196      branch-misses:u           #    4.97% of all branches        
     <not counted>      L1-dcache-loads:u                                             (0.00%)
     <not counted>      L1-dcache-load-misses:u                                       (0.00%)
     <not counted>      LLC-loads:u                                                   (0.00%)
   <not supported>      LLC-load-misses:u                                           

       0.004718888 seconds time elapsed


 Performance counter stats for './mandelbrot_omp -2.500 1.500 -2.000 2.000 32 16':

          6.513396      task-clock:u (msec)       #    1.235 CPUs utilized          
                 0      context-switches:u        #    0.000 K/sec                  
                 0      cpu-migrations:u          #    0.000 K/sec                  
               134      page-faults:u             #    0.021 M/sec                  
           264,648      cycles:u                  #    0.041 GHz                    
         3,535,486      stalled-cycles-frontend:u # 1335.92% frontend cycles idle   
           609,009      instructions:u            #    2.30  insn per cycle         
                                                  #    5.81  stalled cycles per insn
           124,235      branches:u                #   19.074 M/sec                  
             6,720      branch-misses:u           #    5.41% of all branches        
     <not counted>      L1-dcache-loads:u                                             (0.00%)
     <not counted>      L1-dcache-load-misses:u                                       (0.00%)
     <not counted>      LLC-loads:u                                                   (0.00%)
   <not supported>      LLC-load-misses:u                                           

       0.005273339 seconds time elapsed


 Performance counter stats for './mandelbrot_omp -2.500 1.500 -2.000 2.000 32 16':

          6.110643      task-clock:u (msec)       #    1.334 CPUs utilized          
                 0      context-switches:u        #    0.000 K/sec                  
                 0      cpu-migrations:u          #    0.000 K/sec                  
               135      page-faults:u             #    0.022 M/sec                  
           345,170      cycles:u                  #    0.056 GHz                    
         5,451,400      stalled-cycles-frontend:u # 1579.34% frontend cycles idle   
           671,174      instructions:u            #    1.94  insn per cycle         
                                                  #    8.12  stalled cycles per insn
           124,310      branches:u                #   20.343 M/sec                  
             6,366      branch-misses:u           #    5.12% of all branches        
     <not counted>      L1-dcache-loads:u                                             (0.00%)
     <not counted>      L1-dcache-load-misses:u                                       (0.00%)
     <not counted>      LLC-loads:u                                                   (0.00%)
   <not supported>      LLC-load-misses:u                                           

       0.004580769 seconds time elapsed


 Performance counter stats for './mandelbrot_omp -2.500 1.500 -2.000 2.000 32 16':

          6.194820      task-clock:u (msec)       #    1.282 CPUs utilized          
                 0      context-switches:u        #    0.000 K/sec                  
                 0      cpu-migrations:u          #    0.000 K/sec                  
               134      page-faults:u             #    0.022 M/sec                  
                 0      cycles:u                  #    0.000 GHz                    
         1,064,634      stalled-cycles-frontend:u                                   
           550,791      instructions:u                                              
                                                  #    1.93  stalled cycles per insn
           122,021      branches:u                #   19.697 M/sec                  
             6,856      branch-misses:u           #    5.62% of all branches        
           117,844      L1-dcache-loads:u         #   19.023 M/sec                    (1.86%)
     <not counted>      L1-dcache-load-misses:u                                       (0.00%)
     <not counted>      LLC-loads:u                                                   (0.00%)
   <not supported>      LLC-load-misses:u                                           

       0.004832923 seconds time elapsed


 Performance counter stats for './mandelbrot_omp -2.500 1.500 -2.000 2.000 32 16':

          6.148312      task-clock:u (msec)       #    1.348 CPUs utilized          
                 0      context-switches:u        #    0.000 K/sec                  
                 0      cpu-migrations:u          #    0.000 K/sec                  
               134      page-faults:u             #    0.022 M/sec                  
            50,862      cycles:u                  #    0.008 GHz                    
         4,571,404      stalled-cycles-frontend:u # 8987.86% frontend cycles idle   
           667,724      instructions:u            #   13.13  insn per cycle         
                                                  #    6.85  stalled cycles per insn
           124,242      branches:u                #   20.207 M/sec                  
             6,698      branch-misses:u           #    5.39% of all branches        
     <not counted>      L1-dcache-loads:u                                             (0.00%)
     <not counted>      L1-dcache-load-misses:u                                       (0.00%)
     <not counted>      LLC-loads:u                                                   (0.00%)
   <not supported>      LLC-load-misses:u                                           

       0.004561907 seconds time elapsed


 Performance counter stats for './mandelbrot_omp -2.500 1.500 -2.000 2.000 32 16':

          5.461460      task-clock:u (msec)       #    1.136 CPUs utilized          
                 0      context-switches:u        #    0.000 K/sec                  
                 0      cpu-migrations:u          #    0.000 K/sec                  
               135      page-faults:u             #    0.025 M/sec                  
            65,156      cycles:u                  #    0.012 GHz                    
         2,286,660      stalled-cycles-frontend:u # 3509.52% frontend cycles idle   
           597,018      instructions:u            #    9.16  insn per cycle         
                                                  #    3.83  stalled cycles per insn
           124,237      branches:u                #   22.748 M/sec                  
             6,590      branch-misses:u           #    5.30% of all branches        
            18,809      L1-dcache-loads:u         #    3.444 M/sec                    (0.74%)
     <not counted>      L1-dcache-load-misses:u                                       (0.00%)
     <not counted>      LLC-loads:u                                                   (0.00%)
   <not supported>      LLC-load-misses:u                                           

       0.004806860 seconds time elapsed


 Performance counter stats for './mandelbrot_omp -2.500 1.500 -2.000 2.000 32 16':

          6.211377      task-clock:u (msec)       #    1.272 CPUs utilized          
                 0      context-switches:u        #    0.000 K/sec                  
                 0      cpu-migrations:u          #    0.000 K/sec                  
               136      page-faults:u             #    0.022 M/sec                  
           349,995      cycles:u                  #    0.056 GHz                    
         3,486,402      stalled-cycles-frontend:u #  996.13% frontend cycles idle   
           578,129      instructions:u            #    1.65  insn per cycle         
                                                  #    6.03  stalled cycles per insn
           124,356      branches:u                #   20.021 M/sec                  
             6,464      branch-misses:u           #    5.20% of all branches        
     <not counted>      L1-dcache-loads:u                                             (0.00%)
     <not counted>      L1-dcache-load-misses:u                                       (0.00%)
     <not counted>      LLC-loads:u                                                   (0.00%)
   <not supported>      LLC-load-misses:u                                           

       0.004881564 seconds time elapsed


 Performance counter stats for './mandelbrot_omp -2.500 1.500 -2.000 2.000 32 16':

          5.806008      task-clock:u (msec)       #    0.858 CPUs utilized          
                 0      context-switches:u        #    0.000 K/sec                  
                 0      cpu-migrations:u          #    0.000 K/sec                  
               136      page-faults:u             #    0.023 M/sec                  
           232,704      cycles:u                  #    0.040 GHz                    
         5,872,822      stalled-cycles-frontend:u # 2523.73% frontend cycles idle   
           672,662      instructions:u            #    2.89  insn per cycle         
                                                  #    8.73  stalled cycles per insn
           124,544      branches:u                #   21.451 M/sec                  
             6,854      branch-misses:u           #    5.50% of all branches        
     <not counted>      L1-dcache-loads:u                                             (0.00%)
     <not counted>      L1-dcache-load-misses:u                                       (0.00%)
     <not counted>      LLC-loads:u                                                   (0.00%)
   <not supported>      LLC-load-misses:u                                           

       0.006763702 seconds time elapsed


 Performance counter stats for './mandelbrot_omp -2.500 1.500 -2.000 2.000 32 32':

          6.807383      task-clock:u (msec)       #    1.292 CPUs utilized          
                 0      context-switches:u        #    0.000 K/sec                  
                 0      cpu-migrations:u          #    0.000 K/sec                  
               141      page-faults:u             #    0.021 M/sec                  
           131,091      cycles:u                  #    0.019 GHz                    
         1,149,774      stalled-cycles-frontend:u #  877.08% frontend cycles idle   
         1,285,290      instructions:u            #    9.80  insn per cycle         
                                                  #    0.89  stalled cycles per insn
           236,792      branches:u                #   34.785 M/sec                  
             7,228      branch-misses:u           #    3.05% of all branches        
     <not counted>      L1-dcache-loads:u                                             (0.00%)
     <not counted>      L1-dcache-load-misses:u                                       (0.00%)
     <not counted>      LLC-loads:u                                                   (0.00%)
   <not supported>      LLC-load-misses:u                                           

       0.005270530 seconds time elapsed


 Performance counter stats for './mandelbrot_omp -2.500 1.500 -2.000 2.000 32 32':

          7.096432      task-clock:u (msec)       #    1.313 CPUs utilized          
                 0      context-switches:u        #    0.000 K/sec                  
                 0      cpu-migrations:u          #    0.000 K/sec                  
               142      page-faults:u             #    0.020 M/sec                  
            96,283      cycles:u                  #    0.014 GHz                    
         6,583,296      stalled-cycles-frontend:u # 6837.44% frontend cycles idle   
         1,461,904      instructions:u            #   15.18  insn per cycle         
                                                  #    4.50  stalled cycles per insn
           236,650      branches:u                #   33.348 M/sec                  
             7,145      branch-misses:u           #    3.02% of all branches        
     <not counted>      L1-dcache-loads:u                                             (0.00%)
     <not counted>      L1-dcache-load-misses:u                                       (0.00%)
     <not counted>      LLC-loads:u                                                   (0.00%)
   <not supported>      LLC-load-misses:u                                           

       0.005403283 seconds time elapsed


 Performance counter stats for './mandelbrot_omp -2.500 1.500 -2.000 2.000 32 32':

          6.351053      task-clock:u (msec)       #    1.335 CPUs utilized          
                 0      context-switches:u        #    0.000 K/sec                  
                 0      cpu-migrations:u          #    0.000 K/sec                  
               142      page-faults:u             #    0.022 M/sec                  
           272,836      cycles:u                  #    0.043 GHz                    
         3,681,657      stalled-cycles-frontend:u # 1349.40% frontend cycles idle   
         1,461,651      instructions:u            #    5.36  insn per cycle         
                                                  #    2.52  stalled cycles per insn
           236,577      branches:u                #   37.250 M/sec                  
             7,038      branch-misses:u           #    2.97% of all branches        
     <not counted>      L1-dcache-loads:u                                             (0.00%)
     <not counted>      L1-dcache-load-misses:u                                       (0.00%)
     <not counted>      LLC-loads:u                                                   (0.00%)
   <not supported>      LLC-load-misses:u                                           

       0.004757931 seconds time elapsed


 Performance counter stats for './mandelbrot_omp -2.500 1.500 -2.000 2.000 32 32':

          6.756859      task-clock:u (msec)       #    1.234 CPUs utilized          
                 0      context-switches:u        #    0.000 K/sec                  
                 0      cpu-migrations:u          #    0.000 K/sec                  
               142      page-faults:u             #    0.021 M/sec                  
           357,915      cycles:u                  #    0.053 GHz                    
         3,446,878      stalled-cycles-frontend:u #  963.04% frontend cycles idle   
         1,461,538      instructions:u            #    4.08  insn per cycle         
                                                  #    2.36  stalled cycles per insn
           236,545      branches:u                #   35.008 M/sec                  
             7,173      branch-misses:u           #    3.03% of all branches        
     <not counted>      L1-dcache-loads:u                                             (0.00%)
     <not counted>      L1-dcache-load-misses:u                                       (0.00%)
     <not counted>      LLC-loads:u                                                   (0.00%)
   <not supported>      LLC-load-misses:u                                           

       0.005474062 seconds time elapsed


 Performance counter stats for './mandelbrot_omp -2.500 1.500 -2.000 2.000 32 32':

          6.724072      task-clock:u (msec)       #    1.366 CPUs utilized          
                 0      context-switches:u        #    0.000 K/sec                  
                 0      cpu-migrations:u          #    0.000 K/sec                  
               142      page-faults:u             #    0.021 M/sec                  
                 0      cycles:u                  #    0.000 GHz                    
         1,039,037      stalled-cycles-frontend:u                                   
         1,301,093      instructions:u                                              
                                                  #    0.80  stalled cycles per insn
           234,836      branches:u                #   34.925 M/sec                  
             6,650      branch-misses:u           #    2.83% of all branches        
            53,223      L1-dcache-loads:u         #    7.915 M/sec                    (8.40%)
     <not counted>      L1-dcache-load-misses:u                                       (0.00%)
     <not counted>      LLC-loads:u                                                   (0.00%)
   <not supported>      LLC-load-misses:u                                           

       0.004920763 seconds time elapsed


 Performance counter stats for './mandelbrot_omp -2.500 1.500 -2.000 2.000 32 32':

          6.973425      task-clock:u (msec)       #    1.414 CPUs utilized          
                 0      context-switches:u        #    0.000 K/sec                  
                 0      cpu-migrations:u          #    0.000 K/sec                  
               142      page-faults:u             #    0.020 M/sec                  
           317,398      cycles:u                  #    0.046 GHz                    
         6,779,050      stalled-cycles-frontend:u # 2135.82% frontend cycles idle   
         1,462,390      instructions:u            #    4.61  insn per cycle         
                                                  #    4.64  stalled cycles per insn
           236,691      branches:u                #   33.942 M/sec                  
             7,137      branch-misses:u           #    3.02% of all branches        
     <not counted>      L1-dcache-loads:u                                             (0.00%)
     <not counted>      L1-dcache-load-misses:u                                       (0.00%)
     <not counted>      LLC-loads:u                                                   (0.00%)
   <not supported>      LLC-load-misses:u                                           

       0.004932370 seconds time elapsed


 Performance counter stats for './mandelbrot_omp -2.500 1.500 -2.000 2.000 32 32':

          6.687664      task-clock:u (msec)       #    1.347 CPUs utilized          
                 0      context-switches:u        #    0.000 K/sec                  
                 0      cpu-migrations:u          #    0.000 K/sec                  
               141      page-faults:u             #    0.021 M/sec                  
                 0      cycles:u                  #    0.000 GHz                    
         1,083,882      stalled-cycles-frontend:u                                   
         1,071,027      instructions:u                                              
                                                  #    1.01  stalled cycles per insn
           234,101      branches:u                #   35.005 M/sec                  
             6,787      branch-misses:u           #    2.90% of all branches        
            70,579      L1-dcache-loads:u         #   10.554 M/sec                    (3.82%)
     <not counted>      L1-dcache-load-misses:u                                       (0.00%)
     <not counted>      LLC-loads:u                                                   (0.00%)
   <not supported>      LLC-load-misses:u                                           

       0.004965004 seconds time elapsed


 Performance counter stats for './mandelbrot_omp -2.500 1.500 -2.000 2.000 32 32':

          6.738662      task-clock:u (msec)       #    1.079 CPUs utilized          
                 0      context-switches:u        #    0.000 K/sec                  
                 0      cpu-migrations:u          #    0.000 K/sec                  
               142      page-faults:u             #    0.021 M/sec                  
            59,660      cycles:u                  #    0.009 GHz                    
         6,757,596      stalled-cycles-frontend:u # 11326.85% frontend cycles idle  
         1,461,536      instructions:u            #   24.50  insn per cycle         
                                                  #    4.62  stalled cycles per insn
           236,543      branches:u                #   35.102 M/sec                  
             7,129      branch-misses:u           #    3.01% of all branches        
     <not counted>      L1-dcache-loads:u                                             (0.00%)
     <not counted>      L1-dcache-load-misses:u                                       (0.00%)
     <not counted>      LLC-loads:u                                                   (0.00%)
   <not supported>      LLC-load-misses:u                                           

       0.006243972 seconds time elapsed


 Performance counter stats for './mandelbrot_omp -2.500 1.500 -2.000 2.000 32 32':

          6.787166      task-clock:u (msec)       #    1.367 CPUs utilized          
                 0      context-switches:u        #    0.000 K/sec                  
                 0      cpu-migrations:u          #    0.000 K/sec                  
               141      page-faults:u             #    0.021 M/sec                  
            26,417      cycles:u                  #    0.004 GHz                    
         1,479,984      stalled-cycles-frontend:u # 5602.39% frontend cycles idle   
         1,207,026      instructions:u            #   45.69  insn per cycle         
                                                  #    1.23  stalled cycles per insn
           236,788      branches:u                #   34.888 M/sec                  
             6,829      branch-misses:u           #    2.88% of all branches        
            48,706      L1-dcache-loads:u         #    7.176 M/sec                    (4.59%)
     <not counted>      L1-dcache-load-misses:u                                       (0.00%)
     <not counted>      LLC-loads:u                                                   (0.00%)
   <not supported>      LLC-load-misses:u                                           

       0.004965545 seconds time elapsed


 Performance counter stats for './mandelbrot_omp -2.500 1.500 -2.000 2.000 32 32':

          6.942110      task-clock:u (msec)       #    1.304 CPUs utilized          
                 0      context-switches:u        #    0.000 K/sec                  
                 0      cpu-migrations:u          #    0.000 K/sec                  
               143      page-faults:u             #    0.021 M/sec                  
            41,447      cycles:u                  #    0.006 GHz                    
         3,618,078      stalled-cycles-frontend:u # 8729.41% frontend cycles idle   
         1,362,272      instructions:u            #   32.87  insn per cycle         
                                                  #    2.66  stalled cycles per insn
           236,548      branches:u                #   34.074 M/sec                  
             7,290      branch-misses:u           #    3.08% of all branches        
     <not counted>      L1-dcache-loads:u                                             (0.00%)
     <not counted>      L1-dcache-load-misses:u                                       (0.00%)
     <not counted>      LLC-loads:u                                                   (0.00%)
   <not supported>      LLC-load-misses:u                                           

       0.005323604 seconds time elapsed


 Performance counter stats for './mandelbrot_omp -2.500 1.500 -2.000 2.000 32 64':

          9.701725      task-clock:u (msec)       #    1.744 CPUs utilized          
                 0      context-switches:u        #    0.000 K/sec                  
                 0      cpu-migrations:u          #    0.000 K/sec                  
               171      page-faults:u             #    0.018 M/sec                  
           223,815      cycles:u                  #    0.023 GHz                    
         5,340,572      stalled-cycles-frontend:u # 2386.15% frontend cycles idle   
         4,580,767      instructions:u            #   20.47  insn per cycle         
                                                  #    1.17  stalled cycles per insn
           680,764      branches:u                #   70.169 M/sec                  
             8,216      branch-misses:u           #    1.21% of all branches        
     <not counted>      L1-dcache-loads:u                                             (0.00%)
     <not counted>      L1-dcache-load-misses:u                                       (0.00%)
     <not counted>      LLC-loads:u                                                   (0.00%)
   <not supported>      LLC-load-misses:u                                           

       0.005564174 seconds time elapsed


 Performance counter stats for './mandelbrot_omp -2.500 1.500 -2.000 2.000 32 64':

          9.299719      task-clock:u (msec)       #    1.470 CPUs utilized          
                 0      context-switches:u        #    0.000 K/sec                  
                 0      cpu-migrations:u          #    0.000 K/sec                  
               173      page-faults:u             #    0.019 M/sec                  
           230,077      cycles:u                  #    0.025 GHz                    
         2,662,794      stalled-cycles-frontend:u # 1157.35% frontend cycles idle   
         4,292,861      instructions:u            #   18.66  insn per cycle         
                                                  #    0.62  stalled cycles per insn
           680,339      branches:u                #   73.157 M/sec                  
             7,339      branch-misses:u           #    1.08% of all branches        
     <not counted>      L1-dcache-loads:u                                             (0.00%)
     <not counted>      L1-dcache-load-misses:u                                       (0.00%)
     <not counted>      LLC-loads:u                                                   (0.00%)
   <not supported>      LLC-load-misses:u                                           

       0.006325623 seconds time elapsed


 Performance counter stats for './mandelbrot_omp -2.500 1.500 -2.000 2.000 32 64':

          9.670631      task-clock:u (msec)       #    1.694 CPUs utilized          
                 0      context-switches:u        #    0.000 K/sec                  
                 0      cpu-migrations:u          #    0.000 K/sec                  
               174      page-faults:u             #    0.018 M/sec                  
            47,281      cycles:u                  #    0.005 GHz                    
         1,181,170      stalled-cycles-frontend:u # 2498.19% frontend cycles idle   
         1,541,026      instructions:u            #   32.59  insn per cycle         
                                                  #    0.77  stalled cycles per insn
           462,501      branches:u                #   47.825 M/sec                  
             7,923      branch-misses:u           #    1.71% of all branches          (97.18%)
         2,820,867      L1-dcache-loads:u         #  291.694 M/sec                    (20.69%)
            11,932      L1-dcache-load-misses:u   #    0.42% of all L1-dcache hits    (7.48%)
     <not counted>      LLC-loads:u                                                   (0.00%)
   <not supported>      LLC-load-misses:u                                           

       0.005707999 seconds time elapsed


 Performance counter stats for './mandelbrot_omp -2.500 1.500 -2.000 2.000 32 64':

          9.809647      task-clock:u (msec)       #    1.657 CPUs utilized          
                 0      context-switches:u        #    0.000 K/sec                  
                 0      cpu-migrations:u          #    0.000 K/sec                  
               172      page-faults:u             #    0.018 M/sec                  
           142,550      cycles:u                  #    0.015 GHz                    
         5,090,518      stalled-cycles-frontend:u # 3571.04% frontend cycles idle   
         4,333,618      instructions:u            #   30.40  insn per cycle         
                                                  #    1.17  stalled cycles per insn
           680,322      branches:u                #   69.352 M/sec                  
             8,345      branch-misses:u           #    1.23% of all branches        
            37,319      L1-dcache-loads:u         #    3.804 M/sec                    (0.44%)
     <not counted>      L1-dcache-load-misses:u                                       (0.00%)
     <not counted>      LLC-loads:u                                                   (0.00%)
   <not supported>      LLC-load-misses:u                                           

       0.005918952 seconds time elapsed


 Performance counter stats for './mandelbrot_omp -2.500 1.500 -2.000 2.000 32 64':

          9.527659      task-clock:u (msec)       #    1.540 CPUs utilized          
                 0      context-switches:u        #    0.000 K/sec                  
                 0      cpu-migrations:u          #    0.000 K/sec                  
               173      page-faults:u             #    0.018 M/sec                  
           389,085      cycles:u                  #    0.041 GHz                    
         2,773,747      stalled-cycles-frontend:u #  712.89% frontend cycles idle   
         2,934,189      instructions:u            #    7.54  insn per cycle         
                                                  #    0.95  stalled cycles per insn
           505,392      branches:u                #   53.045 M/sec                  
             8,175      branch-misses:u           #    1.62% of all branches        
         2,402,374      L1-dcache-loads:u         #  252.147 M/sec                    (15.20%)
                 0      L1-dcache-load-misses:u   #    0.00% of all L1-dcache hits    (2.08%)
     <not counted>      LLC-loads:u                                                   (0.00%)
   <not supported>      LLC-load-misses:u                                           

       0.006184997 seconds time elapsed


 Performance counter stats for './mandelbrot_omp -2.500 1.500 -2.000 2.000 32 64':

          9.215768      task-clock:u (msec)       #    1.694 CPUs utilized          
                 0      context-switches:u        #    0.000 K/sec                  
                 0      cpu-migrations:u          #    0.000 K/sec                  
               172      page-faults:u             #    0.019 M/sec                  
            28,316      cycles:u                  #    0.003 GHz                    
         1,096,551      stalled-cycles-frontend:u # 3872.55% frontend cycles idle   
         2,399,060      instructions:u            #   84.72  insn per cycle         
                                                  #    0.46  stalled cycles per insn
           640,537      branches:u                #   69.504 M/sec                  
             8,283      branch-misses:u           #    1.29% of all branches        
         2,000,638      L1-dcache-loads:u         #  217.089 M/sec                    (9.59%)
     <not counted>      L1-dcache-load-misses:u                                       (0.00%)
     <not counted>      LLC-loads:u                                                   (0.00%)
   <not supported>      LLC-load-misses:u                                           

       0.005439589 seconds time elapsed


 Performance counter stats for './mandelbrot_omp -2.500 1.500 -2.000 2.000 32 64':

          9.630179      task-clock:u (msec)       #    1.655 CPUs utilized          
                 0      context-switches:u        #    0.000 K/sec                  
                 0      cpu-migrations:u          #    0.000 K/sec                  
               171      page-faults:u             #    0.018 M/sec                  
           164,668      cycles:u                  #    0.017 GHz                    
         4,602,514      stalled-cycles-frontend:u # 2795.03% frontend cycles idle   
         3,696,784      instructions:u            #   22.45  insn per cycle         
                                                  #    1.25  stalled cycles per insn
           680,852      branches:u                #   70.700 M/sec                  
             8,231      branch-misses:u           #    1.21% of all branches        
     <not counted>      L1-dcache-loads:u                                             (0.00%)
     <not counted>      L1-dcache-load-misses:u                                       (0.00%)
     <not counted>      LLC-loads:u                                                   (0.00%)
   <not supported>      LLC-load-misses:u                                           

       0.005817667 seconds time elapsed


 Performance counter stats for './mandelbrot_omp -2.500 1.500 -2.000 2.000 32 64':

          9.641688      task-clock:u (msec)       #    1.387 CPUs utilized          
                 0      context-switches:u        #    0.000 K/sec                  
                 0      cpu-migrations:u          #    0.000 K/sec                  
               172      page-faults:u             #    0.018 M/sec                  
                 0      cycles:u                  #    0.000 GHz                    
         1,104,226      stalled-cycles-frontend:u                                   
         3,186,804      instructions:u                                              
                                                  #    0.35  stalled cycles per insn
           590,080      branches:u                #   61.201 M/sec                  
             8,203      branch-misses:u           #    1.39% of all branches        
         1,464,749      L1-dcache-loads:u         #  151.918 M/sec                    (8.45%)
     <not counted>      L1-dcache-load-misses:u                                       (0.00%)
     <not counted>      LLC-loads:u                                                   (0.00%)
   <not supported>      LLC-load-misses:u                                           

       0.006953580 seconds time elapsed


 Performance counter stats for './mandelbrot_omp -2.500 1.500 -2.000 2.000 32 64':

          9.444473      task-clock:u (msec)       #    1.553 CPUs utilized          
                 0      context-switches:u        #    0.000 K/sec                  
                 0      cpu-migrations:u          #    0.000 K/sec                  
               171      page-faults:u             #    0.018 M/sec                  
            82,199      cycles:u                  #    0.009 GHz                    
         1,549,090      stalled-cycles-frontend:u # 1884.56% frontend cycles idle   
         2,451,282      instructions:u            #   29.82  insn per cycle         
                                                  #    0.63  stalled cycles per insn
           588,966      branches:u                #   62.361 M/sec                  
             7,811      branch-misses:u           #    1.33% of all branches        
         2,509,428      L1-dcache-loads:u         #  265.703 M/sec                    (17.43%)
     <not counted>      L1-dcache-load-misses:u                                       (0.00%)
     <not counted>      LLC-loads:u                                                   (0.00%)
   <not supported>      LLC-load-misses:u                                           

       0.006082168 seconds time elapsed


 Performance counter stats for './mandelbrot_omp -2.500 1.500 -2.000 2.000 32 64':

          9.450256      task-clock:u (msec)       #    1.637 CPUs utilized          
                 0      context-switches:u        #    0.000 K/sec                  
                 0      cpu-migrations:u          #    0.000 K/sec                  
               172      page-faults:u             #    0.018 M/sec                  
           347,656      cycles:u                  #    0.037 GHz                    
         8,145,899      stalled-cycles-frontend:u # 2343.09% frontend cycles idle   
         4,584,399      instructions:u            #   13.19  insn per cycle         
                                                  #    1.78  stalled cycles per insn
           680,753      branches:u                #   72.035 M/sec                  
             8,157      branch-misses:u           #    1.20% of all branches        
     <not counted>      L1-dcache-loads:u                                             (0.00%)
     <not counted>      L1-dcache-load-misses:u                                       (0.00%)
     <not counted>      LLC-loads:u                                                   (0.00%)
   <not supported>      LLC-load-misses:u                                           

       0.005772781 seconds time elapsed


 Performance counter stats for './mandelbrot_omp -2.500 1.500 -2.000 2.000 32 128':

         19.254998      task-clock:u (msec)       #    1.967 CPUs utilized          
                 0      context-switches:u        #    0.000 K/sec                  
                 0      cpu-migrations:u          #    0.000 K/sec                  
               293      page-faults:u             #    0.015 M/sec                  
         4,704,925      cycles:u                  #    0.244 GHz                      (7.48%)
         8,123,354      stalled-cycles-frontend:u #  172.66% frontend cycles idle     (19.50%)
         7,506,352      instructions:u            #    1.60  insn per cycle         
                                                  #    1.08  stalled cycles per insn  (31.53%)
         1,445,844      branches:u                #   75.089 M/sec                    (63.13%)
             9,503      branch-misses:u           #    0.66% of all branches          (99.30%)
         8,989,343      L1-dcache-loads:u         #  466.858 M/sec                    (60.42%)
            26,830      L1-dcache-load-misses:u   #    0.30% of all L1-dcache hits    (26.82%)
             6,377      LLC-loads:u               #    0.331 M/sec                    (5.75%)
   <not supported>      LLC-load-misses:u                                           

       0.009787658 seconds time elapsed


 Performance counter stats for './mandelbrot_omp -2.500 1.500 -2.000 2.000 32 128':

         19.385349      task-clock:u (msec)       #    1.826 CPUs utilized          
                 0      context-switches:u        #    0.000 K/sec                  
                 0      cpu-migrations:u          #    0.000 K/sec                  
               292      page-faults:u             #    0.015 M/sec                  
         5,223,422      cycles:u                  #    0.269 GHz                      (15.47%)
         7,480,379      stalled-cycles-frontend:u #  143.21% frontend cycles idle     (26.01%)
        12,203,569      instructions:u            #    2.34  insn per cycle         
                                                  #    0.61  stalled cycles per insn  (36.98%)
         1,458,384      branches:u                #   75.231 M/sec                    (79.35%)
            10,066      branch-misses:u           #    0.69% of all branches        
         9,034,900      L1-dcache-loads:u         #  466.068 M/sec                    (44.56%)
            66,592      L1-dcache-load-misses:u   #    0.74% of all L1-dcache hits    (20.53%)
            21,606      LLC-loads:u               #    1.115 M/sec                    (6.02%)
   <not supported>      LLC-load-misses:u                                           

       0.010615031 seconds time elapsed


 Performance counter stats for './mandelbrot_omp -2.500 1.500 -2.000 2.000 32 128':

         18.173157      task-clock:u (msec)       #    1.928 CPUs utilized          
                 0      context-switches:u        #    0.000 K/sec                  
                 0      cpu-migrations:u          #    0.000 K/sec                  
               292      page-faults:u             #    0.016 M/sec                  
         5,636,114      cycles:u                  #    0.310 GHz                      (20.65%)
         7,524,785      stalled-cycles-frontend:u #  133.51% frontend cycles idle     (29.70%)
        12,152,387      instructions:u            #    2.16  insn per cycle         
                                                  #    0.62  stalled cycles per insn  (61.65%)
         1,960,322      branches:u                #  107.869 M/sec                    (81.66%)
            11,854      branch-misses:u           #    0.60% of all branches          (89.29%)
         6,449,637      L1-dcache-loads:u         #  354.899 M/sec                    (27.17%)
            83,276      L1-dcache-load-misses:u   #    1.29% of all L1-dcache hits    (15.09%)
            14,116      LLC-loads:u               #    0.777 M/sec                    (13.54%)
   <not supported>      LLC-load-misses:u                                           

       0.009426796 seconds time elapsed


 Performance counter stats for './mandelbrot_omp -2.500 1.500 -2.000 2.000 32 128':

         19.574136      task-clock:u (msec)       #    1.862 CPUs utilized          
                 0      context-switches:u        #    0.000 K/sec                  
                 0      cpu-migrations:u          #    0.000 K/sec                  
               292      page-faults:u             #    0.015 M/sec                  
         5,243,574      cycles:u                  #    0.268 GHz                      (17.98%)
         7,547,675      stalled-cycles-frontend:u #  143.94% frontend cycles idle     (33.53%)
         9,267,691      instructions:u            #    1.77  insn per cycle         
                                                  #    0.81  stalled cycles per insn  (45.66%)
         1,575,214      branches:u                #   80.474 M/sec                    (69.03%)
            10,153      branch-misses:u           #    0.64% of all branches        
         7,152,496      L1-dcache-loads:u         #  365.405 M/sec                    (60.24%)
            72,293      L1-dcache-load-misses:u   #    1.01% of all L1-dcache hits    (19.75%)
            12,486      LLC-loads:u               #    0.638 M/sec                    (11.17%)
   <not supported>      LLC-load-misses:u                                           

       0.010512648 seconds time elapsed


 Performance counter stats for './mandelbrot_omp -2.500 1.500 -2.000 2.000 32 128':

         18.559287      task-clock:u (msec)       #    1.923 CPUs utilized          
                 0      context-switches:u        #    0.000 K/sec                  
                 0      cpu-migrations:u          #    0.000 K/sec                  
               292      page-faults:u             #    0.016 M/sec                  
           296,261      cycles:u                  #    0.016 GHz                    
         1,446,533      stalled-cycles-frontend:u #  488.26% frontend cycles idle   
         5,527,652      instructions:u            #   18.66  insn per cycle         
                                                  #    0.26  stalled cycles per insn
         1,397,544      branches:u                #   75.302 M/sec                  
            10,411      branch-misses:u           #    0.74% of all branches        
         8,710,754      L1-dcache-loads:u         #  469.347 M/sec                    (38.85%)
            39,313      L1-dcache-load-misses:u   #    0.45% of all L1-dcache hits    (10.21%)
     <not counted>      LLC-loads:u                                                   (0.00%)
   <not supported>      LLC-load-misses:u                                           

       0.009652191 seconds time elapsed


 Performance counter stats for './mandelbrot_omp -2.500 1.500 -2.000 2.000 32 128':

         19.405959      task-clock:u (msec)       #    2.087 CPUs utilized          
                 0      context-switches:u        #    0.000 K/sec                  
                 0      cpu-migrations:u          #    0.000 K/sec                  
               291      page-faults:u             #    0.015 M/sec                  
            81,137      cycles:u                  #    0.004 GHz                    
         1,214,252      stalled-cycles-frontend:u # 1496.55% frontend cycles idle   
         3,678,563      instructions:u            #   45.34  insn per cycle         
                                                  #    0.33  stalled cycles per insn
           785,717      branches:u                #   40.488 M/sec                  
             9,130      branch-misses:u           #    1.16% of all branches        
         9,539,140      L1-dcache-loads:u         #  491.557 M/sec                    (66.27%)
            31,063      L1-dcache-load-misses:u   #    0.33% of all L1-dcache hits    (28.73%)
     <not counted>      LLC-loads:u                                                   (0.00%)
   <not supported>      LLC-load-misses:u                                           

       0.009300394 seconds time elapsed


 Performance counter stats for './mandelbrot_omp -2.500 1.500 -2.000 2.000 32 128':

         18.975822      task-clock:u (msec)       #    2.011 CPUs utilized          
                 0      context-switches:u        #    0.000 K/sec                  
                 0      cpu-migrations:u          #    0.000 K/sec                  
               291      page-faults:u             #    0.015 M/sec                  
           225,965      cycles:u                  #    0.012 GHz                    
         1,274,398      stalled-cycles-frontend:u #  563.98% frontend cycles idle   
         5,293,915      instructions:u            #   23.43  insn per cycle         
                                                  #    0.24  stalled cycles per insn
         1,495,602      branches:u                #   78.816 M/sec                  
            10,107      branch-misses:u           #    0.68% of all branches        
         8,492,381      L1-dcache-loads:u         #  447.537 M/sec                    (37.93%)
            30,700      L1-dcache-load-misses:u   #    0.36% of all L1-dcache hits    (9.42%)
     <not counted>      LLC-loads:u                                                   (0.00%)
   <not supported>      LLC-load-misses:u                                           

       0.009435448 seconds time elapsed


 Performance counter stats for './mandelbrot_omp -2.500 1.500 -2.000 2.000 32 128':

         18.455413      task-clock:u (msec)       #    1.992 CPUs utilized          
                 0      context-switches:u        #    0.000 K/sec                  
                 0      cpu-migrations:u          #    0.000 K/sec                  
               291      page-faults:u             #    0.016 M/sec                  
         4,195,619      cycles:u                  #    0.227 GHz                      (12.95%)
         6,407,395      stalled-cycles-frontend:u #  152.72% frontend cycles idle     (26.03%)
        10,736,661      instructions:u            #    2.56  insn per cycle         
                                                  #    0.60  stalled cycles per insn  (38.93%)
         1,447,974      branches:u                #   78.458 M/sec                    (59.11%)
             8,971      branch-misses:u           #    0.62% of all branches        
         8,364,036      L1-dcache-loads:u         #  453.202 M/sec                    (66.96%)
            28,319      L1-dcache-load-misses:u   #    0.34% of all L1-dcache hits    (33.45%)
             7,675      LLC-loads:u               #    0.416 M/sec                    (7.37%)
   <not supported>      LLC-load-misses:u                                           

       0.009263757 seconds time elapsed


 Performance counter stats for './mandelbrot_omp -2.500 1.500 -2.000 2.000 32 128':

         18.963794      task-clock:u (msec)       #    2.125 CPUs utilized          
                 0      context-switches:u        #    0.000 K/sec                  
                 0      cpu-migrations:u          #    0.000 K/sec                  
               292      page-faults:u             #    0.015 M/sec                  
           388,033      cycles:u                  #    0.020 GHz                    
         1,440,524      stalled-cycles-frontend:u #  371.24% frontend cycles idle   
         7,186,111      instructions:u            #   18.52  insn per cycle         
                                                  #    0.20  stalled cycles per insn
         1,409,657      branches:u                #   74.334 M/sec                  
            10,216      branch-misses:u           #    0.72% of all branches        
         8,310,815      L1-dcache-loads:u         #  438.246 M/sec                    (38.36%)
            19,405      L1-dcache-load-misses:u   #    0.23% of all L1-dcache hits    (28.80%)
     <not counted>      LLC-loads:u                                                   (0.00%)
   <not supported>      LLC-load-misses:u                                           

       0.008925737 seconds time elapsed


 Performance counter stats for './mandelbrot_omp -2.500 1.500 -2.000 2.000 32 128':

         18.851237      task-clock:u (msec)       #    2.039 CPUs utilized          
                 0      context-switches:u        #    0.000 K/sec                  
                 0      cpu-migrations:u          #    0.000 K/sec                  
               292      page-faults:u             #    0.015 M/sec                  
           259,349      cycles:u                  #    0.014 GHz                    
         1,386,786      stalled-cycles-frontend:u #  534.72% frontend cycles idle   
         6,813,628      instructions:u            #   26.27  insn per cycle         
                                                  #    0.20  stalled cycles per insn
         1,981,544      branches:u                #  105.115 M/sec                  
            11,737      branch-misses:u           #    0.59% of all branches        
         8,289,540      L1-dcache-loads:u         #  439.735 M/sec                    (17.39%)
             4,136      L1-dcache-load-misses:u   #    0.05% of all L1-dcache hits    (0.68%)
     <not counted>      LLC-loads:u                                                   (0.00%)
   <not supported>      LLC-load-misses:u                                           

       0.009245371 seconds time elapsed

