
 Performance counter stats for './mandelbrot_omp -0.188 -0.012 0.554 0.754 32 16':

          6.621860      task-clock:u (msec)       #    1.057 CPUs utilized          
                 0      context-switches:u        #    0.000 K/sec                  
                 0      cpu-migrations:u          #    0.000 K/sec                  
               136      page-faults:u             #    0.021 M/sec                  
           172,597      cycles:u                  #    0.026 GHz                    
         5,172,225      stalled-cycles-frontend:u # 2996.71% frontend cycles idle   
         1,652,357      instructions:u            #    9.57  insn per cycle         
                                                  #    3.13  stalled cycles per insn
           247,782      branches:u                #   37.419 M/sec                  
             6,466      branch-misses:u           #    2.61% of all branches        
     <not counted>      L1-dcache-loads:u                                             (0.00%)
     <not counted>      L1-dcache-load-misses:u                                       (0.00%)
     <not counted>      LLC-loads:u                                                   (0.00%)
   <not supported>      LLC-load-misses:u                                           

       0.006266663 seconds time elapsed


 Performance counter stats for './mandelbrot_omp -0.188 -0.012 0.554 0.754 32 16':

          8.369275      task-clock:u (msec)       #    1.386 CPUs utilized          
                 0      context-switches:u        #    0.000 K/sec                  
                 0      cpu-migrations:u          #    0.000 K/sec                  
               135      page-faults:u             #    0.016 M/sec                  
           254,295      cycles:u                  #    0.030 GHz                    
         5,111,201      stalled-cycles-frontend:u # 2009.95% frontend cycles idle   
         1,652,967      instructions:u            #    6.50  insn per cycle         
                                                  #    3.09  stalled cycles per insn
           248,452      branches:u                #   29.686 M/sec                  
             6,566      branch-misses:u           #    2.64% of all branches        
     <not counted>      L1-dcache-loads:u                                             (0.00%)
     <not counted>      L1-dcache-load-misses:u                                       (0.00%)
     <not counted>      LLC-loads:u                                                   (0.00%)
   <not supported>      LLC-load-misses:u                                           

       0.006036895 seconds time elapsed


 Performance counter stats for './mandelbrot_omp -0.188 -0.012 0.554 0.754 32 16':

          7.008184      task-clock:u (msec)       #    1.424 CPUs utilized          
                 0      context-switches:u        #    0.000 K/sec                  
                 0      cpu-migrations:u          #    0.000 K/sec                  
               137      page-faults:u             #    0.020 M/sec                  
            66,990      cycles:u                  #    0.010 GHz                    
         3,265,673      stalled-cycles-frontend:u # 4874.87% frontend cycles idle   
         1,613,516      instructions:u            #   24.09  insn per cycle         
                                                  #    2.02  stalled cycles per insn
           247,903      branches:u                #   35.373 M/sec                  
             6,758      branch-misses:u           #    2.73% of all branches        
     <not counted>      L1-dcache-loads:u                                             (0.00%)
     <not counted>      L1-dcache-load-misses:u                                       (0.00%)
     <not counted>      LLC-loads:u                                                   (0.00%)
   <not supported>      LLC-load-misses:u                                           

       0.004920132 seconds time elapsed


 Performance counter stats for './mandelbrot_omp -0.188 -0.012 0.554 0.754 32 16':

          6.889679      task-clock:u (msec)       #    1.440 CPUs utilized          
                 0      context-switches:u        #    0.000 K/sec                  
                 0      cpu-migrations:u          #    0.000 K/sec                  
               134      page-faults:u             #    0.019 M/sec                  
            43,631      cycles:u                  #    0.006 GHz                    
         2,304,238      stalled-cycles-frontend:u # 5281.19% frontend cycles idle   
         1,601,475      instructions:u            #   36.70  insn per cycle         
                                                  #    1.44  stalled cycles per insn
           247,786      branches:u                #   35.965 M/sec                  
             6,149      branch-misses:u           #    2.48% of all branches        
     <not counted>      L1-dcache-loads:u                                             (0.00%)
     <not counted>      L1-dcache-load-misses:u                                       (0.00%)
     <not counted>      LLC-loads:u                                                   (0.00%)
   <not supported>      LLC-load-misses:u                                           

       0.004784786 seconds time elapsed


 Performance counter stats for './mandelbrot_omp -0.188 -0.012 0.554 0.754 32 16':

          7.273708      task-clock:u (msec)       #    1.472 CPUs utilized          
                 0      context-switches:u        #    0.000 K/sec                  
                 0      cpu-migrations:u          #    0.000 K/sec                  
               134      page-faults:u             #    0.018 M/sec                  
           232,323      cycles:u                  #    0.032 GHz                    
         3,633,366      stalled-cycles-frontend:u # 1563.93% frontend cycles idle   
         1,653,555      instructions:u            #    7.12  insn per cycle         
                                                  #    2.20  stalled cycles per insn
           247,915      branches:u                #   34.084 M/sec                  
             6,826      branch-misses:u           #    2.75% of all branches        
     <not counted>      L1-dcache-loads:u                                             (0.00%)
     <not counted>      L1-dcache-load-misses:u                                       (0.00%)
     <not counted>      LLC-loads:u                                                   (0.00%)
   <not supported>      LLC-load-misses:u                                           

       0.004942372 seconds time elapsed


 Performance counter stats for './mandelbrot_omp -0.188 -0.012 0.554 0.754 32 16':

          7.539794      task-clock:u (msec)       #    1.541 CPUs utilized          
                 0      context-switches:u        #    0.000 K/sec                  
                 0      cpu-migrations:u          #    0.000 K/sec                  
               134      page-faults:u             #    0.018 M/sec                  
            35,652      cycles:u                  #    0.005 GHz                    
         4,963,634      stalled-cycles-frontend:u # 13922.46% frontend cycles idle  
         1,651,584      instructions:u            #   46.33  insn per cycle         
                                                  #    3.01  stalled cycles per insn
           248,304      branches:u                #   32.932 M/sec                  
             6,934      branch-misses:u           #    2.79% of all branches        
     <not counted>      L1-dcache-loads:u                                             (0.00%)
     <not counted>      L1-dcache-load-misses:u                                       (0.00%)
     <not counted>      LLC-loads:u                                                   (0.00%)
   <not supported>      LLC-load-misses:u                                           

       0.004891469 seconds time elapsed


 Performance counter stats for './mandelbrot_omp -0.188 -0.012 0.554 0.754 32 16':

          7.929872      task-clock:u (msec)       #    1.261 CPUs utilized          
                 0      context-switches:u        #    0.000 K/sec                  
                 0      cpu-migrations:u          #    0.000 K/sec                  
               134      page-faults:u             #    0.017 M/sec                  
           368,970      cycles:u                  #    0.047 GHz                    
         4,082,375      stalled-cycles-frontend:u # 1106.42% frontend cycles idle   
         1,302,509      instructions:u            #    3.53  insn per cycle         
                                                  #    3.13  stalled cycles per insn
           244,147      branches:u                #   30.788 M/sec                  
             6,913      branch-misses:u           #    2.83% of all branches        
            90,028      L1-dcache-loads:u         #   11.353 M/sec                    (4.30%)
     <not counted>      L1-dcache-load-misses:u                                       (0.00%)
     <not counted>      LLC-loads:u                                                   (0.00%)
   <not supported>      LLC-load-misses:u                                           

       0.006289966 seconds time elapsed


 Performance counter stats for './mandelbrot_omp -0.188 -0.012 0.554 0.754 32 16':

          8.420336      task-clock:u (msec)       #    1.202 CPUs utilized          
                 0      context-switches:u        #    0.000 K/sec                  
                 0      cpu-migrations:u          #    0.000 K/sec                  
               134      page-faults:u             #    0.016 M/sec                  
           335,187      cycles:u                  #    0.040 GHz                    
         3,619,703      stalled-cycles-frontend:u # 1079.91% frontend cycles idle   
         1,255,669      instructions:u            #    3.75  insn per cycle         
                                                  #    2.88  stalled cycles per insn
           195,636      branches:u                #   23.234 M/sec                  
             7,121      branch-misses:u           #    3.64% of all branches          (96.50%)
         1,330,885      L1-dcache-loads:u         #  158.056 M/sec                    (15.79%)
     <not counted>      L1-dcache-load-misses:u                                       (0.00%)
     <not counted>      LLC-loads:u                                                   (0.00%)
   <not supported>      LLC-load-misses:u                                           

       0.007003317 seconds time elapsed


 Performance counter stats for './mandelbrot_omp -0.188 -0.012 0.554 0.754 32 16':

          8.258649      task-clock:u (msec)       #    0.187 CPUs utilized          
                 0      context-switches:u        #    0.000 K/sec                  
                 0      cpu-migrations:u          #    0.000 K/sec                  
               137      page-faults:u             #    0.017 M/sec                  
            98,325      cycles:u                  #    0.012 GHz                    
         2,067,521      stalled-cycles-frontend:u # 2102.74% frontend cycles idle   
         1,249,444      instructions:u            #   12.71  insn per cycle         
                                                  #    1.65  stalled cycles per insn
           205,054      branches:u                #   24.829 M/sec                  
             7,012      branch-misses:u           #    3.42% of all branches          (96.73%)
         1,274,614      L1-dcache-loads:u         #  154.337 M/sec                    (15.17%)
     <not counted>      L1-dcache-load-misses:u                                       (0.00%)
     <not counted>      LLC-loads:u                                                   (0.00%)
   <not supported>      LLC-load-misses:u                                           

       0.044126635 seconds time elapsed


 Performance counter stats for './mandelbrot_omp -0.188 -0.012 0.554 0.754 32 16':

          6.681479      task-clock:u (msec)       #    1.393 CPUs utilized          
                 0      context-switches:u        #    0.000 K/sec                  
                 0      cpu-migrations:u          #    0.000 K/sec                  
               134      page-faults:u             #    0.020 M/sec                  
           230,986      cycles:u                  #    0.035 GHz                    
         3,600,997      stalled-cycles-frontend:u # 1558.97% frontend cycles idle   
         1,654,009      instructions:u            #    7.16  insn per cycle         
                                                  #    2.18  stalled cycles per insn
           248,041      branches:u                #   37.124 M/sec                  
             6,296      branch-misses:u           #    2.54% of all branches        
     <not counted>      L1-dcache-loads:u                                             (0.00%)
     <not counted>      L1-dcache-load-misses:u                                       (0.00%)
     <not counted>      LLC-loads:u                                                   (0.00%)
   <not supported>      LLC-load-misses:u                                           

       0.004796646 seconds time elapsed


 Performance counter stats for './mandelbrot_omp -0.188 -0.012 0.554 0.754 32 32':

         10.609230      task-clock:u (msec)       #    1.887 CPUs utilized          
                 0      context-switches:u        #    0.000 K/sec                  
                 0      cpu-migrations:u          #    0.000 K/sec                  
               141      page-faults:u             #    0.013 M/sec                  
             9,650      cycles:u                  #    0.001 GHz                    
         1,125,834      stalled-cycles-frontend:u # 11666.67% frontend cycles idle  
         1,680,618      instructions:u            #  174.16  insn per cycle         
                                                  #    0.67  stalled cycles per insn
           469,320      branches:u                #   44.237 M/sec                  
             7,031      branch-misses:u           #    1.50% of all branches        
         4,356,921      L1-dcache-loads:u         #  410.673 M/sec                    (26.71%)
            10,537      L1-dcache-load-misses:u   #    0.24% of all L1-dcache hits    (5.38%)
     <not counted>      LLC-loads:u                                                   (0.00%)
   <not supported>      LLC-load-misses:u                                           

       0.005621736 seconds time elapsed


 Performance counter stats for './mandelbrot_omp -0.188 -0.012 0.554 0.754 32 32':

         10.973810      task-clock:u (msec)       #    2.049 CPUs utilized          
                 0      context-switches:u        #    0.000 K/sec                  
                 0      cpu-migrations:u          #    0.000 K/sec                  
               142      page-faults:u             #    0.013 M/sec                  
                 0      cycles:u                  #    0.000 GHz                    
         1,061,131      stalled-cycles-frontend:u                                   
         1,754,163      instructions:u                                              
                                                  #    0.60  stalled cycles per insn
           730,235      branches:u                #   66.543 M/sec                  
             7,625      branch-misses:u           #    1.04% of all branches        
            53,507      L1-dcache-loads:u         #    4.876 M/sec                    (0.46%)
     <not counted>      L1-dcache-load-misses:u                                       (0.00%)
     <not counted>      LLC-loads:u                                                   (0.00%)
   <not supported>      LLC-load-misses:u                                           

       0.005356146 seconds time elapsed


 Performance counter stats for './mandelbrot_omp -0.188 -0.012 0.554 0.754 32 32':

         10.052788      task-clock:u (msec)       #    1.804 CPUs utilized          
                 0      context-switches:u        #    0.000 K/sec                  
                 0      cpu-migrations:u          #    0.000 K/sec                  
               143      page-faults:u             #    0.014 M/sec                  
                 0      cycles:u                  #    0.000 GHz                    
         1,080,437      stalled-cycles-frontend:u                                   
         1,565,220      instructions:u                                              
                                                  #    0.69  stalled cycles per insn
           561,510      branches:u                #   55.856 M/sec                  
             7,348      branch-misses:u           #    1.31% of all branches        
         2,843,493      L1-dcache-loads:u         #  282.856 M/sec                    (23.55%)
             4,990      L1-dcache-load-misses:u   #    0.18% of all L1-dcache hits    (4.67%)
     <not counted>      LLC-loads:u                                                   (0.00%)
   <not supported>      LLC-load-misses:u                                           

       0.005573348 seconds time elapsed


 Performance counter stats for './mandelbrot_omp -0.188 -0.012 0.554 0.754 32 32':

         10.767955      task-clock:u (msec)       #    1.938 CPUs utilized          
                 0      context-switches:u        #    0.000 K/sec                  
                 0      cpu-migrations:u          #    0.000 K/sec                  
               142      page-faults:u             #    0.013 M/sec                  
                 0      cycles:u                  #    0.000 GHz                    
         1,123,125      stalled-cycles-frontend:u                                   
         1,021,711      instructions:u                                              
                                                  #    1.10  stalled cycles per insn
           729,362      branches:u                #   67.734 M/sec                  
             7,517      branch-misses:u           #    1.03% of all branches        
           100,690      L1-dcache-loads:u         #    9.351 M/sec                    (3.29%)
     <not counted>      L1-dcache-load-misses:u                                       (0.00%)
     <not counted>      LLC-loads:u                                                   (0.00%)
   <not supported>      LLC-load-misses:u                                           

       0.005555464 seconds time elapsed


 Performance counter stats for './mandelbrot_omp -0.188 -0.012 0.554 0.754 32 32':

         10.868952      task-clock:u (msec)       #    1.970 CPUs utilized          
                 0      context-switches:u        #    0.000 K/sec                  
                 0      cpu-migrations:u          #    0.000 K/sec                  
               143      page-faults:u             #    0.013 M/sec                  
            42,046      cycles:u                  #    0.004 GHz                    
         1,517,164      stalled-cycles-frontend:u # 3608.34% frontend cycles idle   
         2,829,153      instructions:u            #   67.29  insn per cycle         
                                                  #    0.54  stalled cycles per insn
           675,543      branches:u                #   62.153 M/sec                  
             7,624      branch-misses:u           #    1.13% of all branches        
         3,959,027      L1-dcache-loads:u         #  364.251 M/sec                    (6.88%)
     <not counted>      L1-dcache-load-misses:u                                       (0.00%)
     <not counted>      LLC-loads:u                                                   (0.00%)
   <not supported>      LLC-load-misses:u                                           

       0.005516468 seconds time elapsed


 Performance counter stats for './mandelbrot_omp -0.188 -0.012 0.554 0.754 32 32':

         10.644169      task-clock:u (msec)       #    1.934 CPUs utilized          
                 0      context-switches:u        #    0.000 K/sec                  
                 0      cpu-migrations:u          #    0.000 K/sec                  
               143      page-faults:u             #    0.013 M/sec                  
            37,808      cycles:u                  #    0.004 GHz                    
         1,457,900      stalled-cycles-frontend:u # 3856.06% frontend cycles idle   
         2,216,662      instructions:u            #   58.63  insn per cycle         
                                                  #    0.66  stalled cycles per insn
           575,304      branches:u                #   54.049 M/sec                  
             7,139      branch-misses:u           #    1.24% of all branches        
         3,534,954      L1-dcache-loads:u         #  332.102 M/sec                    (17.70%)
             6,852      L1-dcache-load-misses:u   #    0.19% of all L1-dcache hits    (3.27%)
     <not counted>      LLC-loads:u                                                   (0.00%)
   <not supported>      LLC-load-misses:u                                           

       0.005504545 seconds time elapsed


 Performance counter stats for './mandelbrot_omp -0.188 -0.012 0.554 0.754 32 32':

         10.560282      task-clock:u (msec)       #    1.759 CPUs utilized          
                 0      context-switches:u        #    0.000 K/sec                  
                 0      cpu-migrations:u          #    0.000 K/sec                  
               141      page-faults:u             #    0.013 M/sec                  
           185,911      cycles:u                  #    0.018 GHz                    
         4,460,711      stalled-cycles-frontend:u # 2399.38% frontend cycles idle   
         4,171,578      instructions:u            #   22.44  insn per cycle         
                                                  #    1.07  stalled cycles per insn
           729,472      branches:u                #   69.077 M/sec                  
             7,559      branch-misses:u           #    1.04% of all branches        
           101,199      L1-dcache-loads:u         #    9.583 M/sec                    (2.26%)
     <not counted>      L1-dcache-load-misses:u                                       (0.00%)
     <not counted>      LLC-loads:u                                                   (0.00%)
   <not supported>      LLC-load-misses:u                                           

       0.006005203 seconds time elapsed


 Performance counter stats for './mandelbrot_omp -0.188 -0.012 0.554 0.754 32 32':

         10.927817      task-clock:u (msec)       #    2.015 CPUs utilized          
                 0      context-switches:u        #    0.000 K/sec                  
                 0      cpu-migrations:u          #    0.000 K/sec                  
               142      page-faults:u             #    0.013 M/sec                  
            70,705      cycles:u                  #    0.006 GHz                    
         2,607,215      stalled-cycles-frontend:u # 3687.45% frontend cycles idle   
         4,509,925      instructions:u            #   63.79  insn per cycle         
                                                  #    0.58  stalled cycles per insn
           730,702      branches:u                #   66.866 M/sec                  
             7,593      branch-misses:u           #    1.04% of all branches        
            47,958      L1-dcache-loads:u         #    4.389 M/sec                    (0.33%)
     <not counted>      L1-dcache-load-misses:u                                       (0.00%)
     <not counted>      LLC-loads:u                                                   (0.00%)
   <not supported>      LLC-load-misses:u                                           

       0.005423740 seconds time elapsed


 Performance counter stats for './mandelbrot_omp -0.188 -0.012 0.554 0.754 32 32':

         11.339102      task-clock:u (msec)       #    2.022 CPUs utilized          
                 0      context-switches:u        #    0.000 K/sec                  
                 0      cpu-migrations:u          #    0.000 K/sec                  
               142      page-faults:u             #    0.013 M/sec                  
           146,315      cycles:u                  #    0.013 GHz                    
         6,818,555      stalled-cycles-frontend:u # 4660.19% frontend cycles idle   
         5,092,066      instructions:u            #   34.80  insn per cycle         
                                                  #    1.34  stalled cycles per insn
           729,927      branches:u                #   64.373 M/sec                  
             7,577      branch-misses:u           #    1.04% of all branches        
            69,329      L1-dcache-loads:u         #    6.114 M/sec                    (0.33%)
     <not counted>      L1-dcache-load-misses:u                                       (0.00%)
     <not counted>      LLC-loads:u                                                   (0.00%)
   <not supported>      LLC-load-misses:u                                           

       0.005608232 seconds time elapsed


 Performance counter stats for './mandelbrot_omp -0.188 -0.012 0.554 0.754 32 32':

         10.669897      task-clock:u (msec)       #    2.083 CPUs utilized          
                 0      context-switches:u        #    0.000 K/sec                  
                 0      cpu-migrations:u          #    0.000 K/sec                  
               142      page-faults:u             #    0.013 M/sec                  
           154,863      cycles:u                  #    0.015 GHz                    
         4,283,774      stalled-cycles-frontend:u # 2766.17% frontend cycles idle   
         5,302,747      instructions:u            #   34.24  insn per cycle         
                                                  #    0.81  stalled cycles per insn
           730,219      branches:u                #   68.437 M/sec                  
             7,084      branch-misses:u           #    0.97% of all branches        
     <not counted>      L1-dcache-loads:u                                             (0.00%)
     <not counted>      L1-dcache-load-misses:u                                       (0.00%)
     <not counted>      LLC-loads:u                                                   (0.00%)
   <not supported>      LLC-load-misses:u                                           

       0.005122992 seconds time elapsed


 Performance counter stats for './mandelbrot_omp -0.188 -0.012 0.554 0.754 32 64':

         24.628611      task-clock:u (msec)       #    3.067 CPUs utilized          
                 0      context-switches:u        #    0.000 K/sec                  
                 0      cpu-migrations:u          #    0.000 K/sec                  
               172      page-faults:u             #    0.007 M/sec                  
         1,973,387      cycles:u                  #    0.080 GHz                      (14.42%)
        10,272,024      stalled-cycles-frontend:u #  520.53% frontend cycles idle     (67.15%)
        11,434,507      instructions:u            #    5.79  insn per cycle         
                                                  #    0.90  stalled cycles per insn  (83.03%)
         2,198,684      branches:u                #   89.274 M/sec                    (91.40%)
            10,166      branch-misses:u           #    0.46% of all branches          (97.88%)
        12,138,608      L1-dcache-loads:u         #  492.866 M/sec                    (22.06%)
            49,392      L1-dcache-load-misses:u   #    0.41% of all L1-dcache hits    (7.65%)
             9,351      LLC-loads:u               #    0.380 M/sec                    (4.21%)
   <not supported>      LLC-load-misses:u                                           

       0.008029145 seconds time elapsed


 Performance counter stats for './mandelbrot_omp -0.188 -0.012 0.554 0.754 32 64':

         25.729828      task-clock:u (msec)       #    3.257 CPUs utilized          
                 0      context-switches:u        #    0.000 K/sec                  
                 0      cpu-migrations:u          #    0.000 K/sec                  
               173      page-faults:u             #    0.007 M/sec                  
           715,384      cycles:u                  #    0.028 GHz                      (17.86%)
         4,293,192      stalled-cycles-frontend:u #  600.12% frontend cycles idle     (42.48%)
         7,175,714      instructions:u            #   10.03  insn per cycle         
                                                  #    0.60  stalled cycles per insn  (80.81%)
         1,954,272      branches:u                #   75.954 M/sec                    (92.89%)
            10,475      branch-misses:u           #    0.54% of all branches        
        13,514,264      L1-dcache-loads:u         #  525.237 M/sec                    (31.13%)
             8,639      L1-dcache-load-misses:u   #    0.06% of all L1-dcache hits    (6.61%)
                 0      LLC-loads:u               #    0.000 K/sec                    (0.45%)
   <not supported>      LLC-load-misses:u                                           

       0.007898756 seconds time elapsed


 Performance counter stats for './mandelbrot_omp -0.188 -0.012 0.554 0.754 32 64':

         23.910990      task-clock:u (msec)       #    2.996 CPUs utilized          
                 0      context-switches:u        #    0.000 K/sec                  
                 0      cpu-migrations:u          #    0.000 K/sec                  
               171      page-faults:u             #    0.007 M/sec                  
         3,380,195      cycles:u                  #    0.141 GHz                      (11.43%)
        10,761,375      stalled-cycles-frontend:u #  318.37% frontend cycles idle     (43.57%)
        11,534,160      instructions:u            #    3.41  insn per cycle         
                                                  #    0.93  stalled cycles per insn  (82.26%)
         2,243,373      branches:u                #   93.822 M/sec                    (89.28%)
            10,037      branch-misses:u           #    0.45% of all branches        
        13,437,791      L1-dcache-loads:u         #  561.992 M/sec                    (22.66%)
             6,682      L1-dcache-load-misses:u   #    0.05% of all L1-dcache hits    (12.18%)
             3,715      LLC-loads:u               #    0.155 M/sec                    (6.00%)
   <not supported>      LLC-load-misses:u                                           

       0.007981898 seconds time elapsed


 Performance counter stats for './mandelbrot_omp -0.188 -0.012 0.554 0.754 32 64':

         24.966731      task-clock:u (msec)       #    3.021 CPUs utilized          
                 0      context-switches:u        #    0.000 K/sec                  
                 0      cpu-migrations:u          #    0.000 K/sec                  
               173      page-faults:u             #    0.007 M/sec                  
           720,029      cycles:u                  #    0.029 GHz                      (3.70%)
        12,709,809      stalled-cycles-frontend:u # 1765.18% frontend cycles idle     (10.95%)
        11,463,275      instructions:u            #   15.92  insn per cycle         
                                                  #    1.11  stalled cycles per insn  (55.09%)
         2,187,846      branches:u                #   87.630 M/sec                    (74.25%)
            10,279      branch-misses:u           #    0.47% of all branches          (94.76%)
        12,776,350      L1-dcache-loads:u         #  511.735 M/sec                    (36.41%)
            32,532      L1-dcache-load-misses:u   #    0.25% of all L1-dcache hits    (13.04%)
             1,715      LLC-loads:u               #    0.069 M/sec                    (1.92%)
   <not supported>      LLC-load-misses:u                                           

       0.008263647 seconds time elapsed


 Performance counter stats for './mandelbrot_omp -0.188 -0.012 0.554 0.754 32 64':

         25.360343      task-clock:u (msec)       #    3.013 CPUs utilized          
                 0      context-switches:u        #    0.000 K/sec                  
                 0      cpu-migrations:u          #    0.000 K/sec                  
               173      page-faults:u             #    0.007 M/sec                  
         1,058,626      cycles:u                  #    0.042 GHz                      (16.44%)
         4,973,844      stalled-cycles-frontend:u #  469.84% frontend cycles idle     (44.40%)
         8,009,477      instructions:u            #    7.57  insn per cycle         
                                                  #    0.62  stalled cycles per insn  (73.07%)
         1,832,683      branches:u                #   72.266 M/sec                    (85.33%)
             9,937      branch-misses:u           #    0.54% of all branches        
        13,134,619      L1-dcache-loads:u         #  517.920 M/sec                    (38.60%)
             4,787      L1-dcache-load-misses:u   #    0.04% of all L1-dcache hits    (23.90%)
             1,108      LLC-loads:u               #    0.044 M/sec                    (7.40%)
   <not supported>      LLC-load-misses:u                                           

       0.008416470 seconds time elapsed


 Performance counter stats for './mandelbrot_omp -0.188 -0.012 0.554 0.754 32 64':

         25.209598      task-clock:u (msec)       #    3.078 CPUs utilized          
                 0      context-switches:u        #    0.000 K/sec                  
                 0      cpu-migrations:u          #    0.000 K/sec                  
               174      page-faults:u             #    0.007 M/sec                  
           288,599      cycles:u                  #    0.011 GHz                      (9.52%)
         3,176,935      stalled-cycles-frontend:u # 1100.81% frontend cycles idle     (35.49%)
         5,093,704      instructions:u            #   17.65  insn per cycle         
                                                  #    0.62  stalled cycles per insn  (71.59%)
         1,636,467      branches:u                #   64.914 M/sec                    (87.52%)
             9,884      branch-misses:u           #    0.60% of all branches        
        14,053,449      L1-dcache-loads:u         #  557.464 M/sec                    (43.26%)
             4,946      L1-dcache-load-misses:u   #    0.04% of all L1-dcache hits    (19.17%)
             1,549      LLC-loads:u               #    0.061 M/sec                    (0.84%)
   <not supported>      LLC-load-misses:u                                           

       0.008189447 seconds time elapsed


 Performance counter stats for './mandelbrot_omp -0.188 -0.012 0.554 0.754 32 64':

         25.146690      task-clock:u (msec)       #    3.281 CPUs utilized          
                 0      context-switches:u        #    0.000 K/sec                  
                 0      cpu-migrations:u          #    0.000 K/sec                  
               171      page-faults:u             #    0.007 M/sec                  
         1,684,605      cycles:u                  #    0.067 GHz                      (11.36%)
         5,832,764      stalled-cycles-frontend:u #  346.24% frontend cycles idle     (26.90%)
         4,898,433      instructions:u            #    2.91  insn per cycle         
                                                  #    1.19  stalled cycles per insn  (74.16%)
         1,625,069      branches:u                #   64.624 M/sec                    (89.54%)
             9,607      branch-misses:u           #    0.59% of all branches        
        13,429,497      L1-dcache-loads:u         #  534.046 M/sec                    (40.49%)
            26,694      L1-dcache-load-misses:u   #    0.20% of all L1-dcache hits    (16.37%)
            18,388      LLC-loads:u               #    0.731 M/sec                    (2.23%)
   <not supported>      LLC-load-misses:u                                           

       0.007664281 seconds time elapsed


 Performance counter stats for './mandelbrot_omp -0.188 -0.012 0.554 0.754 32 64':

         24.185554      task-clock:u (msec)       #    2.920 CPUs utilized          
                 0      context-switches:u        #    0.000 K/sec                  
                 0      cpu-migrations:u          #    0.000 K/sec                  
               171      page-faults:u             #    0.007 M/sec                  
           153,698      cycles:u                  #    0.006 GHz                    
         6,449,359      stalled-cycles-frontend:u # 4196.12% frontend cycles idle   
         8,624,781      instructions:u            #   56.12  insn per cycle         
                                                  #    0.75  stalled cycles per insn
         1,919,775      branches:u                #   79.377 M/sec                  
            10,189      branch-misses:u           #    0.53% of all branches        
        12,370,973      L1-dcache-loads:u         #  511.503 M/sec                    (25.62%)
            45,688      L1-dcache-load-misses:u   #    0.37% of all L1-dcache hits    (5.88%)
     <not counted>      LLC-loads:u                                                   (0.00%)
   <not supported>      LLC-load-misses:u                                           

       0.008283032 seconds time elapsed


 Performance counter stats for './mandelbrot_omp -0.188 -0.012 0.554 0.754 32 64':

         25.195264      task-clock:u (msec)       #    3.105 CPUs utilized          
                 0      context-switches:u        #    0.000 K/sec                  
                 0      cpu-migrations:u          #    0.000 K/sec                  
               172      page-faults:u             #    0.007 M/sec                  
         4,115,349      cycles:u                  #    0.163 GHz                      (17.79%)
         8,076,198      stalled-cycles-frontend:u #  196.25% frontend cycles idle     (18.57%)
         5,240,403      instructions:u            #    1.27  insn per cycle         
                                                  #    1.54  stalled cycles per insn  (44.64%)
         1,594,078      branches:u                #   63.269 M/sec                    (71.31%)
             9,582      branch-misses:u           #    0.60% of all branches          (89.36%)
        13,638,138      L1-dcache-loads:u         #  541.298 M/sec                    (48.71%)
            22,489      L1-dcache-load-misses:u   #    0.16% of all L1-dcache hits    (19.77%)
            17,096      LLC-loads:u               #    0.679 M/sec                    (6.30%)
   <not supported>      LLC-load-misses:u                                           

       0.008115165 seconds time elapsed


 Performance counter stats for './mandelbrot_omp -0.188 -0.012 0.554 0.754 32 64':

         24.482150      task-clock:u (msec)       #    2.904 CPUs utilized          
                 0      context-switches:u        #    0.000 K/sec                  
                 0      cpu-migrations:u          #    0.000 K/sec                  
               172      page-faults:u             #    0.007 M/sec                  
         2,956,303      cycles:u                  #    0.121 GHz                      (14.07%)
         6,336,276      stalled-cycles-frontend:u #  214.33% frontend cycles idle     (28.93%)
         8,933,804      instructions:u            #    3.02  insn per cycle         
                                                  #    0.71  stalled cycles per insn  (65.38%)
         1,705,285      branches:u                #   69.654 M/sec                    (84.08%)
             9,358      branch-misses:u           #    0.55% of all branches        
        12,806,930      L1-dcache-loads:u         #  523.113 M/sec                    (37.82%)
            23,704      L1-dcache-load-misses:u   #    0.19% of all L1-dcache hits    (18.49%)
             9,806      LLC-loads:u               #    0.401 M/sec                    (10.71%)
   <not supported>      LLC-load-misses:u                                           

       0.008431855 seconds time elapsed


 Performance counter stats for './mandelbrot_omp -0.188 -0.012 0.554 0.754 32 128':

         84.707766      task-clock:u (msec)       #    4.192 CPUs utilized          
                 0      context-switches:u        #    0.000 K/sec                  
                 0      cpu-migrations:u          #    0.000 K/sec                  
               292      page-faults:u             #    0.003 M/sec                  
        74,767,643      cycles:u                  #    0.883 GHz                      (37.08%)
        63,651,175      stalled-cycles-frontend:u #   85.13% frontend cycles idle     (42.25%)
        75,429,842      instructions:u            #    1.01  insn per cycle         
                                                  #    0.84  stalled cycles per insn  (48.19%)
        10,264,475      branches:u                #  121.175 M/sec                    (45.95%)
            25,966      branch-misses:u           #    0.25% of all branches          (58.77%)
        44,657,354      L1-dcache-loads:u         #  527.193 M/sec                    (47.35%)
            16,759      L1-dcache-load-misses:u   #    0.04% of all L1-dcache hits    (37.47%)
             9,534      LLC-loads:u               #    0.113 M/sec                    (27.60%)
   <not supported>      LLC-load-misses:u                                           

       0.020206664 seconds time elapsed


 Performance counter stats for './mandelbrot_omp -0.188 -0.012 0.554 0.754 32 128':

         83.278812      task-clock:u (msec)       #    4.292 CPUs utilized          
                 0      context-switches:u        #    0.000 K/sec                  
                 0      cpu-migrations:u          #    0.000 K/sec                  
               293      page-faults:u             #    0.004 M/sec                  
        69,662,820      cycles:u                  #    0.837 GHz                      (45.08%)
        60,699,624      stalled-cycles-frontend:u #   87.13% frontend cycles idle     (52.57%)
        74,221,405      instructions:u            #    1.07  insn per cycle         
                                                  #    0.82  stalled cycles per insn  (59.51%)
        10,192,152      branches:u                #  122.386 M/sec                    (46.52%)
            26,538      branch-misses:u           #    0.26% of all branches          (52.23%)
        45,262,614      L1-dcache-loads:u         #  543.507 M/sec                    (40.82%)
            15,510      L1-dcache-load-misses:u   #    0.03% of all L1-dcache hits    (32.31%)
             4,007      LLC-loads:u               #    0.048 M/sec                    (29.18%)
   <not supported>      LLC-load-misses:u                                           

       0.019403812 seconds time elapsed


 Performance counter stats for './mandelbrot_omp -0.188 -0.012 0.554 0.754 32 128':

         81.601324      task-clock:u (msec)       #    4.413 CPUs utilized          
                 0      context-switches:u        #    0.000 K/sec                  
                 0      cpu-migrations:u          #    0.000 K/sec                  
               292      page-faults:u             #    0.004 M/sec                  
        62,878,531      cycles:u                  #    0.771 GHz                      (38.51%)
        53,982,197      stalled-cycles-frontend:u #   85.85% frontend cycles idle     (45.51%)
        67,373,234      instructions:u            #    1.07  insn per cycle         
                                                  #    0.80  stalled cycles per insn  (57.82%)
         9,176,636      branches:u                #  112.457 M/sec                    (63.87%)
            25,386      branch-misses:u           #    0.28% of all branches          (61.55%)
        46,906,134      L1-dcache-loads:u         #  574.821 M/sec                    (32.61%)
            44,651      L1-dcache-load-misses:u   #    0.10% of all L1-dcache hits    (29.13%)
            13,127      LLC-loads:u               #    0.161 M/sec                    (24.23%)
   <not supported>      LLC-load-misses:u                                           

       0.018492145 seconds time elapsed


 Performance counter stats for './mandelbrot_omp -0.188 -0.012 0.554 0.754 32 128':

         81.820277      task-clock:u (msec)       #    3.721 CPUs utilized          
                 0      context-switches:u        #    0.000 K/sec                  
                 0      cpu-migrations:u          #    0.000 K/sec                  
               291      page-faults:u             #    0.004 M/sec                  
        74,079,375      cycles:u                  #    0.905 GHz                      (31.82%)
        57,064,120      stalled-cycles-frontend:u #   77.03% frontend cycles idle     (43.52%)
        65,580,260      instructions:u            #    0.89  insn per cycle         
                                                  #    0.87  stalled cycles per insn  (54.80%)
         9,532,629      branches:u                #  116.507 M/sec                    (54.73%)
            25,934      branch-misses:u           #    0.27% of all branches          (60.88%)
        43,789,447      L1-dcache-loads:u         #  535.191 M/sec                    (43.31%)
            23,310      L1-dcache-load-misses:u   #    0.05% of all L1-dcache hits    (35.55%)
             5,792      LLC-loads:u               #    0.071 M/sec                    (27.09%)
   <not supported>      LLC-load-misses:u                                           

       0.021988644 seconds time elapsed


 Performance counter stats for './mandelbrot_omp -0.188 -0.012 0.554 0.754 32 128':

         83.578260      task-clock:u (msec)       #    3.862 CPUs utilized          
                 0      context-switches:u        #    0.000 K/sec                  
                 0      cpu-migrations:u          #    0.000 K/sec                  
               294      page-faults:u             #    0.004 M/sec                  
        77,986,529      cycles:u                  #    0.933 GHz                      (43.50%)
        64,553,289      stalled-cycles-frontend:u #   82.77% frontend cycles idle     (50.29%)
        76,458,338      instructions:u            #    0.98  insn per cycle         
                                                  #    0.84  stalled cycles per insn  (59.21%)
        10,366,809      branches:u                #  124.037 M/sec                    (58.89%)
            26,648      branch-misses:u           #    0.26% of all branches          (59.17%)
        47,255,075      L1-dcache-loads:u         #  565.399 M/sec                    (32.19%)
            13,897      L1-dcache-load-misses:u   #    0.03% of all L1-dcache hits    (29.13%)
             3,181      LLC-loads:u               #    0.038 M/sec                    (31.78%)
   <not supported>      LLC-load-misses:u                                           

       0.021639268 seconds time elapsed


 Performance counter stats for './mandelbrot_omp -0.188 -0.012 0.554 0.754 32 128':

         81.483640      task-clock:u (msec)       #    3.886 CPUs utilized          
                 0      context-switches:u        #    0.000 K/sec                  
                 0      cpu-migrations:u          #    0.000 K/sec                  
               292      page-faults:u             #    0.004 M/sec                  
        80,351,801      cycles:u                  #    0.986 GHz                      (36.96%)
        63,898,560      stalled-cycles-frontend:u #   79.52% frontend cycles idle     (40.45%)
        77,052,189      instructions:u            #    0.96  insn per cycle         
                                                  #    0.83  stalled cycles per insn  (47.95%)
        10,571,751      branches:u                #  129.741 M/sec                    (42.98%)
            25,207      branch-misses:u           #    0.24% of all branches          (53.77%)
        41,868,567      L1-dcache-loads:u         #  513.828 M/sec                    (50.03%)
            13,496      L1-dcache-load-misses:u   #    0.03% of all L1-dcache hits    (38.03%)
             6,243      LLC-loads:u               #    0.077 M/sec                    (28.87%)
   <not supported>      LLC-load-misses:u                                           

       0.020969451 seconds time elapsed


 Performance counter stats for './mandelbrot_omp -0.188 -0.012 0.554 0.754 32 128':

         79.922546      task-clock:u (msec)       #    3.893 CPUs utilized          
                 0      context-switches:u        #    0.000 K/sec                  
                 0      cpu-migrations:u          #    0.000 K/sec                  
               292      page-faults:u             #    0.004 M/sec                  
        80,896,013      cycles:u                  #    1.012 GHz                      (35.91%)
        65,585,878      stalled-cycles-frontend:u #   81.07% frontend cycles idle     (41.91%)
        77,042,412      instructions:u            #    0.95  insn per cycle         
                                                  #    0.85  stalled cycles per insn  (53.55%)
         9,779,539      branches:u                #  122.363 M/sec                    (58.19%)
            25,143      branch-misses:u           #    0.26% of all branches          (63.21%)
        45,179,347      L1-dcache-loads:u         #  565.289 M/sec                    (37.48%)
            14,840      L1-dcache-load-misses:u   #    0.03% of all L1-dcache hits    (31.05%)
             4,098      LLC-loads:u               #    0.051 M/sec                    (27.84%)
   <not supported>      LLC-load-misses:u                                           

       0.020528095 seconds time elapsed


 Performance counter stats for './mandelbrot_omp -0.188 -0.012 0.554 0.754 32 128':

         83.614763      task-clock:u (msec)       #    4.826 CPUs utilized          
                 0      context-switches:u        #    0.000 K/sec                  
                 0      cpu-migrations:u          #    0.000 K/sec                  
               293      page-faults:u             #    0.004 M/sec                  
        61,423,729      cycles:u                  #    0.735 GHz                      (43.28%)
        55,131,593      stalled-cycles-frontend:u #   89.76% frontend cycles idle     (49.61%)
        68,549,249      instructions:u            #    1.12  insn per cycle         
                                                  #    0.80  stalled cycles per insn  (55.85%)
         9,301,805      branches:u                #  111.246 M/sec                    (53.04%)
            24,111      branch-misses:u           #    0.26% of all branches          (65.99%)
        44,658,358      L1-dcache-loads:u         #  534.097 M/sec                    (49.82%)
            25,534      L1-dcache-load-misses:u   #    0.06% of all L1-dcache hits    (40.86%)
             2,358      LLC-loads:u               #    0.028 M/sec                    (26.89%)
   <not supported>      LLC-load-misses:u                                           

       0.017324554 seconds time elapsed


 Performance counter stats for './mandelbrot_omp -0.188 -0.012 0.554 0.754 32 128':

         82.196339      task-clock:u (msec)       #    4.632 CPUs utilized          
                 0      context-switches:u        #    0.000 K/sec                  
                 0      cpu-migrations:u          #    0.000 K/sec                  
               293      page-faults:u             #    0.004 M/sec                  
        75,526,587      cycles:u                  #    0.919 GHz                      (34.95%)
        62,559,239      stalled-cycles-frontend:u #   82.83% frontend cycles idle     (44.27%)
        70,501,331      instructions:u            #    0.93  insn per cycle         
                                                  #    0.89  stalled cycles per insn  (54.97%)
         9,545,515      branches:u                #  116.131 M/sec                    (60.39%)
            24,599      branch-misses:u           #    0.26% of all branches          (69.10%)
        48,024,883      L1-dcache-loads:u         #  584.270 M/sec                    (35.38%)
            50,552      L1-dcache-load-misses:u   #    0.11% of all L1-dcache hits    (24.89%)
             4,456      LLC-loads:u               #    0.054 M/sec                    (22.80%)
   <not supported>      LLC-load-misses:u                                           

       0.017747150 seconds time elapsed


 Performance counter stats for './mandelbrot_omp -0.188 -0.012 0.554 0.754 32 128':

         82.535386      task-clock:u (msec)       #    4.493 CPUs utilized          
                 0      context-switches:u        #    0.000 K/sec                  
                 0      cpu-migrations:u          #    0.000 K/sec                  
               293      page-faults:u             #    0.004 M/sec                  
        66,209,837      cycles:u                  #    0.802 GHz                      (37.88%)
        56,850,873      stalled-cycles-frontend:u #   85.86% frontend cycles idle     (42.48%)
        70,198,835      instructions:u            #    1.06  insn per cycle         
                                                  #    0.81  stalled cycles per insn  (57.69%)
         9,934,276      branches:u                #  120.364 M/sec                    (62.84%)
            23,592      branch-misses:u           #    0.24% of all branches          (73.43%)
        46,975,391      L1-dcache-loads:u         #  569.155 M/sec                    (31.24%)
            19,510      L1-dcache-load-misses:u   #    0.04% of all L1-dcache hits    (23.01%)
            14,069      LLC-loads:u               #    0.170 M/sec                    (23.31%)
   <not supported>      LLC-load-misses:u                                           

       0.018369496 seconds time elapsed

