
 Performance counter stats for './mandelbrot_seq -2.500 1.500 -2.000 2.000 16':

          1.129911      task-clock:u (msec)       #    0.677 CPUs utilized          
                 0      context-switches:u        #    0.000 K/sec                  
                 0      cpu-migrations:u          #    0.000 K/sec                  
                48      page-faults:u             #    0.042 M/sec                  
            82,010      cycles:u                  #    0.073 GHz                    
         1,149,027      stalled-cycles-frontend:u # 1401.08% frontend cycles idle   
           436,246      instructions:u            #    5.32  insn per cycle         
                                                  #    2.63  stalled cycles per insn
            65,180      branches:u                #   57.686 M/sec                  
             3,966      branch-misses:u           #    6.08% of all branches        
     <not counted>      L1-dcache-loads:u                                             (0.00%)
     <not counted>      L1-dcache-load-misses:u                                       (0.00%)
     <not counted>      LLC-loads:u                                                   (0.00%)
   <not supported>      LLC-load-misses:u                                           

       0.001669547 seconds time elapsed


 Performance counter stats for './mandelbrot_seq -2.500 1.500 -2.000 2.000 16':

          1.107043      task-clock:u (msec)       #    0.687 CPUs utilized          
                 0      context-switches:u        #    0.000 K/sec                  
                 0      cpu-migrations:u          #    0.000 K/sec                  
                48      page-faults:u             #    0.043 M/sec                  
           360,211      cycles:u                  #    0.325 GHz                    
         1,117,655      stalled-cycles-frontend:u #  310.28% frontend cycles idle   
           436,275      instructions:u            #    1.21  insn per cycle         
                                                  #    2.56  stalled cycles per insn
            65,181      branches:u                #   58.878 M/sec                  
             3,805      branch-misses:u           #    5.84% of all branches        
     <not counted>      L1-dcache-loads:u                                             (0.00%)
     <not counted>      L1-dcache-load-misses:u                                       (0.00%)
     <not counted>      LLC-loads:u                                                   (0.00%)
   <not supported>      LLC-load-misses:u                                           

       0.001610426 seconds time elapsed


 Performance counter stats for './mandelbrot_seq -2.500 1.500 -2.000 2.000 16':

          1.106349      task-clock:u (msec)       #    0.712 CPUs utilized          
                 0      context-switches:u        #    0.000 K/sec                  
                 0      cpu-migrations:u          #    0.000 K/sec                  
                48      page-faults:u             #    0.043 M/sec                  
            42,010      cycles:u                  #    0.038 GHz                    
         1,117,862      stalled-cycles-frontend:u # 2660.94% frontend cycles idle   
           436,246      instructions:u            #   10.38  insn per cycle         
                                                  #    2.56  stalled cycles per insn
            65,180      branches:u                #   58.915 M/sec                  
             3,777      branch-misses:u           #    5.79% of all branches        
     <not counted>      L1-dcache-loads:u                                             (0.00%)
     <not counted>      L1-dcache-load-misses:u                                       (0.00%)
     <not counted>      LLC-loads:u                                                   (0.00%)
   <not supported>      LLC-load-misses:u                                           

       0.001553372 seconds time elapsed


 Performance counter stats for './mandelbrot_seq -2.500 1.500 -2.000 2.000 16':

          1.133024      task-clock:u (msec)       #    0.703 CPUs utilized          
                 0      context-switches:u        #    0.000 K/sec                  
                 0      cpu-migrations:u          #    0.000 K/sec                  
                49      page-faults:u             #    0.043 M/sec                  
           131,133      cycles:u                  #    0.116 GHz                    
         1,146,384      stalled-cycles-frontend:u #  874.21% frontend cycles idle   
           436,247      instructions:u            #    3.33  insn per cycle         
                                                  #    2.63  stalled cycles per insn
            65,181      branches:u                #   57.528 M/sec                  
             4,015      branch-misses:u           #    6.16% of all branches        
     <not counted>      L1-dcache-loads:u                                             (0.00%)
     <not counted>      L1-dcache-load-misses:u                                       (0.00%)
     <not counted>      LLC-loads:u                                                   (0.00%)
   <not supported>      LLC-load-misses:u                                           

       0.001611464 seconds time elapsed


 Performance counter stats for './mandelbrot_seq -2.500 1.500 -2.000 2.000 16':

          1.124530      task-clock:u (msec)       #    0.711 CPUs utilized          
                 0      context-switches:u        #    0.000 K/sec                  
                 0      cpu-migrations:u          #    0.000 K/sec                  
                50      page-faults:u             #    0.044 M/sec                  
           250,196      cycles:u                  #    0.222 GHz                    
         1,135,915      stalled-cycles-frontend:u #  454.01% frontend cycles idle   
           436,249      instructions:u            #    1.74  insn per cycle         
                                                  #    2.60  stalled cycles per insn
            65,183      branches:u                #   57.965 M/sec                  
             3,923      branch-misses:u           #    6.02% of all branches        
     <not counted>      L1-dcache-loads:u                                             (0.00%)
     <not counted>      L1-dcache-load-misses:u                                       (0.00%)
     <not counted>      LLC-loads:u                                                   (0.00%)
   <not supported>      LLC-load-misses:u                                           

       0.001581265 seconds time elapsed


 Performance counter stats for './mandelbrot_seq -2.500 1.500 -2.000 2.000 16':

          1.096002      task-clock:u (msec)       #    0.687 CPUs utilized          
                 0      context-switches:u        #    0.000 K/sec                  
                 0      cpu-migrations:u          #    0.000 K/sec                  
                48      page-faults:u             #    0.044 M/sec                  
           330,094      cycles:u                  #    0.301 GHz                    
         1,108,368      stalled-cycles-frontend:u #  335.77% frontend cycles idle   
           436,247      instructions:u            #    1.32  insn per cycle         
                                                  #    2.54  stalled cycles per insn
            65,181      branches:u                #   59.472 M/sec                  
             4,027      branch-misses:u           #    6.18% of all branches        
     <not counted>      L1-dcache-loads:u                                             (0.00%)
     <not counted>      L1-dcache-load-misses:u                                       (0.00%)
     <not counted>      LLC-loads:u                                                   (0.00%)
   <not supported>      LLC-load-misses:u                                           

       0.001596040 seconds time elapsed


 Performance counter stats for './mandelbrot_seq -2.500 1.500 -2.000 2.000 16':

          1.145311      task-clock:u (msec)       #    0.713 CPUs utilized          
                 0      context-switches:u        #    0.000 K/sec                  
                 0      cpu-migrations:u          #    0.000 K/sec                  
                51      page-faults:u             #    0.045 M/sec                  
                 0      cycles:u                  #    0.000 GHz                    
         1,119,392      stalled-cycles-frontend:u                                   
           436,249      instructions:u                                              
                                                  #    2.57  stalled cycles per insn
            65,183      branches:u                #   56.913 M/sec                  
             3,935      branch-misses:u           #    6.04% of all branches        
     <not counted>      L1-dcache-loads:u                                             (0.00%)
     <not counted>      L1-dcache-load-misses:u                                       (0.00%)
     <not counted>      LLC-loads:u                                                   (0.00%)
   <not supported>      LLC-load-misses:u                                           

       0.001605433 seconds time elapsed


 Performance counter stats for './mandelbrot_seq -2.500 1.500 -2.000 2.000 16':

          1.148565      task-clock:u (msec)       #    0.678 CPUs utilized          
                 0      context-switches:u        #    0.000 K/sec                  
                 0      cpu-migrations:u          #    0.000 K/sec                  
                48      page-faults:u             #    0.042 M/sec                  
           354,279      cycles:u                  #    0.308 GHz                    
         1,167,720      stalled-cycles-frontend:u #  329.60% frontend cycles idle   
           436,247      instructions:u            #    1.23  insn per cycle         
                                                  #    2.68  stalled cycles per insn
            65,181      branches:u                #   56.750 M/sec                  
             3,933      branch-misses:u           #    6.03% of all branches        
     <not counted>      L1-dcache-loads:u                                             (0.00%)
     <not counted>      L1-dcache-load-misses:u                                       (0.00%)
     <not counted>      LLC-loads:u                                                   (0.00%)
   <not supported>      LLC-load-misses:u                                           

       0.001695055 seconds time elapsed


 Performance counter stats for './mandelbrot_seq -2.500 1.500 -2.000 2.000 16':

          1.221514      task-clock:u (msec)       #    0.256 CPUs utilized          
                 0      context-switches:u        #    0.000 K/sec                  
                 0      cpu-migrations:u          #    0.000 K/sec                  
                49      page-faults:u             #    0.040 M/sec                  
            23,095      cycles:u                  #    0.019 GHz                    
         1,101,627      stalled-cycles-frontend:u # 4769.98% frontend cycles idle   
           436,248      instructions:u            #   18.89  insn per cycle         
                                                  #    2.53  stalled cycles per insn
            65,182      branches:u                #   53.362 M/sec                  
             3,758      branch-misses:u           #    5.77% of all branches        
     <not counted>      L1-dcache-loads:u                                             (0.00%)
     <not counted>      L1-dcache-load-misses:u                                       (0.00%)
     <not counted>      LLC-loads:u                                                   (0.00%)
   <not supported>      LLC-load-misses:u                                           

       0.004767832 seconds time elapsed


 Performance counter stats for './mandelbrot_seq -2.500 1.500 -2.000 2.000 16':

          1.177988      task-clock:u (msec)       #    0.701 CPUs utilized          
                 0      context-switches:u        #    0.000 K/sec                  
                 0      cpu-migrations:u          #    0.000 K/sec                  
                48      page-faults:u             #    0.041 M/sec                  
           123,979      cycles:u                  #    0.105 GHz                    
         1,204,715      stalled-cycles-frontend:u #  971.71% frontend cycles idle   
           436,246      instructions:u            #    3.52  insn per cycle         
                                                  #    2.76  stalled cycles per insn
            65,180      branches:u                #   55.332 M/sec                  
             4,005      branch-misses:u           #    6.14% of all branches        
     <not counted>      L1-dcache-loads:u                                             (0.00%)
     <not counted>      L1-dcache-load-misses:u                                       (0.00%)
     <not counted>      LLC-loads:u                                                   (0.00%)
   <not supported>      LLC-load-misses:u                                           

       0.001679791 seconds time elapsed


 Performance counter stats for './mandelbrot_seq -2.500 1.500 -2.000 2.000 32':

          1.726868      task-clock:u (msec)       #    0.796 CPUs utilized          
                 0      context-switches:u        #    0.000 K/sec                  
                 0      cpu-migrations:u          #    0.000 K/sec                  
                56      page-faults:u             #    0.032 M/sec                  
           151,088      cycles:u                  #    0.087 GHz                    
         1,317,262      stalled-cycles-frontend:u #  871.85% frontend cycles idle   
         1,226,736      instructions:u            #    8.12  insn per cycle         
                                                  #    1.07  stalled cycles per insn
           158,158      branches:u                #   91.587 M/sec                  
             4,449      branch-misses:u           #    2.81% of all branches        
     <not counted>      L1-dcache-loads:u                                             (0.00%)
     <not counted>      L1-dcache-load-misses:u                                       (0.00%)
     <not counted>      LLC-loads:u                                                   (0.00%)
   <not supported>      LLC-load-misses:u                                           

       0.002168789 seconds time elapsed


 Performance counter stats for './mandelbrot_seq -2.500 1.500 -2.000 2.000 32':

          1.707538      task-clock:u (msec)       #    0.753 CPUs utilized          
                 0      context-switches:u        #    0.000 K/sec                  
                 0      cpu-migrations:u          #    0.000 K/sec                  
                57      page-faults:u             #    0.033 M/sec                  
            42,596      cycles:u                  #    0.025 GHz                    
         1,090,215      stalled-cycles-frontend:u # 2559.43% frontend cycles idle   
         1,226,737      instructions:u            #   28.80  insn per cycle         
                                                  #    0.89  stalled cycles per insn
           158,159      branches:u                #   92.624 M/sec                  
             4,395      branch-misses:u           #    2.78% of all branches        
     <not counted>      L1-dcache-loads:u                                             (0.00%)
     <not counted>      L1-dcache-load-misses:u                                       (0.00%)
     <not counted>      LLC-loads:u                                                   (0.00%)
   <not supported>      LLC-load-misses:u                                           

       0.002266849 seconds time elapsed


 Performance counter stats for './mandelbrot_seq -2.500 1.500 -2.000 2.000 32':

          1.718865      task-clock:u (msec)       #    0.756 CPUs utilized          
                 0      context-switches:u        #    0.000 K/sec                  
                 0      cpu-migrations:u          #    0.000 K/sec                  
                57      page-faults:u             #    0.033 M/sec                  
                 0      cycles:u                  #    0.000 GHz                    
           951,441      stalled-cycles-frontend:u                                   
         1,226,737      instructions:u                                              
                                                  #    0.78  stalled cycles per insn
           158,159      branches:u                #   92.014 M/sec                  
             4,310      branch-misses:u           #    2.73% of all branches        
     <not counted>      L1-dcache-loads:u                                             (0.00%)
     <not counted>      L1-dcache-load-misses:u                                       (0.00%)
     <not counted>      LLC-loads:u                                                   (0.00%)
   <not supported>      LLC-load-misses:u                                           

       0.002273683 seconds time elapsed


 Performance counter stats for './mandelbrot_seq -2.500 1.500 -2.000 2.000 32':

          1.617296      task-clock:u (msec)       #    0.768 CPUs utilized          
                 0      context-switches:u        #    0.000 K/sec                  
                 0      cpu-migrations:u          #    0.000 K/sec                  
                57      page-faults:u             #    0.035 M/sec                  
           545,696      cycles:u                  #    0.337 GHz                    
         1,487,385      stalled-cycles-frontend:u #  272.57% frontend cycles idle   
         1,226,737      instructions:u            #    2.25  insn per cycle         
                                                  #    1.21  stalled cycles per insn
           158,159      branches:u                #   97.792 M/sec                  
             3,948      branch-misses:u           #    2.50% of all branches        
     <not counted>      L1-dcache-loads:u                                             (0.00%)
     <not counted>      L1-dcache-load-misses:u                                       (0.00%)
     <not counted>      LLC-loads:u                                                   (0.00%)
   <not supported>      LLC-load-misses:u                                           

       0.002105491 seconds time elapsed


 Performance counter stats for './mandelbrot_seq -2.500 1.500 -2.000 2.000 32':

          1.664710      task-clock:u (msec)       #    0.748 CPUs utilized          
                 0      context-switches:u        #    0.000 K/sec                  
                 0      cpu-migrations:u          #    0.000 K/sec                  
                56      page-faults:u             #    0.034 M/sec                  
           392,017      cycles:u                  #    0.235 GHz                    
         1,543,124      stalled-cycles-frontend:u #  393.64% frontend cycles idle   
         1,226,736      instructions:u            #    3.13  insn per cycle         
                                                  #    1.26  stalled cycles per insn
           158,158      branches:u                #   95.006 M/sec                  
             4,329      branch-misses:u           #    2.74% of all branches        
     <not counted>      L1-dcache-loads:u                                             (0.00%)
     <not counted>      L1-dcache-load-misses:u                                       (0.00%)
     <not counted>      LLC-loads:u                                                   (0.00%)
   <not supported>      LLC-load-misses:u                                           

       0.002226541 seconds time elapsed


 Performance counter stats for './mandelbrot_seq -2.500 1.500 -2.000 2.000 32':

          1.683444      task-clock:u (msec)       #    0.754 CPUs utilized          
                 0      context-switches:u        #    0.000 K/sec                  
                 0      cpu-migrations:u          #    0.000 K/sec                  
                56      page-faults:u             #    0.033 M/sec                  
           494,136      cycles:u                  #    0.294 GHz                    
         1,567,540      stalled-cycles-frontend:u #  317.23% frontend cycles idle   
         1,226,736      instructions:u            #    2.48  insn per cycle         
                                                  #    1.28  stalled cycles per insn
           158,158      branches:u                #   93.949 M/sec                  
             4,369      branch-misses:u           #    2.76% of all branches        
     <not counted>      L1-dcache-loads:u                                             (0.00%)
     <not counted>      L1-dcache-load-misses:u                                       (0.00%)
     <not counted>      LLC-loads:u                                                   (0.00%)
   <not supported>      LLC-load-misses:u                                           

       0.002233693 seconds time elapsed


 Performance counter stats for './mandelbrot_seq -2.500 1.500 -2.000 2.000 32':

          1.604855      task-clock:u (msec)       #    0.737 CPUs utilized          
                 0      context-switches:u        #    0.000 K/sec                  
                 0      cpu-migrations:u          #    0.000 K/sec                  
                56      page-faults:u             #    0.035 M/sec                  
           567,734      cycles:u                  #    0.354 GHz                    
         1,474,724      stalled-cycles-frontend:u #  259.76% frontend cycles idle   
         1,226,736      instructions:u            #    2.16  insn per cycle         
                                                  #    1.20  stalled cycles per insn
           158,158      branches:u                #   98.550 M/sec                  
             4,342      branch-misses:u           #    2.75% of all branches        
     <not counted>      L1-dcache-loads:u                                             (0.00%)
     <not counted>      L1-dcache-load-misses:u                                       (0.00%)
     <not counted>      LLC-loads:u                                                   (0.00%)
   <not supported>      LLC-load-misses:u                                           

       0.002176657 seconds time elapsed


 Performance counter stats for './mandelbrot_seq -2.500 1.500 -2.000 2.000 32':

          1.699632      task-clock:u (msec)       #    0.756 CPUs utilized          
                 0      context-switches:u        #    0.000 K/sec                  
                 0      cpu-migrations:u          #    0.000 K/sec                  
                56      page-faults:u             #    0.033 M/sec                  
                 0      cycles:u                  #    0.000 GHz                    
           996,138      stalled-cycles-frontend:u                                   
         1,226,736      instructions:u                                              
                                                  #    0.81  stalled cycles per insn
           158,158      branches:u                #   93.054 M/sec                  
             4,226      branch-misses:u           #    2.67% of all branches        
     <not counted>      L1-dcache-loads:u                                             (0.00%)
     <not counted>      L1-dcache-load-misses:u                                       (0.00%)
     <not counted>      LLC-loads:u                                                   (0.00%)
   <not supported>      LLC-load-misses:u                                           

       0.002246988 seconds time elapsed


 Performance counter stats for './mandelbrot_seq -2.500 1.500 -2.000 2.000 32':

          1.608557      task-clock:u (msec)       #    0.768 CPUs utilized          
                 0      context-switches:u        #    0.000 K/sec                  
                 0      cpu-migrations:u          #    0.000 K/sec                  
                56      page-faults:u             #    0.035 M/sec                  
           593,523      cycles:u                  #    0.369 GHz                    
         1,480,384      stalled-cycles-frontend:u #  249.42% frontend cycles idle   
         1,226,736      instructions:u            #    2.07  insn per cycle         
                                                  #    1.21  stalled cycles per insn
           158,158      branches:u                #   98.323 M/sec                  
             4,332      branch-misses:u           #    2.74% of all branches        
     <not counted>      L1-dcache-loads:u                                             (0.00%)
     <not counted>      L1-dcache-load-misses:u                                       (0.00%)
     <not counted>      LLC-loads:u                                                   (0.00%)
   <not supported>      LLC-load-misses:u                                           

       0.002095435 seconds time elapsed


 Performance counter stats for './mandelbrot_seq -2.500 1.500 -2.000 2.000 32':

          1.595750      task-clock:u (msec)       #    0.765 CPUs utilized          
                 0      context-switches:u        #    0.000 K/sec                  
                 0      cpu-migrations:u          #    0.000 K/sec                  
                57      page-faults:u             #    0.036 M/sec                  
           585,028      cycles:u                  #    0.367 GHz                    
         1,461,594      stalled-cycles-frontend:u #  249.83% frontend cycles idle   
         1,226,737      instructions:u            #    2.10  insn per cycle         
                                                  #    1.19  stalled cycles per insn
           158,159      branches:u                #   99.113 M/sec                  
             4,287      branch-misses:u           #    2.71% of all branches        
     <not counted>      L1-dcache-loads:u                                             (0.00%)
     <not counted>      L1-dcache-load-misses:u                                       (0.00%)
     <not counted>      LLC-loads:u                                                   (0.00%)
   <not supported>      LLC-load-misses:u                                           

       0.002084712 seconds time elapsed


 Performance counter stats for './mandelbrot_seq -2.500 1.500 -2.000 2.000 64':

          3.790458      task-clock:u (msec)       #    0.887 CPUs utilized          
                 0      context-switches:u        #    0.000 K/sec                  
                 0      cpu-migrations:u          #    0.000 K/sec                  
                86      page-faults:u             #    0.023 M/sec                  
             8,362      cycles:u                  #    0.002 GHz                    
           898,529      stalled-cycles-frontend:u # 10745.38% frontend cycles idle  
         2,484,873      instructions:u            #  297.16  insn per cycle         
                                                  #    0.36  stalled cycles per insn
           398,355      branches:u                #  105.094 M/sec                  
             5,281      branch-misses:u           #    1.33% of all branches        
         1,069,547      L1-dcache-loads:u         #  282.168 M/sec                    (17.21%)
     <not counted>      L1-dcache-load-misses:u                                       (0.00%)
     <not counted>      LLC-loads:u                                                   (0.00%)
   <not supported>      LLC-load-misses:u                                           

       0.004272553 seconds time elapsed


 Performance counter stats for './mandelbrot_seq -2.500 1.500 -2.000 2.000 64':

          3.918412      task-clock:u (msec)       #    0.869 CPUs utilized          
                 0      context-switches:u        #    0.000 K/sec                  
                 0      cpu-migrations:u          #    0.000 K/sec                  
                86      page-faults:u             #    0.022 M/sec                  
           129,545      cycles:u                  #    0.033 GHz                    
         1,125,965      stalled-cycles-frontend:u #  869.17% frontend cycles idle   
         2,785,667      instructions:u            #   21.50  insn per cycle         
                                                  #    0.40  stalled cycles per insn
           447,444      branches:u                #  114.190 M/sec                  
             5,327      branch-misses:u           #    1.19% of all branches        
           877,256      L1-dcache-loads:u         #  223.880 M/sec                    (13.05%)
     <not counted>      L1-dcache-load-misses:u                                       (0.00%)
     <not counted>      LLC-loads:u                                                   (0.00%)
   <not supported>      LLC-load-misses:u                                           

       0.004509939 seconds time elapsed


 Performance counter stats for './mandelbrot_seq -2.500 1.500 -2.000 2.000 64':

          3.725910      task-clock:u (msec)       #    0.869 CPUs utilized          
                 0      context-switches:u        #    0.000 K/sec                  
                 0      cpu-migrations:u          #    0.000 K/sec                  
                87      page-faults:u             #    0.023 M/sec                  
           236,708      cycles:u                  #    0.064 GHz                    
         1,236,577      stalled-cycles-frontend:u #  522.41% frontend cycles idle   
         3,026,809      instructions:u            #   12.79  insn per cycle         
                                                  #    0.41  stalled cycles per insn
           526,364      branches:u                #  141.271 M/sec                  
             5,211      branch-misses:u           #    0.99% of all branches        
            33,033      L1-dcache-loads:u         #    8.866 M/sec                    (3.68%)
     <not counted>      L1-dcache-load-misses:u                                       (0.00%)
     <not counted>      LLC-loads:u                                                   (0.00%)
   <not supported>      LLC-load-misses:u                                           

       0.004287133 seconds time elapsed


 Performance counter stats for './mandelbrot_seq -2.500 1.500 -2.000 2.000 64':

          3.722372      task-clock:u (msec)       #    0.889 CPUs utilized          
                 0      context-switches:u        #    0.000 K/sec                  
                 0      cpu-migrations:u          #    0.000 K/sec                  
                87      page-faults:u             #    0.023 M/sec                  
                 0      cycles:u                  #    0.000 GHz                    
           800,664      stalled-cycles-frontend:u                                   
         2,366,200      instructions:u                                              
                                                  #    0.34  stalled cycles per insn
           391,650      branches:u                #  105.215 M/sec                  
             5,392      branch-misses:u           #    1.38% of all branches        
         1,191,892      L1-dcache-loads:u         #  320.197 M/sec                    (19.03%)
     <not counted>      L1-dcache-load-misses:u                                       (0.00%)
     <not counted>      LLC-loads:u                                                   (0.00%)
   <not supported>      LLC-load-misses:u                                           

       0.004185345 seconds time elapsed


 Performance counter stats for './mandelbrot_seq -2.500 1.500 -2.000 2.000 64':

          3.817139      task-clock:u (msec)       #    0.876 CPUs utilized          
                 0      context-switches:u        #    0.000 K/sec                  
                 0      cpu-migrations:u          #    0.000 K/sec                  
                86      page-faults:u             #    0.023 M/sec                  
                 0      cycles:u                  #    0.000 GHz                    
           861,772      stalled-cycles-frontend:u                                   
         2,382,601      instructions:u                                              
                                                  #    0.36  stalled cycles per insn
           386,395      branches:u                #  101.226 M/sec                  
             5,427      branch-misses:u           #    1.40% of all branches        
         1,420,605      L1-dcache-loads:u         #  372.165 M/sec                    (18.51%)
     <not counted>      L1-dcache-load-misses:u                                       (0.00%)
     <not counted>      LLC-loads:u                                                   (0.00%)
   <not supported>      LLC-load-misses:u                                           

       0.004357686 seconds time elapsed


 Performance counter stats for './mandelbrot_seq -2.500 1.500 -2.000 2.000 64':

          3.750070      task-clock:u (msec)       #    0.880 CPUs utilized          
                 0      context-switches:u        #    0.000 K/sec                  
                 0      cpu-migrations:u          #    0.000 K/sec                  
                87      page-faults:u             #    0.023 M/sec                  
           314,014      cycles:u                  #    0.084 GHz                    
         1,304,716      stalled-cycles-frontend:u #  415.50% frontend cycles idle   
         3,166,858      instructions:u            #   10.09  insn per cycle         
                                                  #    0.41  stalled cycles per insn
           526,711      branches:u                #  140.454 M/sec                  
             5,107      branch-misses:u           #    0.97% of all branches        
            23,428      L1-dcache-loads:u         #    6.247 M/sec                    (2.55%)
     <not counted>      L1-dcache-load-misses:u                                       (0.00%)
     <not counted>      LLC-loads:u                                                   (0.00%)
   <not supported>      LLC-load-misses:u                                           

       0.004259816 seconds time elapsed


 Performance counter stats for './mandelbrot_seq -2.500 1.500 -2.000 2.000 64':

          3.814862      task-clock:u (msec)       #    0.887 CPUs utilized          
                 0      context-switches:u        #    0.000 K/sec                  
                 0      cpu-migrations:u          #    0.000 K/sec                  
                88      page-faults:u             #    0.023 M/sec                  
           130,335      cycles:u                  #    0.034 GHz                    
         1,120,620      stalled-cycles-frontend:u #  859.80% frontend cycles idle   
         2,797,427      instructions:u            #   21.46  insn per cycle         
                                                  #    0.40  stalled cycles per insn
           460,734      branches:u                #  120.773 M/sec                  
             5,343      branch-misses:u           #    1.16% of all branches        
           898,282      L1-dcache-loads:u         #  235.469 M/sec                    (10.63%)
     <not counted>      L1-dcache-load-misses:u                                       (0.00%)
     <not counted>      LLC-loads:u                                                   (0.00%)
   <not supported>      LLC-load-misses:u                                           

       0.004299538 seconds time elapsed


 Performance counter stats for './mandelbrot_seq -2.500 1.500 -2.000 2.000 64':

          3.784272      task-clock:u (msec)       #    0.876 CPUs utilized          
                 0      context-switches:u        #    0.000 K/sec                  
                 0      cpu-migrations:u          #    0.000 K/sec                  
                87      page-faults:u             #    0.023 M/sec                  
                 0      cycles:u                  #    0.000 GHz                    
           834,935      stalled-cycles-frontend:u                                   
         2,289,228      instructions:u                                              
                                                  #    0.36  stalled cycles per insn
           383,132      branches:u                #  101.243 M/sec                  
             5,409      branch-misses:u           #    1.41% of all branches        
         1,425,088      L1-dcache-loads:u         #  376.582 M/sec                    (20.13%)
     <not counted>      L1-dcache-load-misses:u                                       (0.00%)
     <not counted>      LLC-loads:u                                                   (0.00%)
   <not supported>      LLC-load-misses:u                                           

       0.004318434 seconds time elapsed


 Performance counter stats for './mandelbrot_seq -2.500 1.500 -2.000 2.000 64':

          3.652559      task-clock:u (msec)       #    0.872 CPUs utilized          
                 0      context-switches:u        #    0.000 K/sec                  
                 0      cpu-migrations:u          #    0.000 K/sec                  
                86      page-faults:u             #    0.024 M/sec                  
           326,463      cycles:u                  #    0.089 GHz                    
         1,331,488      stalled-cycles-frontend:u #  407.85% frontend cycles idle   
         3,127,528      instructions:u            #    9.58  insn per cycle         
                                                  #    0.43  stalled cycles per insn
           526,710      branches:u                #  144.203 M/sec                  
             5,304      branch-misses:u           #    1.01% of all branches        
     <not counted>      L1-dcache-loads:u                                             (0.00%)
     <not counted>      L1-dcache-load-misses:u                                       (0.00%)
     <not counted>      LLC-loads:u                                                   (0.00%)
   <not supported>      LLC-load-misses:u                                           

       0.004188381 seconds time elapsed


 Performance counter stats for './mandelbrot_seq -2.500 1.500 -2.000 2.000 64':

          3.729605      task-clock:u (msec)       #    0.871 CPUs utilized          
                 0      context-switches:u        #    0.000 K/sec                  
                 0      cpu-migrations:u          #    0.000 K/sec                  
                86      page-faults:u             #    0.023 M/sec                  
           563,373      cycles:u                  #    0.151 GHz                    
         1,527,165      stalled-cycles-frontend:u #  271.08% frontend cycles idle   
         3,466,513      instructions:u            #    6.15  insn per cycle         
                                                  #    0.44  stalled cycles per insn
           526,710      branches:u                #  141.224 M/sec                  
             5,477      branch-misses:u           #    1.04% of all branches        
     <not counted>      L1-dcache-loads:u                                             (0.00%)
     <not counted>      L1-dcache-load-misses:u                                       (0.00%)
     <not counted>      LLC-loads:u                                                   (0.00%)
   <not supported>      LLC-load-misses:u                                           

       0.004284232 seconds time elapsed


 Performance counter stats for './mandelbrot_seq -2.500 1.500 -2.000 2.000 128':

         11.683065      task-clock:u (msec)       #    0.958 CPUs utilized          
                 0      context-switches:u        #    0.000 K/sec                  
                 0      cpu-migrations:u          #    0.000 K/sec                  
               208      page-faults:u             #    0.018 M/sec                  
         8,968,042      cycles:u                  #    0.768 GHz                      (40.79%)
         7,519,655      stalled-cycles-frontend:u #   83.85% frontend cycles idle     (57.63%)
        15,043,356      instructions:u            #    1.68  insn per cycle         
                                                  #    0.50  stalled cycles per insn  (71.27%)
         2,297,646      branches:u                #  196.665 M/sec                    (73.77%)
             9,646      branch-misses:u           #    0.42% of all branches          (74.34%)
         8,073,813      L1-dcache-loads:u         #  691.070 M/sec                    (19.34%)
             4,145      L1-dcache-load-misses:u   #    0.05% of all L1-dcache hits    (17.49%)
               111      LLC-loads:u               #    0.010 M/sec                    (26.96%)
   <not supported>      LLC-load-misses:u                                           

       0.012199411 seconds time elapsed


 Performance counter stats for './mandelbrot_seq -2.500 1.500 -2.000 2.000 128':

         11.773898      task-clock:u (msec)       #    0.959 CPUs utilized          
                 0      context-switches:u        #    0.000 K/sec                  
                 0      cpu-migrations:u          #    0.000 K/sec                  
               208      page-faults:u             #    0.018 M/sec                  
         8,906,712      cycles:u                  #    0.756 GHz                      (39.70%)
         7,433,178      stalled-cycles-frontend:u #   83.46% frontend cycles idle     (56.92%)
        14,656,687      instructions:u            #    1.65  insn per cycle         
                                                  #    0.51  stalled cycles per insn  (70.84%)
         2,195,445      branches:u                #  186.467 M/sec                    (73.39%)
             9,492      branch-misses:u           #    0.43% of all branches          (74.52%)
         7,815,938      L1-dcache-loads:u         #  663.836 M/sec                    (21.28%)
             3,881      L1-dcache-load-misses:u   #    0.05% of all L1-dcache hits    (17.75%)
               116      LLC-loads:u               #    0.010 M/sec                    (27.56%)
   <not supported>      LLC-load-misses:u                                           

       0.012276730 seconds time elapsed


 Performance counter stats for './mandelbrot_seq -2.500 1.500 -2.000 2.000 128':

         11.546761      task-clock:u (msec)       #    0.960 CPUs utilized          
                 0      context-switches:u        #    0.000 K/sec                  
                 0      cpu-migrations:u          #    0.000 K/sec                  
               207      page-faults:u             #    0.018 M/sec                  
         8,984,780      cycles:u                  #    0.778 GHz                      (40.10%)
         7,410,482      stalled-cycles-frontend:u #   82.48% frontend cycles idle     (57.18%)
        15,070,464      instructions:u            #    1.68  insn per cycle         
                                                  #    0.49  stalled cycles per insn  (71.00%)
         2,306,060      branches:u                #  199.715 M/sec                    (73.61%)
             9,622      branch-misses:u           #    0.42% of all branches          (74.04%)
         8,164,044      L1-dcache-loads:u         #  707.042 M/sec                    (19.04%)
             4,158      L1-dcache-load-misses:u   #    0.05% of all L1-dcache hits    (17.60%)
                51      LLC-loads:u               #    0.004 M/sec                    (27.31%)
   <not supported>      LLC-load-misses:u                                           

       0.012030508 seconds time elapsed


 Performance counter stats for './mandelbrot_seq -2.500 1.500 -2.000 2.000 128':

         11.676581      task-clock:u (msec)       #    0.957 CPUs utilized          
                 0      context-switches:u        #    0.000 K/sec                  
                 0      cpu-migrations:u          #    0.000 K/sec                  
               207      page-faults:u             #    0.018 M/sec                  
         9,112,883      cycles:u                  #    0.780 GHz                      (43.47%)
         7,364,853      stalled-cycles-frontend:u #   80.82% frontend cycles idle     (59.33%)
        16,355,546      instructions:u            #    1.79  insn per cycle         
                                                  #    0.45  stalled cycles per insn  (72.33%)
         2,287,930      branches:u                #  195.942 M/sec                    (74.32%)
             9,872      branch-misses:u           #    0.43% of all branches          (74.31%)
         8,304,096      L1-dcache-loads:u         #  711.175 M/sec                    (18.46%)
             2,316      L1-dcache-load-misses:u   #    0.03% of all L1-dcache hits    (29.32%)
               203      LLC-loads:u               #    0.017 M/sec                    (25.56%)
   <not supported>      LLC-load-misses:u                                           

       0.012206135 seconds time elapsed


 Performance counter stats for './mandelbrot_seq -2.500 1.500 -2.000 2.000 128':

         11.423843      task-clock:u (msec)       #    0.958 CPUs utilized          
                 0      context-switches:u        #    0.000 K/sec                  
                 0      cpu-migrations:u          #    0.000 K/sec                  
               207      page-faults:u             #    0.018 M/sec                  
         9,111,184      cycles:u                  #    0.798 GHz                      (42.58%)
         7,351,609      stalled-cycles-frontend:u #   80.69% frontend cycles idle     (58.75%)
        16,507,638      instructions:u            #    1.81  insn per cycle         
                                                  #    0.45  stalled cycles per insn  (71.98%)
         2,298,971      branches:u                #  201.243 M/sec                    (73.78%)
             9,733      branch-misses:u           #    0.42% of all branches          (73.77%)
         8,316,589      L1-dcache-loads:u         #  728.003 M/sec                    (18.69%)
             2,429      L1-dcache-load-misses:u   #    0.03% of all L1-dcache hits    (29.88%)
                46      LLC-loads:u               #    0.004 M/sec                    (26.01%)
   <not supported>      LLC-load-misses:u                                           

       0.011919438 seconds time elapsed


 Performance counter stats for './mandelbrot_seq -2.500 1.500 -2.000 2.000 128':

         11.679330      task-clock:u (msec)       #    0.959 CPUs utilized          
                 0      context-switches:u        #    0.000 K/sec                  
                 0      cpu-migrations:u          #    0.000 K/sec                  
               209      page-faults:u             #    0.018 M/sec                  
         8,933,969      cycles:u                  #    0.765 GHz                      (40.60%)
         7,448,200      stalled-cycles-frontend:u #   83.37% frontend cycles idle     (57.50%)
        14,915,323      instructions:u            #    1.67  insn per cycle         
                                                  #    0.50  stalled cycles per insn  (71.19%)
         2,299,791      branches:u                #  196.911 M/sec                    (73.69%)
             9,595      branch-misses:u           #    0.42% of all branches          (74.30%)
         7,971,130      L1-dcache-loads:u         #  682.499 M/sec                    (19.61%)
             3,905      L1-dcache-load-misses:u   #    0.05% of all L1-dcache hits    (17.54%)
               177      LLC-loads:u               #    0.015 M/sec                    (27.12%)
   <not supported>      LLC-load-misses:u                                           

       0.012173688 seconds time elapsed


 Performance counter stats for './mandelbrot_seq -2.500 1.500 -2.000 2.000 128':

         11.726641      task-clock:u (msec)       #    0.957 CPUs utilized          
                 0      context-switches:u        #    0.000 K/sec                  
                 0      cpu-migrations:u          #    0.000 K/sec                  
               207      page-faults:u             #    0.018 M/sec                  
         9,094,735      cycles:u                  #    0.776 GHz                      (38.93%)
         7,455,809      stalled-cycles-frontend:u #   81.98% frontend cycles idle     (56.45%)
        14,543,943      instructions:u            #    1.60  insn per cycle         
                                                  #    0.51  stalled cycles per insn  (70.54%)
         2,156,019      branches:u                #  183.856 M/sec                    (73.18%)
             9,793      branch-misses:u           #    0.45% of all branches          (74.45%)
         7,891,959      L1-dcache-loads:u         #  672.994 M/sec                    (21.82%)
             4,164      L1-dcache-load-misses:u   #    0.05% of all L1-dcache hits    (17.89%)
                50      LLC-loads:u               #    0.004 M/sec                    (27.90%)
   <not supported>      LLC-load-misses:u                                           

       0.012248793 seconds time elapsed


 Performance counter stats for './mandelbrot_seq -2.500 1.500 -2.000 2.000 128':

         12.002187      task-clock:u (msec)       #    0.960 CPUs utilized          
                 0      context-switches:u        #    0.000 K/sec                  
                 0      cpu-migrations:u          #    0.000 K/sec                  
               209      page-faults:u             #    0.017 M/sec                  
         8,910,798      cycles:u                  #    0.742 GHz                      (41.23%)
         7,504,519      stalled-cycles-frontend:u #   84.22% frontend cycles idle     (57.96%)
        14,839,777      instructions:u            #    1.67  insn per cycle         
                                                  #    0.51  stalled cycles per insn  (71.45%)
         2,191,242      branches:u                #  182.570 M/sec                    (73.91%)
             9,764      branch-misses:u           #    0.45% of all branches          (75.02%)
         7,934,534      L1-dcache-loads:u         #  661.091 M/sec                    (20.96%)
             3,895      L1-dcache-load-misses:u   #    0.05% of all L1-dcache hits    (17.38%)
               101      LLC-loads:u               #    0.008 M/sec                    (26.73%)
   <not supported>      LLC-load-misses:u                                           

       0.012500011 seconds time elapsed


 Performance counter stats for './mandelbrot_seq -2.500 1.500 -2.000 2.000 128':

         11.909768      task-clock:u (msec)       #    0.937 CPUs utilized          
                 0      context-switches:u        #    0.000 K/sec                  
                 0      cpu-migrations:u          #    0.000 K/sec                  
               209      page-faults:u             #    0.018 M/sec                  
         8,919,475      cycles:u                  #    0.749 GHz                      (39.23%)
         7,528,427      stalled-cycles-frontend:u #   84.40% frontend cycles idle     (56.62%)
        14,094,587      instructions:u            #    1.58  insn per cycle         
                                                  #    0.53  stalled cycles per insn  (70.62%)
         1,853,756      branches:u                #  155.650 M/sec                    (72.43%)
             9,795      branch-misses:u           #    0.53% of all branches          (74.74%)
         8,118,555      L1-dcache-loads:u         #  681.672 M/sec                    (25.38%)
             4,549      L1-dcache-load-misses:u   #    0.06% of all L1-dcache hits    (17.04%)
             1,384      LLC-loads:u               #    0.116 M/sec                    (16.83%)
   <not supported>      LLC-load-misses:u                                           

       0.012704404 seconds time elapsed


 Performance counter stats for './mandelbrot_seq -2.500 1.500 -2.000 2.000 128':

         11.697944      task-clock:u (msec)       #    0.956 CPUs utilized          
                 0      context-switches:u        #    0.000 K/sec                  
                 0      cpu-migrations:u          #    0.000 K/sec                  
               208      page-faults:u             #    0.018 M/sec                  
         8,899,292      cycles:u                  #    0.761 GHz                      (39.79%)
         7,369,704      stalled-cycles-frontend:u #   82.81% frontend cycles idle     (57.00%)
        14,856,255      instructions:u            #    1.67  insn per cycle         
                                                  #    0.50  stalled cycles per insn  (70.91%)
         2,260,117      branches:u                #  193.206 M/sec                    (73.46%)
             9,556      branch-misses:u           #    0.42% of all branches          (74.37%)
         7,721,199      L1-dcache-loads:u         #  660.048 M/sec                    (20.60%)
             4,155      L1-dcache-load-misses:u   #    0.05% of all L1-dcache hits    (17.71%)
               146      LLC-loads:u               #    0.012 M/sec                    (27.39%)
   <not supported>      LLC-load-misses:u                                           

       0.012232701 seconds time elapsed

