
 Performance counter stats for './mandelbrot_seq -0.800 -0.700 0.050 0.150 16':

          1.984089      task-clock:u (msec)       #    0.789 CPUs utilized          
                 0      context-switches:u        #    0.000 K/sec                  
                 0      cpu-migrations:u          #    0.000 K/sec                  
                48      page-faults:u             #    0.024 M/sec                  
           474,288      cycles:u                  #    0.239 GHz                    
         1,699,490      stalled-cycles-frontend:u #  358.32% frontend cycles idle   
         1,268,883      instructions:u            #    2.68  insn per cycle         
                                                  #    1.34  stalled cycles per insn
           134,982      branches:u                #   68.032 M/sec                  
             4,166      branch-misses:u           #    3.09% of all branches        
     <not counted>      L1-dcache-loads:u                                             (0.00%)
     <not counted>      L1-dcache-load-misses:u                                       (0.00%)
     <not counted>      LLC-loads:u                                                   (0.00%)
   <not supported>      LLC-load-misses:u                                           

       0.002513958 seconds time elapsed


 Performance counter stats for './mandelbrot_seq -0.800 -0.700 0.050 0.150 16':

          1.876065      task-clock:u (msec)       #    0.801 CPUs utilized          
                 0      context-switches:u        #    0.000 K/sec                  
                 0      cpu-migrations:u          #    0.000 K/sec                  
                48      page-faults:u             #    0.026 M/sec                  
           141,281      cycles:u                  #    0.075 GHz                    
         1,338,424      stalled-cycles-frontend:u #  947.35% frontend cycles idle   
         1,268,883      instructions:u            #    8.98  insn per cycle         
                                                  #    1.05  stalled cycles per insn
           134,982      branches:u                #   71.950 M/sec                  
             4,157      branch-misses:u           #    3.08% of all branches        
     <not counted>      L1-dcache-loads:u                                             (0.00%)
     <not counted>      L1-dcache-load-misses:u                                       (0.00%)
     <not counted>      LLC-loads:u                                                   (0.00%)
   <not supported>      LLC-load-misses:u                                           

       0.002341099 seconds time elapsed


 Performance counter stats for './mandelbrot_seq -0.800 -0.700 0.050 0.150 16':

          1.850108      task-clock:u (msec)       #    0.797 CPUs utilized          
                 0      context-switches:u        #    0.000 K/sec                  
                 0      cpu-migrations:u          #    0.000 K/sec                  
                49      page-faults:u             #    0.026 M/sec                  
           524,817      cycles:u                  #    0.284 GHz                    
         1,740,829      stalled-cycles-frontend:u #  331.70% frontend cycles idle   
         1,268,884      instructions:u            #    2.42  insn per cycle         
                                                  #    1.37  stalled cycles per insn
           134,983      branches:u                #   72.960 M/sec                  
             4,264      branch-misses:u           #    3.16% of all branches        
     <not counted>      L1-dcache-loads:u                                             (0.00%)
     <not counted>      L1-dcache-load-misses:u                                       (0.00%)
     <not counted>      LLC-loads:u                                                   (0.00%)
   <not supported>      LLC-load-misses:u                                           

       0.002320286 seconds time elapsed


 Performance counter stats for './mandelbrot_seq -0.800 -0.700 0.050 0.150 16':

          1.858915      task-clock:u (msec)       #    0.781 CPUs utilized          
                 0      context-switches:u        #    0.000 K/sec                  
                 0      cpu-migrations:u          #    0.000 K/sec                  
                50      page-faults:u             #    0.027 M/sec                  
                 0      cycles:u                  #    0.000 GHz                    
           960,542      stalled-cycles-frontend:u                                   
         1,268,885      instructions:u                                              
                                                  #    0.76  stalled cycles per insn
           134,984      branches:u                #   72.614 M/sec                  
             4,075      branch-misses:u           #    3.02% of all branches        
     <not counted>      L1-dcache-loads:u                                             (0.00%)
     <not counted>      L1-dcache-load-misses:u                                       (0.00%)
     <not counted>      LLC-loads:u                                                   (0.00%)
   <not supported>      LLC-load-misses:u                                           

       0.002379197 seconds time elapsed


 Performance counter stats for './mandelbrot_seq -0.800 -0.700 0.050 0.150 16':

          1.891255      task-clock:u (msec)       #    0.800 CPUs utilized          
                 0      context-switches:u        #    0.000 K/sec                  
                 0      cpu-migrations:u          #    0.000 K/sec                  
                49      page-faults:u             #    0.026 M/sec                  
                 0      cycles:u                  #    0.000 GHz                    
           987,473      stalled-cycles-frontend:u                                   
         1,268,884      instructions:u                                              
                                                  #    0.78  stalled cycles per insn
           134,983      branches:u                #   71.372 M/sec                  
             4,205      branch-misses:u           #    3.12% of all branches        
     <not counted>      L1-dcache-loads:u                                             (0.00%)
     <not counted>      L1-dcache-load-misses:u                                       (0.00%)
     <not counted>      LLC-loads:u                                                   (0.00%)
   <not supported>      LLC-load-misses:u                                           

       0.002365469 seconds time elapsed


 Performance counter stats for './mandelbrot_seq -0.800 -0.700 0.050 0.150 16':

          1.855023      task-clock:u (msec)       #    0.779 CPUs utilized          
                 0      context-switches:u        #    0.000 K/sec                  
                 0      cpu-migrations:u          #    0.000 K/sec                  
                48      page-faults:u             #    0.026 M/sec                  
           286,629      cycles:u                  #    0.155 GHz                    
         1,538,693      stalled-cycles-frontend:u #  536.82% frontend cycles idle   
         1,268,883      instructions:u            #    4.43  insn per cycle         
                                                  #    1.21  stalled cycles per insn
           134,982      branches:u                #   72.766 M/sec                  
             4,124      branch-misses:u           #    3.06% of all branches        
     <not counted>      L1-dcache-loads:u                                             (0.00%)
     <not counted>      L1-dcache-load-misses:u                                       (0.00%)
     <not counted>      LLC-loads:u                                                   (0.00%)
   <not supported>      LLC-load-misses:u                                           

       0.002380964 seconds time elapsed


 Performance counter stats for './mandelbrot_seq -0.800 -0.700 0.050 0.150 16':

          1.891275      task-clock:u (msec)       #    0.791 CPUs utilized          
                 0      context-switches:u        #    0.000 K/sec                  
                 0      cpu-migrations:u          #    0.000 K/sec                  
                48      page-faults:u             #    0.025 M/sec                  
             6,282      cycles:u                  #    0.003 GHz                    
         1,070,006      stalled-cycles-frontend:u # 17032.89% frontend cycles idle  
         1,268,883      instructions:u            #  201.99  insn per cycle         
                                                  #    0.84  stalled cycles per insn
           134,982      branches:u                #   71.371 M/sec                  
             4,166      branch-misses:u           #    3.09% of all branches        
     <not counted>      L1-dcache-loads:u                                             (0.00%)
     <not counted>      L1-dcache-load-misses:u                                       (0.00%)
     <not counted>      LLC-loads:u                                                   (0.00%)
   <not supported>      LLC-load-misses:u                                           

       0.002390118 seconds time elapsed


 Performance counter stats for './mandelbrot_seq -0.800 -0.700 0.050 0.150 16':

          1.819044      task-clock:u (msec)       #    0.795 CPUs utilized          
                 0      context-switches:u        #    0.000 K/sec                  
                 0      cpu-migrations:u          #    0.000 K/sec                  
                48      page-faults:u             #    0.026 M/sec                  
           132,876      cycles:u                  #    0.073 GHz                    
         1,298,990      stalled-cycles-frontend:u #  977.60% frontend cycles idle   
         1,268,884      instructions:u            #    9.55  insn per cycle         
                                                  #    1.02  stalled cycles per insn
           134,983      branches:u                #   74.205 M/sec                  
             4,185      branch-misses:u           #    3.10% of all branches        
     <not counted>      L1-dcache-loads:u                                             (0.00%)
     <not counted>      L1-dcache-load-misses:u                                       (0.00%)
     <not counted>      LLC-loads:u                                                   (0.00%)
   <not supported>      LLC-load-misses:u                                           

       0.002287003 seconds time elapsed


 Performance counter stats for './mandelbrot_seq -0.800 -0.700 0.050 0.150 16':

          1.806784      task-clock:u (msec)       #    0.795 CPUs utilized          
                 0      context-switches:u        #    0.000 K/sec                  
                 0      cpu-migrations:u          #    0.000 K/sec                  
                49      page-faults:u             #    0.027 M/sec                  
           728,582      cycles:u                  #    0.403 GHz                    
         1,734,517      stalled-cycles-frontend:u #  238.07% frontend cycles idle   
         1,268,912      instructions:u            #    1.74  insn per cycle         
                                                  #    1.37  stalled cycles per insn
           134,983      branches:u                #   74.709 M/sec                  
             4,062      branch-misses:u           #    3.01% of all branches        
     <not counted>      L1-dcache-loads:u                                             (0.00%)
     <not counted>      L1-dcache-load-misses:u                                       (0.00%)
     <not counted>      LLC-loads:u                                                   (0.00%)
   <not supported>      LLC-load-misses:u                                           

       0.002273408 seconds time elapsed


 Performance counter stats for './mandelbrot_seq -0.800 -0.700 0.050 0.150 16':

          1.874795      task-clock:u (msec)       #    0.783 CPUs utilized          
                 0      context-switches:u        #    0.000 K/sec                  
                 0      cpu-migrations:u          #    0.000 K/sec                  
                50      page-faults:u             #    0.027 M/sec                  
           449,502      cycles:u                  #    0.240 GHz                    
         1,670,596      stalled-cycles-frontend:u #  371.65% frontend cycles idle   
         1,268,886      instructions:u            #    2.82  insn per cycle         
                                                  #    1.32  stalled cycles per insn
           134,985      branches:u                #   72.000 M/sec                  
             3,895      branch-misses:u           #    2.89% of all branches        
     <not counted>      L1-dcache-loads:u                                             (0.00%)
     <not counted>      L1-dcache-load-misses:u                                       (0.00%)
     <not counted>      LLC-loads:u                                                   (0.00%)
   <not supported>      LLC-load-misses:u                                           

       0.002395413 seconds time elapsed


 Performance counter stats for './mandelbrot_seq -0.800 -0.700 0.050 0.150 32':

          4.696372      task-clock:u (msec)       #    0.892 CPUs utilized          
                 0      context-switches:u        #    0.000 K/sec                  
                 0      cpu-migrations:u          #    0.000 K/sec                  
                56      page-faults:u             #    0.012 M/sec                  
               813      cycles:u                  #    0.000 GHz                    
         1,047,127      stalled-cycles-frontend:u # 128797.91% frontend cycles idle 
         1,945,285      instructions:u            # 2392.72  insn per cycle         
                                                  #    0.54  stalled cycles per insn
           297,679      branches:u                #   63.385 M/sec                  
             4,641      branch-misses:u           #    1.56% of all branches        
         2,742,563      L1-dcache-loads:u         #  583.975 M/sec                    (33.41%)
             9,335      L1-dcache-load-misses:u   #    0.34% of all L1-dcache hits    (12.16%)
     <not counted>      LLC-loads:u                                                   (0.00%)
   <not supported>      LLC-load-misses:u                                           

       0.005267788 seconds time elapsed


 Performance counter stats for './mandelbrot_seq -0.800 -0.700 0.050 0.150 32':

          4.728772      task-clock:u (msec)       #    0.904 CPUs utilized          
                 0      context-switches:u        #    0.000 K/sec                  
                 0      cpu-migrations:u          #    0.000 K/sec                  
                58      page-faults:u             #    0.012 M/sec                  
           259,450      cycles:u                  #    0.055 GHz                    
         1,449,891      stalled-cycles-frontend:u #  558.83% frontend cycles idle   
         2,500,481      instructions:u            #    9.64  insn per cycle         
                                                  #    0.58  stalled cycles per insn
           343,576      branches:u                #   72.656 M/sec                  
             4,710      branch-misses:u           #    1.37% of all branches        
         2,336,055      L1-dcache-loads:u         #  494.009 M/sec                    (23.65%)
                 0      L1-dcache-load-misses:u   #    0.00% of all L1-dcache hits    (2.46%)
     <not counted>      LLC-loads:u                                                   (0.00%)
   <not supported>      LLC-load-misses:u                                           

       0.005230670 seconds time elapsed


 Performance counter stats for './mandelbrot_seq -0.800 -0.700 0.050 0.150 32':

          4.763464      task-clock:u (msec)       #    0.887 CPUs utilized          
                 0      context-switches:u        #    0.000 K/sec                  
                 0      cpu-migrations:u          #    0.000 K/sec                  
                56      page-faults:u             #    0.012 M/sec                  
           362,471      cycles:u                  #    0.076 GHz                    
         1,548,125      stalled-cycles-frontend:u #  427.10% frontend cycles idle   
         2,688,565      instructions:u            #    7.42  insn per cycle         
                                                  #    0.58  stalled cycles per insn
           354,832      branches:u                #   74.490 M/sec                  
             4,945      branch-misses:u           #    1.39% of all branches        
         2,118,242      L1-dcache-loads:u         #  444.685 M/sec                    (21.89%)
                 0      L1-dcache-load-misses:u   #    0.00% of all L1-dcache hits    (1.16%)
     <not counted>      LLC-loads:u                                                   (0.00%)
   <not supported>      LLC-load-misses:u                                           

       0.005367537 seconds time elapsed


 Performance counter stats for './mandelbrot_seq -0.800 -0.700 0.050 0.150 32':

          4.798793      task-clock:u (msec)       #    0.910 CPUs utilized          
                 0      context-switches:u        #    0.000 K/sec                  
                 0      cpu-migrations:u          #    0.000 K/sec                  
                57      page-faults:u             #    0.012 M/sec                  
            35,558      cycles:u                  #    0.007 GHz                    
         1,097,968      stalled-cycles-frontend:u # 3087.82% frontend cycles idle   
         2,005,009      instructions:u            #   56.39  insn per cycle         
                                                  #    0.55  stalled cycles per insn
           297,825      branches:u                #   62.062 M/sec                  
             4,321      branch-misses:u           #    1.45% of all branches        
         2,754,005      L1-dcache-loads:u         #  573.895 M/sec                    (33.24%)
             9,190      L1-dcache-load-misses:u   #    0.33% of all L1-dcache hits    (12.46%)
     <not counted>      LLC-loads:u                                                   (0.00%)
   <not supported>      LLC-load-misses:u                                           

       0.005274738 seconds time elapsed


 Performance counter stats for './mandelbrot_seq -0.800 -0.700 0.050 0.150 32':

          4.823811      task-clock:u (msec)       #    0.900 CPUs utilized          
                 0      context-switches:u        #    0.000 K/sec                  
                 0      cpu-migrations:u          #    0.000 K/sec                  
                56      page-faults:u             #    0.012 M/sec                  
           438,185      cycles:u                  #    0.091 GHz                    
         1,592,540      stalled-cycles-frontend:u #  363.44% frontend cycles idle   
         2,645,355      instructions:u            #    6.04  insn per cycle         
                                                  #    0.60  stalled cycles per insn
           349,958      branches:u                #   72.548 M/sec                  
             5,028      branch-misses:u           #    1.44% of all branches        
         2,312,845      L1-dcache-loads:u         #  479.464 M/sec                    (21.70%)
                 0      L1-dcache-load-misses:u   #    0.00% of all L1-dcache hits    (0.98%)
     <not counted>      LLC-loads:u                                                   (0.00%)
   <not supported>      LLC-load-misses:u                                           

       0.005361943 seconds time elapsed


 Performance counter stats for './mandelbrot_seq -0.800 -0.700 0.050 0.150 32':

          4.848315      task-clock:u (msec)       #    0.899 CPUs utilized          
                 0      context-switches:u        #    0.000 K/sec                  
                 0      cpu-migrations:u          #    0.000 K/sec                  
                57      page-faults:u             #    0.012 M/sec                  
                 0      cycles:u                  #    0.000 GHz                    
           996,213      stalled-cycles-frontend:u                                   
         1,894,555      instructions:u                                              
                                                  #    0.53  stalled cycles per insn
           288,699      branches:u                #   59.546 M/sec                  
             4,580      branch-misses:u           #    1.59% of all branches        
         2,708,533      L1-dcache-loads:u         #  558.655 M/sec                    (36.46%)
             7,665      L1-dcache-load-misses:u   #    0.28% of all L1-dcache hits    (15.98%)
     <not counted>      LLC-loads:u                                                   (0.00%)
   <not supported>      LLC-load-misses:u                                           

       0.005392336 seconds time elapsed


 Performance counter stats for './mandelbrot_seq -0.800 -0.700 0.050 0.150 32':

          4.706291      task-clock:u (msec)       #    0.892 CPUs utilized          
                 0      context-switches:u        #    0.000 K/sec                  
                 0      cpu-migrations:u          #    0.000 K/sec                  
                56      page-faults:u             #    0.012 M/sec                  
           331,289      cycles:u                  #    0.070 GHz                    
         1,475,809      stalled-cycles-frontend:u #  445.47% frontend cycles idle   
         2,620,648      instructions:u            #    7.91  insn per cycle         
                                                  #    0.56  stalled cycles per insn
           353,530      branches:u                #   75.119 M/sec                  
             4,964      branch-misses:u           #    1.40% of all branches        
         2,125,960      L1-dcache-loads:u         #  451.727 M/sec                    (22.28%)
                 0      L1-dcache-load-misses:u   #    0.00% of all L1-dcache hits    (1.01%)
     <not counted>      LLC-loads:u                                                   (0.00%)
   <not supported>      LLC-load-misses:u                                           

       0.005277494 seconds time elapsed


 Performance counter stats for './mandelbrot_seq -0.800 -0.700 0.050 0.150 32':

          4.807790      task-clock:u (msec)       #    0.900 CPUs utilized          
                 0      context-switches:u        #    0.000 K/sec                  
                 0      cpu-migrations:u          #    0.000 K/sec                  
                57      page-faults:u             #    0.012 M/sec                  
                 0      cycles:u                  #    0.000 GHz                    
           946,203      stalled-cycles-frontend:u                                   
         1,865,233      instructions:u                                              
                                                  #    0.51  stalled cycles per insn
           288,684      branches:u                #   60.045 M/sec                  
             4,505      branch-misses:u           #    1.56% of all branches        
         2,657,012      L1-dcache-loads:u         #  552.647 M/sec                    (37.19%)
             7,232      L1-dcache-load-misses:u   #    0.27% of all L1-dcache hits    (16.43%)
     <not counted>      LLC-loads:u                                                   (0.00%)
   <not supported>      LLC-load-misses:u                                           

       0.005342869 seconds time elapsed


 Performance counter stats for './mandelbrot_seq -0.800 -0.700 0.050 0.150 32':

          4.774339      task-clock:u (msec)       #    0.903 CPUs utilized          
                 0      context-switches:u        #    0.000 K/sec                  
                 0      cpu-migrations:u          #    0.000 K/sec                  
                57      page-faults:u             #    0.012 M/sec                  
            52,115      cycles:u                  #    0.011 GHz                    
         1,189,364      stalled-cycles-frontend:u # 2282.19% frontend cycles idle   
         2,154,014      instructions:u            #   41.33  insn per cycle         
                                                  #    0.55  stalled cycles per insn
           311,489      branches:u                #   65.242 M/sec                  
             4,807      branch-misses:u           #    1.54% of all branches        
         2,613,899      L1-dcache-loads:u         #  547.489 M/sec                    (30.87%)
            10,802      L1-dcache-load-misses:u   #    0.41% of all L1-dcache hits    (9.97%)
     <not counted>      LLC-loads:u                                                   (0.00%)
   <not supported>      LLC-load-misses:u                                           

       0.005284348 seconds time elapsed


 Performance counter stats for './mandelbrot_seq -0.800 -0.700 0.050 0.150 32':

          4.707854      task-clock:u (msec)       #    0.897 CPUs utilized          
                 0      context-switches:u        #    0.000 K/sec                  
                 0      cpu-migrations:u          #    0.000 K/sec                  
                56      page-faults:u             #    0.012 M/sec                  
           256,015      cycles:u                  #    0.054 GHz                    
         1,443,157      stalled-cycles-frontend:u #  563.70% frontend cycles idle   
         2,553,080      instructions:u            #    9.97  insn per cycle         
                                                  #    0.57  stalled cycles per insn
           347,758      branches:u                #   73.868 M/sec                  
             4,915      branch-misses:u           #    1.41% of all branches        
         2,219,137      L1-dcache-loads:u         #  471.369 M/sec                    (23.40%)
                 0      L1-dcache-load-misses:u   #    0.00% of all L1-dcache hits    (2.13%)
     <not counted>      LLC-loads:u                                                   (0.00%)
   <not supported>      LLC-load-misses:u                                           

       0.005247839 seconds time elapsed


 Performance counter stats for './mandelbrot_seq -0.800 -0.700 0.050 0.150 64':

         16.125546      task-clock:u (msec)       #    0.965 CPUs utilized          
                 0      context-switches:u        #    0.000 K/sec                  
                 0      cpu-migrations:u          #    0.000 K/sec                  
                88      page-faults:u             #    0.005 M/sec                  
        16,057,780      cycles:u                  #    0.996 GHz                      (38.09%)
        13,628,261      stalled-cycles-frontend:u #   84.87% frontend cycles idle     (50.46%)
        17,714,612      instructions:u            #    1.10  insn per cycle         
                                                  #    0.77  stalled cycles per insn  (62.82%)
         1,752,742      branches:u                #  108.693 M/sec                    (62.84%)
             9,799      branch-misses:u           #    0.56% of all branches          (62.78%)
        11,768,028      L1-dcache-loads:u         #  729.775 M/sec                    (25.18%)
             2,987      L1-dcache-load-misses:u   #    0.03% of all L1-dcache hits    (26.91%)
             3,027      LLC-loads:u               #    0.188 M/sec                    (25.24%)
   <not supported>      LLC-load-misses:u                                           

       0.016704809 seconds time elapsed


 Performance counter stats for './mandelbrot_seq -0.800 -0.700 0.050 0.150 64':

         16.052443      task-clock:u (msec)       #    0.973 CPUs utilized          
                 0      context-switches:u        #    0.000 K/sec                  
                 0      cpu-migrations:u          #    0.000 K/sec                  
                86      page-faults:u             #    0.005 M/sec                  
        16,404,638      cycles:u                  #    1.022 GHz                      (37.79%)
        13,578,918      stalled-cycles-frontend:u #   82.77% frontend cycles idle     (50.24%)
        17,545,956      instructions:u            #    1.07  insn per cycle         
                                                  #    0.77  stalled cycles per insn  (62.65%)
         1,738,786      branches:u                #  108.319 M/sec                    (62.66%)
             9,720      branch-misses:u           #    0.56% of all branches          (62.61%)
        11,745,204      L1-dcache-loads:u         #  731.677 M/sec                    (26.04%)
             2,846      L1-dcache-load-misses:u   #    0.02% of all L1-dcache hits    (27.94%)
               494      LLC-loads:u               #    0.031 M/sec                    (26.09%)
   <not supported>      LLC-load-misses:u                                           

       0.016500847 seconds time elapsed


 Performance counter stats for './mandelbrot_seq -0.800 -0.700 0.050 0.150 64':

         15.850257      task-clock:u (msec)       #    0.970 CPUs utilized          
                 0      context-switches:u        #    0.000 K/sec                  
                 0      cpu-migrations:u          #    0.000 K/sec                  
                87      page-faults:u             #    0.005 M/sec                  
        16,760,384      cycles:u                  #    1.057 GHz                      (36.98%)
        13,386,883      stalled-cycles-frontend:u #   79.87% frontend cycles idle     (49.59%)
        17,569,210      instructions:u            #    1.05  insn per cycle         
                                                  #    0.76  stalled cycles per insn  (62.21%)
         1,741,829      branches:u                #  109.893 M/sec                    (62.17%)
             9,774      branch-misses:u           #    0.56% of all branches          (62.18%)
        11,690,725      L1-dcache-loads:u         #  737.573 M/sec                    (26.41%)
             2,926      L1-dcache-load-misses:u   #    0.03% of all L1-dcache hits    (28.33%)
               299      LLC-loads:u               #    0.019 M/sec                    (26.41%)
   <not supported>      LLC-load-misses:u                                           

       0.016336009 seconds time elapsed


 Performance counter stats for './mandelbrot_seq -0.800 -0.700 0.050 0.150 64':

         15.991349      task-clock:u (msec)       #    0.970 CPUs utilized          
                 0      context-switches:u        #    0.000 K/sec                  
                 0      cpu-migrations:u          #    0.000 K/sec                  
                86      page-faults:u             #    0.005 M/sec                  
        15,758,948      cycles:u                  #    0.985 GHz                      (37.61%)
        13,528,250      stalled-cycles-frontend:u #   85.84% frontend cycles idle     (50.05%)
        17,596,677      instructions:u            #    1.12  insn per cycle         
                                                  #    0.77  stalled cycles per insn  (62.54%)
         1,744,304      branches:u                #  109.078 M/sec                    (62.56%)
             9,681      branch-misses:u           #    0.56% of all branches          (62.48%)
        12,078,174      L1-dcache-loads:u         #  755.294 M/sec                    (24.99%)
             3,063      L1-dcache-load-misses:u   #    0.03% of all L1-dcache hits    (27.06%)
             3,593      LLC-loads:u               #    0.225 M/sec                    (25.41%)
   <not supported>      LLC-load-misses:u                                           

       0.016484181 seconds time elapsed


 Performance counter stats for './mandelbrot_seq -0.800 -0.700 0.050 0.150 64':

         16.842022      task-clock:u (msec)       #    0.964 CPUs utilized          
                 0      context-switches:u        #    0.000 K/sec                  
                 0      cpu-migrations:u          #    0.000 K/sec                  
                86      page-faults:u             #    0.005 M/sec                  
        17,403,806      cycles:u                  #    1.033 GHz                      (39.62%)
        14,587,842      stalled-cycles-frontend:u #   83.82% frontend cycles idle     (52.58%)
        17,418,154      instructions:u            #    1.00  insn per cycle         
                                                  #    0.84  stalled cycles per insn  (64.47%)
         1,719,534      branches:u                #  102.098 M/sec                    (64.46%)
            10,223      branch-misses:u           #    0.59% of all branches          (64.42%)
        12,129,517      L1-dcache-loads:u         #  720.194 M/sec                    (24.13%)
             3,219      L1-dcache-load-misses:u   #    0.03% of all L1-dcache hits    (27.46%)
               637      LLC-loads:u               #    0.038 M/sec                    (25.74%)
   <not supported>      LLC-load-misses:u                                           

       0.017477155 seconds time elapsed


 Performance counter stats for './mandelbrot_seq -0.800 -0.700 0.050 0.150 64':

         16.013343      task-clock:u (msec)       #    0.968 CPUs utilized          
                 0      context-switches:u        #    0.000 K/sec                  
                 0      cpu-migrations:u          #    0.000 K/sec                  
                86      page-faults:u             #    0.005 M/sec                  
        16,941,881      cycles:u                  #    1.058 GHz                      (37.62%)
        13,496,278      stalled-cycles-frontend:u #   79.66% frontend cycles idle     (50.16%)
        17,694,974      instructions:u            #    1.04  insn per cycle         
                                                  #    0.76  stalled cycles per insn  (62.59%)
         1,742,345      branches:u                #  108.806 M/sec                    (62.55%)
            10,084      branch-misses:u           #    0.58% of all branches          (62.54%)
        11,353,168      L1-dcache-loads:u         #  708.982 M/sec                    (26.49%)
             2,878      L1-dcache-load-misses:u   #    0.03% of all L1-dcache hits    (28.39%)
               366      LLC-loads:u               #    0.023 M/sec                    (26.50%)
   <not supported>      LLC-load-misses:u                                           

       0.016551101 seconds time elapsed


 Performance counter stats for './mandelbrot_seq -0.800 -0.700 0.050 0.150 64':

         15.628196      task-clock:u (msec)       #    0.965 CPUs utilized          
                 0      context-switches:u        #    0.000 K/sec                  
                 0      cpu-migrations:u          #    0.000 K/sec                  
                86      page-faults:u             #    0.006 M/sec                  
        15,501,918      cycles:u                  #    0.992 GHz                      (36.08%)
        13,127,595      stalled-cycles-frontend:u #   84.68% frontend cycles idle     (48.83%)
        17,672,270      instructions:u            #    1.14  insn per cycle         
                                                  #    0.74  stalled cycles per insn  (61.64%)
         1,758,752      branches:u                #  112.537 M/sec                    (61.63%)
             9,289      branch-misses:u           #    0.53% of all branches          (66.10%)
        10,568,296      L1-dcache-loads:u         #  676.233 M/sec                    (43.66%)
             3,102      L1-dcache-load-misses:u   #    0.03% of all L1-dcache hits    (27.12%)
             3,225      LLC-loads:u               #    0.206 M/sec                    (24.87%)
   <not supported>      LLC-load-misses:u                                           

       0.016188275 seconds time elapsed


 Performance counter stats for './mandelbrot_seq -0.800 -0.700 0.050 0.150 64':

         16.560339      task-clock:u (msec)       #    0.968 CPUs utilized          
                 0      context-switches:u        #    0.000 K/sec                  
                 0      cpu-migrations:u          #    0.000 K/sec                  
                87      page-faults:u             #    0.005 M/sec                  
        16,632,101      cycles:u                  #    1.004 GHz                      (39.71%)
        14,084,278      stalled-cycles-frontend:u #   84.68% frontend cycles idle     (51.80%)
        17,633,687      instructions:u            #    1.06  insn per cycle         
                                                  #    0.80  stalled cycles per insn  (63.86%)
         1,730,788      branches:u                #  104.514 M/sec                    (63.87%)
            10,193      branch-misses:u           #    0.59% of all branches          (63.84%)
        12,159,210      L1-dcache-loads:u         #  734.237 M/sec                    (24.07%)
             2,918      L1-dcache-load-misses:u   #    0.02% of all L1-dcache hits    (27.45%)
               540      LLC-loads:u               #    0.033 M/sec                    (25.73%)
   <not supported>      LLC-load-misses:u                                           

       0.017115361 seconds time elapsed


 Performance counter stats for './mandelbrot_seq -0.800 -0.700 0.050 0.150 64':

         16.075543      task-clock:u (msec)       #    0.969 CPUs utilized          
                 0      context-switches:u        #    0.000 K/sec                  
                 0      cpu-migrations:u          #    0.000 K/sec                  
                86      page-faults:u             #    0.005 M/sec                  
        15,836,027      cycles:u                  #    0.985 GHz                      (37.82%)
        13,580,423      stalled-cycles-frontend:u #   85.76% frontend cycles idle     (50.22%)
        17,723,566      instructions:u            #    1.12  insn per cycle         
                                                  #    0.77  stalled cycles per insn  (62.64%)
         1,758,879      branches:u                #  109.413 M/sec                    (62.71%)
             9,365      branch-misses:u           #    0.53% of all branches          (62.68%)
        11,768,613      L1-dcache-loads:u         #  732.082 M/sec                    (38.01%)
             3,095      L1-dcache-load-misses:u   #    0.03% of all L1-dcache hits    (27.01%)
             3,437      LLC-loads:u               #    0.214 M/sec                    (25.29%)
   <not supported>      LLC-load-misses:u                                           

       0.016596608 seconds time elapsed


 Performance counter stats for './mandelbrot_seq -0.800 -0.700 0.050 0.150 64':

         15.964981      task-clock:u (msec)       #    0.966 CPUs utilized          
                 0      context-switches:u        #    0.000 K/sec                  
                 0      cpu-migrations:u          #    0.000 K/sec                  
                87      page-faults:u             #    0.005 M/sec                  
        16,806,444      cycles:u                  #    1.053 GHz                      (37.45%)
        13,529,239      stalled-cycles-frontend:u #   80.50% frontend cycles idle     (49.97%)
        17,445,988      instructions:u            #    1.04  insn per cycle         
                                                  #    0.78  stalled cycles per insn  (62.48%)
         1,742,034      branches:u                #  109.116 M/sec                    (62.47%)
            10,057      branch-misses:u           #    0.58% of all branches          (62.42%)
        11,675,888      L1-dcache-loads:u         #  731.344 M/sec                    (26.32%)
             2,810      L1-dcache-load-misses:u   #    0.02% of all L1-dcache hits    (28.22%)
               250      LLC-loads:u               #    0.016 M/sec                    (26.37%)
   <not supported>      LLC-load-misses:u                                           

       0.016522952 seconds time elapsed


 Performance counter stats for './mandelbrot_seq -0.800 -0.700 0.050 0.150 128':

         60.630761      task-clock:u (msec)       #    0.991 CPUs utilized          
                 0      context-switches:u        #    0.000 K/sec                  
                 0      cpu-migrations:u          #    0.000 K/sec                  
               209      page-faults:u             #    0.003 M/sec                  
        65,139,481      cycles:u                  #    1.074 GHz                      (38.33%)
        48,266,225      stalled-cycles-frontend:u #   74.10% frontend cycles idle     (51.50%)
        68,552,111      instructions:u            #    1.05  insn per cycle         
                                                  #    0.70  stalled cycles per insn  (64.24%)
         6,524,831      branches:u                #  107.616 M/sec                    (64.86%)
            21,750      branch-misses:u           #    0.33% of all branches          (65.38%)
        44,485,575      L1-dcache-loads:u         #  733.713 M/sec                    (44.38%)
            11,297      L1-dcache-load-misses:u   #    0.03% of all L1-dcache hits    (23.43%)
               549      LLC-loads:u               #    0.009 M/sec                    (25.12%)
   <not supported>      LLC-load-misses:u                                           

       0.061207123 seconds time elapsed


 Performance counter stats for './mandelbrot_seq -0.800 -0.700 0.050 0.150 128':

         60.938229      task-clock:u (msec)       #    0.991 CPUs utilized          
                 0      context-switches:u        #    0.000 K/sec                  
                 0      cpu-migrations:u          #    0.000 K/sec                  
               208      page-faults:u             #    0.003 M/sec                  
        65,164,092      cycles:u                  #    1.069 GHz                      (37.68%)
        48,326,202      stalled-cycles-frontend:u #   74.16% frontend cycles idle     (51.03%)
        67,260,031      instructions:u            #    1.03  insn per cycle         
                                                  #    0.72  stalled cycles per insn  (63.92%)
         6,235,982      branches:u                #  102.333 M/sec                    (64.46%)
            21,893      branch-misses:u           #    0.35% of all branches          (65.09%)
        44,641,665      L1-dcache-loads:u         #  732.572 M/sec                    (45.65%)
            38,104      L1-dcache-load-misses:u   #    0.09% of all L1-dcache hits    (24.40%)
               791      LLC-loads:u               #    0.013 M/sec                    (23.28%)
   <not supported>      LLC-load-misses:u                                           

       0.061488350 seconds time elapsed


 Performance counter stats for './mandelbrot_seq -0.800 -0.700 0.050 0.150 128':

         61.234328      task-clock:u (msec)       #    0.989 CPUs utilized          
                 0      context-switches:u        #    0.000 K/sec                  
                 0      cpu-migrations:u          #    0.000 K/sec                  
               207      page-faults:u             #    0.003 M/sec                  
        70,979,567      cycles:u                  #    1.159 GHz                      (34.70%)
        52,161,777      stalled-cycles-frontend:u #   73.49% frontend cycles idle     (47.77%)
        70,404,934      instructions:u            #    0.99  insn per cycle         
                                                  #    0.74  stalled cycles per insn  (60.82%)
         6,395,669      branches:u                #  104.446 M/sec                    (62.33%)
            22,087      branch-misses:u           #    0.35% of all branches          (65.05%)
        44,827,874      L1-dcache-loads:u         #  732.071 M/sec                    (45.84%)
            49,280      L1-dcache-load-misses:u   #    0.11% of all L1-dcache hits    (24.79%)
               903      LLC-loads:u               #    0.015 M/sec                    (23.16%)
   <not supported>      LLC-load-misses:u                                           

       0.061909102 seconds time elapsed


 Performance counter stats for './mandelbrot_seq -0.800 -0.700 0.050 0.150 128':

         60.649225      task-clock:u (msec)       #    0.988 CPUs utilized          
                 0      context-switches:u        #    0.000 K/sec                  
                 0      cpu-migrations:u          #    0.000 K/sec                  
               207      page-faults:u             #    0.003 M/sec                  
        64,953,007      cycles:u                  #    1.071 GHz                      (37.80%)
        48,221,184      stalled-cycles-frontend:u #   74.24% frontend cycles idle     (51.10%)
        67,807,771      instructions:u            #    1.04  insn per cycle         
                                                  #    0.71  stalled cycles per insn  (63.94%)
         6,276,304      branches:u                #  103.485 M/sec                    (64.63%)
            21,773      branch-misses:u           #    0.35% of all branches          (65.23%)
        44,675,654      L1-dcache-loads:u         #  736.624 M/sec                    (45.23%)
            16,948      L1-dcache-load-misses:u   #    0.04% of all L1-dcache hits    (23.74%)
               644      LLC-loads:u               #    0.011 M/sec                    (23.15%)
   <not supported>      LLC-load-misses:u                                           

       0.061367430 seconds time elapsed


 Performance counter stats for './mandelbrot_seq -0.800 -0.700 0.050 0.150 128':

         61.154930      task-clock:u (msec)       #    0.990 CPUs utilized          
                 0      context-switches:u        #    0.000 K/sec                  
                 0      cpu-migrations:u          #    0.000 K/sec                  
               209      page-faults:u             #    0.003 M/sec                  
        65,084,518      cycles:u                  #    1.064 GHz                      (38.44%)
        48,384,812      stalled-cycles-frontend:u #   74.34% frontend cycles idle     (51.60%)
        68,207,264      instructions:u            #    1.05  insn per cycle         
                                                  #    0.71  stalled cycles per insn  (64.31%)
         6,351,464      branches:u                #  103.859 M/sec                    (64.91%)
            21,994      branch-misses:u           #    0.35% of all branches          (65.52%)
        44,496,182      L1-dcache-loads:u         #  727.598 M/sec                    (44.67%)
            11,487      L1-dcache-load-misses:u   #    0.03% of all L1-dcache hits    (23.42%)
               871      LLC-loads:u               #    0.014 M/sec                    (22.97%)
   <not supported>      LLC-load-misses:u                                           

       0.061741879 seconds time elapsed


 Performance counter stats for './mandelbrot_seq -0.800 -0.700 0.050 0.150 128':

         62.011235      task-clock:u (msec)       #    0.990 CPUs utilized          
                 0      context-switches:u        #    0.000 K/sec                  
                 0      cpu-migrations:u          #    0.000 K/sec                  
               207      page-faults:u             #    0.003 M/sec                  
        70,008,366      cycles:u                  #    1.129 GHz                      (35.52%)
        52,312,196      stalled-cycles-frontend:u #   74.72% frontend cycles idle     (48.40%)
        70,287,104      instructions:u            #    1.00  insn per cycle         
                                                  #    0.74  stalled cycles per insn  (61.30%)
         6,404,274      branches:u                #  103.276 M/sec                    (62.69%)
            22,050      branch-misses:u           #    0.34% of all branches          (65.38%)
        44,975,503      L1-dcache-loads:u         #  725.280 M/sec                    (45.41%)
            57,069      L1-dcache-load-misses:u   #    0.13% of all L1-dcache hits    (24.76%)
             2,257      LLC-loads:u               #    0.036 M/sec                    (23.12%)
   <not supported>      LLC-load-misses:u                                           

       0.062607285 seconds time elapsed


 Performance counter stats for './mandelbrot_seq -0.800 -0.700 0.050 0.150 128':

         60.996961      task-clock:u (msec)       #    0.991 CPUs utilized          
                 0      context-switches:u        #    0.000 K/sec                  
                 0      cpu-migrations:u          #    0.000 K/sec                  
               207      page-faults:u             #    0.003 M/sec                  
        64,994,887      cycles:u                  #    1.066 GHz                      (38.22%)
        48,286,004      stalled-cycles-frontend:u #   74.29% frontend cycles idle     (51.40%)
        68,278,975      instructions:u            #    1.05  insn per cycle         
                                                  #    0.71  stalled cycles per insn  (64.17%)
         6,311,917      branches:u                #  103.479 M/sec                    (64.79%)
            21,928      branch-misses:u           #    0.35% of all branches          (65.38%)
        44,091,573      L1-dcache-loads:u         #  722.849 M/sec                    (44.88%)
            13,806      L1-dcache-load-misses:u   #    0.03% of all L1-dcache hits    (23.55%)
             1,492      LLC-loads:u               #    0.024 M/sec                    (23.06%)
   <not supported>      LLC-load-misses:u                                           

       0.061537399 seconds time elapsed


 Performance counter stats for './mandelbrot_seq -0.800 -0.700 0.050 0.150 128':

         60.800509      task-clock:u (msec)       #    0.991 CPUs utilized          
                 0      context-switches:u        #    0.000 K/sec                  
                 0      cpu-migrations:u          #    0.000 K/sec                  
               207      page-faults:u             #    0.003 M/sec                  
        65,111,129      cycles:u                  #    1.071 GHz                      (38.50%)
        48,343,286      stalled-cycles-frontend:u #   74.25% frontend cycles idle     (51.63%)
        68,712,963      instructions:u            #    1.06  insn per cycle         
                                                  #    0.70  stalled cycles per insn  (64.32%)
         6,521,979      branches:u                #  107.268 M/sec                    (64.93%)
            22,013      branch-misses:u           #    0.34% of all branches          (65.48%)
        44,517,849      L1-dcache-loads:u         #  732.195 M/sec                    (44.30%)
            11,582      L1-dcache-load-misses:u   #    0.03% of all L1-dcache hits    (23.36%)
               782      LLC-loads:u               #    0.013 M/sec                    (25.06%)
   <not supported>      LLC-load-misses:u                                           

       0.061363908 seconds time elapsed


 Performance counter stats for './mandelbrot_seq -0.800 -0.700 0.050 0.150 128':

         60.857445      task-clock:u (msec)       #    0.990 CPUs utilized          
                 0      context-switches:u        #    0.000 K/sec                  
                 0      cpu-migrations:u          #    0.000 K/sec                  
               209      page-faults:u             #    0.003 M/sec                  
        64,868,204      cycles:u                  #    1.066 GHz                      (38.18%)
        48,202,991      stalled-cycles-frontend:u #   74.31% frontend cycles idle     (51.38%)
        68,616,900      instructions:u            #    1.06  insn per cycle         
                                                  #    0.70  stalled cycles per insn  (64.16%)
         6,408,802      branches:u                #  105.308 M/sec                    (64.77%)
            22,105      branch-misses:u           #    0.34% of all branches          (65.37%)
        44,119,296      L1-dcache-loads:u         #  724.961 M/sec                    (44.83%)
            11,950      L1-dcache-load-misses:u   #    0.03% of all L1-dcache hits    (23.41%)
             1,218      LLC-loads:u               #    0.020 M/sec                    (23.07%)
   <not supported>      LLC-load-misses:u                                           

       0.061497534 seconds time elapsed


 Performance counter stats for './mandelbrot_seq -0.800 -0.700 0.050 0.150 128':

         61.178097      task-clock:u (msec)       #    0.989 CPUs utilized          
                 0      context-switches:u        #    0.000 K/sec                  
                 0      cpu-migrations:u          #    0.000 K/sec                  
               207      page-faults:u             #    0.003 M/sec                  
        65,123,627      cycles:u                  #    1.064 GHz                      (38.51%)
        48,219,152      stalled-cycles-frontend:u #   74.04% frontend cycles idle     (51.64%)
        68,358,310      instructions:u            #    1.05  insn per cycle         
                                                  #    0.71  stalled cycles per insn  (64.36%)
         6,431,906      branches:u                #  105.134 M/sec                    (64.95%)
            22,235      branch-misses:u           #    0.35% of all branches          (65.52%)
        44,457,530      L1-dcache-loads:u         #  726.690 M/sec                    (44.60%)
            12,396      L1-dcache-load-misses:u   #    0.03% of all L1-dcache hits    (23.33%)
             1,119      LLC-loads:u               #    0.018 M/sec                    (22.97%)
   <not supported>      LLC-load-misses:u                                           

       0.061836459 seconds time elapsed

