+ ./mandelbrot_seq -0.188 -0.012 0.554 0.754 16
real    0m0.000s
user    0m0.000s
sys     0m0.000s+ ./mandelbrot_seq -0.188 -0.012 0.554 0.754 16
real    0m0.000s
user    0m0.000s
sys     0m0.000s+ ./mandelbrot_seq -0.188 -0.012 0.554 0.754 16
real    0m0.000s
user    0m0.000s
sys     0m0.000s+ ./mandelbrot_seq -0.188 -0.012 0.554 0.754 16
real    0m0.000s
user    0m0.000s
sys     0m0.000s+ ./mandelbrot_seq -0.188 -0.012 0.554 0.754 16
real    0m0.000s
user    0m0.000s
sys     0m0.000s+ ./mandelbrot_seq -0.188 -0.012 0.554 0.754 16
real    0m0.000s
user    0m0.000s
sys     0m0.000s+ ./mandelbrot_seq -0.188 -0.012 0.554 0.754 16
real    0m0.000s
user    0m0.000s
sys     0m0.000s+ ./mandelbrot_seq -0.188 -0.012 0.554 0.754 16
real    0m0.000s
user    0m0.000s
sys     0m0.000s+ ./mandelbrot_seq -0.188 -0.012 0.554 0.754 16
real    0m0.000s
user    0m0.000s
sys     0m0.000s+ ./mandelbrot_seq -0.188 -0.012 0.554 0.754 16
real    0m0.000s
user    0m0.000s
sys     0m0.000s+ ./mandelbrot_seq -0.188 -0.012 0.554 0.754 16
real    0m0.000s
user    0m0.000s
sys     0m0.000s+ ./mandelbrot_seq -0.188 -0.012 0.554 0.754 16
real    0m0.000s
user    0m0.000s
sys     0m0.000s+ ./mandelbrot_seq -0.188 -0.012 0.554 0.754 16
real    0m0.000s
user    0m0.000s
sys     0m0.000s+ ./mandelbrot_seq -0.188 -0.012 0.554 0.754 16
real    0m0.000s
user    0m0.000s
sys     0m0.000s+ ./mandelbrot_seq -0.188 -0.012 0.554 0.754 16
real    0m0.000s
user    0m0.000s
sys     0m0.000s+ ./mandelbrot_seq -0.188 -0.012 0.554 0.754 16
real    0m0.000s
user    0m0.000s
sys     0m0.000s+ ./mandelbrot_seq -0.188 -0.012 0.554 0.754 16
real    0m0.000s
user    0m0.000s
sys     0m0.000s+ ./mandelbrot_seq -0.188 -0.012 0.554 0.754 16
real    0m0.000s
user    0m0.000s
sys     0m0.000s+ ./mandelbrot_seq -0.188 -0.012 0.554 0.754 16
real    0m0.000s
user    0m0.000s
sys     0m0.000s+ ./mandelbrot_seq -0.188 -0.012 0.554 0.754 16
real    0m0.000s
user    0m0.000s
sys     0m0.000s+ ./mandelbrot_seq -0.188 -0.012 0.554 0.754 32
real    0m0.002s
user    0m0.002s
sys     0m0.000s+ ./mandelbrot_seq -0.188 -0.012 0.554 0.754 32
real    0m0.002s
user    0m0.002s
sys     0m0.000s+ ./mandelbrot_seq -0.188 -0.012 0.554 0.754 32
real    0m0.002s
user    0m0.002s
sys     0m0.000s+ ./mandelbrot_seq -0.188 -0.012 0.554 0.754 32
real    0m0.002s
user    0m0.002s
sys     0m0.000s+ ./mandelbrot_seq -0.188 -0.012 0.554 0.754 32
real    0m0.002s
user    0m0.002s
sys     0m0.000s+ ./mandelbrot_seq -0.188 -0.012 0.554 0.754 32
real    0m0.002s
user    0m0.002s
sys     0m0.000s+ ./mandelbrot_seq -0.188 -0.012 0.554 0.754 32
real    0m0.002s
user    0m0.002s
sys     0m0.000s+ ./mandelbrot_seq -0.188 -0.012 0.554 0.754 32
real    0m0.002s
user    0m0.002s
sys     0m0.000s+ ./mandelbrot_seq -0.188 -0.012 0.554 0.754 32
real    0m0.002s
user    0m0.002s
sys     0m0.000s+ ./mandelbrot_seq -0.188 -0.012 0.554 0.754 32
real    0m0.002s
user    0m0.002s
sys     0m0.000s+ ./mandelbrot_seq -0.188 -0.012 0.554 0.754 32
real    0m0.002s
user    0m0.002s
sys     0m0.000s+ ./mandelbrot_seq -0.188 -0.012 0.554 0.754 32
real    0m0.002s
user    0m0.002s
sys     0m0.000s+ ./mandelbrot_seq -0.188 -0.012 0.554 0.754 32
real    0m0.002s
user    0m0.002s
sys     0m0.000s+ ./mandelbrot_seq -0.188 -0.012 0.554 0.754 32
real    0m0.002s
user    0m0.002s
sys     0m0.000s+ ./mandelbrot_seq -0.188 -0.012 0.554 0.754 32
real    0m0.002s
user    0m0.002s
sys     0m0.000s+ ./mandelbrot_seq -0.188 -0.012 0.554 0.754 32
real    0m0.002s
user    0m0.002s
sys     0m0.000s+ ./mandelbrot_seq -0.188 -0.012 0.554 0.754 32
real    0m0.002s
user    0m0.002s
sys     0m0.000s+ ./mandelbrot_seq -0.188 -0.012 0.554 0.754 32
real    0m0.002s
user    0m0.002s
sys     0m0.000s+ ./mandelbrot_seq -0.188 -0.012 0.554 0.754 32
real    0m0.002s
user    0m0.002s
sys     0m0.000s+ ./mandelbrot_seq -0.188 -0.012 0.554 0.754 32
real    0m0.002s
user    0m0.002s
sys     0m0.000s+ ./mandelbrot_seq -0.188 -0.012 0.554 0.754 64
real    0m1.993s
user    0m0.007s
sys     0m0.000s+ ./mandelbrot_seq -0.188 -0.012 0.554 0.754 64
real    0m0.007s
user    0m0.007s
sys     0m0.000s+ ./mandelbrot_seq -0.188 -0.012 0.554 0.754 64
real    0m0.007s
user    0m0.007s
sys     0m0.000s+ ./mandelbrot_seq -0.188 -0.012 0.554 0.754 64
real    0m0.007s
user    0m0.007s
sys     0m0.000s+ ./mandelbrot_seq -0.188 -0.012 0.554 0.754 64
real    0m0.007s
user    0m0.007s
sys     0m0.000s+ ./mandelbrot_seq -0.188 -0.012 0.554 0.754 64
real    0m0.007s
user    0m0.007s
sys     0m0.000s+ ./mandelbrot_seq -0.188 -0.012 0.554 0.754 64
real    0m0.007s
user    0m0.007s
sys     0m0.000s+ ./mandelbrot_seq -0.188 -0.012 0.554 0.754 64
real    0m0.007s
user    0m0.007s
sys     0m0.000s+ ./mandelbrot_seq -0.188 -0.012 0.554 0.754 64
real    0m0.007s
user    0m0.007s
sys     0m0.000s+ ./mandelbrot_seq -0.188 -0.012 0.554 0.754 64
real    0m0.007s
user    0m0.007s
sys     0m0.000s+ ./mandelbrot_seq -0.188 -0.012 0.554 0.754 64
real    0m0.007s
user    0m0.007s
sys     0m0.000s+ ./mandelbrot_seq -0.188 -0.012 0.554 0.754 64
real    0m0.007s
user    0m0.007s
sys     0m0.000s+ ./mandelbrot_seq -0.188 -0.012 0.554 0.754 64
real    0m0.007s
user    0m0.007s
sys     0m0.000s+ ./mandelbrot_seq -0.188 -0.012 0.554 0.754 64
real    0m0.007s
user    0m0.007s
sys     0m0.000s+ ./mandelbrot_seq -0.188 -0.012 0.554 0.754 64
real    0m0.007s
user    0m0.007s
sys     0m0.000s+ ./mandelbrot_seq -0.188 -0.012 0.554 0.754 64
real    0m0.007s
user    0m0.007s
sys     0m0.000s+ ./mandelbrot_seq -0.188 -0.012 0.554 0.754 64
real    0m0.007s
user    0m0.007s
sys     0m0.000s+ ./mandelbrot_seq -0.188 -0.012 0.554 0.754 64
real    0m0.007s
user    0m0.007s
sys     0m0.000s+ ./mandelbrot_seq -0.188 -0.012 0.554 0.754 64
real    0m0.007s
user    0m0.007s
sys     0m0.000s+ ./mandelbrot_seq -0.188 -0.012 0.554 0.754 64
real    0m0.007s
user    0m0.007s
sys     0m0.000s+ ./mandelbrot_seq -0.188 -0.012 0.554 0.754 128
real    0m0.027s
user    0m0.027s
sys     0m0.000s+ ./mandelbrot_seq -0.188 -0.012 0.554 0.754 128
real    0m0.028s
user    0m0.028s
sys     0m0.000s+ ./mandelbrot_seq -0.188 -0.012 0.554 0.754 128
real    0m0.027s
user    0m0.027s
sys     0m0.000s+ ./mandelbrot_seq -0.188 -0.012 0.554 0.754 128
real    0m0.027s
user    0m0.027s
sys     0m0.000s+ ./mandelbrot_seq -0.188 -0.012 0.554 0.754 128
real    0m0.026s
user    0m0.026s
sys     0m0.000s+ ./mandelbrot_seq -0.188 -0.012 0.554 0.754 128
real    0m0.027s
user    0m0.027s
sys     0m0.000s+ ./mandelbrot_seq -0.188 -0.012 0.554 0.754 128
real    0m1.973s
user    0m0.027s
sys     0m0.000s+ ./mandelbrot_seq -0.188 -0.012 0.554 0.754 128
real    0m0.027s
user    0m0.027s
sys     0m0.000s+ ./mandelbrot_seq -0.188 -0.012 0.554 0.754 128
real    0m0.027s
user    0m0.027s
sys     0m0.000s+ ./mandelbrot_seq -0.188 -0.012 0.554 0.754 128
real    0m0.027s
user    0m0.027s
sys     0m0.000s+ ./mandelbrot_seq -0.188 -0.012 0.554 0.754 128
real    0m0.026s
user    0m0.026s
sys     0m0.000s+ ./mandelbrot_seq -0.188 -0.012 0.554 0.754 128
real    0m0.027s
user    0m0.027s
sys     0m0.000s+ ./mandelbrot_seq -0.188 -0.012 0.554 0.754 128
real    0m0.026s
user    0m0.026s
sys     0m0.000s+ ./mandelbrot_seq -0.188 -0.012 0.554 0.754 128
real    0m0.027s
user    0m0.027s
sys     0m0.000s+ ./mandelbrot_seq -0.188 -0.012 0.554 0.754 128
real    0m0.027s
user    0m0.027s
sys     0m0.000s+ ./mandelbrot_seq -0.188 -0.012 0.554 0.754 128
real    0m0.027s
user    0m0.027s
sys     0m0.000s+ ./mandelbrot_seq -0.188 -0.012 0.554 0.754 128
real    0m0.027s
user    0m0.027s
sys     0m0.000s+ ./mandelbrot_seq -0.188 -0.012 0.554 0.754 128
real    0m0.027s
user    0m0.027s
sys     0m0.000s+ ./mandelbrot_seq -0.188 -0.012 0.554 0.754 128
real    0m0.027s
user    0m0.027s
sys     0m0.000s+ ./mandelbrot_seq -0.188 -0.012 0.554 0.754 128
real    0m0.027s
user    0m0.027s
sys     0m0.000s+ ./mandelbrot_seq -0.188 -0.012 0.554 0.754 256
real    0m0.109s
user    0m0.109s
sys     0m0.000s+ ./mandelbrot_seq -0.188 -0.012 0.554 0.754 256
real    0m0.107s
user    0m0.107s
sys     0m0.000s+ ./mandelbrot_seq -0.188 -0.012 0.554 0.754 256
real    0m1.892s
user    0m0.108s
sys     0m0.000s+ ./mandelbrot_seq -0.188 -0.012 0.554 0.754 256
real    0m0.108s
user    0m0.108s
sys     0m0.000s+ ./mandelbrot_seq -0.188 -0.012 0.554 0.754 256
real    0m0.105s
user    0m0.105s
sys     0m0.000s+ ./mandelbrot_seq -0.188 -0.012 0.554 0.754 256
real    0m0.107s
user    0m0.107s
sys     0m0.000s+ ./mandelbrot_seq -0.188 -0.012 0.554 0.754 256
real    0m0.106s
user    0m0.106s
sys     0m0.000s+ ./mandelbrot_seq -0.188 -0.012 0.554 0.754 256
real    0m0.108s
user    0m0.108s
sys     0m0.000s+ ./mandelbrot_seq -0.188 -0.012 0.554 0.754 256
real    0m0.105s
user    0m0.105s
sys     0m0.000s+ ./mandelbrot_seq -0.188 -0.012 0.554 0.754 256
real    0m0.106s
user    0m0.106s
sys     0m0.000s+ ./mandelbrot_seq -0.188 -0.012 0.554 0.754 256
real    0m0.105s
user    0m0.105s
sys     0m0.000s+ ./mandelbrot_seq -0.188 -0.012 0.554 0.754 256
real    0m0.107s
user    0m0.107s
sys     0m0.000s+ ./mandelbrot_seq -0.188 -0.012 0.554 0.754 256
real    0m0.107s
user    0m0.107s
sys     0m0.000s+ ./mandelbrot_seq -0.188 -0.012 0.554 0.754 256
real    0m0.108s
user    0m0.108s
sys     0m0.000s+ ./mandelbrot_seq -0.188 -0.012 0.554 0.754 256
real    0m0.107s
user    0m0.107s
sys     0m0.000s+ ./mandelbrot_seq -0.188 -0.012 0.554 0.754 256
real    0m0.108s
user    0m0.108s
sys     0m0.000s+ ./mandelbrot_seq -0.188 -0.012 0.554 0.754 256
real    0m0.106s
user    0m0.106s
sys     0m0.000s+ ./mandelbrot_seq -0.188 -0.012 0.554 0.754 256
real    0m0.107s
user    0m0.106s
sys     0m0.000s+ ./mandelbrot_seq -0.188 -0.012 0.554 0.754 256
real    0m0.108s
user    0m0.108s
sys     0m0.000s+ ./mandelbrot_seq -0.188 -0.012 0.554 0.754 256
real    0m0.107s
user    0m0.107s
sys     0m0.000s+ ./mandelbrot_seq -0.188 -0.012 0.554 0.754 512
real    0m0.427s
user    0m0.427s
sys     0m0.000s+ ./mandelbrot_seq -0.188 -0.012 0.554 0.754 512
real    0m0.428s
user    0m0.428s
sys     0m0.000s+ ./mandelbrot_seq -0.188 -0.012 0.554 0.754 512
real    0m1.572s
user    0m0.428s
sys     0m0.000s+ ./mandelbrot_seq -0.188 -0.012 0.554 0.754 512
real    0m0.429s
user    0m0.429s
sys     0m0.000s+ ./mandelbrot_seq -0.188 -0.012 0.554 0.754 512
real    0m0.430s
user    0m0.430s
sys     0m0.000s+ ./mandelbrot_seq -0.188 -0.012 0.554 0.754 512
real    0m0.424s
user    0m0.424s
sys     0m0.000s+ ./mandelbrot_seq -0.188 -0.012 0.554 0.754 512
real    0m1.574s
user    0m0.426s
sys     0m0.000s+ ./mandelbrot_seq -0.188 -0.012 0.554 0.754 512
real    0m0.421s
user    0m0.421s
sys     0m0.000s+ ./mandelbrot_seq -0.188 -0.012 0.554 0.754 512
real    0m0.424s
user    0m0.424s
sys     0m0.000s+ ./mandelbrot_seq -0.188 -0.012 0.554 0.754 512
real    0m0.415s
user    0m0.415s
sys     0m0.000s+ ./mandelbrot_seq -0.188 -0.012 0.554 0.754 512
real    0m1.585s
user    0m0.415s
sys     0m0.000s+ ./mandelbrot_seq -0.188 -0.012 0.554 0.754 512
real    0m0.430s
user    0m0.430s
sys     0m0.000s+ ./mandelbrot_seq -0.188 -0.012 0.554 0.754 512
real    0m0.427s
user    0m0.427s
sys     0m0.000s+ ./mandelbrot_seq -0.188 -0.012 0.554 0.754 512
real    0m0.428s
user    0m0.428s
sys     0m0.000s+ ./mandelbrot_seq -0.188 -0.012 0.554 0.754 512
real    0m1.580s
user    0m0.420s
sys     0m0.000s+ ./mandelbrot_seq -0.188 -0.012 0.554 0.754 512
real    0m0.419s
user    0m0.419s
sys     0m0.000s+ ./mandelbrot_seq -0.188 -0.012 0.554 0.754 512
real    0m0.418s
user    0m0.418s
sys     0m0.000s+ ./mandelbrot_seq -0.188 -0.012 0.554 0.754 512
real    0m0.421s
user    0m0.421s
sys     0m0.000s+ ./mandelbrot_seq -0.188 -0.012 0.554 0.754 512
real    0m1.589s
user    0m0.411s
sys     0m0.000s+ ./mandelbrot_seq -0.188 -0.012 0.554 0.754 512
real    0m1.589s
user    0m0.411s
sys     0m0.000s+ ./mandelbrot_seq -0.188 -0.012 0.554 0.754 1024
real    0m2.328s
user    0m1.672s
sys     0m0.000s+ ./mandelbrot_seq -0.188 -0.012 0.554 0.754 1024
real    0m2.317s
user    0m1.683s
sys     0m0.000s+ ./mandelbrot_seq -0.188 -0.012 0.554 0.754 1024
real    0m2.302s
user    0m1.698s
sys     0m0.000s+ ./mandelbrot_seq -0.188 -0.012 0.554 0.754 1024
real    0m2.316s
user    0m1.684s
sys     0m0.000s+ ./mandelbrot_seq -0.188 -0.012 0.554 0.754 1024
real    0m2.288s
user    0m1.712s
sys     0m0.000s+ ./mandelbrot_seq -0.188 -0.012 0.554 0.754 1024
real    0m1.688s
user    0m1.688s
sys     0m0.000s+ ./mandelbrot_seq -0.188 -0.012 0.554 0.754 1024
real    0m1.679s
user    0m1.679s
sys     0m0.000s+ ./mandelbrot_seq -0.188 -0.012 0.554 0.754 1024
real    0m1.692s
user    0m1.692s
sys     0m0.000s+ ./mandelbrot_seq -0.188 -0.012 0.554 0.754 1024
real    0m1.671s
user    0m1.671s
sys     0m0.000s+ ./mandelbrot_seq -0.188 -0.012 0.554 0.754 1024
real    0m1.702s
user    0m1.702s
sys     0m0.000s+ ./mandelbrot_seq -0.188 -0.012 0.554 0.754 1024
real    0m2.325s
user    0m1.675s
sys     0m0.000s+ ./mandelbrot_seq -0.188 -0.012 0.554 0.754 1024
real    0m2.339s
user    0m1.661s
sys     0m0.000s+ ./mandelbrot_seq -0.188 -0.012 0.554 0.754 1024
real    0m2.296s
user    0m1.704s
sys     0m0.000s+ ./mandelbrot_seq -0.188 -0.012 0.554 0.754 1024
real    0m2.296s
user    0m1.704s
sys     0m0.000s+ ./mandelbrot_seq -0.188 -0.012 0.554 0.754 1024
real    0m2.298s
user    0m1.702s
sys     0m0.000s+ ./mandelbrot_seq -0.188 -0.012 0.554 0.754 1024
real    0m2.284s
user    0m1.715s
sys     0m0.000s+ ./mandelbrot_seq -0.188 -0.012 0.554 0.754 1024
real    0m2.302s
user    0m1.697s
sys     0m0.000s+ ./mandelbrot_seq -0.188 -0.012 0.554 0.754 1024
real    0m2.289s
user    0m1.711s
sys     0m0.000s+ ./mandelbrot_seq -0.188 -0.012 0.554 0.754 1024
real    0m2.290s
user    0m1.710s
sys     0m0.000s+ ./mandelbrot_seq -0.188 -0.012 0.554 0.754 1024
real    0m2.307s
user    0m1.693s
sys     0m0.000s+ ./mandelbrot_seq -0.188 -0.012 0.554 0.754 2048
real    0m7.326s
user    0m6.674s
sys     0m0.000s+ ./mandelbrot_seq -0.188 -0.012 0.554 0.754 2048
real    0m6.703s
user    0m6.703s
sys     0m0.000s+ ./mandelbrot_seq -0.188 -0.012 0.554 0.754 2048
real    0m7.308s
user    0m6.691s
sys     0m0.000s+ ./mandelbrot_seq -0.188 -0.012 0.554 0.754 2048
real    0m7.255s
user    0m6.745s
sys     0m0.000s+ ./mandelbrot_seq -0.188 -0.012 0.554 0.754 2048
real    0m7.233s
user    0m6.767s
sys     0m0.000s+ ./mandelbrot_seq -0.188 -0.012 0.554 0.754 2048
real    0m7.271s
user    0m6.729s
sys     0m0.000s+ ./mandelbrot_seq -0.188 -0.012 0.554 0.754 2048
real    0m6.711s
user    0m6.711s
sys     0m0.000s+ ./mandelbrot_seq -0.188 -0.012 0.554 0.754 2048
real    0m7.169s
user    0m6.831s
sys     0m0.000s+ ./mandelbrot_seq -0.188 -0.012 0.554 0.754 2048
real    0m7.443s
user    0m6.557s
sys     0m0.000s+ ./mandelbrot_seq -0.188 -0.012 0.554 0.754 2048
real    0m6.668s
user    0m6.667s
sys     0m0.000s+ ./mandelbrot_seq -0.188 -0.012 0.554 0.754 2048
real    0m7.271s
user    0m6.729s
sys     0m0.000s+ ./mandelbrot_seq -0.188 -0.012 0.554 0.754 2048
real    0m7.322s
user    0m6.678s
sys     0m0.000s+ ./mandelbrot_seq -0.188 -0.012 0.554 0.754 2048
real    0m6.562s
user    0m6.562s
sys     0m0.000s+ ./mandelbrot_seq -0.188 -0.012 0.554 0.754 2048
real    0m7.408s
user    0m6.592s
sys     0m0.000s+ ./mandelbrot_seq -0.188 -0.012 0.554 0.754 2048
real    0m6.736s
user    0m6.736s
sys     0m0.000s+ ./mandelbrot_seq -0.188 -0.012 0.554 0.754 2048
real    0m7.340s
user    0m6.660s
sys     0m0.000s+ ./mandelbrot_seq -0.188 -0.012 0.554 0.754 2048
real    0m6.612s
user    0m6.612s
sys     0m0.000s+ ./mandelbrot_seq -0.188 -0.012 0.554 0.754 2048
real    0m7.251s
user    0m6.748s
sys     0m0.000s+ ./mandelbrot_seq -0.188 -0.012 0.554 0.754 2048
real    0m7.272s
user    0m6.727s
sys     0m0.000s+ ./mandelbrot_seq -0.188 -0.012 0.554 0.754 2048
real    0m7.290s
user    0m6.710s
sys     0m0.000s+ ./mandelbrot_seq -0.188 -0.012 0.554 0.754 4096
real    0m27.016s
user    0m26.983s
sys     0m0.000s+ ./mandelbrot_seq -0.188 -0.012 0.554 0.754 4096
real    0m27.249s
user    0m26.751s
sys     0m0.000s+ ./mandelbrot_seq -0.188 -0.012 0.554 0.754 4096
real    0m27.773s
user    0m26.227s
sys     0m0.000s+ ./mandelbrot_seq -0.188 -0.012 0.554 0.754 4096
real    0m28.815s
user    0m27.184s
sys     0m0.000s+ ./mandelbrot_seq -0.188 -0.012 0.554 0.754 4096
real    0m27.003s
user    0m26.996s
sys     0m0.000s+ ./mandelbrot_seq -0.188 -0.012 0.554 0.754 4096
real    0m27.318s
user    0m26.681s
sys     0m0.000s+ ./mandelbrot_seq -0.188 -0.012 0.554 0.754 4096
real    0m28.586s
user    0m27.413s
sys     0m0.000s+ ./mandelbrot_seq -0.188 -0.012 0.554 0.754 4096
real    0m27.289s
user    0m27.288s
sys     0m0.000s+ ./mandelbrot_seq -0.188 -0.012 0.554 0.754 4096
real    0m27.124s
user    0m27.124s
sys     0m0.000s+ ./mandelbrot_seq -0.188 -0.012 0.554 0.754 4096
real    0m27.559s
user    0m27.558s
sys     0m0.000s+ ./mandelbrot_seq -0.188 -0.012 0.554 0.754 4096
real    0m28.566s
user    0m27.433s
sys     0m0.000s+ ./mandelbrot_seq -0.188 -0.012 0.554 0.754 4096
real    0m27.085s
user    0m26.914s
sys     0m0.000s+ ./mandelbrot_seq -0.188 -0.012 0.554 0.754 4096
real    0m27.029s
user    0m26.970s
sys     0m0.000s+ ./mandelbrot_seq -0.188 -0.012 0.554 0.754 4096
real    0m28.237s
user    0m27.762s
sys     0m0.000s+ ./mandelbrot_seq -0.188 -0.012 0.554 0.754 4096
real    0m27.596s
user    0m27.596s
sys     0m0.000s+ ./mandelbrot_seq -0.188 -0.012 0.554 0.754 4096
real    0m28.335s
user    0m27.664s
sys     0m0.000s+ ./mandelbrot_seq -0.188 -0.012 0.554 0.754 4096
real    0m27.504s
user    0m27.503s
sys     0m0.000s+ ./mandelbrot_seq -0.188 -0.012 0.554 0.754 4096
real    0m28.261s
user    0m27.738s
sys     0m0.000s+ ./mandelbrot_seq -0.188 -0.012 0.554 0.754 4096
real    0m27.029s
user    0m27.028s
sys     0m0.000s+ ./mandelbrot_seq -0.188 -0.012 0.554 0.754 4096
real    0m27.210s
user    0m27.209s
sys     0m0.000s+ ./mandelbrot_seq -0.188 -0.012 0.554 0.754 8192
real    1m109.384s
user    1m109.381s
sys     0m0.000s+ ./mandelbrot_seq -0.188 -0.012 0.554 0.754 8192
real    1m109.645s
user    1m109.642s
sys     0m0.000s+ ./mandelbrot_seq -0.188 -0.012 0.554 0.754 8192
real    1m109.332s
user    1m108.665s
sys     0m0.000s+ ./mandelbrot_seq -0.188 -0.012 0.554 0.754 8192
real    1m110.651s
user    1m109.346s
sys     0m0.000s+ ./mandelbrot_seq -0.188 -0.012 0.554 0.754 8192
real    1m109.261s
user    1m109.258s
sys     0m0.000s+ ./mandelbrot_seq -0.188 -0.012 0.554 0.754 8192
real    1m109.532s
user    1m109.529s
sys     0m0.000s+ ./mandelbrot_seq -0.188 -0.012 0.554 0.754 8192
real    1m109.562s
user    1m108.434s
sys     0m0.000s+ ./mandelbrot_seq -0.188 -0.012 0.554 0.754 8192
real    1m110.080s
user    1m110.077s
sys     0m0.000s+ ./mandelbrot_seq -0.188 -0.012 0.554 0.754 8192
real    1m109.439s
user    1m109.435s
sys     0m0.000s+ ./mandelbrot_seq -0.188 -0.012 0.554 0.754 8192
real    1m109.375s
user    1m108.621s
sys     0m0.000s+ ./mandelbrot_seq -0.188 -0.012 0.554 0.754 8192
real    1m106.443s
user    1m106.440s
sys     0m0.000s+ ./mandelbrot_seq -0.188 -0.012 0.554 0.754 8192
real    1m107.709s
user    1m106.288s
sys     0m0.000s+ ./mandelbrot_seq -0.188 -0.012 0.554 0.754 8192
real    1m110.140s
user    1m109.857s
sys     0m0.000s+ ./mandelbrot_seq -0.188 -0.012 0.554 0.754 8192
real    1m107.554s
user    1m106.442s
sys     0m0.000s+ ./mandelbrot_seq -0.188 -0.012 0.554 0.754 8192
real    1m107.044s
user    1m107.041s
sys     0m0.000s+ ./mandelbrot_seq -0.188 -0.012 0.554 0.754 8192
real    1m109.149s
user    1m108.847s
sys     0m0.000s+ ./mandelbrot_seq -0.188 -0.012 0.554 0.754 8192
real    1m110.228s
user    1m109.768s
sys     0m0.000s+ ./mandelbrot_seq -0.188 -0.012 0.554 0.754 8192
real    1m109.551s
user    1m108.446s
sys     0m0.000s+ ./mandelbrot_seq -0.188 -0.012 0.554 0.754 8192
real    1m110.359s
user    1m109.637s
sys     0m0.000s+ ./mandelbrot_seq -0.188 -0.012 0.554 0.754 8192
real    1m108.813s
user    1m108.810s
sys     0m0.000s